{"/home/lastborn/Echoctl/src/index.ts": {"path":"/home/lastborn/Echoctl/src/index.ts","statementMap":{"0":{"start":{"line":31,"column":20},"end":{"line":34,"column":2}},"1":{"start":{"line":40,"column":17},"end":{"line":45,"column":4}},"2":{"start":{"line":46,"column":2},"end":{"line":46,"column":22}},"3":{"start":{"line":53,"column":18},"end":{"line":53,"column":31}},"4":{"start":{"line":55,"column":2},"end":{"line":58,"column":77}},"5":{"start":{"line":64,"column":15},"end":{"line":64,"column":88}},"6":{"start":{"line":66,"column":2},"end":{"line":76,"column":7}},"7":{"start":{"line":70,"column":6},"end":{"line":75,"column":7}},"8":{"start":{"line":71,"column":8},"end":{"line":71,"column":34}},"9":{"start":{"line":73,"column":8},"end":{"line":73,"column":97}},"10":{"start":{"line":74,"column":8},"end":{"line":74,"column":24}},"11":{"start":{"line":78,"column":2},"end":{"line":88,"column":7}},"12":{"start":{"line":82,"column":6},"end":{"line":87,"column":7}},"13":{"start":{"line":83,"column":8},"end":{"line":83,"column":29}},"14":{"start":{"line":85,"column":8},"end":{"line":85,"column":97}},"15":{"start":{"line":86,"column":8},"end":{"line":86,"column":24}},"16":{"start":{"line":90,"column":2},"end":{"line":100,"column":7}},"17":{"start":{"line":94,"column":6},"end":{"line":99,"column":7}},"18":{"start":{"line":95,"column":8},"end":{"line":95,"column":31}},"19":{"start":{"line":97,"column":8},"end":{"line":97,"column":99}},"20":{"start":{"line":98,"column":8},"end":{"line":98,"column":24}},"21":{"start":{"line":102,"column":2},"end":{"line":112,"column":7}},"22":{"start":{"line":106,"column":6},"end":{"line":111,"column":7}},"23":{"start":{"line":107,"column":8},"end":{"line":107,"column":35}},"24":{"start":{"line":109,"column":8},"end":{"line":109,"column":92}},"25":{"start":{"line":110,"column":8},"end":{"line":110,"column":24}},"26":{"start":{"line":114,"column":2},"end":{"line":124,"column":7}},"27":{"start":{"line":118,"column":6},"end":{"line":123,"column":7}},"28":{"start":{"line":119,"column":8},"end":{"line":119,"column":32}},"29":{"start":{"line":121,"column":8},"end":{"line":121,"column":102}},"30":{"start":{"line":122,"column":8},"end":{"line":122,"column":24}},"31":{"start":{"line":126,"column":2},"end":{"line":136,"column":7}},"32":{"start":{"line":130,"column":6},"end":{"line":135,"column":7}},"33":{"start":{"line":131,"column":8},"end":{"line":131,"column":35}},"34":{"start":{"line":133,"column":8},"end":{"line":133,"column":105}},"35":{"start":{"line":134,"column":8},"end":{"line":134,"column":24}},"36":{"start":{"line":138,"column":2},"end":{"line":148,"column":7}},"37":{"start":{"line":142,"column":6},"end":{"line":147,"column":7}},"38":{"start":{"line":143,"column":8},"end":{"line":143,"column":43}},"39":{"start":{"line":145,"column":8},"end":{"line":145,"column":92}},"40":{"start":{"line":146,"column":8},"end":{"line":146,"column":24}},"41":{"start":{"line":154,"column":16},"end":{"line":154,"column":87}},"42":{"start":{"line":156,"column":2},"end":{"line":169,"column":7}},"43":{"start":{"line":163,"column":6},"end":{"line":168,"column":7}},"44":{"start":{"line":164,"column":8},"end":{"line":164,"column":38}},"45":{"start":{"line":166,"column":8},"end":{"line":166,"column":92}},"46":{"start":{"line":167,"column":8},"end":{"line":167,"column":24}},"47":{"start":{"line":171,"column":2},"end":{"line":181,"column":7}},"48":{"start":{"line":175,"column":6},"end":{"line":180,"column":7}},"49":{"start":{"line":176,"column":8},"end":{"line":176,"column":28}},"50":{"start":{"line":178,"column":8},"end":{"line":178,"column":92}},"51":{"start":{"line":179,"column":8},"end":{"line":179,"column":24}},"52":{"start":{"line":183,"column":2},"end":{"line":193,"column":7}},"53":{"start":{"line":187,"column":6},"end":{"line":192,"column":7}},"54":{"start":{"line":188,"column":8},"end":{"line":188,"column":27}},"55":{"start":{"line":190,"column":8},"end":{"line":190,"column":92}},"56":{"start":{"line":191,"column":8},"end":{"line":191,"column":24}},"57":{"start":{"line":195,"column":2},"end":{"line":208,"column":7}},"58":{"start":{"line":202,"column":6},"end":{"line":207,"column":7}},"59":{"start":{"line":203,"column":8},"end":{"line":203,"column":35}},"60":{"start":{"line":205,"column":8},"end":{"line":205,"column":92}},"61":{"start":{"line":206,"column":8},"end":{"line":206,"column":24}},"62":{"start":{"line":210,"column":2},"end":{"line":220,"column":7}},"63":{"start":{"line":214,"column":6},"end":{"line":219,"column":7}},"64":{"start":{"line":215,"column":8},"end":{"line":215,"column":26}},"65":{"start":{"line":217,"column":8},"end":{"line":217,"column":92}},"66":{"start":{"line":218,"column":8},"end":{"line":218,"column":24}},"67":{"start":{"line":222,"column":2},"end":{"line":234,"column":7}},"68":{"start":{"line":228,"column":6},"end":{"line":233,"column":7}},"69":{"start":{"line":229,"column":8},"end":{"line":229,"column":33}},"70":{"start":{"line":231,"column":8},"end":{"line":231,"column":92}},"71":{"start":{"line":232,"column":8},"end":{"line":232,"column":24}},"72":{"start":{"line":236,"column":2},"end":{"line":251,"column":7}},"73":{"start":{"line":245,"column":6},"end":{"line":250,"column":7}},"74":{"start":{"line":246,"column":8},"end":{"line":246,"column":35}},"75":{"start":{"line":248,"column":8},"end":{"line":248,"column":92}},"76":{"start":{"line":249,"column":8},"end":{"line":249,"column":24}},"77":{"start":{"line":253,"column":2},"end":{"line":263,"column":7}},"78":{"start":{"line":257,"column":6},"end":{"line":262,"column":7}},"79":{"start":{"line":258,"column":8},"end":{"line":258,"column":28}},"80":{"start":{"line":260,"column":8},"end":{"line":260,"column":92}},"81":{"start":{"line":261,"column":8},"end":{"line":261,"column":24}},"82":{"start":{"line":269,"column":2},"end":{"line":289,"column":7}},"83":{"start":{"line":283,"column":6},"end":{"line":288,"column":7}},"84":{"start":{"line":284,"column":8},"end":{"line":284,"column":33}},"85":{"start":{"line":286,"column":8},"end":{"line":286,"column":97}},"86":{"start":{"line":287,"column":8},"end":{"line":287,"column":24}},"87":{"start":{"line":291,"column":2},"end":{"line":324,"column":7}},"88":{"start":{"line":308,"column":6},"end":{"line":323,"column":7}},"89":{"start":{"line":309,"column":8},"end":{"line":319,"column":9}},"90":{"start":{"line":311,"column":10},"end":{"line":316,"column":13}},"91":{"start":{"line":318,"column":10},"end":{"line":318,"column":51}},"92":{"start":{"line":321,"column":8},"end":{"line":321,"column":97}},"93":{"start":{"line":322,"column":8},"end":{"line":322,"column":24}},"94":{"start":{"line":326,"column":2},"end":{"line":336,"column":7}},"95":{"start":{"line":330,"column":6},"end":{"line":335,"column":7}},"96":{"start":{"line":331,"column":8},"end":{"line":331,"column":43}},"97":{"start":{"line":333,"column":8},"end":{"line":333,"column":92}},"98":{"start":{"line":334,"column":8},"end":{"line":334,"column":24}},"99":{"start":{"line":338,"column":2},"end":{"line":348,"column":7}},"100":{"start":{"line":342,"column":6},"end":{"line":347,"column":7}},"101":{"start":{"line":343,"column":8},"end":{"line":343,"column":41}},"102":{"start":{"line":345,"column":8},"end":{"line":345,"column":92}},"103":{"start":{"line":346,"column":8},"end":{"line":346,"column":24}},"104":{"start":{"line":350,"column":2},"end":{"line":360,"column":7}},"105":{"start":{"line":354,"column":6},"end":{"line":359,"column":7}},"106":{"start":{"line":355,"column":8},"end":{"line":355,"column":38}},"107":{"start":{"line":357,"column":8},"end":{"line":357,"column":92}},"108":{"start":{"line":358,"column":8},"end":{"line":358,"column":24}},"109":{"start":{"line":366,"column":16},"end":{"line":366,"column":82}},"110":{"start":{"line":368,"column":2},"end":{"line":378,"column":7}},"111":{"start":{"line":372,"column":6},"end":{"line":377,"column":7}},"112":{"start":{"line":373,"column":8},"end":{"line":373,"column":37}},"113":{"start":{"line":375,"column":8},"end":{"line":375,"column":92}},"114":{"start":{"line":376,"column":8},"end":{"line":376,"column":24}},"115":{"start":{"line":380,"column":2},"end":{"line":390,"column":7}},"116":{"start":{"line":384,"column":6},"end":{"line":389,"column":7}},"117":{"start":{"line":385,"column":8},"end":{"line":385,"column":33}},"118":{"start":{"line":387,"column":8},"end":{"line":387,"column":92}},"119":{"start":{"line":388,"column":8},"end":{"line":388,"column":24}},"120":{"start":{"line":392,"column":2},"end":{"line":402,"column":7}},"121":{"start":{"line":396,"column":6},"end":{"line":401,"column":7}},"122":{"start":{"line":397,"column":8},"end":{"line":397,"column":37}},"123":{"start":{"line":399,"column":8},"end":{"line":399,"column":92}},"124":{"start":{"line":400,"column":8},"end":{"line":400,"column":24}},"125":{"start":{"line":408,"column":16},"end":{"line":408,"column":92}},"126":{"start":{"line":410,"column":2},"end":{"line":421,"column":7}},"127":{"start":{"line":413,"column":105},"end":{"line":413,"column":119}},"128":{"start":{"line":415,"column":6},"end":{"line":420,"column":7}},"129":{"start":{"line":416,"column":8},"end":{"line":416,"column":57}},"130":{"start":{"line":418,"column":8},"end":{"line":418,"column":92}},"131":{"start":{"line":419,"column":8},"end":{"line":419,"column":24}},"132":{"start":{"line":423,"column":2},"end":{"line":433,"column":7}},"133":{"start":{"line":427,"column":6},"end":{"line":432,"column":7}},"134":{"start":{"line":428,"column":8},"end":{"line":428,"column":36}},"135":{"start":{"line":430,"column":8},"end":{"line":430,"column":92}},"136":{"start":{"line":431,"column":8},"end":{"line":431,"column":24}},"137":{"start":{"line":435,"column":2},"end":{"line":446,"column":7}},"138":{"start":{"line":438,"column":82},"end":{"line":438,"column":96}},"139":{"start":{"line":440,"column":6},"end":{"line":445,"column":7}},"140":{"start":{"line":441,"column":8},"end":{"line":441,"column":54}},"141":{"start":{"line":443,"column":8},"end":{"line":443,"column":92}},"142":{"start":{"line":444,"column":8},"end":{"line":444,"column":24}},"143":{"start":{"line":448,"column":2},"end":{"line":459,"column":7}},"144":{"start":{"line":453,"column":6},"end":{"line":458,"column":7}},"145":{"start":{"line":454,"column":8},"end":{"line":454,"column":47}},"146":{"start":{"line":456,"column":8},"end":{"line":456,"column":92}},"147":{"start":{"line":457,"column":8},"end":{"line":457,"column":24}},"148":{"start":{"line":461,"column":2},"end":{"line":472,"column":7}},"149":{"start":{"line":466,"column":6},"end":{"line":471,"column":7}},"150":{"start":{"line":467,"column":8},"end":{"line":467,"column":54}},"151":{"start":{"line":469,"column":8},"end":{"line":469,"column":92}},"152":{"start":{"line":470,"column":8},"end":{"line":470,"column":24}},"153":{"start":{"line":474,"column":2},"end":{"line":484,"column":7}},"154":{"start":{"line":478,"column":6},"end":{"line":483,"column":7}},"155":{"start":{"line":479,"column":8},"end":{"line":479,"column":35}},"156":{"start":{"line":481,"column":8},"end":{"line":481,"column":92}},"157":{"start":{"line":482,"column":8},"end":{"line":482,"column":24}},"158":{"start":{"line":486,"column":2},"end":{"line":497,"column":7}},"159":{"start":{"line":491,"column":6},"end":{"line":496,"column":7}},"160":{"start":{"line":492,"column":8},"end":{"line":492,"column":50}},"161":{"start":{"line":494,"column":8},"end":{"line":494,"column":92}},"162":{"start":{"line":495,"column":8},"end":{"line":495,"column":24}},"163":{"start":{"line":499,"column":2},"end":{"line":509,"column":7}},"164":{"start":{"line":503,"column":6},"end":{"line":508,"column":7}},"165":{"start":{"line":504,"column":8},"end":{"line":504,"column":40}},"166":{"start":{"line":506,"column":8},"end":{"line":506,"column":92}},"167":{"start":{"line":507,"column":8},"end":{"line":507,"column":24}},"168":{"start":{"line":515,"column":18},"end":{"line":515,"column":88}},"169":{"start":{"line":517,"column":2},"end":{"line":527,"column":7}},"170":{"start":{"line":521,"column":6},"end":{"line":526,"column":7}},"171":{"start":{"line":522,"column":8},"end":{"line":522,"column":36}},"172":{"start":{"line":524,"column":8},"end":{"line":524,"column":92}},"173":{"start":{"line":525,"column":8},"end":{"line":525,"column":24}},"174":{"start":{"line":529,"column":2},"end":{"line":542,"column":7}},"175":{"start":{"line":535,"column":6},"end":{"line":541,"column":7}},"176":{"start":{"line":536,"column":25},"end":{"line":536,"column":76}},"177":{"start":{"line":537,"column":8},"end":{"line":537,"column":50}},"178":{"start":{"line":539,"column":8},"end":{"line":539,"column":92}},"179":{"start":{"line":540,"column":8},"end":{"line":540,"column":24}},"180":{"start":{"line":544,"column":2},"end":{"line":554,"column":7}},"181":{"start":{"line":548,"column":6},"end":{"line":553,"column":7}},"182":{"start":{"line":549,"column":8},"end":{"line":549,"column":37}},"183":{"start":{"line":551,"column":8},"end":{"line":551,"column":92}},"184":{"start":{"line":552,"column":8},"end":{"line":552,"column":24}},"185":{"start":{"line":556,"column":2},"end":{"line":567,"column":7}},"186":{"start":{"line":561,"column":6},"end":{"line":566,"column":7}},"187":{"start":{"line":562,"column":8},"end":{"line":562,"column":65}},"188":{"start":{"line":564,"column":8},"end":{"line":564,"column":92}},"189":{"start":{"line":565,"column":8},"end":{"line":565,"column":24}},"190":{"start":{"line":569,"column":2},"end":{"line":579,"column":7}},"191":{"start":{"line":573,"column":6},"end":{"line":578,"column":7}},"192":{"start":{"line":574,"column":8},"end":{"line":574,"column":53}},"193":{"start":{"line":576,"column":8},"end":{"line":576,"column":92}},"194":{"start":{"line":577,"column":8},"end":{"line":577,"column":24}},"195":{"start":{"line":581,"column":2},"end":{"line":591,"column":7}},"196":{"start":{"line":585,"column":6},"end":{"line":590,"column":7}},"197":{"start":{"line":586,"column":8},"end":{"line":586,"column":59}},"198":{"start":{"line":588,"column":8},"end":{"line":588,"column":92}},"199":{"start":{"line":589,"column":8},"end":{"line":589,"column":24}},"200":{"start":{"line":593,"column":2},"end":{"line":603,"column":7}},"201":{"start":{"line":597,"column":6},"end":{"line":602,"column":7}},"202":{"start":{"line":598,"column":8},"end":{"line":598,"column":60}},"203":{"start":{"line":600,"column":8},"end":{"line":600,"column":92}},"204":{"start":{"line":601,"column":8},"end":{"line":601,"column":24}},"205":{"start":{"line":605,"column":2},"end":{"line":615,"column":7}},"206":{"start":{"line":609,"column":6},"end":{"line":614,"column":7}},"207":{"start":{"line":610,"column":8},"end":{"line":610,"column":37}},"208":{"start":{"line":612,"column":8},"end":{"line":612,"column":92}},"209":{"start":{"line":613,"column":8},"end":{"line":613,"column":24}},"210":{"start":{"line":621,"column":17},"end":{"line":621,"column":105}},"211":{"start":{"line":623,"column":2},"end":{"line":633,"column":7}},"212":{"start":{"line":627,"column":6},"end":{"line":632,"column":7}},"213":{"start":{"line":628,"column":8},"end":{"line":628,"column":27}},"214":{"start":{"line":630,"column":8},"end":{"line":630,"column":97}},"215":{"start":{"line":631,"column":8},"end":{"line":631,"column":24}},"216":{"start":{"line":635,"column":2},"end":{"line":645,"column":7}},"217":{"start":{"line":639,"column":6},"end":{"line":644,"column":7}},"218":{"start":{"line":640,"column":8},"end":{"line":640,"column":43}},"219":{"start":{"line":642,"column":8},"end":{"line":642,"column":97}},"220":{"start":{"line":643,"column":8},"end":{"line":643,"column":24}},"221":{"start":{"line":647,"column":2},"end":{"line":657,"column":7}},"222":{"start":{"line":651,"column":6},"end":{"line":656,"column":7}},"223":{"start":{"line":652,"column":8},"end":{"line":652,"column":27}},"224":{"start":{"line":654,"column":8},"end":{"line":654,"column":92}},"225":{"start":{"line":655,"column":8},"end":{"line":655,"column":24}},"226":{"start":{"line":659,"column":2},"end":{"line":669,"column":7}},"227":{"start":{"line":663,"column":6},"end":{"line":668,"column":7}},"228":{"start":{"line":664,"column":8},"end":{"line":664,"column":33}},"229":{"start":{"line":666,"column":8},"end":{"line":666,"column":100}},"230":{"start":{"line":667,"column":8},"end":{"line":667,"column":24}},"231":{"start":{"line":671,"column":2},"end":{"line":681,"column":7}},"232":{"start":{"line":675,"column":6},"end":{"line":680,"column":7}},"233":{"start":{"line":676,"column":8},"end":{"line":676,"column":36}},"234":{"start":{"line":678,"column":8},"end":{"line":678,"column":102}},"235":{"start":{"line":679,"column":8},"end":{"line":679,"column":24}},"236":{"start":{"line":683,"column":2},"end":{"line":693,"column":7}},"237":{"start":{"line":687,"column":6},"end":{"line":692,"column":7}},"238":{"start":{"line":688,"column":8},"end":{"line":688,"column":33}},"239":{"start":{"line":690,"column":8},"end":{"line":690,"column":99}},"240":{"start":{"line":691,"column":8},"end":{"line":691,"column":24}},"241":{"start":{"line":695,"column":2},"end":{"line":705,"column":7}},"242":{"start":{"line":699,"column":6},"end":{"line":704,"column":7}},"243":{"start":{"line":700,"column":8},"end":{"line":700,"column":34}},"244":{"start":{"line":702,"column":8},"end":{"line":702,"column":100}},"245":{"start":{"line":703,"column":8},"end":{"line":703,"column":24}},"246":{"start":{"line":711,"column":2},"end":{"line":711,"column":27}},"247":{"start":{"line":712,"column":2},"end":{"line":712,"column":29}},"248":{"start":{"line":719,"column":16},"end":{"line":719,"column":101}},"249":{"start":{"line":721,"column":2},"end":{"line":732,"column":7}},"250":{"start":{"line":726,"column":6},"end":{"line":731,"column":7}},"251":{"start":{"line":727,"column":8},"end":{"line":727,"column":58}},"252":{"start":{"line":729,"column":8},"end":{"line":729,"column":92}},"253":{"start":{"line":730,"column":8},"end":{"line":730,"column":24}},"254":{"start":{"line":734,"column":2},"end":{"line":744,"column":7}},"255":{"start":{"line":738,"column":6},"end":{"line":743,"column":7}},"256":{"start":{"line":739,"column":8},"end":{"line":739,"column":34}},"257":{"start":{"line":741,"column":8},"end":{"line":741,"column":92}},"258":{"start":{"line":742,"column":8},"end":{"line":742,"column":24}},"259":{"start":{"line":746,"column":2},"end":{"line":756,"column":7}},"260":{"start":{"line":750,"column":6},"end":{"line":755,"column":7}},"261":{"start":{"line":751,"column":8},"end":{"line":751,"column":40}},"262":{"start":{"line":753,"column":8},"end":{"line":753,"column":92}},"263":{"start":{"line":754,"column":8},"end":{"line":754,"column":24}},"264":{"start":{"line":758,"column":2},"end":{"line":768,"column":7}},"265":{"start":{"line":762,"column":6},"end":{"line":767,"column":7}},"266":{"start":{"line":763,"column":8},"end":{"line":763,"column":36}},"267":{"start":{"line":765,"column":8},"end":{"line":765,"column":92}},"268":{"start":{"line":766,"column":8},"end":{"line":766,"column":24}},"269":{"start":{"line":770,"column":2},"end":{"line":781,"column":7}},"270":{"start":{"line":775,"column":6},"end":{"line":780,"column":7}},"271":{"start":{"line":776,"column":8},"end":{"line":776,"column":55}},"272":{"start":{"line":778,"column":8},"end":{"line":778,"column":92}},"273":{"start":{"line":779,"column":8},"end":{"line":779,"column":24}},"274":{"start":{"line":783,"column":2},"end":{"line":794,"column":7}},"275":{"start":{"line":788,"column":6},"end":{"line":793,"column":7}},"276":{"start":{"line":789,"column":8},"end":{"line":789,"column":56}},"277":{"start":{"line":791,"column":8},"end":{"line":791,"column":92}},"278":{"start":{"line":792,"column":8},"end":{"line":792,"column":24}},"279":{"start":{"line":796,"column":2},"end":{"line":806,"column":7}},"280":{"start":{"line":800,"column":6},"end":{"line":805,"column":7}},"281":{"start":{"line":801,"column":8},"end":{"line":801,"column":40}},"282":{"start":{"line":803,"column":8},"end":{"line":803,"column":92}},"283":{"start":{"line":804,"column":8},"end":{"line":804,"column":24}},"284":{"start":{"line":808,"column":2},"end":{"line":825,"column":7}},"285":{"start":{"line":815,"column":6},"end":{"line":824,"column":7}},"286":{"start":{"line":816,"column":8},"end":{"line":820,"column":11}},"287":{"start":{"line":822,"column":8},"end":{"line":822,"column":92}},"288":{"start":{"line":823,"column":8},"end":{"line":823,"column":24}},"289":{"start":{"line":831,"column":2},"end":{"line":841,"column":7}},"290":{"start":{"line":835,"column":6},"end":{"line":840,"column":7}},"291":{"start":{"line":836,"column":8},"end":{"line":836,"column":32}},"292":{"start":{"line":838,"column":8},"end":{"line":838,"column":102}},"293":{"start":{"line":839,"column":8},"end":{"line":839,"column":24}},"294":{"start":{"line":848,"column":2},"end":{"line":874,"column":7}},"295":{"start":{"line":855,"column":6},"end":{"line":873,"column":7}},"296":{"start":{"line":856,"column":20},"end":{"line":866,"column":9}},"297":{"start":{"line":857,"column":38},"end":{"line":857,"column":59}},"298":{"start":{"line":859,"column":10},"end":{"line":863,"column":11}},"299":{"start":{"line":860,"column":12},"end":{"line":862,"column":15}},"300":{"start":{"line":861,"column":32},"end":{"line":861,"column":47}},"301":{"start":{"line":865,"column":10},"end":{"line":865,"column":48}},"302":{"start":{"line":868,"column":34},"end":{"line":868,"column":66}},"303":{"start":{"line":869,"column":8},"end":{"line":869,"column":30}},"304":{"start":{"line":871,"column":8},"end":{"line":871,"column":100}},"305":{"start":{"line":872,"column":8},"end":{"line":872,"column":24}},"306":{"start":{"line":880,"column":20},"end":{"line":880,"column":81}},"307":{"start":{"line":882,"column":2},"end":{"line":892,"column":7}},"308":{"start":{"line":886,"column":21},"end":{"line":886,"column":32}},"309":{"start":{"line":887,"column":24},"end":{"line":887,"column":39}},"310":{"start":{"line":889,"column":6},"end":{"line":889,"column":63}},"311":{"start":{"line":890,"column":6},"end":{"line":890,"column":54}},"312":{"start":{"line":891,"column":6},"end":{"line":891,"column":70}},"313":{"start":{"line":894,"column":2},"end":{"line":925,"column":7}},"314":{"start":{"line":898,"column":21},"end":{"line":898,"column":32}},"315":{"start":{"line":900,"column":6},"end":{"line":924,"column":7}},"316":{"start":{"line":901,"column":8},"end":{"line":920,"column":9}},"317":{"start":{"line":903,"column":12},"end":{"line":903,"column":61}},"318":{"start":{"line":904,"column":12},"end":{"line":904,"column":89}},"319":{"start":{"line":905,"column":12},"end":{"line":905,"column":18}},"320":{"start":{"line":907,"column":12},"end":{"line":907,"column":68}},"321":{"start":{"line":908,"column":12},"end":{"line":908,"column":69}},"322":{"start":{"line":909,"column":12},"end":{"line":909,"column":18}},"323":{"start":{"line":911,"column":12},"end":{"line":911,"column":57}},"324":{"start":{"line":912,"column":12},"end":{"line":912,"column":73}},"325":{"start":{"line":913,"column":12},"end":{"line":913,"column":18}},"326":{"start":{"line":915,"column":12},"end":{"line":915,"column":77}},"327":{"start":{"line":916,"column":12},"end":{"line":916,"column":48}},"328":{"start":{"line":917,"column":12},"end":{"line":917,"column":42}},"329":{"start":{"line":918,"column":12},"end":{"line":918,"column":46}},"330":{"start":{"line":919,"column":12},"end":{"line":919,"column":28}},"331":{"start":{"line":922,"column":8},"end":{"line":922,"column":92}},"332":{"start":{"line":923,"column":8},"end":{"line":923,"column":24}},"333":{"start":{"line":931,"column":2},"end":{"line":964,"column":7}},"334":{"start":{"line":934,"column":6},"end":{"line":963,"column":7}},"335":{"start":{"line":936,"column":8},"end":{"line":941,"column":9}},"336":{"start":{"line":937,"column":10},"end":{"line":937,"column":50}},"337":{"start":{"line":939,"column":10},"end":{"line":939,"column":94}},"338":{"start":{"line":940,"column":10},"end":{"line":940,"column":26}},"339":{"start":{"line":944,"column":8},"end":{"line":962,"column":9}},"340":{"start":{"line":945,"column":22},"end":{"line":955,"column":11}},"341":{"start":{"line":946,"column":40},"end":{"line":946,"column":61}},"342":{"start":{"line":948,"column":12},"end":{"line":952,"column":13}},"343":{"start":{"line":949,"column":14},"end":{"line":951,"column":17}},"344":{"start":{"line":950,"column":34},"end":{"line":950,"column":49}},"345":{"start":{"line":954,"column":12},"end":{"line":954,"column":50}},"346":{"start":{"line":957,"column":36},"end":{"line":957,"column":68}},"347":{"start":{"line":958,"column":10},"end":{"line":958,"column":32}},"348":{"start":{"line":960,"column":10},"end":{"line":960,"column":102}},"349":{"start":{"line":961,"column":10},"end":{"line":961,"column":26}},"350":{"start":{"line":966,"column":2},"end":{"line":966,"column":17}},"351":{"start":{"line":974,"column":18},"end":{"line":974,"column":29}},"352":{"start":{"line":977,"column":2},"end":{"line":981,"column":5}},"353":{"start":{"line":978,"column":4},"end":{"line":978,"column":67}},"354":{"start":{"line":979,"column":4},"end":{"line":979,"column":80}},"355":{"start":{"line":980,"column":4},"end":{"line":980,"column":20}},"356":{"start":{"line":984,"column":2},"end":{"line":989,"column":5}},"357":{"start":{"line":985,"column":20},"end":{"line":985,"column":77}},"358":{"start":{"line":986,"column":4},"end":{"line":986,"column":66}},"359":{"start":{"line":987,"column":4},"end":{"line":987,"column":74}},"360":{"start":{"line":988,"column":4},"end":{"line":988,"column":20}},"361":{"start":{"line":991,"column":2},"end":{"line":991,"column":41}},"362":{"start":{"line":995,"column":0},"end":{"line":998,"column":3}},"363":{"start":{"line":996,"column":2},"end":{"line":996,"column":50}},"364":{"start":{"line":997,"column":2},"end":{"line":997,"column":18}}},"fnMap":{"0":{"name":"showBanner","decl":{"start":{"line":39,"column":9},"end":{"line":39,"column":19}},"loc":{"start":{"line":39,"column":19},"end":{"line":47,"column":1}}},"1":{"name":"createCLI","decl":{"start":{"line":52,"column":9},"end":{"line":52,"column":18}},"loc":{"start":{"line":52,"column":18},"end":{"line":967,"column":1}}},"2":{"name":"(anonymous_2)","decl":{"start":{"line":69,"column":12},"end":{"line":69,"column":17}},"loc":{"start":{"line":69,"column":23},"end":{"line":76,"column":5}}},"3":{"name":"(anonymous_3)","decl":{"start":{"line":81,"column":12},"end":{"line":81,"column":17}},"loc":{"start":{"line":81,"column":23},"end":{"line":88,"column":5}}},"4":{"name":"(anonymous_4)","decl":{"start":{"line":93,"column":12},"end":{"line":93,"column":17}},"loc":{"start":{"line":93,"column":23},"end":{"line":100,"column":5}}},"5":{"name":"(anonymous_5)","decl":{"start":{"line":105,"column":12},"end":{"line":105,"column":17}},"loc":{"start":{"line":105,"column":23},"end":{"line":112,"column":5}}},"6":{"name":"(anonymous_6)","decl":{"start":{"line":117,"column":12},"end":{"line":117,"column":17}},"loc":{"start":{"line":117,"column":23},"end":{"line":124,"column":5}}},"7":{"name":"(anonymous_7)","decl":{"start":{"line":129,"column":12},"end":{"line":129,"column":17}},"loc":{"start":{"line":129,"column":23},"end":{"line":136,"column":5}}},"8":{"name":"(anonymous_8)","decl":{"start":{"line":141,"column":12},"end":{"line":141,"column":17}},"loc":{"start":{"line":141,"column":46},"end":{"line":148,"column":5}}},"9":{"name":"(anonymous_9)","decl":{"start":{"line":162,"column":12},"end":{"line":162,"column":17}},"loc":{"start":{"line":162,"column":102},"end":{"line":169,"column":5}}},"10":{"name":"(anonymous_10)","decl":{"start":{"line":174,"column":12},"end":{"line":174,"column":17}},"loc":{"start":{"line":174,"column":23},"end":{"line":181,"column":5}}},"11":{"name":"(anonymous_11)","decl":{"start":{"line":186,"column":12},"end":{"line":186,"column":17}},"loc":{"start":{"line":186,"column":23},"end":{"line":193,"column":5}}},"12":{"name":"(anonymous_12)","decl":{"start":{"line":201,"column":12},"end":{"line":201,"column":17}},"loc":{"start":{"line":201,"column":85},"end":{"line":208,"column":5}}},"13":{"name":"(anonymous_13)","decl":{"start":{"line":213,"column":12},"end":{"line":213,"column":17}},"loc":{"start":{"line":213,"column":23},"end":{"line":220,"column":5}}},"14":{"name":"(anonymous_14)","decl":{"start":{"line":227,"column":12},"end":{"line":227,"column":17}},"loc":{"start":{"line":227,"column":65},"end":{"line":234,"column":5}}},"15":{"name":"(anonymous_15)","decl":{"start":{"line":244,"column":12},"end":{"line":244,"column":17}},"loc":{"start":{"line":244,"column":132},"end":{"line":251,"column":5}}},"16":{"name":"(anonymous_16)","decl":{"start":{"line":256,"column":12},"end":{"line":256,"column":17}},"loc":{"start":{"line":256,"column":23},"end":{"line":263,"column":5}}},"17":{"name":"(anonymous_17)","decl":{"start":{"line":277,"column":12},"end":{"line":277,"column":17}},"loc":{"start":{"line":282,"column":9},"end":{"line":289,"column":5}}},"18":{"name":"(anonymous_18)","decl":{"start":{"line":300,"column":12},"end":{"line":300,"column":17}},"loc":{"start":{"line":307,"column":9},"end":{"line":324,"column":5}}},"19":{"name":"(anonymous_19)","decl":{"start":{"line":329,"column":12},"end":{"line":329,"column":17}},"loc":{"start":{"line":329,"column":36},"end":{"line":336,"column":5}}},"20":{"name":"(anonymous_20)","decl":{"start":{"line":341,"column":12},"end":{"line":341,"column":17}},"loc":{"start":{"line":341,"column":23},"end":{"line":348,"column":5}}},"21":{"name":"(anonymous_21)","decl":{"start":{"line":353,"column":12},"end":{"line":353,"column":17}},"loc":{"start":{"line":353,"column":23},"end":{"line":360,"column":5}}},"22":{"name":"(anonymous_22)","decl":{"start":{"line":371,"column":12},"end":{"line":371,"column":17}},"loc":{"start":{"line":371,"column":23},"end":{"line":378,"column":5}}},"23":{"name":"(anonymous_23)","decl":{"start":{"line":383,"column":12},"end":{"line":383,"column":17}},"loc":{"start":{"line":383,"column":23},"end":{"line":390,"column":5}}},"24":{"name":"(anonymous_24)","decl":{"start":{"line":395,"column":12},"end":{"line":395,"column":17}},"loc":{"start":{"line":395,"column":23},"end":{"line":402,"column":5}}},"25":{"name":"(anonymous_25)","decl":{"start":{"line":413,"column":72},"end":{"line":413,"column":73}},"loc":{"start":{"line":413,"column":105},"end":{"line":413,"column":119}}},"26":{"name":"(anonymous_26)","decl":{"start":{"line":414,"column":12},"end":{"line":414,"column":17}},"loc":{"start":{"line":414,"column":77},"end":{"line":421,"column":5}}},"27":{"name":"(anonymous_27)","decl":{"start":{"line":426,"column":12},"end":{"line":426,"column":17}},"loc":{"start":{"line":426,"column":34},"end":{"line":433,"column":5}}},"28":{"name":"(anonymous_28)","decl":{"start":{"line":438,"column":49},"end":{"line":438,"column":50}},"loc":{"start":{"line":438,"column":82},"end":{"line":438,"column":96}}},"29":{"name":"(anonymous_29)","decl":{"start":{"line":439,"column":12},"end":{"line":439,"column":17}},"loc":{"start":{"line":439,"column":64},"end":{"line":446,"column":5}}},"30":{"name":"(anonymous_30)","decl":{"start":{"line":452,"column":12},"end":{"line":452,"column":17}},"loc":{"start":{"line":452,"column":50},"end":{"line":459,"column":5}}},"31":{"name":"(anonymous_31)","decl":{"start":{"line":465,"column":12},"end":{"line":465,"column":17}},"loc":{"start":{"line":465,"column":64},"end":{"line":472,"column":5}}},"32":{"name":"(anonymous_32)","decl":{"start":{"line":477,"column":12},"end":{"line":477,"column":17}},"loc":{"start":{"line":477,"column":23},"end":{"line":484,"column":5}}},"33":{"name":"(anonymous_33)","decl":{"start":{"line":490,"column":12},"end":{"line":490,"column":17}},"loc":{"start":{"line":490,"column":51},"end":{"line":497,"column":5}}},"34":{"name":"(anonymous_34)","decl":{"start":{"line":502,"column":12},"end":{"line":502,"column":17}},"loc":{"start":{"line":502,"column":35},"end":{"line":509,"column":5}}},"35":{"name":"(anonymous_35)","decl":{"start":{"line":520,"column":12},"end":{"line":520,"column":17}},"loc":{"start":{"line":520,"column":23},"end":{"line":527,"column":5}}},"36":{"name":"(anonymous_36)","decl":{"start":{"line":534,"column":12},"end":{"line":534,"column":17}},"loc":{"start":{"line":534,"column":75},"end":{"line":542,"column":5}}},"37":{"name":"(anonymous_37)","decl":{"start":{"line":547,"column":12},"end":{"line":547,"column":17}},"loc":{"start":{"line":547,"column":23},"end":{"line":554,"column":5}}},"38":{"name":"(anonymous_38)","decl":{"start":{"line":560,"column":12},"end":{"line":560,"column":17}},"loc":{"start":{"line":560,"column":71},"end":{"line":567,"column":5}}},"39":{"name":"(anonymous_39)","decl":{"start":{"line":572,"column":12},"end":{"line":572,"column":17}},"loc":{"start":{"line":572,"column":42},"end":{"line":579,"column":5}}},"40":{"name":"(anonymous_40)","decl":{"start":{"line":584,"column":12},"end":{"line":584,"column":17}},"loc":{"start":{"line":584,"column":42},"end":{"line":591,"column":5}}},"41":{"name":"(anonymous_41)","decl":{"start":{"line":596,"column":12},"end":{"line":596,"column":17}},"loc":{"start":{"line":596,"column":42},"end":{"line":603,"column":5}}},"42":{"name":"(anonymous_42)","decl":{"start":{"line":608,"column":12},"end":{"line":608,"column":17}},"loc":{"start":{"line":608,"column":23},"end":{"line":615,"column":5}}},"43":{"name":"(anonymous_43)","decl":{"start":{"line":626,"column":12},"end":{"line":626,"column":17}},"loc":{"start":{"line":626,"column":23},"end":{"line":633,"column":5}}},"44":{"name":"(anonymous_44)","decl":{"start":{"line":638,"column":12},"end":{"line":638,"column":17}},"loc":{"start":{"line":638,"column":69},"end":{"line":645,"column":5}}},"45":{"name":"(anonymous_45)","decl":{"start":{"line":650,"column":12},"end":{"line":650,"column":17}},"loc":{"start":{"line":650,"column":23},"end":{"line":657,"column":5}}},"46":{"name":"(anonymous_46)","decl":{"start":{"line":662,"column":12},"end":{"line":662,"column":17}},"loc":{"start":{"line":662,"column":34},"end":{"line":669,"column":5}}},"47":{"name":"(anonymous_47)","decl":{"start":{"line":674,"column":12},"end":{"line":674,"column":17}},"loc":{"start":{"line":674,"column":35},"end":{"line":681,"column":5}}},"48":{"name":"(anonymous_48)","decl":{"start":{"line":686,"column":12},"end":{"line":686,"column":17}},"loc":{"start":{"line":686,"column":35},"end":{"line":693,"column":5}}},"49":{"name":"(anonymous_49)","decl":{"start":{"line":698,"column":12},"end":{"line":698,"column":17}},"loc":{"start":{"line":698,"column":35},"end":{"line":705,"column":5}}},"50":{"name":"(anonymous_50)","decl":{"start":{"line":725,"column":12},"end":{"line":725,"column":17}},"loc":{"start":{"line":725,"column":70},"end":{"line":732,"column":5}}},"51":{"name":"(anonymous_51)","decl":{"start":{"line":737,"column":12},"end":{"line":737,"column":17}},"loc":{"start":{"line":737,"column":23},"end":{"line":744,"column":5}}},"52":{"name":"(anonymous_52)","decl":{"start":{"line":749,"column":12},"end":{"line":749,"column":17}},"loc":{"start":{"line":749,"column":35},"end":{"line":756,"column":5}}},"53":{"name":"(anonymous_53)","decl":{"start":{"line":761,"column":12},"end":{"line":761,"column":17}},"loc":{"start":{"line":761,"column":23},"end":{"line":768,"column":5}}},"54":{"name":"(anonymous_54)","decl":{"start":{"line":774,"column":12},"end":{"line":774,"column":17}},"loc":{"start":{"line":774,"column":65},"end":{"line":781,"column":5}}},"55":{"name":"(anonymous_55)","decl":{"start":{"line":787,"column":12},"end":{"line":787,"column":17}},"loc":{"start":{"line":787,"column":65},"end":{"line":794,"column":5}}},"56":{"name":"(anonymous_56)","decl":{"start":{"line":799,"column":12},"end":{"line":799,"column":17}},"loc":{"start":{"line":799,"column":35},"end":{"line":806,"column":5}}},"57":{"name":"(anonymous_57)","decl":{"start":{"line":814,"column":12},"end":{"line":814,"column":17}},"loc":{"start":{"line":814,"column":113},"end":{"line":825,"column":5}}},"58":{"name":"(anonymous_58)","decl":{"start":{"line":834,"column":12},"end":{"line":834,"column":17}},"loc":{"start":{"line":834,"column":23},"end":{"line":841,"column":5}}},"59":{"name":"(anonymous_59)","decl":{"start":{"line":854,"column":12},"end":{"line":854,"column":17}},"loc":{"start":{"line":854,"column":23},"end":{"line":874,"column":5}}},"60":{"name":"(anonymous_60)","decl":{"start":{"line":856,"column":20},"end":{"line":856,"column":23}},"loc":{"start":{"line":856,"column":25},"end":{"line":866,"column":9}}},"61":{"name":"(anonymous_61)","decl":{"start":{"line":861,"column":26},"end":{"line":861,"column":29}},"loc":{"start":{"line":861,"column":32},"end":{"line":861,"column":47}}},"62":{"name":"(anonymous_62)","decl":{"start":{"line":885,"column":12},"end":{"line":885,"column":15}},"loc":{"start":{"line":885,"column":17},"end":{"line":892,"column":5}}},"63":{"name":"(anonymous_63)","decl":{"start":{"line":897,"column":12},"end":{"line":897,"column":13}},"loc":{"start":{"line":897,"column":43},"end":{"line":925,"column":5}}},"64":{"name":"(anonymous_64)","decl":{"start":{"line":933,"column":12},"end":{"line":933,"column":17}},"loc":{"start":{"line":933,"column":39},"end":{"line":964,"column":5}}},"65":{"name":"(anonymous_65)","decl":{"start":{"line":945,"column":22},"end":{"line":945,"column":25}},"loc":{"start":{"line":945,"column":27},"end":{"line":955,"column":11}}},"66":{"name":"(anonymous_66)","decl":{"start":{"line":950,"column":28},"end":{"line":950,"column":31}},"loc":{"start":{"line":950,"column":34},"end":{"line":950,"column":49}}},"67":{"name":"main","decl":{"start":{"line":973,"column":15},"end":{"line":973,"column":19}},"loc":{"start":{"line":973,"column":19},"end":{"line":992,"column":1}}},"68":{"name":"(anonymous_68)","decl":{"start":{"line":977,"column":34},"end":{"line":977,"column":35}},"loc":{"start":{"line":977,"column":44},"end":{"line":981,"column":3}}},"69":{"name":"(anonymous_69)","decl":{"start":{"line":984,"column":35},"end":{"line":984,"column":36}},"loc":{"start":{"line":984,"column":51},"end":{"line":989,"column":3}}},"70":{"name":"(anonymous_70)","decl":{"start":{"line":995,"column":13},"end":{"line":995,"column":14}},"loc":{"start":{"line":995,"column":23},"end":{"line":998,"column":1}}}},"branchMap":{"0":{"loc":{"start":{"line":73,"column":49},"end":{"line":73,"column":95}},"type":"cond-expr","locations":[{"start":{"line":73,"column":74},"end":{"line":73,"column":87}},{"start":{"line":73,"column":90},"end":{"line":73,"column":95}}]},"1":{"loc":{"start":{"line":85,"column":49},"end":{"line":85,"column":95}},"type":"cond-expr","locations":[{"start":{"line":85,"column":74},"end":{"line":85,"column":87}},{"start":{"line":85,"column":90},"end":{"line":85,"column":95}}]},"2":{"loc":{"start":{"line":97,"column":51},"end":{"line":97,"column":97}},"type":"cond-expr","locations":[{"start":{"line":97,"column":76},"end":{"line":97,"column":89}},{"start":{"line":97,"column":92},"end":{"line":97,"column":97}}]},"3":{"loc":{"start":{"line":109,"column":44},"end":{"line":109,"column":90}},"type":"cond-expr","locations":[{"start":{"line":109,"column":69},"end":{"line":109,"column":82}},{"start":{"line":109,"column":85},"end":{"line":109,"column":90}}]},"4":{"loc":{"start":{"line":121,"column":54},"end":{"line":121,"column":100}},"type":"cond-expr","locations":[{"start":{"line":121,"column":79},"end":{"line":121,"column":92}},{"start":{"line":121,"column":95},"end":{"line":121,"column":100}}]},"5":{"loc":{"start":{"line":133,"column":57},"end":{"line":133,"column":103}},"type":"cond-expr","locations":[{"start":{"line":133,"column":82},"end":{"line":133,"column":95}},{"start":{"line":133,"column":98},"end":{"line":133,"column":103}}]},"6":{"loc":{"start":{"line":145,"column":44},"end":{"line":145,"column":90}},"type":"cond-expr","locations":[{"start":{"line":145,"column":69},"end":{"line":145,"column":82}},{"start":{"line":145,"column":85},"end":{"line":145,"column":90}}]},"7":{"loc":{"start":{"line":166,"column":44},"end":{"line":166,"column":90}},"type":"cond-expr","locations":[{"start":{"line":166,"column":69},"end":{"line":166,"column":82}},{"start":{"line":166,"column":85},"end":{"line":166,"column":90}}]},"8":{"loc":{"start":{"line":178,"column":44},"end":{"line":178,"column":90}},"type":"cond-expr","locations":[{"start":{"line":178,"column":69},"end":{"line":178,"column":82}},{"start":{"line":178,"column":85},"end":{"line":178,"column":90}}]},"9":{"loc":{"start":{"line":190,"column":44},"end":{"line":190,"column":90}},"type":"cond-expr","locations":[{"start":{"line":190,"column":69},"end":{"line":190,"column":82}},{"start":{"line":190,"column":85},"end":{"line":190,"column":90}}]},"10":{"loc":{"start":{"line":205,"column":44},"end":{"line":205,"column":90}},"type":"cond-expr","locations":[{"start":{"line":205,"column":69},"end":{"line":205,"column":82}},{"start":{"line":205,"column":85},"end":{"line":205,"column":90}}]},"11":{"loc":{"start":{"line":217,"column":44},"end":{"line":217,"column":90}},"type":"cond-expr","locations":[{"start":{"line":217,"column":69},"end":{"line":217,"column":82}},{"start":{"line":217,"column":85},"end":{"line":217,"column":90}}]},"12":{"loc":{"start":{"line":231,"column":44},"end":{"line":231,"column":90}},"type":"cond-expr","locations":[{"start":{"line":231,"column":69},"end":{"line":231,"column":82}},{"start":{"line":231,"column":85},"end":{"line":231,"column":90}}]},"13":{"loc":{"start":{"line":248,"column":44},"end":{"line":248,"column":90}},"type":"cond-expr","locations":[{"start":{"line":248,"column":69},"end":{"line":248,"column":82}},{"start":{"line":248,"column":85},"end":{"line":248,"column":90}}]},"14":{"loc":{"start":{"line":260,"column":44},"end":{"line":260,"column":90}},"type":"cond-expr","locations":[{"start":{"line":260,"column":69},"end":{"line":260,"column":82}},{"start":{"line":260,"column":85},"end":{"line":260,"column":90}}]},"15":{"loc":{"start":{"line":286,"column":49},"end":{"line":286,"column":95}},"type":"cond-expr","locations":[{"start":{"line":286,"column":74},"end":{"line":286,"column":87}},{"start":{"line":286,"column":90},"end":{"line":286,"column":95}}]},"16":{"loc":{"start":{"line":309,"column":8},"end":{"line":319,"column":9}},"type":"if","locations":[{"start":{"line":309,"column":8},"end":{"line":319,"column":9}},{"start":{"line":317,"column":15},"end":{"line":319,"column":9}}]},"17":{"loc":{"start":{"line":321,"column":49},"end":{"line":321,"column":95}},"type":"cond-expr","locations":[{"start":{"line":321,"column":74},"end":{"line":321,"column":87}},{"start":{"line":321,"column":90},"end":{"line":321,"column":95}}]},"18":{"loc":{"start":{"line":333,"column":44},"end":{"line":333,"column":90}},"type":"cond-expr","locations":[{"start":{"line":333,"column":69},"end":{"line":333,"column":82}},{"start":{"line":333,"column":85},"end":{"line":333,"column":90}}]},"19":{"loc":{"start":{"line":345,"column":44},"end":{"line":345,"column":90}},"type":"cond-expr","locations":[{"start":{"line":345,"column":69},"end":{"line":345,"column":82}},{"start":{"line":345,"column":85},"end":{"line":345,"column":90}}]},"20":{"loc":{"start":{"line":357,"column":44},"end":{"line":357,"column":90}},"type":"cond-expr","locations":[{"start":{"line":357,"column":69},"end":{"line":357,"column":82}},{"start":{"line":357,"column":85},"end":{"line":357,"column":90}}]},"21":{"loc":{"start":{"line":375,"column":44},"end":{"line":375,"column":90}},"type":"cond-expr","locations":[{"start":{"line":375,"column":69},"end":{"line":375,"column":82}},{"start":{"line":375,"column":85},"end":{"line":375,"column":90}}]},"22":{"loc":{"start":{"line":387,"column":44},"end":{"line":387,"column":90}},"type":"cond-expr","locations":[{"start":{"line":387,"column":69},"end":{"line":387,"column":82}},{"start":{"line":387,"column":85},"end":{"line":387,"column":90}}]},"23":{"loc":{"start":{"line":399,"column":44},"end":{"line":399,"column":90}},"type":"cond-expr","locations":[{"start":{"line":399,"column":69},"end":{"line":399,"column":82}},{"start":{"line":399,"column":85},"end":{"line":399,"column":90}}]},"24":{"loc":{"start":{"line":418,"column":44},"end":{"line":418,"column":90}},"type":"cond-expr","locations":[{"start":{"line":418,"column":69},"end":{"line":418,"column":82}},{"start":{"line":418,"column":85},"end":{"line":418,"column":90}}]},"25":{"loc":{"start":{"line":430,"column":44},"end":{"line":430,"column":90}},"type":"cond-expr","locations":[{"start":{"line":430,"column":69},"end":{"line":430,"column":82}},{"start":{"line":430,"column":85},"end":{"line":430,"column":90}}]},"26":{"loc":{"start":{"line":443,"column":44},"end":{"line":443,"column":90}},"type":"cond-expr","locations":[{"start":{"line":443,"column":69},"end":{"line":443,"column":82}},{"start":{"line":443,"column":85},"end":{"line":443,"column":90}}]},"27":{"loc":{"start":{"line":456,"column":44},"end":{"line":456,"column":90}},"type":"cond-expr","locations":[{"start":{"line":456,"column":69},"end":{"line":456,"column":82}},{"start":{"line":456,"column":85},"end":{"line":456,"column":90}}]},"28":{"loc":{"start":{"line":469,"column":44},"end":{"line":469,"column":90}},"type":"cond-expr","locations":[{"start":{"line":469,"column":69},"end":{"line":469,"column":82}},{"start":{"line":469,"column":85},"end":{"line":469,"column":90}}]},"29":{"loc":{"start":{"line":481,"column":44},"end":{"line":481,"column":90}},"type":"cond-expr","locations":[{"start":{"line":481,"column":69},"end":{"line":481,"column":82}},{"start":{"line":481,"column":85},"end":{"line":481,"column":90}}]},"30":{"loc":{"start":{"line":494,"column":44},"end":{"line":494,"column":90}},"type":"cond-expr","locations":[{"start":{"line":494,"column":69},"end":{"line":494,"column":82}},{"start":{"line":494,"column":85},"end":{"line":494,"column":90}}]},"31":{"loc":{"start":{"line":506,"column":44},"end":{"line":506,"column":90}},"type":"cond-expr","locations":[{"start":{"line":506,"column":69},"end":{"line":506,"column":82}},{"start":{"line":506,"column":85},"end":{"line":506,"column":90}}]},"32":{"loc":{"start":{"line":524,"column":44},"end":{"line":524,"column":90}},"type":"cond-expr","locations":[{"start":{"line":524,"column":69},"end":{"line":524,"column":82}},{"start":{"line":524,"column":85},"end":{"line":524,"column":90}}]},"33":{"loc":{"start":{"line":536,"column":25},"end":{"line":536,"column":76}},"type":"cond-expr","locations":[{"start":{"line":536,"column":39},"end":{"line":536,"column":43}},{"start":{"line":536,"column":46},"end":{"line":536,"column":76}}]},"34":{"loc":{"start":{"line":536,"column":46},"end":{"line":536,"column":76}},"type":"cond-expr","locations":[{"start":{"line":536,"column":59},"end":{"line":536,"column":64}},{"start":{"line":536,"column":67},"end":{"line":536,"column":76}}]},"35":{"loc":{"start":{"line":539,"column":44},"end":{"line":539,"column":90}},"type":"cond-expr","locations":[{"start":{"line":539,"column":69},"end":{"line":539,"column":82}},{"start":{"line":539,"column":85},"end":{"line":539,"column":90}}]},"36":{"loc":{"start":{"line":551,"column":44},"end":{"line":551,"column":90}},"type":"cond-expr","locations":[{"start":{"line":551,"column":69},"end":{"line":551,"column":82}},{"start":{"line":551,"column":85},"end":{"line":551,"column":90}}]},"37":{"loc":{"start":{"line":564,"column":44},"end":{"line":564,"column":90}},"type":"cond-expr","locations":[{"start":{"line":564,"column":69},"end":{"line":564,"column":82}},{"start":{"line":564,"column":85},"end":{"line":564,"column":90}}]},"38":{"loc":{"start":{"line":576,"column":44},"end":{"line":576,"column":90}},"type":"cond-expr","locations":[{"start":{"line":576,"column":69},"end":{"line":576,"column":82}},{"start":{"line":576,"column":85},"end":{"line":576,"column":90}}]},"39":{"loc":{"start":{"line":588,"column":44},"end":{"line":588,"column":90}},"type":"cond-expr","locations":[{"start":{"line":588,"column":69},"end":{"line":588,"column":82}},{"start":{"line":588,"column":85},"end":{"line":588,"column":90}}]},"40":{"loc":{"start":{"line":600,"column":44},"end":{"line":600,"column":90}},"type":"cond-expr","locations":[{"start":{"line":600,"column":69},"end":{"line":600,"column":82}},{"start":{"line":600,"column":85},"end":{"line":600,"column":90}}]},"41":{"loc":{"start":{"line":612,"column":44},"end":{"line":612,"column":90}},"type":"cond-expr","locations":[{"start":{"line":612,"column":69},"end":{"line":612,"column":82}},{"start":{"line":612,"column":85},"end":{"line":612,"column":90}}]},"42":{"loc":{"start":{"line":630,"column":49},"end":{"line":630,"column":95}},"type":"cond-expr","locations":[{"start":{"line":630,"column":74},"end":{"line":630,"column":87}},{"start":{"line":630,"column":90},"end":{"line":630,"column":95}}]},"43":{"loc":{"start":{"line":642,"column":49},"end":{"line":642,"column":95}},"type":"cond-expr","locations":[{"start":{"line":642,"column":74},"end":{"line":642,"column":87}},{"start":{"line":642,"column":90},"end":{"line":642,"column":95}}]},"44":{"loc":{"start":{"line":654,"column":44},"end":{"line":654,"column":90}},"type":"cond-expr","locations":[{"start":{"line":654,"column":69},"end":{"line":654,"column":82}},{"start":{"line":654,"column":85},"end":{"line":654,"column":90}}]},"45":{"loc":{"start":{"line":666,"column":52},"end":{"line":666,"column":98}},"type":"cond-expr","locations":[{"start":{"line":666,"column":77},"end":{"line":666,"column":90}},{"start":{"line":666,"column":93},"end":{"line":666,"column":98}}]},"46":{"loc":{"start":{"line":678,"column":54},"end":{"line":678,"column":100}},"type":"cond-expr","locations":[{"start":{"line":678,"column":79},"end":{"line":678,"column":92}},{"start":{"line":678,"column":95},"end":{"line":678,"column":100}}]},"47":{"loc":{"start":{"line":690,"column":51},"end":{"line":690,"column":97}},"type":"cond-expr","locations":[{"start":{"line":690,"column":76},"end":{"line":690,"column":89}},{"start":{"line":690,"column":92},"end":{"line":690,"column":97}}]},"48":{"loc":{"start":{"line":702,"column":52},"end":{"line":702,"column":98}},"type":"cond-expr","locations":[{"start":{"line":702,"column":77},"end":{"line":702,"column":90}},{"start":{"line":702,"column":93},"end":{"line":702,"column":98}}]},"49":{"loc":{"start":{"line":729,"column":44},"end":{"line":729,"column":90}},"type":"cond-expr","locations":[{"start":{"line":729,"column":69},"end":{"line":729,"column":82}},{"start":{"line":729,"column":85},"end":{"line":729,"column":90}}]},"50":{"loc":{"start":{"line":741,"column":44},"end":{"line":741,"column":90}},"type":"cond-expr","locations":[{"start":{"line":741,"column":69},"end":{"line":741,"column":82}},{"start":{"line":741,"column":85},"end":{"line":741,"column":90}}]},"51":{"loc":{"start":{"line":753,"column":44},"end":{"line":753,"column":90}},"type":"cond-expr","locations":[{"start":{"line":753,"column":69},"end":{"line":753,"column":82}},{"start":{"line":753,"column":85},"end":{"line":753,"column":90}}]},"52":{"loc":{"start":{"line":765,"column":44},"end":{"line":765,"column":90}},"type":"cond-expr","locations":[{"start":{"line":765,"column":69},"end":{"line":765,"column":82}},{"start":{"line":765,"column":85},"end":{"line":765,"column":90}}]},"53":{"loc":{"start":{"line":778,"column":44},"end":{"line":778,"column":90}},"type":"cond-expr","locations":[{"start":{"line":778,"column":69},"end":{"line":778,"column":82}},{"start":{"line":778,"column":85},"end":{"line":778,"column":90}}]},"54":{"loc":{"start":{"line":791,"column":44},"end":{"line":791,"column":90}},"type":"cond-expr","locations":[{"start":{"line":791,"column":69},"end":{"line":791,"column":82}},{"start":{"line":791,"column":85},"end":{"line":791,"column":90}}]},"55":{"loc":{"start":{"line":803,"column":44},"end":{"line":803,"column":90}},"type":"cond-expr","locations":[{"start":{"line":803,"column":69},"end":{"line":803,"column":82}},{"start":{"line":803,"column":85},"end":{"line":803,"column":90}}]},"56":{"loc":{"start":{"line":822,"column":44},"end":{"line":822,"column":90}},"type":"cond-expr","locations":[{"start":{"line":822,"column":69},"end":{"line":822,"column":82}},{"start":{"line":822,"column":85},"end":{"line":822,"column":90}}]},"57":{"loc":{"start":{"line":838,"column":54},"end":{"line":838,"column":100}},"type":"cond-expr","locations":[{"start":{"line":838,"column":79},"end":{"line":838,"column":92}},{"start":{"line":838,"column":95},"end":{"line":838,"column":100}}]},"58":{"loc":{"start":{"line":859,"column":10},"end":{"line":863,"column":11}},"type":"if","locations":[{"start":{"line":859,"column":10},"end":{"line":863,"column":11}}]},"59":{"loc":{"start":{"line":871,"column":52},"end":{"line":871,"column":98}},"type":"cond-expr","locations":[{"start":{"line":871,"column":77},"end":{"line":871,"column":90}},{"start":{"line":871,"column":93},"end":{"line":871,"column":98}}]},"60":{"loc":{"start":{"line":901,"column":8},"end":{"line":920,"column":9}},"type":"switch","locations":[{"start":{"line":902,"column":10},"end":{"line":905,"column":18}},{"start":{"line":906,"column":10},"end":{"line":909,"column":18}},{"start":{"line":910,"column":10},"end":{"line":913,"column":18}},{"start":{"line":914,"column":10},"end":{"line":919,"column":28}}]},"61":{"loc":{"start":{"line":907,"column":32},"end":{"line":907,"column":66}},"type":"binary-expr","locations":[{"start":{"line":907,"column":32},"end":{"line":907,"column":48}},{"start":{"line":907,"column":52},"end":{"line":907,"column":66}}]},"62":{"loc":{"start":{"line":922,"column":44},"end":{"line":922,"column":90}},"type":"cond-expr","locations":[{"start":{"line":922,"column":69},"end":{"line":922,"column":82}},{"start":{"line":922,"column":85},"end":{"line":922,"column":90}}]},"63":{"loc":{"start":{"line":934,"column":6},"end":{"line":963,"column":7}},"type":"if","locations":[{"start":{"line":934,"column":6},"end":{"line":963,"column":7}},{"start":{"line":942,"column":13},"end":{"line":963,"column":7}}]},"64":{"loc":{"start":{"line":939,"column":46},"end":{"line":939,"column":92}},"type":"cond-expr","locations":[{"start":{"line":939,"column":71},"end":{"line":939,"column":84}},{"start":{"line":939,"column":87},"end":{"line":939,"column":92}}]},"65":{"loc":{"start":{"line":948,"column":12},"end":{"line":952,"column":13}},"type":"if","locations":[{"start":{"line":948,"column":12},"end":{"line":952,"column":13}}]},"66":{"loc":{"start":{"line":960,"column":54},"end":{"line":960,"column":100}},"type":"cond-expr","locations":[{"start":{"line":960,"column":79},"end":{"line":960,"column":92}},{"start":{"line":960,"column":95},"end":{"line":960,"column":100}}]},"67":{"loc":{"start":{"line":985,"column":20},"end":{"line":985,"column":77}},"type":"cond-expr","locations":[{"start":{"line":985,"column":46},"end":{"line":985,"column":60}},{"start":{"line":985,"column":63},"end":{"line":985,"column":77}}]}},"s":{"0":0,"1":0,"2":0,"3":0,"4":0,"5":0,"6":0,"7":0,"8":0,"9":0,"10":0,"11":0,"12":0,"13":0,"14":0,"15":0,"16":0,"17":0,"18":0,"19":0,"20":0,"21":0,"22":0,"23":0,"24":0,"25":0,"26":0,"27":0,"28":0,"29":0,"30":0,"31":0,"32":0,"33":0,"34":0,"35":0,"36":0,"37":0,"38":0,"39":0,"40":0,"41":0,"42":0,"43":0,"44":0,"45":0,"46":0,"47":0,"48":0,"49":0,"50":0,"51":0,"52":0,"53":0,"54":0,"55":0,"56":0,"57":0,"58":0,"59":0,"60":0,"61":0,"62":0,"63":0,"64":0,"65":0,"66":0,"67":0,"68":0,"69":0,"70":0,"71":0,"72":0,"73":0,"74":0,"75":0,"76":0,"77":0,"78":0,"79":0,"80":0,"81":0,"82":0,"83":0,"84":0,"85":0,"86":0,"87":0,"88":0,"89":0,"90":0,"91":0,"92":0,"93":0,"94":0,"95":0,"96":0,"97":0,"98":0,"99":0,"100":0,"101":0,"102":0,"103":0,"104":0,"105":0,"106":0,"107":0,"108":0,"109":0,"110":0,"111":0,"112":0,"113":0,"114":0,"115":0,"116":0,"117":0,"118":0,"119":0,"120":0,"121":0,"122":0,"123":0,"124":0,"125":0,"126":0,"127":0,"128":0,"129":0,"130":0,"131":0,"132":0,"133":0,"134":0,"135":0,"136":0,"137":0,"138":0,"139":0,"140":0,"141":0,"142":0,"143":0,"144":0,"145":0,"146":0,"147":0,"148":0,"149":0,"150":0,"151":0,"152":0,"153":0,"154":0,"155":0,"156":0,"157":0,"158":0,"159":0,"160":0,"161":0,"162":0,"163":0,"164":0,"165":0,"166":0,"167":0,"168":0,"169":0,"170":0,"171":0,"172":0,"173":0,"174":0,"175":0,"176":0,"177":0,"178":0,"179":0,"180":0,"181":0,"182":0,"183":0,"184":0,"185":0,"186":0,"187":0,"188":0,"189":0,"190":0,"191":0,"192":0,"193":0,"194":0,"195":0,"196":0,"197":0,"198":0,"199":0,"200":0,"201":0,"202":0,"203":0,"204":0,"205":0,"206":0,"207":0,"208":0,"209":0,"210":0,"211":0,"212":0,"213":0,"214":0,"215":0,"216":0,"217":0,"218":0,"219":0,"220":0,"221":0,"222":0,"223":0,"224":0,"225":0,"226":0,"227":0,"228":0,"229":0,"230":0,"231":0,"232":0,"233":0,"234":0,"235":0,"236":0,"237":0,"238":0,"239":0,"240":0,"241":0,"242":0,"243":0,"244":0,"245":0,"246":0,"247":0,"248":0,"249":0,"250":0,"251":0,"252":0,"253":0,"254":0,"255":0,"256":0,"257":0,"258":0,"259":0,"260":0,"261":0,"262":0,"263":0,"264":0,"265":0,"266":0,"267":0,"268":0,"269":0,"270":0,"271":0,"272":0,"273":0,"274":0,"275":0,"276":0,"277":0,"278":0,"279":0,"280":0,"281":0,"282":0,"283":0,"284":0,"285":0,"286":0,"287":0,"288":0,"289":0,"290":0,"291":0,"292":0,"293":0,"294":0,"295":0,"296":0,"297":0,"298":0,"299":0,"300":0,"301":0,"302":0,"303":0,"304":0,"305":0,"306":0,"307":0,"308":0,"309":0,"310":0,"311":0,"312":0,"313":0,"314":0,"315":0,"316":0,"317":0,"318":0,"319":0,"320":0,"321":0,"322":0,"323":0,"324":0,"325":0,"326":0,"327":0,"328":0,"329":0,"330":0,"331":0,"332":0,"333":0,"334":0,"335":0,"336":0,"337":0,"338":0,"339":0,"340":0,"341":0,"342":0,"343":0,"344":0,"345":0,"346":0,"347":0,"348":0,"349":0,"350":0,"351":0,"352":0,"353":0,"354":0,"355":0,"356":0,"357":0,"358":0,"359":0,"360":0,"361":0,"362":0,"363":0,"364":0},"f":{"0":0,"1":0,"2":0,"3":0,"4":0,"5":0,"6":0,"7":0,"8":0,"9":0,"10":0,"11":0,"12":0,"13":0,"14":0,"15":0,"16":0,"17":0,"18":0,"19":0,"20":0,"21":0,"22":0,"23":0,"24":0,"25":0,"26":0,"27":0,"28":0,"29":0,"30":0,"31":0,"32":0,"33":0,"34":0,"35":0,"36":0,"37":0,"38":0,"39":0,"40":0,"41":0,"42":0,"43":0,"44":0,"45":0,"46":0,"47":0,"48":0,"49":0,"50":0,"51":0,"52":0,"53":0,"54":0,"55":0,"56":0,"57":0,"58":0,"59":0,"60":0,"61":0,"62":0,"63":0,"64":0,"65":0,"66":0,"67":0,"68":0,"69":0,"70":0},"b":{"0":[0,0],"1":[0,0],"2":[0,0],"3":[0,0],"4":[0,0],"5":[0,0],"6":[0,0],"7":[0,0],"8":[0,0],"9":[0,0],"10":[0,0],"11":[0,0],"12":[0,0],"13":[0,0],"14":[0,0],"15":[0,0],"16":[0,0],"17":[0,0],"18":[0,0],"19":[0,0],"20":[0,0],"21":[0,0],"22":[0,0],"23":[0,0],"24":[0,0],"25":[0,0],"26":[0,0],"27":[0,0],"28":[0,0],"29":[0,0],"30":[0,0],"31":[0,0],"32":[0,0],"33":[0,0],"34":[0,0],"35":[0,0],"36":[0,0],"37":[0,0],"38":[0,0],"39":[0,0],"40":[0,0],"41":[0,0],"42":[0,0],"43":[0,0],"44":[0,0],"45":[0,0],"46":[0,0],"47":[0,0],"48":[0,0],"49":[0,0],"50":[0,0],"51":[0,0],"52":[0,0],"53":[0,0],"54":[0,0],"55":[0,0],"56":[0,0],"57":[0,0],"58":[0],"59":[0,0],"60":[0,0,0,0],"61":[0,0],"62":[0,0],"63":[0,0],"64":[0,0],"65":[0],"66":[0,0],"67":[0,0]}}
,"/home/lastborn/Echoctl/src/auth/sync.ts": {"path":"/home/lastborn/Echoctl/src/auth/sync.ts","statementMap":{"0":{"start":{"line":29,"column":4},"end":{"line":39,"column":5}},"1":{"start":{"line":31,"column":20},"end":{"line":34,"column":15}},"2":{"start":{"line":35,"column":6},"end":{"line":35,"column":19}},"3":{"start":{"line":38,"column":6},"end":{"line":38,"column":18}},"4":{"start":{"line":46,"column":4},"end":{"line":68,"column":5}},"5":{"start":{"line":47,"column":25},"end":{"line":47,"column":74}},"6":{"start":{"line":49,"column":6},"end":{"line":51,"column":7}},"7":{"start":{"line":50,"column":8},"end":{"line":50,"column":20}},"8":{"start":{"line":53,"column":25},"end":{"line":53,"column":61}},"9":{"start":{"line":54,"column":21},"end":{"line":54,"column":43}},"10":{"start":{"line":57,"column":28},"end":{"line":57,"column":87}},"11":{"start":{"line":57,"column":61},"end":{"line":57,"column":86}},"12":{"start":{"line":59,"column":6},"end":{"line":64,"column":7}},"13":{"start":{"line":60,"column":8},"end":{"line":63,"column":10}},"14":{"start":{"line":65,"column":6},"end":{"line":65,"column":18}},"15":{"start":{"line":67,"column":6},"end":{"line":67,"column":18}},"16":{"start":{"line":76,"column":4},"end":{"line":116,"column":5}},"17":{"start":{"line":77,"column":30},"end":{"line":77,"column":76}},"18":{"start":{"line":79,"column":6},"end":{"line":81,"column":7}},"19":{"start":{"line":80,"column":8},"end":{"line":80,"column":20}},"20":{"start":{"line":83,"column":30},"end":{"line":83,"column":71}},"21":{"start":{"line":84,"column":20},"end":{"line":84,"column":47}},"22":{"start":{"line":86,"column":22},"end":{"line":86,"column":43}},"23":{"start":{"line":87,"column":40},"end":{"line":87,"column":80}},"24":{"start":{"line":89,"column":6},"end":{"line":107,"column":7}},"25":{"start":{"line":90,"column":24},"end":{"line":90,"column":35}},"26":{"start":{"line":92,"column":8},"end":{"line":95,"column":9}},"27":{"start":{"line":93,"column":10},"end":{"line":93,"column":49}},"28":{"start":{"line":94,"column":10},"end":{"line":94,"column":19}},"29":{"start":{"line":97,"column":8},"end":{"line":106,"column":9}},"30":{"start":{"line":98,"column":31},"end":{"line":98,"column":68}},"31":{"start":{"line":98,"column":59},"end":{"line":98,"column":67}},"32":{"start":{"line":99,"column":10},"end":{"line":105,"column":11}},"33":{"start":{"line":100,"column":12},"end":{"line":100,"column":44}},"34":{"start":{"line":101,"column":17},"end":{"line":105,"column":11}},"35":{"start":{"line":102,"column":12},"end":{"line":102,"column":48}},"36":{"start":{"line":103,"column":17},"end":{"line":105,"column":11}},"37":{"start":{"line":104,"column":12},"end":{"line":104,"column":45}},"38":{"start":{"line":109,"column":6},"end":{"line":111,"column":7}},"39":{"start":{"line":110,"column":8},"end":{"line":110,"column":27}},"40":{"start":{"line":113,"column":6},"end":{"line":113,"column":18}},"41":{"start":{"line":115,"column":6},"end":{"line":115,"column":18}},"42":{"start":{"line":123,"column":4},"end":{"line":133,"column":5}},"43":{"start":{"line":125,"column":23},"end":{"line":125,"column":52}},"44":{"start":{"line":126,"column":28},"end":{"line":126,"column":48}},"45":{"start":{"line":127,"column":24},"end":{"line":127,"column":39}},"46":{"start":{"line":129,"column":6},"end":{"line":129,"column":65}},"47":{"start":{"line":130,"column":6},"end":{"line":130,"column":38}},"48":{"start":{"line":132,"column":6},"end":{"line":132,"column":18}},"49":{"start":{"line":140,"column":4},"end":{"line":140,"column":46}},"50":{"start":{"line":147,"column":4},"end":{"line":147,"column":49}},"51":{"start":{"line":154,"column":4},"end":{"line":154,"column":76}},"52":{"start":{"line":169,"column":25},"end":{"line":169,"column":27}},"53":{"start":{"line":172,"column":24},"end":{"line":172,"column":58}},"54":{"start":{"line":173,"column":4},"end":{"line":175,"column":5}},"55":{"start":{"line":174,"column":6},"end":{"line":174,"column":35}},"56":{"start":{"line":178,"column":22},"end":{"line":178,"column":54}},"57":{"start":{"line":179,"column":4},"end":{"line":181,"column":5}},"58":{"start":{"line":180,"column":6},"end":{"line":180,"column":31}},"59":{"start":{"line":184,"column":21},"end":{"line":184,"column":52}},"60":{"start":{"line":185,"column":4},"end":{"line":187,"column":5}},"61":{"start":{"line":186,"column":6},"end":{"line":186,"column":29}},"62":{"start":{"line":190,"column":22},"end":{"line":190,"column":56}},"63":{"start":{"line":191,"column":4},"end":{"line":193,"column":5}},"64":{"start":{"line":192,"column":6},"end":{"line":192,"column":33}},"65":{"start":{"line":196,"column":22},"end":{"line":196,"column":59}},"66":{"start":{"line":197,"column":4},"end":{"line":199,"column":5}},"67":{"start":{"line":198,"column":6},"end":{"line":198,"column":33}},"68":{"start":{"line":201,"column":25},"end":{"line":201,"column":65}},"69":{"start":{"line":202,"column":4},"end":{"line":204,"column":5}},"70":{"start":{"line":203,"column":6},"end":{"line":203,"column":39}},"71":{"start":{"line":206,"column":22},"end":{"line":206,"column":59}},"72":{"start":{"line":207,"column":4},"end":{"line":209,"column":5}},"73":{"start":{"line":208,"column":6},"end":{"line":208,"column":33}},"74":{"start":{"line":211,"column":4},"end":{"line":211,"column":19}},"75":{"start":{"line":218,"column":18},"end":{"line":218,"column":49}},"76":{"start":{"line":220,"column":4},"end":{"line":220,"column":64}},"77":{"start":{"line":222,"column":22},"end":{"line":230,"column":6}},"78":{"start":{"line":232,"column":4},"end":{"line":242,"column":5}},"79":{"start":{"line":233,"column":21},"end":{"line":233,"column":48}},"80":{"start":{"line":234,"column":6},"end":{"line":241,"column":7}},"81":{"start":{"line":235,"column":29},"end":{"line":237,"column":33}},"82":{"start":{"line":238,"column":8},"end":{"line":238,"column":61}},"83":{"start":{"line":240,"column":8},"end":{"line":240,"column":55}},"84":{"start":{"line":244,"column":4},"end":{"line":244,"column":20}}},"fnMap":{"0":{"name":"(anonymous_0)","decl":{"start":{"line":28,"column":2},"end":{"line":28,"column":8}},"loc":{"start":{"line":28,"column":36},"end":{"line":40,"column":3}}},"1":{"name":"(anonymous_1)","decl":{"start":{"line":45,"column":2},"end":{"line":45,"column":8}},"loc":{"start":{"line":45,"column":34},"end":{"line":69,"column":3}}},"2":{"name":"(anonymous_2)","decl":{"start":{"line":57,"column":49},"end":{"line":57,"column":50}},"loc":{"start":{"line":57,"column":61},"end":{"line":57,"column":86}}},"3":{"name":"(anonymous_3)","decl":{"start":{"line":75,"column":2},"end":{"line":75,"column":8}},"loc":{"start":{"line":75,"column":61},"end":{"line":117,"column":3}}},"4":{"name":"(anonymous_4)","decl":{"start":{"line":98,"column":54},"end":{"line":98,"column":55}},"loc":{"start":{"line":98,"column":59},"end":{"line":98,"column":67}}},"5":{"name":"(anonymous_5)","decl":{"start":{"line":122,"column":2},"end":{"line":122,"column":8}},"loc":{"start":{"line":122,"column":36},"end":{"line":134,"column":3}}},"6":{"name":"(anonymous_6)","decl":{"start":{"line":139,"column":2},"end":{"line":139,"column":8}},"loc":{"start":{"line":139,"column":39},"end":{"line":141,"column":3}}},"7":{"name":"(anonymous_7)","decl":{"start":{"line":146,"column":2},"end":{"line":146,"column":8}},"loc":{"start":{"line":146,"column":42},"end":{"line":148,"column":3}}},"8":{"name":"(anonymous_8)","decl":{"start":{"line":153,"column":2},"end":{"line":153,"column":8}},"loc":{"start":{"line":153,"column":39},"end":{"line":155,"column":3}}},"9":{"name":"(anonymous_9)","decl":{"start":{"line":160,"column":2},"end":{"line":160,"column":8}},"loc":{"start":{"line":160,"column":33},"end":{"line":212,"column":3}}},"10":{"name":"(anonymous_10)","decl":{"start":{"line":217,"column":2},"end":{"line":217,"column":8}},"loc":{"start":{"line":217,"column":40},"end":{"line":245,"column":3}}}},"branchMap":{"0":{"loc":{"start":{"line":49,"column":6},"end":{"line":51,"column":7}},"type":"if","locations":[{"start":{"line":49,"column":6},"end":{"line":51,"column":7}}]},"1":{"loc":{"start":{"line":59,"column":6},"end":{"line":64,"column":7}},"type":"if","locations":[{"start":{"line":59,"column":6},"end":{"line":64,"column":7}}]},"2":{"loc":{"start":{"line":59,"column":10},"end":{"line":59,"column":89}},"type":"binary-expr","locations":[{"start":{"line":59,"column":10},"end":{"line":59,"column":23}},{"start":{"line":59,"column":27},"end":{"line":59,"column":54}},{"start":{"line":59,"column":58},"end":{"line":59,"column":89}}]},"3":{"loc":{"start":{"line":75,"column":34},"end":{"line":75,"column":61}},"type":"default-arg","locations":[{"start":{"line":75,"column":52},"end":{"line":75,"column":61}}]},"4":{"loc":{"start":{"line":79,"column":6},"end":{"line":81,"column":7}},"type":"if","locations":[{"start":{"line":79,"column":6},"end":{"line":81,"column":7}}]},"5":{"loc":{"start":{"line":92,"column":8},"end":{"line":95,"column":9}},"type":"if","locations":[{"start":{"line":92,"column":8},"end":{"line":95,"column":9}}]},"6":{"loc":{"start":{"line":97,"column":8},"end":{"line":106,"column":9}},"type":"if","locations":[{"start":{"line":97,"column":8},"end":{"line":106,"column":9}}]},"7":{"loc":{"start":{"line":97,"column":12},"end":{"line":97,"column":46}},"type":"binary-expr","locations":[{"start":{"line":97,"column":12},"end":{"line":97,"column":21}},{"start":{"line":97,"column":25},"end":{"line":97,"column":46}}]},"8":{"loc":{"start":{"line":99,"column":10},"end":{"line":105,"column":11}},"type":"if","locations":[{"start":{"line":99,"column":10},"end":{"line":105,"column":11}},{"start":{"line":101,"column":17},"end":{"line":105,"column":11}}]},"9":{"loc":{"start":{"line":101,"column":17},"end":{"line":105,"column":11}},"type":"if","locations":[{"start":{"line":101,"column":17},"end":{"line":105,"column":11}},{"start":{"line":103,"column":17},"end":{"line":105,"column":11}}]},"10":{"loc":{"start":{"line":103,"column":17},"end":{"line":105,"column":11}},"type":"if","locations":[{"start":{"line":103,"column":17},"end":{"line":105,"column":11}}]},"11":{"loc":{"start":{"line":109,"column":6},"end":{"line":111,"column":7}},"type":"if","locations":[{"start":{"line":109,"column":6},"end":{"line":111,"column":7}}]},"12":{"loc":{"start":{"line":109,"column":10},"end":{"line":109,"column":64}},"type":"binary-expr","locations":[{"start":{"line":109,"column":10},"end":{"line":109,"column":33}},{"start":{"line":109,"column":37},"end":{"line":109,"column":64}}]},"13":{"loc":{"start":{"line":140,"column":11},"end":{"line":140,"column":45}},"type":"binary-expr","locations":[{"start":{"line":140,"column":11},"end":{"line":140,"column":37}},{"start":{"line":140,"column":41},"end":{"line":140,"column":45}}]},"14":{"loc":{"start":{"line":147,"column":11},"end":{"line":147,"column":48}},"type":"binary-expr","locations":[{"start":{"line":147,"column":11},"end":{"line":147,"column":40}},{"start":{"line":147,"column":44},"end":{"line":147,"column":48}}]},"15":{"loc":{"start":{"line":154,"column":11},"end":{"line":154,"column":75}},"type":"binary-expr","locations":[{"start":{"line":154,"column":11},"end":{"line":154,"column":37}},{"start":{"line":154,"column":41},"end":{"line":154,"column":67}},{"start":{"line":154,"column":71},"end":{"line":154,"column":75}}]},"16":{"loc":{"start":{"line":173,"column":4},"end":{"line":175,"column":5}},"type":"if","locations":[{"start":{"line":173,"column":4},"end":{"line":175,"column":5}}]},"17":{"loc":{"start":{"line":179,"column":4},"end":{"line":181,"column":5}},"type":"if","locations":[{"start":{"line":179,"column":4},"end":{"line":181,"column":5}}]},"18":{"loc":{"start":{"line":185,"column":4},"end":{"line":187,"column":5}},"type":"if","locations":[{"start":{"line":185,"column":4},"end":{"line":187,"column":5}}]},"19":{"loc":{"start":{"line":191,"column":4},"end":{"line":193,"column":5}},"type":"if","locations":[{"start":{"line":191,"column":4},"end":{"line":193,"column":5}}]},"20":{"loc":{"start":{"line":197,"column":4},"end":{"line":199,"column":5}},"type":"if","locations":[{"start":{"line":197,"column":4},"end":{"line":199,"column":5}}]},"21":{"loc":{"start":{"line":202,"column":4},"end":{"line":204,"column":5}},"type":"if","locations":[{"start":{"line":202,"column":4},"end":{"line":204,"column":5}}]},"22":{"loc":{"start":{"line":207,"column":4},"end":{"line":209,"column":5}},"type":"if","locations":[{"start":{"line":207,"column":4},"end":{"line":209,"column":5}}]},"23":{"loc":{"start":{"line":234,"column":6},"end":{"line":241,"column":7}},"type":"if","locations":[{"start":{"line":234,"column":6},"end":{"line":241,"column":7}},{"start":{"line":239,"column":13},"end":{"line":241,"column":7}}]},"24":{"loc":{"start":{"line":235,"column":29},"end":{"line":237,"column":33}},"type":"cond-expr","locations":[{"start":{"line":236,"column":12},"end":{"line":236,"column":26}},{"start":{"line":237,"column":12},"end":{"line":237,"column":33}}]}},"s":{"0":2,"1":2,"2":0,"3":2,"4":2,"5":2,"6":2,"7":2,"8":0,"9":0,"10":0,"11":0,"12":0,"13":0,"14":0,"15":0,"16":1,"17":1,"18":1,"19":1,"20":0,"21":0,"22":0,"23":0,"24":0,"25":0,"26":0,"27":0,"28":0,"29":0,"30":0,"31":0,"32":0,"33":0,"34":0,"35":0,"36":0,"37":0,"38":0,"39":0,"40":0,"41":0,"42":1,"43":1,"44":1,"45":1,"46":1,"47":0,"48":0,"49":0,"50":0,"51":0,"52":1,"53":1,"54":1,"55":0,"56":1,"57":1,"58":0,"59":1,"60":1,"61":0,"62":1,"63":0,"64":0,"65":0,"66":0,"67":0,"68":0,"69":0,"70":0,"71":0,"72":0,"73":0,"74":0,"75":0,"76":0,"77":0,"78":0,"79":0,"80":0,"81":0,"82":0,"83":0,"84":0},"f":{"0":2,"1":2,"2":0,"3":1,"4":0,"5":1,"6":0,"7":0,"8":0,"9":1,"10":0},"b":{"0":[2],"1":[0],"2":[0,0,0],"3":[1],"4":[1],"5":[0],"6":[0],"7":[0,0],"8":[0,0],"9":[0,0],"10":[0],"11":[0],"12":[0,0],"13":[0,0],"14":[0,0],"15":[0,0,0],"16":[0],"17":[0],"18":[0],"19":[0],"20":[0],"21":[0],"22":[0],"23":[0,0],"24":[0,0]}}
,"/home/lastborn/Echoctl/src/commands/agent.ts": {"path":"/home/lastborn/Echoctl/src/commands/agent.ts","statementMap":{"0":{"start":{"line":25,"column":2},"end":{"line":25,"column":55}},"1":{"start":{"line":27,"column":17},"end":{"line":27,"column":28}},"2":{"start":{"line":28,"column":24},"end":{"line":28,"column":73}},"3":{"start":{"line":30,"column":14},"end":{"line":33,"column":4}},"4":{"start":{"line":35,"column":2},"end":{"line":44,"column":3}},"5":{"start":{"line":36,"column":41},"end":{"line":36,"column":64}},"6":{"start":{"line":38,"column":4},"end":{"line":38,"column":56}},"7":{"start":{"line":39,"column":4},"end":{"line":39,"column":68}},"8":{"start":{"line":40,"column":4},"end":{"line":40,"column":24}},"9":{"start":{"line":42,"column":4},"end":{"line":42,"column":65}},"10":{"start":{"line":43,"column":4},"end":{"line":43,"column":20}},"11":{"start":{"line":51,"column":17},"end":{"line":51,"column":28}},"12":{"start":{"line":52,"column":23},"end":{"line":52,"column":40}},"13":{"start":{"line":53,"column":23},"end":{"line":53,"column":40}},"14":{"start":{"line":55,"column":2},"end":{"line":55,"column":28}},"15":{"start":{"line":56,"column":2},"end":{"line":56,"column":28}},"16":{"start":{"line":58,"column":20},"end":{"line":58,"column":51}},"17":{"start":{"line":59,"column":16},"end":{"line":59,"column":45}},"18":{"start":{"line":60,"column":17},"end":{"line":60,"column":47}},"19":{"start":{"line":61,"column":16},"end":{"line":61,"column":39}},"20":{"start":{"line":62,"column":16},"end":{"line":62,"column":39}},"21":{"start":{"line":64,"column":2},"end":{"line":64,"column":56}},"22":{"start":{"line":67,"column":2},"end":{"line":67,"column":44}},"23":{"start":{"line":68,"column":21},"end":{"line":70,"column":20}},"24":{"start":{"line":71,"column":2},"end":{"line":71,"column":60}},"25":{"start":{"line":72,"column":2},"end":{"line":72,"column":107}},"26":{"start":{"line":73,"column":2},"end":{"line":73,"column":111}},"27":{"start":{"line":74,"column":2},"end":{"line":74,"column":98}},"28":{"start":{"line":75,"column":2},"end":{"line":75,"column":18}},"29":{"start":{"line":78,"column":2},"end":{"line":78,"column":42}},"30":{"start":{"line":79,"column":2},"end":{"line":79,"column":55}},"31":{"start":{"line":80,"column":2},"end":{"line":80,"column":64}},"32":{"start":{"line":81,"column":2},"end":{"line":81,"column":52}},"33":{"start":{"line":82,"column":2},"end":{"line":82,"column":67}},"34":{"start":{"line":83,"column":2},"end":{"line":83,"column":59}},"35":{"start":{"line":84,"column":2},"end":{"line":84,"column":47}},"36":{"start":{"line":85,"column":2},"end":{"line":85,"column":88}},"37":{"start":{"line":86,"column":2},"end":{"line":86,"column":18}},"38":{"start":{"line":89,"column":2},"end":{"line":89,"column":40}},"39":{"start":{"line":90,"column":23},"end":{"line":90,"column":178}},"40":{"start":{"line":92,"column":2},"end":{"line":96,"column":3}},"41":{"start":{"line":93,"column":25},"end":{"line":93,"column":60}},"42":{"start":{"line":94,"column":17},"end":{"line":94,"column":65}},"43":{"start":{"line":95,"column":4},"end":{"line":95,"column":41}},"44":{"start":{"line":98,"column":2},"end":{"line":98,"column":18}},"45":{"start":{"line":101,"column":2},"end":{"line":101,"column":37}},"46":{"start":{"line":102,"column":2},"end":{"line":102,"column":52}},"47":{"start":{"line":103,"column":2},"end":{"line":103,"column":58}},"48":{"start":{"line":104,"column":2},"end":{"line":104,"column":54}},"49":{"start":{"line":105,"column":2},"end":{"line":105,"column":68}},"50":{"start":{"line":106,"column":2},"end":{"line":106,"column":56}},"51":{"start":{"line":107,"column":2},"end":{"line":107,"column":18}},"52":{"start":{"line":110,"column":2},"end":{"line":110,"column":37}},"53":{"start":{"line":111,"column":2},"end":{"line":111,"column":44}},"54":{"start":{"line":112,"column":2},"end":{"line":112,"column":49}},"55":{"start":{"line":113,"column":2},"end":{"line":113,"column":91}},"56":{"start":{"line":114,"column":2},"end":{"line":114,"column":18}},"57":{"start":{"line":117,"column":20},"end":{"line":117,"column":98}},"58":{"start":{"line":118,"column":2},"end":{"line":118,"column":97}},"59":{"start":{"line":119,"column":2},"end":{"line":119,"column":18}},"60":{"start":{"line":126,"column":2},"end":{"line":126,"column":58}},"61":{"start":{"line":128,"column":16},"end":{"line":137,"column":4}},"62":{"start":{"line":139,"column":2},"end":{"line":145,"column":3}},"63":{"start":{"line":140,"column":4},"end":{"line":140,"column":53}},"64":{"start":{"line":141,"column":4},"end":{"line":143,"column":5}},"65":{"start":{"line":142,"column":6},"end":{"line":142,"column":33}},"66":{"start":{"line":144,"column":4},"end":{"line":144,"column":20}},"67":{"start":{"line":148,"column":2},"end":{"line":162,"column":3}},"68":{"start":{"line":149,"column":30},"end":{"line":149,"column":66}},"69":{"start":{"line":150,"column":23},"end":{"line":150,"column":44}},"70":{"start":{"line":151,"column":21},"end":{"line":151,"column":51}},"71":{"start":{"line":153,"column":4},"end":{"line":159,"column":5}},"72":{"start":{"line":154,"column":6},"end":{"line":154,"column":47}},"73":{"start":{"line":155,"column":6},"end":{"line":157,"column":7}},"74":{"start":{"line":156,"column":8},"end":{"line":156,"column":38}},"75":{"start":{"line":158,"column":6},"end":{"line":158,"column":22}},"76":{"start":{"line":164,"column":2},"end":{"line":164,"column":66}},"77":{"start":{"line":175,"column":23},"end":{"line":175,"column":40}},"78":{"start":{"line":176,"column":2},"end":{"line":176,"column":28}},"79":{"start":{"line":178,"column":2},"end":{"line":178,"column":49}},"80":{"start":{"line":180,"column":16},"end":{"line":180,"column":45}},"81":{"start":{"line":182,"column":2},"end":{"line":182,"column":48}},"82":{"start":{"line":183,"column":2},"end":{"line":183,"column":58}},"83":{"start":{"line":184,"column":2},"end":{"line":184,"column":58}},"84":{"start":{"line":185,"column":2},"end":{"line":185,"column":54}},"85":{"start":{"line":186,"column":2},"end":{"line":186,"column":77}},"86":{"start":{"line":187,"column":2},"end":{"line":187,"column":56}},"87":{"start":{"line":188,"column":2},"end":{"line":188,"column":18}},"88":{"start":{"line":191,"column":19},"end":{"line":191,"column":59}},"89":{"start":{"line":192,"column":2},"end":{"line":202,"column":3}},"90":{"start":{"line":193,"column":4},"end":{"line":193,"column":48}},"91":{"start":{"line":194,"column":4},"end":{"line":201,"column":7}},"92":{"start":{"line":195,"column":6},"end":{"line":195,"column":49}},"93":{"start":{"line":196,"column":6},"end":{"line":196,"column":44}},"94":{"start":{"line":197,"column":6},"end":{"line":197,"column":63}},"95":{"start":{"line":198,"column":6},"end":{"line":198,"column":61}},"96":{"start":{"line":199,"column":6},"end":{"line":199,"column":83}},"97":{"start":{"line":200,"column":6},"end":{"line":200,"column":22}},"98":{"start":{"line":204,"column":2},"end":{"line":214,"column":3}},"99":{"start":{"line":205,"column":27},"end":{"line":205,"column":59}},"100":{"start":{"line":206,"column":4},"end":{"line":213,"column":5}},"101":{"start":{"line":207,"column":23},"end":{"line":207,"column":61}},"102":{"start":{"line":208,"column":32},"end":{"line":208,"column":45}},"103":{"start":{"line":209,"column":6},"end":{"line":209,"column":46}},"104":{"start":{"line":210,"column":6},"end"
[...]
":35}},"51":{"start":{"line":118,"column":4},"end":{"line":118,"column":76}},"52":{"start":{"line":118,"column":49},"end":{"line":118,"column":74}},"53":{"start":{"line":122,"column":4},"end":{"line":122,"column":35}},"54":{"start":{"line":123,"column":20},"end":{"line":123,"column":72}},"55":{"start":{"line":123,"column":53},"end":{"line":123,"column":71}},"56":{"start":{"line":124,"column":4},"end":{"line":128,"column":5}},"57":{"start":{"line":125,"column":6},"end":{"line":125,"column":49}},"58":{"start":{"line":126,"column":6},"end":{"line":126,"column":28}},"59":{"start":{"line":127,"column":6},"end":{"line":127,"column":21}},"60":{"start":{"line":129,"column":4},"end":{"line":129,"column":16}},"61":{"start":{"line":133,"column":4},"end":{"line":133,"column":35}},"62":{"start":{"line":134,"column":4},"end":{"line":134,"column":64}},"63":{"start":{"line":134,"column":44},"end":{"line":134,"column":62}},"64":{"start":{"line":138,"column":4},"end":{"line":138,"column":31}},"65":{"start":{"line":139,"column":4},"end":{"line":139,"column":26}},"66":{"start":{"line":143,"column":4},"end":{"line":143,"column":35}},"67":{"start":{"line":144,"column":21},"end":{"line":144,"column":43}},"68":{"start":{"line":145,"column":26},"end":{"line":145,"column":81}},"69":{"start":{"line":145,"column":54},"end":{"line":145,"column":77}},"70":{"start":{"line":146,"column":27},"end":{"line":146,"column":57}},"71":{"start":{"line":147,"column":4},"end":{"line":147,"column":117}},"72":{"start":{"line":151,"column":4},"end":{"line":151,"column":41}},"73":{"start":{"line":151,"column":23},"end":{"line":151,"column":41}},"74":{"start":{"line":155,"column":4},"end":{"line":155,"column":48}},"75":{"start":{"line":159,"column":36},"end":{"line":159,"column":40}},"76":{"start":{"line":161,"column":2},"end":{"line":161,"column":53}},"77":{"start":{"line":161,"column":23},"end":{"line":161,"column":53}},"78":{"start":{"line":162,"column":2},"end":{"line":162,"column":24}}},"fnMap":{"0":{"name":"(anonymous_0)","decl":{"start":{"line":30,"column":2},"end":{"line":30,"column":null}},"loc":{"start":{"line":30,"column":2},"end":{"line":39,"column":3}}},"1":{"name":"(anonymous_1)","decl":{"start":{"line":41,"column":2},"end":{"line":41,"column":7}},"loc":{"start":{"line":41,"column":12},"end":{"line":45,"column":3}}},"2":{"name":"(anonymous_2)","decl":{"start":{"line":47,"column":2},"end":{"line":47,"column":7}},"loc":{"start":{"line":47,"column":25},"end":{"line":56,"column":3}}},"3":{"name":"(anonymous_3)","decl":{"start":{"line":52,"column":50},"end":{"line":52,"column":51}},"loc":{"start":{"line":52,"column":55},"end":{"line":52,"column":73}}},"4":{"name":"(anonymous_4)","decl":{"start":{"line":58,"column":2},"end":{"line":58,"column":7}},"loc":{"start":{"line":58,"column":60},"end":{"line":72,"column":3}}},"5":{"name":"(anonymous_5)","decl":{"start":{"line":74,"column":2},"end":{"line":74,"column":7}},"loc":{"start":{"line":74,"column":57},"end":{"line":81,"column":3}}},"6":{"name":"(anonymous_6)","decl":{"start":{"line":83,"column":2},"end":{"line":83,"column":7}},"loc":{"start":{"line":83,"column":33},"end":{"line":86,"column":3}}},"7":{"name":"(anonymous_7)","decl":{"start":{"line":88,"column":2},"end":{"line":88,"column":7}},"loc":{"start":{"line":88,"column":18},"end":{"line":91,"column":3}}},"8":{"name":"(anonymous_8)","decl":{"start":{"line":93,"column":2},"end":{"line":93,"column":7}},"loc":{"start":{"line":93,"column":27},"end":{"line":104,"column":3}}},"9":{"name":"(anonymous_9)","decl":{"start":{"line":97,"column":50},"end":{"line":97,"column":51}},"loc":{"start":{"line":97,"column":55},"end":{"line":97,"column":73}}},"10":{"name":"(anonymous_10)","decl":{"start":{"line":106,"column":2},"end":{"line":106,"column":7}},"loc":{"start":{"line":106,"column":28},"end":{"line":114,"column":3}}},"11":{"name":"(anonymous_11)","decl":{"start":{"line":110,"column":61},"end":{"line":110,"column":62}},"loc":{"start":{"line":110,"column":66},"end":{"line":110,"column":84}}},"12":{"name":"(anonymous_12)","decl":{"start":{"line":116,"column":2},"end":{"line":116,"column":7}},"loc":{"start":{"line":116,"column":20},"end":{"line":119,"column":3}}},"13":{"name":"(anonymous_13)","decl":{"start":{"line":118,"column":39},"end":{"line":118,"column":40}},"loc":{"start":{"line":118,"column":49},"end":{"line":118,"column":74}}},"14":{"name":"(anonymous_14)","decl":{"start":{"line":121,"column":2},"end":{"line":121,"column":7}},"loc":{"start":{"line":121,"column":39},"end":{"line":130,"column":3}}},"15":{"name":"(anonymous_15)","decl":{"start":{"line":123,"column":48},"end":{"line":123,"column":49}},"loc":{"start":{"line":123,"column":53},"end":{"line":123,"column":71}}},"16":{"name":"(anonymous_16)","decl":{"start":{"line":132,"column":2},"end":{"line":132,"column":7}},"loc":{"start":{"line":132,"column":36},"end":{"line":135,"column":3}}},"17":{"name":"(anonymous_17)","decl":{"start":{"line":134,"column":39},"end":{"line":134,"column":40}},"loc":{"start":{"line":134,"column":44},"end":{"line":134,"column":62}}},"18":{"name":"(anonymous_18)","decl":{"start":{"line":137,"column":2},"end":{"line":137,"column":7}},"loc":{"start":{"line":137,"column":16},"end":{"line":140,"column":3}}},"19":{"name":"(anonymous_19)","decl":{"start":{"line":142,"column":2},"end":{"line":142,"column":7}},"loc":{"start":{"line":142,"column":16},"end":{"line":148,"column":3}}},"20":{"name":"(anonymous_20)","decl":{"start":{"line":145,"column":42},"end":{"line":145,"column":43}},"loc":{"start":{"line":145,"column":54},"end":{"line":145,"column":77}}},"21":{"name":"(anonymous_21)","decl":{"start":{"line":150,"column":10},"end":{"line":150,"column":15}},"loc":{"start":{"line":150,"column":33},"end":{"line":152,"column":3}}},"22":{"name":"(anonymous_22)","decl":{"start":{"line":154,"column":2},"end":{"line":154,"column":16}},"loc":{"start":{"line":154,"column":16},"end":{"line":156,"column":3}}},"23":{"name":"getMemory","decl":{"start":{"line":160,"column":16},"end":{"line":160,"column":25}},"loc":{"start":{"line":160,"column":25},"end":{"line":163,"column":1}}}},"branchMap":{"0":{"loc":{"start":{"line":33,"column":4},"end":{"line":35,"column":5}},"type":"if","locations":[{"start":{"line":33,"column":4},"end":{"line":35,"column":5}}]},"1":{"loc":{"start":{"line":51,"column":4},"end":{"line":54,"column":5}},"type":"if","locations":[{"start":{"line":51,"column":4},"end":{"line":54,"column":5}}]},"2":{"loc":{"start":{"line":53,"column":6},"end":{"line":53,"column":34}},"type":"if","locations":[{"start":{"line":53,"column":6},"end":{"line":53,"column":34}}]},"3":{"loc":{"start":{"line":62,"column":12},"end":{"line":62,"column":64}},"type":"binary-expr","locations":[{"start":{"line":62,"column":12},"end":{"line":62,"column":16}},{"start":{"line":62,"column":20},"end":{"line":62,"column":64}}]},"4":{"loc":{"start":{"line":66,"column":16},"end":{"line":66,"column":36}},"type":"binary-expr","locations":[{"start":{"line":66,"column":16},"end":{"line":66,"column":24}},{"start":{"line":66,"column":28},"end":{"line":66,"column":36}}]},"5":{"loc":{"start":{"line":85,"column":36},"end":{"line":85,"column":64}},"type":"binary-expr","locations":[{"start":{"line":85,"column":36},"end":{"line":85,"column":41}},{"start":{"line":85,"column":45},"end":{"line":85,"column":64}}]},"6":{"loc":{"start":{"line":96,"column":4},"end":{"line":103,"column":5}},"type":"if","locations":[{"start":{"line":96,"column":4},"end":{"line":103,"column":5}}]},"7":{"loc":{"start":{"line":98,"column":6},"end":{"line":102,"column":7}},"type":"if","locations":[{"start":{"line":98,"column":6},"end":{"line":102,"column":7}}]},"8":{"loc":{"start":{"line":109,"column":4},"end":{"line":113,"column":5}},"type":"if","locations":[{"start":{"line":109,"column":4},"end":{"line":113,"column":5}}]},"9":{"loc":{"start":{"line":124,"column":4},"end":{"line":128,"column":5}},"type":"if","locations":[{"start":{"line":124,"column":4},"end":{"line":128,"column":5}}]},"10":{"loc":{"start":{"line":151,"column":4},"end":{"line":151,"column":41}},"type":"if","locations":[{"start":{"line":151,"column":4},"end":{"line":151,"column":41}}]},"11":{"loc":{"start":{"line":161,"column":2},"end":{"line":161,"column":53}},"type":"if","locations":[{"start":{"line":161,"column":2},"end":{"line":161,"column":53}}]}},"s":{"0":0,"1":0,"2":0,"3":0,"4":0,"5":0,"6":0,"7":0,"8":0,"9":0,"10":0,"11":0,"12":0,"13":0,"14":0,"15":0,"16":0,"17":0,"18":0,"19":0,"20":0,"21":0,"22":0,"23":0,"24":0,"25":0,"26":0,"27":0,"28":0,"29":0,"30":0,"31":0,"32":0,"33":0,"34":0,"35":0,"36":0,"37":0,"38":0,"39":0,"40":0,"41":0,"42":0,"43":0,"44":0,"45":0,"46":0,"47":0,"48":0,"49":0,"50":0,"51":0,"52":0,"53":0,"54":0,"55":0,"56":0,"57":0,"58":0,"59":0,"60":0,"61":0,"62":0,"63":0,"64":0,"65":0,"66":0,"67":0,"68":0,"69":0,"70":0,"71":0,"72":0,"73":0,"74":0,"75":0,"76":0,"77":0,"78":0},"f":{"0":0,"1":0,"2":0,"3":0,"4":0,"5":0,"6":0,"7":0,"8":0,"9":0,"10":0,"11":0,"12":0,"13":0,"14":0,"15":0,"16":0,"17":0,"18":0,"19":0,"20":0,"21":0,"22":0,"23":0},"b":{"0":[0],"1":[0],"2":[0],"3":[0,0],"4":[0,0],"5":[0,0],"6":[0],"7":[0],"8":[0],"9":[0],"10":[0],"11":[0]}}
,"/home/lastborn/Echoctl/src/utils/smart-mode.ts": {"path":"/home/lastborn/Echoctl/src/utils/smart-mode.ts","statementMap":{"0":{"start":{"line":10,"column":50},"end":{"line":103,"column":2}},"1":{"start":{"line":108,"column":58},"end":{"line":113,"column":2}},"2":{"start":{"line":119,"column":21},"end":{"line":119,"column":40}},"3":{"start":{"line":121,"column":43},"end":{"line":126,"column":4}},"4":{"start":{"line":129,"column":2},"end":{"line":135,"column":3}},"5":{"start":{"line":130,"column":4},"end":{"line":134,"column":5}},"6":{"start":{"line":131,"column":6},"end":{"line":133,"column":7}},"7":{"start":{"line":132,"column":8},"end":{"line":132,"column":39}},"8":{"start":{"line":138,"column":17},"end":{"line":138,"column":18}},"9":{"start":{"line":139,"column":29},"end":{"line":139,"column":38}},"10":{"start":{"line":141,"column":2},"end":{"line":146,"column":3}},"11":{"start":{"line":142,"column":4},"end":{"line":145,"column":5}},"12":{"start":{"line":143,"column":6},"end":{"line":143,"column":23}},"13":{"start":{"line":144,"column":6},"end":{"line":144,"column":40}},"14":{"start":{"line":149,"column":2},"end":{"line":151,"column":3}},"15":{"start":{"line":150,"column":4},"end":{"line":150,"column":21}},"16":{"start":{"line":153,"column":2},"end":{"line":153,"column":20}},"17":{"start":{"line":160,"column":19},"end":{"line":160,"column":38}},"18":{"start":{"line":161,"column":2},"end":{"line":161,"column":37}},"19":{"start":{"line":168,"column":19},"end":{"line":168,"column":38}},"20":{"start":{"line":169,"column":19},"end":{"line":169,"column":46}},"21":{"start":{"line":171,"column":44},"end":{"line":176,"column":4}},"22":{"start":{"line":178,"column":2},"end":{"line":178,"column":27}},"23":{"start":{"line":186,"column":2},"end":{"line":190,"column":3}},"24":{"start":{"line":189,"column":4},"end":{"line":189,"column":16}},"25":{"start":{"line":193,"column":23},"end":{"line":198,"column":4}},"26":{"start":{"line":200,"column":2},"end":{"line":200,"column":59}},"27":{"start":{"line":200,"column":38},"end":{"line":200,"column":57}}},"fnMap":{"0":{"name":"classifyTask","decl":{"start":{"line":118,"column":16},"end":{"line":118,"column":28}},"loc":{"start":{"line":118,"column":42},"end":{"line":154,"column":1}}},"1":{"name":"selectProviderForTask","decl":{"start":{"line":159,"column":16},"end":{"line":159,"column":37}},"loc":{"start":{"line":159,"column":51},"end":{"line":162,"column":1}}},"2":{"name":"getProviderSelectionReason","decl":{"start":{"line":167,"column":16},"end":{"line":167,"column":42}},"loc":{"start":{"line":167,"column":56},"end":{"line":179,"column":1}}},"3":{"name":"containsCode","decl":{"start":{"line":184,"column":16},"end":{"line":184,"column":28}},"loc":{"start":{"line":184,"column":42},"end":{"line":201,"column":1}}},"4":{"name":"(anonymous_4)","decl":{"start":{"line":200,"column":27},"end":{"line":200,"column":34}},"loc":{"start":{"line":200,"column":38},"end":{"line":200,"column":57}}}},"branchMap":{"0":{"loc":{"start":{"line":131,"column":6},"end":{"line":133,"column":7}},"type":"if","locations":[{"start":{"line":131,"column":6},"end":{"line":133,"column":7}}]},"1":{"loc":{"start":{"line":142,"column":4},"end":{"line":145,"column":5}},"type":"if","locations":[{"start":{"line":142,"column":4},"end":{"line":145,"column":5}}]},"2":{"loc":{"start":{"line":149,"column":2},"end":{"line":151,"column":3}},"type":"if","locations":[{"start":{"line":149,"column":2},"end":{"line":151,"column":3}}]},"3":{"loc":{"start":{"line":186,"column":2},"end":{"line":190,"column":3}},"type":"if","locations":[{"start":{"line":186,"column":2},"end":{"line":190,"column":3}}]},"4":{"loc":{"start":{"line":186,"column":6},"end":{"line":188,"column":101}},"type":"binary-expr","locations":[{"start":{"line":186,"column":6},"end":{"line":186,"column":27}},{"start":{"line":186,"column":31},"end":{"line":186,"column":58}},{"start":{"line":186,"column":62},"end":{"line":186,"column":86}},{"start":{"line":187,"column":6},"end":{"line":187,"column":28}},{"start":{"line":187,"column":32},"end":{"line":187,"column":56}},{"start":{"line":187,"column":60},"end":{"line":187,"column":85}},{"start":{"line":188,"column":6},"end":{"line":188,"column":31}},{"start":{"line":188,"column":35},"end":{"line":188,"column":55}},{"start":{"line":188,"column":59},"end":{"line":188,"column":78}},{"start":{"line":188,"column":82},"end":{"line":188,"column":101}}]}},"s":{"0":1,"1":1,"2":21,"3":21,"4":21,"5":84,"6":1743,"7":29,"8":21,"9":21,"10":21,"11":84,"12":17,"13":17,"14":21,"15":6,"16":15,"17":4,"18":4,"19":4,"20":4,"21":4,"22":4,"23":9,"24":6,"25":3,"26":3,"27":9},"f":{"0":21,"1":4,"2":4,"3":9,"4":9},"b":{"0":[29],"1":[17],"2":[6],"3":[6],"4":[9,8,7,6,5,4,4,4,3,0]}}
,"/home/lastborn/Echoctl/src/utils/token-watcher.ts": {"path":"/home/lastborn/Echoctl/src/utils/token-watcher.ts","statementMap":{"0":{"start":{"line":13,"column":2},"end":{"line":13,"column":36}},"1":{"start":{"line":20,"column":2},"end":{"line":20,"column":77}},"2":{"start":{"line":20,"column":39},"end":{"line":20,"column":72}},"3":{"start":{"line":31,"column":24},"end":{"line":31,"column":56}},"4":{"start":{"line":34,"column":2},"end":{"line":36,"column":3}},"5":{"start":{"line":35,"column":4},"end":{"line":35,"column":20}},"6":{"start":{"line":39,"column":30},"end":{"line":39,"column":76}},"7":{"start":{"line":40,"column":30},"end":{"line":40,"column":69}},"8":{"start":{"line":41,"column":25},"end":{"line":41,"column":61}},"9":{"start":{"line":46,"column":2},"end":{"line":55,"column":3}},"10":{"start":{"line":48,"column":4},"end":{"line":48,"column":53}},"11":{"start":{"line":51,"column":4},"end":{"line":54,"column":20}},"12":{"start":{"line":53,"column":18},"end":{"line":53,"column":64}},"13":{"start":{"line":58,"column":34},"end":{"line":62,"column":4}},"14":{"start":{"line":64,"column":2},"end":{"line":64,"column":45}},"15":{"start":{"line":80,"column":4},"end":{"line":80,"column":33}},"16":{"start":{"line":81,"column":4},"end":{"line":81,"column":45}},"17":{"start":{"line":82,"column":4},"end":{"line":82,"column":49}},"18":{"start":{"line":94,"column":23},"end":{"line":94,"column":55}},"19":{"start":{"line":95,"column":22},"end":{"line":95,"column":61}},"20":{"start":{"line":97,"column":4},"end":{"line":105,"column":5}},"21":{"start":{"line":98,"column":24},"end":{"line":98,"column":63}},"22":{"start":{"line":99,"column":6},"end":{"line":104,"column":8}},"23":{"start":{"line":107,"column":4},"end":{"line":112,"column":6}},"24":{"start":{"line":119,"column":23},"end":{"line":119,"column":55}},"25":{"start":{"line":120,"column":4},"end":{"line":120,"column":48}},"26":{"start":{"line":127,"column":23},"end":{"line":127,"column":55}},"27":{"start":{"line":128,"column":4},"end":{"line":128,"column":53}},"28":{"start":{"line":135,"column":61},"end":{"line":165,"column":2}},"29":{"start":{"line":172,"column":2},"end":{"line":174,"column":3}},"30":{"start":{"line":173,"column":4},"end":{"line":173,"column":40}},"31":{"start":{"line":177,"column":2},"end":{"line":181,"column":3}},"32":{"start":{"line":178,"column":4},"end":{"line":180,"column":5}},"33":{"start":{"line":179,"column":6},"end":{"line":179,"column":19}},"34":{"start":{"line":184,"column":2},"end":{"line":184,"column":16}}},"fnMap":{"0":{"name":"estimateTokens","decl":{"start":{"line":12,"column":16},"end":{"line":12,"column":30}},"loc":{"start":{"line":12,"column":43},"end":{"line":14,"column":1}}},"1":{"name":"estimateMessagesTokens","decl":{"start":{"line":19,"column":16},"end":{"line":19,"column":38}},"loc":{"start":{"line":19,"column":58},"end":{"line":21,"column":1}}},"2":{"name":"(anonymous_2)","decl":{"start":{"line":20,"column":25},"end":{"line":20,"column":26}},"loc":{"start":{"line":20,"column":39},"end":{"line":20,"column":72}}},"3":{"name":"compactMessages","decl":{"start":{"line":26,"column":22},"end":{"line":26,"column":37}},"loc":{"start":{"line":29,"column":56},"end":{"line":65,"column":1}}},"4":{"name":"(anonymous_4)","decl":{"start":{"line":53,"column":13},"end":{"line":53,"column":14}},"loc":{"start":{"line":53,"column":18},"end":{"line":53,"column":64}}},"5":{"name":"(anonymous_5)","decl":{"start":{"line":75,"column":2},"end":{"line":75,"column":null}},"loc":{"start":{"line":78,"column":68},"end":{"line":83,"column":3}}},"6":{"name":"(anonymous_6)","decl":{"start":{"line":88,"column":2},"end":{"line":88,"column":7}},"loc":{"start":{"line":88,"column":43},"end":{"line":113,"column":3}}},"7":{"name":"(anonymous_7)","decl":{"start":{"line":118,"column":2},"end":{"line":118,"column":15}},"loc":{"start":{"line":118,"column":35},"end":{"line":121,"column":3}}},"8":{"name":"(anonymous_8)","decl":{"start":{"line":126,"column":2},"end":{"line":126,"column":20}},"loc":{"start":{"line":126,"column":40},"end":{"line":129,"column":3}}},"9":{"name":"getModelTokenLimit","decl":{"start":{"line":170,"column":16},"end":{"line":170,"column":34}},"loc":{"start":{"line":170,"column":48},"end":{"line":185,"column":1}}}},"branchMap":{"0":{"loc":{"start":{"line":34,"column":2},"end":{"line":36,"column":3}},"type":"if","locations":[{"start":{"line":34,"column":2},"end":{"line":36,"column":3}}]},"1":{"loc":{"start":{"line":46,"column":2},"end":{"line":55,"column":3}},"type":"if","locations":[{"start":{"line":46,"column":2},"end":{"line":55,"column":3}},{"start":{"line":49,"column":9},"end":{"line":55,"column":3}}]},"2":{"loc":{"start":{"line":76,"column":4},"end":{"line":76,"column":31}},"type":"default-arg","locations":[{"start":{"line":76,"column":25},"end":{"line":76,"column":31}}]},"3":{"loc":{"start":{"line":77,"column":4},"end":{"line":77,"column":34}},"type":"default-arg","locations":[{"start":{"line":77,"column":31},"end":{"line":77,"column":34}}]},"4":{"loc":{"start":{"line":97,"column":4},"end":{"line":105,"column":5}},"type":"if","locations":[{"start":{"line":97,"column":4},"end":{"line":105,"column":5}}]},"5":{"loc":{"start":{"line":97,"column":8},"end":{"line":97,"column":58}},"type":"binary-expr","locations":[{"start":{"line":97,"column":8},"end":{"line":97,"column":31}},{"start":{"line":97,"column":35},"end":{"line":97,"column":58}}]},"6":{"loc":{"start":{"line":172,"column":2},"end":{"line":174,"column":3}},"type":"if","locations":[{"start":{"line":172,"column":2},"end":{"line":174,"column":3}}]},"7":{"loc":{"start":{"line":178,"column":4},"end":{"line":180,"column":5}},"type":"if","locations":[{"start":{"line":178,"column":4},"end":{"line":180,"column":5}}]}},"s":{"0":0,"1":0,"2":0,"3":0,"4":0,"5":0,"6":0,"7":0,"8":0,"9":0,"10":0,"11":0,"12":0,"13":0,"14":0,"15":0,"16":0,"17":0,"18":0,"19":0,"20":0,"21":0,"22":0,"23":0,"24":0,"25":0,"26":0,"27":0,"28":0,"29":0,"30":0,"31":0,"32":0,"33":0,"34":0},"f":{"0":0,"1":0,"2":0,"3":0,"4":0,"5":0,"6":0,"7":0,"8":0,"9":0},"b":{"0":[0],"1":[0,0],"2":[0],"3":[0],"4":[0],"5":[0,0],"6":[0],"7":[0]}}
}
