TN:
SF:src/index.ts
FN:39,showBanner
FN:52,createCLI
FN:69,(anonymous_2)
FN:81,(anonymous_3)
FN:93,(anonymous_4)
FN:105,(anonymous_5)
FN:117,(anonymous_6)
FN:129,(anonymous_7)
FN:141,(anonymous_8)
FN:162,(anonymous_9)
FN:174,(anonymous_10)
FN:186,(anonymous_11)
FN:201,(anonymous_12)
FN:213,(anonymous_13)
FN:227,(anonymous_14)
FN:244,(anonymous_15)
FN:256,(anonymous_16)
FN:277,(anonymous_17)
FN:300,(anonymous_18)
FN:329,(anonymous_19)
FN:341,(anonymous_20)
FN:353,(anonymous_21)
FN:371,(anonymous_22)
FN:383,(anonymous_23)
FN:395,(anonymous_24)
FN:413,(anonymous_25)
FN:414,(anonymous_26)
FN:426,(anonymous_27)
FN:438,(anonymous_28)
FN:439,(anonymous_29)
FN:452,(anonymous_30)
FN:465,(anonymous_31)
FN:477,(anonymous_32)
FN:490,(anonymous_33)
FN:502,(anonymous_34)
FN:520,(anonymous_35)
FN:534,(anonymous_36)
FN:547,(anonymous_37)
FN:560,(anonymous_38)
FN:572,(anonymous_39)
FN:584,(anonymous_40)
FN:596,(anonymous_41)
FN:608,(anonymous_42)
FN:626,(anonymous_43)
FN:638,(anonymous_44)
FN:650,(anonymous_45)
FN:662,(anonymous_46)
FN:674,(anonymous_47)
FN:686,(anonymous_48)
FN:698,(anonymous_49)
FN:725,(anonymous_50)
FN:737,(anonymous_51)
FN:749,(anonymous_52)
FN:761,(anonymous_53)
FN:774,(anonymous_54)
FN:787,(anonymous_55)
FN:799,(anonymous_56)
FN:814,(anonymous_57)
FN:834,(anonymous_58)
FN:854,(anonymous_59)
FN:856,(anonymous_60)
FN:861,(anonymous_61)
FN:885,(anonymous_62)
FN:897,(anonymous_63)
FN:933,(anonymous_64)
FN:945,(anonymous_65)
FN:950,(anonymous_66)
FN:973,main
FN:977,(anonymous_68)
FN:984,(anonymous_69)
FN:995,(anonymous_70)
FNF:71
FNH:0
FNDA:0,showBanner
FNDA:0,createCLI
FNDA:0,(anonymous_2)
FNDA:0,(anonymous_3)
FNDA:0,(anonymous_4)
FNDA:0,(anonymous_5)
FNDA:0,(anonymous_6)
FNDA:0,(anonymous_7)
FNDA:0,(anonymous_8)
FNDA:0,(anonymous_9)
FNDA:0,(anonymous_10)
FNDA:0,(anonymous_11)
FNDA:0,(anonymous_12)
FNDA:0,(anonymous_13)
FNDA:0,(anonymous_14)
FNDA:0,(anonymous_15)
FNDA:0,(anonymous_16)
FNDA:0,(anonymous_17)
FNDA:0,(anonymous_18)
FNDA:0,(anonymous_19)
FNDA:0,(anonymous_20)
FNDA:0,(anonymous_21)
FNDA:0,(anonymous_22)
FNDA:0,(anonymous_23)
FNDA:0,(anonymous_24)
FNDA:0,(anonymous_25)
FNDA:0,(anonymous_26)
FNDA:0,(anonymous_27)
FNDA:0,(anonymous_28)
FNDA:0,(anonymous_29)
FNDA:0,(anonymous_30)
FNDA:0,(anonymous_31)
FNDA:0,(anonymous_32)
FNDA:0,(anonymous_33)
FNDA:0,(anonymous_34)
FNDA:0,(anonymous_35)
FNDA:0,(anonymous_36)
FNDA:0,(anonymous_37)
FNDA:0,(anonymous_38)
FNDA:0,(anonymous_39)
FNDA:0,(anonymous_40)
FNDA:0,(anonymous_41)
FNDA:0,(anonymous_42)
FNDA:0,(anonymous_43)
FNDA:0,(anonymous_44)
FNDA:0,(anonymous_45)
FNDA:0,(anonymous_46)
FNDA:0,(anonymous_47)
FNDA:0,(anonymous_48)
FNDA:0,(anonymous_49)
FNDA:0,(anonymous_50)
FNDA:0,(anonymous_51)
FNDA:0,(anonymous_52)
FNDA:0,(anonymous_53)
FNDA:0,(anonymous_54)
FNDA:0,(anonymous_55)
FNDA:0,(anonymous_56)
FNDA:0,(anonymous_57)
FNDA:0,(anonymous_58)
FNDA:0,(anonymous_59)
FNDA:0,(anonymous_60)
FNDA:0,(anonymous_61)
FNDA:0,(anonymous_62)
FNDA:0,(anonymous_63)
FNDA:0,(anonymous_64)
FNDA:0,(anonymous_65)
FNDA:0,(anonymous_66)
FNDA:0,main
FNDA:0,(anonymous_68)
FNDA:0,(anonymous_69)
FNDA:0,(anonymous_70)
DA:31,0
DA:40,0
DA:46,0
DA:53,0
DA:55,0
DA:64,0
DA:66,0
DA:70,0
DA:71,0
DA:73,0
DA:74,0
DA:78,0
DA:82,0
DA:83,0
DA:85,0
DA:86,0
DA:90,0
DA:94,0
DA:95,0
DA:97,0
DA:98,0
DA:102,0
DA:106,0
DA:107,0
DA:109,0
DA:110,0
DA:114,0
DA:118,0
DA:119,0
DA:121,0
DA:122,0
DA:126,0
DA:130,0
DA:131,0
DA:133,0
DA:134,0
DA:138,0
DA:142,0
DA:143,0
DA:145,0
DA:146,0
DA:154,0
DA:156,0
DA:163,0
DA:164,0
DA:166,0
DA:167,0
DA:171,0
DA:175,0
DA:176,0
DA:178,0
DA:179,0
DA:183,0
DA:187,0
DA:188,0
DA:190,0
DA:191,0
DA:195,0
DA:202,0
DA:203,0
DA:205,0
DA:206,0
DA:210,0
DA:214,0
DA:215,0
DA:217,0
DA:218,0
DA:222,0
DA:228,0
DA:229,0
DA:231,0
DA:232,0
DA:236,0
DA:245,0
DA:246,0
DA:248,0
DA:249,0
DA:253,0
DA:257,0
DA:258,0
DA:260,0
DA:261,0
DA:269,0
DA:283,0
DA:284,0
DA:286,0
DA:287,0
DA:291,0
DA:308,0
DA:309,0
DA:311,0
DA:318,0
DA:321,0
DA:322,0
DA:326,0
DA:330,0
DA:331,0
DA:333,0
DA:334,0
DA:338,0
DA:342,0
DA:343,0
DA:345,0
DA:346,0
DA:350,0
DA:354,0
DA:355,0
DA:357,0
DA:358,0
DA:366,0
DA:368,0
DA:372,0
DA:373,0
DA:375,0
DA:376,0
DA:380,0
DA:384,0
DA:385,0
DA:387,0
DA:388,0
DA:392,0
DA:396,0
DA:397,0
DA:399,0
DA:400,0
DA:408,0
DA:410,0
DA:413,0
DA:415,0
DA:416,0
DA:418,0
DA:419,0
DA:423,0
DA:427,0
DA:428,0
DA:430,0
DA:431,0
DA:435,0
DA:438,0
DA:440,0
DA:441,0
DA:443,0
DA:444,0
DA:448,0
DA:453,0
DA:454,0
DA:456,0
DA:457,0
DA:461,0
DA:466,0
DA:467,0
DA:469,0
DA:470,0
DA:474,0
DA:478,0
DA:479,0
DA:481,0
DA:482,0
DA:486,0
DA:491,0
DA:492,0
DA:494,0
DA:495,0
DA:499,0
DA:503,0
DA:504,0
DA:506,0
DA:507,0
DA:515,0
DA:517,0
DA:521,0
DA:522,0
DA:524,0
DA:525,0
DA:529,0
DA:535,0
DA:536,0
DA:537,0
DA:539,0
DA:540,0
DA:544,0
DA:548,0
DA:549,0
DA:551,0
DA:552,0
DA:556,0
DA:561,0
DA:562,0
DA:564,0
DA:565,0
DA:569,0
DA:573,0
DA:574,0
DA:576,0
DA:577,0
DA:581,0
DA:585,0
DA:586,0
DA:588,0
DA:589,0
DA:593,0
DA:597,0
DA:598,0
DA:600,0
DA:601,0
DA:605,0
DA:609,0
DA:610,0
DA:612,0
DA:613,0
DA:621,0
DA:623,0
DA:627,0
DA:628,0
DA:630,0
DA:631,0
DA:635,0
DA:639,0
DA:640,0
DA:642,0
DA:643,0
DA:647,0
DA:651,0
DA:652,0
DA:654,0
DA:655,0
DA:659,0
DA:663,0
DA:664,0
DA:666,0
DA:667,0
DA:671,0
DA:675,0
DA:676,0
DA:678,0
DA:679,0
DA:683,0
DA:687,0
DA:688,0
DA:690,0
DA:691,0
DA:695,0
DA:699,0
DA:700,0
DA:702,0
DA:703,0
DA:711,0
DA:712,0
DA:719,0
DA:721,0
DA:726,0
DA:727,0
DA:729,0
DA:730,0
DA:734,0
DA:738,0
DA:739,0
DA:741,0
DA:742,0
DA:746,0
DA:750,0
DA:751,0
DA:753,0
DA:754,0
DA:758,0
DA:762,0
DA:763,0
DA:765,0
DA:766,0
DA:770,0
DA:775,0
DA:776,0
DA:778,0
DA:779,0
DA:783,0
DA:788,0
DA:789,0
DA:791,0
DA:792,0
DA:796,0
DA:800,0
DA:801,0
DA:803,0
DA:804,0
DA:808,0
DA:815,0
DA:816,0
DA:822,0
DA:823,0
DA:831,0
DA:835,0
DA:836,0
DA:838,0
DA:839,0
DA:848,0
DA:855,0
DA:856,0
DA:857,0
DA:859,0
DA:860,0
DA:861,0
DA:865,0
DA:868,0
DA:869,0
DA:871,0
DA:872,0
DA:880,0
DA:882,0
DA:886,0
DA:887,0
DA:889,0
DA:890,0
DA:891,0
DA:894,0
DA:898,0
DA:900,0
DA:901,0
DA:903,0
DA:904,0
DA:905,0
DA:907,0
DA:908,0
DA:909,0
DA:911,0
DA:912,0
DA:913,0
DA:915,0
DA:916,0
DA:917,0
DA:918,0
DA:919,0
DA:922,0
DA:923,0
DA:931,0
DA:934,0
DA:936,0
DA:937,0
DA:939,0
DA:940,0
DA:944,0
DA:945,0
DA:946,0
DA:948,0
DA:949,0
DA:950,0
DA:954,0
DA:957,0
DA:958,0
DA:960,0
DA:961,0
DA:966,0
DA:974,0
DA:977,0
DA:978,0
DA:979,0
DA:980,0
DA:984,0
DA:985,0
DA:986,0
DA:987,0
DA:988,0
DA:991,0
DA:995,0
DA:996,0
DA:997,0
LF:365
LH:0
BRDA:73,0,0,0
BRDA:73,0,1,0
BRDA:85,1,0,0
BRDA:85,1,1,0
BRDA:97,2,0,0
BRDA:97,2,1,0
BRDA:109,3,0,0
BRDA:109,3,1,0
BRDA:121,4,0,0
BRDA:121,4,1,0
BRDA:133,5,0,0
BRDA:133,5,1,0
BRDA:145,6,0,0
BRDA:145,6,1,0
BRDA:166,7,0,0
BRDA:166,7,1,0
BRDA:178,8,0,0
BRDA:178,8,1,0
BRDA:190,9,0,0
BRDA:190,9,1,0
BRDA:205,10,0,0
BRDA:205,10,1,0
BRDA:217,11,0,0
BRDA:217,11,1,0
BRDA:231,12,0,0
BRDA:231,12,1,0
BRDA:248,13,0,0
BRDA:248,13,1,0
BRDA:260,14,0,0
BRDA:260,14,1,0
BRDA:286,15,0,0
BRDA:286,15,1,0
BRDA:309,16,0,0
BRDA:309,16,1,0
BRDA:321,17,0,0
BRDA:321,17,1,0
BRDA:333,18,0,0
BRDA:333,18,1,0
BRDA:345,19,0,0
BRDA:345,19,1,0
BRDA:357,20,0,0
BRDA:357,20,1,0
BRDA:375,21,0,0
BRDA:375,21,1,0
BRDA:387,22,0,0
BRDA:387,22,1,0
BRDA:399,23,0,0
BRDA:399,23,1,0
BRDA:418,24,0,0
BRDA:418,24,1,0
BRDA:430,25,0,0
BRDA:430,25,1,0
BRDA:443,26,0,0
BRDA:443,26,1,0
BRDA:456,27,0,0
BRDA:456,27,1,0
BRDA:469,28,0,0
BRDA:469,28,1,0
BRDA:481,29,0,0
BRDA:481,29,1,0
BRDA:494,30,0,0
BRDA:494,30,1,0
BRDA:506,31,0,0
BRDA:506,31,1,0
BRDA:524,32,0,0
BRDA:524,32,1,0
BRDA:536,33,0,0
BRDA:536,33,1,0
BRDA:536,34,0,0
BRDA:536,34,1,0
BRDA:539,35,0,0
BRDA:539,35,1,0
BRDA:551,36,0,0
BRDA:551,36,1,0
BRDA:564,37,0,0
BRDA:564,37,1,0
BRDA:576,38,0,0
BRDA:576,38,1,0
BRDA:588,39,0,0
BRDA:588,39,1,0
BRDA:600,40,0,0
BRDA:600,40,1,0
BRDA:612,41,0,0
BRDA:612,41,1,0
BRDA:630,42,0,0
BRDA:630,42,1,0
BRDA:642,43,0,0
BRDA:642,43,1,0
BRDA:654,44,0,0
BRDA:654,44,1,0
BRDA:666,45,0,0
BRDA:666,45,1,0
BRDA:678,46,0,0
BRDA:678,46,1,0
BRDA:690,47,0,0
BRDA:690,47,1,0
BRDA:702,48,0,0
BRDA:702,48,1,0
BRDA:729,49,0,0
BRDA:729,49,1,0
BRDA:741,50,0,0
BRDA:741,50,1,0
BRDA:753,51,0,0
BRDA:753,51,1,0
BRDA:765,52,0,0
BRDA:765,52,1,0
BRDA:778,53,0,0
BRDA:778,53,1,0
BRDA:791,54,0,0
BRDA:791,54,1,0
BRDA:803,55,0,0
BRDA:803,55,1,0
BRDA:822,56,0,0
BRDA:822,56,1,0
BRDA:838,57,0,0
BRDA:838,57,1,0
BRDA:859,58,0,0
BRDA:871,59,0,0
BRDA:871,59,1,0
BRDA:901,60,0,0
BRDA:901,60,1,0
BRDA:901,60,2,0
BRDA:901,60,3,0
BRDA:907,61,0,0
BRDA:907,61,1,0
BRDA:922,62,0,0
BRDA:922,62,1,0
BRDA:934,63,0,0
BRDA:934,63,1,0
BRDA:939,64,0,0
BRDA:939,64,1,0
BRDA:948,65,0,0
BRDA:960,66,0,0
BRDA:960,66,1,0
BRDA:985,67,0,0
BRDA:985,67,1,0
BRF:136
BRH:0
end_of_record
TN:
SF:src/auth/sync.ts
FN:28,(anonymous_0)
FN:45,(anonymous_1)
FN:57,(anonymous_2)
FN:75,(anonymous_3)
FN:98,(anonymous_4)
FN:122,(anonymous_5)
FN:139,(anonymous_6)
FN:146,(anonymous_7)
FN:153,(anonymous_8)
FN:160,(anonymous_9)
FN:217,(anonymous_10)
FNF:11
FNH:5
FNDA:2,(anonymous_0)
FNDA:2,(anonymous_1)
FNDA:0,(anonymous_2)
FNDA:1,(anonymous_3)
FNDA:0,(anonymous_4)
FNDA:1,(anonymous_5)
FNDA:0,(anonymous_6)
FNDA:0,(anonymous_7)
FNDA:0,(anonymous_8)
FNDA:1,(anonymous_9)
FNDA:0,(anonymous_10)
DA:29,2
DA:31,2
DA:35,0
DA:38,2
DA:46,2
DA:47,2
DA:49,2
DA:50,2
DA:53,0
DA:54,0
DA:57,0
DA:59,0
DA:60,0
DA:65,0
DA:67,0
DA:76,1
DA:77,1
DA:79,1
DA:80,1
DA:83,0
DA:84,0
DA:86,0
DA:87,0
DA:89,0
DA:90,0
DA:92,0
DA:93,0
DA:94,0
DA:97,0
DA:98,0
DA:99,0
DA:100,0
DA:101,0
DA:102,0
DA:103,0
DA:104,0
DA:109,0
DA:110,0
DA:113,0
DA:115,0
DA:123,1
DA:125,1
DA:126,1
DA:127,1
DA:129,1
DA:130,0
DA:132,0
DA:140,0
DA:147,0
DA:154,0
DA:169,1
DA:172,1
DA:173,1
DA:174,0
DA:178,1
DA:179,1
DA:180,0
DA:184,1
DA:185,1
DA:186,0
DA:190,1
DA:191,0
DA:192,0
DA:196,0
DA:197,0
DA:198,0
DA:201,0
DA:202,0
DA:203,0
DA:206,0
DA:207,0
DA:208,0
DA:211,0
DA:218,0
DA:220,0
DA:222,0
DA:232,0
DA:233,0
DA:234,0
DA:235,0
DA:238,0
DA:240,0
DA:244,0
LF:83
LH:24
BRDA:49,0,0,2
BRDA:59,1,0,0
BRDA:59,2,0,0
BRDA:59,2,1,0
BRDA:59,2,2,0
BRDA:75,3,0,1
BRDA:79,4,0,1
BRDA:92,5,0,0
BRDA:97,6,0,0
BRDA:97,7,0,0
BRDA:97,7,1,0
BRDA:99,8,0,0
BRDA:99,8,1,0
BRDA:101,9,0,0
BRDA:101,9,1,0
BRDA:103,10,0,0
BRDA:109,11,0,0
BRDA:109,12,0,0
BRDA:109,12,1,0
BRDA:140,13,0,0
BRDA:140,13,1,0
BRDA:147,14,0,0
BRDA:147,14,1,0
BRDA:154,15,0,0
BRDA:154,15,1,0
BRDA:154,15,2,0
BRDA:173,16,0,0
BRDA:179,17,0,0
BRDA:185,18,0,0
BRDA:191,19,0,0
BRDA:197,20,0,0
BRDA:202,21,0,0
BRDA:207,22,0,0
BRDA:234,23,0,0
BRDA:234,23,1,0
BRDA:235,24,0,0
BRDA:235,24,1,0
BRF:37
BRH:3
end_of_record
TN:
SF:src/commands/agent.ts
FN:19,agentRun
FN:50,agentHealth
FN:125,agentTools
FN:170,agentMemory
FN:194,(anonymous_4)
FN:220,agentPlan
FN:229,agentLogs
FN:275,agentConfig
FN:329,agentDoctor
FN:350,(anonymous_9)
FN:363,(anonymous_10)
FN:378,(anonymous_11)
FN:392,(anonymous_12)
FN:405,(anonymous_13)
FN:460,existsSyncLocal
FNF:15
FNH:0
FNDA:0,agentRun
FNDA:0,agentHealth
FNDA:0,agentTools
FNDA:0,agentMemory
FNDA:0,(anonymous_4)
FNDA:0,agentPlan
FNDA:0,agentLogs
FNDA:0,agentConfig
FNDA:0,agentDoctor
FNDA:0,(anonymous_9)
FNDA:0,(anonymous_10)
FNDA:0,(anonymous_11)
FNDA:0,(anonymous_12)
FNDA:0,(anonymous_13)
FNDA:0,existsSyncLocal
DA:25,0
DA:27,0
DA:28,0
DA:30,0
DA:35,0
DA:36,0
DA:38,0
DA:39,0
DA:40,0
DA:42,0
DA:43,0
DA:51,0
DA:52,0
DA:53,0
DA:55,0
DA:56,0
DA:58,0
DA:59,0
DA:60,0
DA:61,0
DA:62,0
DA:64,0
DA:67,0
DA:68,0
DA:71,0
DA:72,0
DA:73,0
DA:74,0
DA:75,0
DA:78,0
DA:79,0
DA:80,0
DA:81,0
DA:82,0
DA:83,0
DA:84,0
DA:85,0
DA:86,0
DA:89,0
DA:90,0
DA:92,0
DA:93,0
DA:94,0
DA:95,0
DA:98,0
DA:101,0
DA:102,0
DA:103,0
DA:104,0
DA:105,0
DA:106,0
DA:107,0
DA:110,0
DA:111,0
DA:112,0
DA:113,0
DA:114,0
DA:117,0
DA:118,0
DA:119,0
DA:126,0
DA:128,0
DA:139,0
DA:140,0
DA:141,0
DA:142,0
DA:144,0
DA:148,0
DA:149,0
DA:150,0
DA:151,0
DA:153,0
DA:154,0
DA:155,0
DA:156,0
DA:158,0
DA:164,0
DA:175,0
DA:176,0
DA:178,0
DA:180,0
DA:182,0
DA:183,0
DA:184,0
DA:185,0
DA:186,0
DA:187,0
DA:188,0
DA:191,0
DA:192,0
DA:193,0
DA:194,0
DA:195,0
DA:196,0
DA:197,0
DA:198,0
DA:199,0
DA:200,0
DA:204,0
DA:205,0
DA:206,0
DA:207,0
DA:208,0
DA:209,0
DA:210,0
DA:212,0
DA:221,0
DA:222,0
DA:223,0
DA:234,0
DA:235,0
DA:237,0
DA:239,0
DA:241,0
DA:242,0
DA:243,0
DA:246,0
DA:247,0
DA:256,0
DA:257,0
DA:259,0
DA:260,0
DA:262,0
DA:263,0
DA:265,0
DA:268,0
DA:269,0
DA:282,0
DA:283,0
DA:284,0
DA:286,0
DA:289,0
DA:290,0
DA:291,0
DA:294,0
DA:295,0
DA:296,0
DA:299,0
DA:300,0
DA:301,0
DA:304,0
DA:305,0
DA:306,0
DA:310,0
DA:311,0
DA:312,0
DA:313,0
DA:314,0
DA:315,0
DA:316,0
DA:317,0
DA:319,0
DA:320,0
DA:321,0
DA:322,0
DA:323,0
DA:330,0
DA:331,0
DA:332,0
DA:333,0
DA:335,0
DA:336,0
DA:338,0
DA:340,0
DA:345,0
DA:346,0
DA:347,0
DA:351,0
DA:352,0
DA:358,0
DA:359,0
DA:360,0
DA:364,0
DA:365,0
DA:371,0
DA:372,0
DA:373,0
DA:374,0
DA:375,0
DA:379,0
DA:380,0
DA:387,0
DA:388,0
DA:389,0
DA:393,0
DA:394,0
DA:400,0
DA:401,0
DA:402,0
DA:406,0
DA:407,0
DA:414,0
DA:415,0
DA:416,0
DA:419,0
DA:421,0
DA:422,0
DA:423,0
DA:424,0
DA:429,0
DA:436,0
DA:437,0
DA:438,0
DA:445,0
DA:446,0
DA:447,0
DA:449,0
DA:453,0
DA:455,0
DA:461,0
LF:210
LH:0
BRDA:31,0,0,0
BRDA:31,0,1,0
BRDA:32,1,0,0
BRDA:32,1,1,0
BRDA:68,2,0,0
BRDA:68,2,1,0
BRDA:68,3,0,0
BRDA:68,3,1,0
BRDA:68,3,2,0
BRDA:72,4,0,0
BRDA:72,4,1,0
BRDA:73,5,0,0
BRDA:73,5,1,0
BRDA:74,6,0,0
BRDA:74,6,1,0
BRDA:80,7,0,0
BRDA:80,7,1,0
BRDA:85,8,0,0
BRDA:85,8,1,0
BRDA:94,9,0,0
BRDA:94,9,1,0
BRDA:117,10,0,0
BRDA:117,10,1,0
BRDA:117,10,2,0
BRDA:118,11,0,0
BRDA:118,11,1,0
BRDA:153,12,0,0
BRDA:191,13,0,0
BRDA:191,13,1,0
BRDA:192,14,0,0
BRDA:198,15,0,0
BRDA:198,15,1,0
BRDA:204,16,0,0
BRDA:206,17,0,0
BRDA:206,17,1,0
BRDA:239,18,0,0
BRDA:239,18,1,0
BRDA:241,19,0,0
BRDA:247,20,0,0
BRDA:247,20,1,0
BRDA:259,21,0,0
BRDA:262,22,0,0
BRDA:289,23,0,0
BRDA:294,24,0,0
BRDA:299,25,0,0
BRDA:304,26,0,0
BRDA:312,27,0,0
BRDA:312,27,1,0
BRDA:313,28,0,0
BRDA:313,28,1,0
BRDA:314,29,0,0
BRDA:314,29,1,0
BRDA:346,30,0,0
BRDA:359,31,0,0
BRDA:374,32,0,0
BRDA:388,33,0,0
BRDA:388,34,0,0
BRDA:388,34,1,0
BRDA:401,35,0,0
BRDA:401,36,0,0
BRDA:401,36,1,0
BRDA:414,37,0,0
BRDA:436,38,0,0
BRDA:436,38,1,0
BRDA:445,39,0,0
BRF:65
BRH:0
end_of_record
TN:
SF:src/commands/approve.ts
FN:14,approveList
FN:49,approveSubmit
FN:100,approveStats
FN:136,approveAddRule
FN:160,approveRemoveRule
FN:171,approveToggleRule
FN:190,approveClear
FNF:7
FNH:0
FNDA:0,approveList
FNDA:0,approveSubmit
FNDA:0,approveStats
FNDA:0,approveAddRule
FNDA:0,approveRemoveRule
FNDA:0,approveToggleRule
FNDA:0,approveClear
DA:15,0
DA:16,0
DA:18,0
DA:20,0
DA:21,0
DA:22,0
DA:25,0
DA:27,0
DA:32,0
DA:33,0
DA:41,0
DA:42,0
DA:43,0
DA:53,0
DA:54,0
DA:56,0
DA:58,0
DA:59,0
DA:60,0
DA:61,0
DA:65,0
DA:66,0
DA:67,0
DA:78,0
DA:79,0
DA:80,0
DA:83,0
DA:86,0
DA:88,0
DA:89,0
DA:90,0
DA:92,0
DA:93,0
DA:101,0
DA:102,0
DA:104,0
DA:105,0
DA:107,0
DA:109,0
DA:113,0
DA:120,0
DA:122,0
DA:123,0
DA:124,0
DA:125,0
DA:126,0
DA:130,0
DA:140,0
DA:141,0
DA:143,0
DA:144,0
DA:145,0
DA:146,0
DA:147,0
DA:148,0
DA:150,0
DA:152,0
DA:153,0
DA:161,0
DA:162,0
DA:164,0
DA:165,0
DA:175,0
DA:176,0
DA:178,0
DA:179,0
DA:180,0
DA:182,0
DA:183,0
DA:191,0
DA:192,0
DA:194,0
DA:195,0
DA:202,0
DA:203,0
DA:204,0
DA:207,0
DA:208,0
DA:214,0
LF:79
LH:0
BRDA:20,0,0,0
BRDA:36,1,0,0
BRDA:36,1,1,0
BRDA:58,2,0,0
BRDA:65,3,0,0
BRDA:78,4,0,0
BRDA:88,5,0,0
BRDA:88,5,1,0
BRDA:89,6,0,0
BRDA:89,6,1,0
BRDA:122,7,0,0
BRDA:125,8,0,0
BRDA:125,8,1,0
BRDA:126,9,0,0
BRDA:126,9,1,0
BRDA:147,10,0,0
BRDA:180,11,0,0
BRDA:180,11,1,0
BRDA:202,12,0,0
BRF:19
BRH:0
end_of_record
TN:
SF:src/commands/auth.ts
FN:20,authAutoSync
FN:96,authAutoDetect
FN:103,authLogin
FN:130,(anonymous_3)
FN:186,authBox
FN:199,(anonymous_5)
FN:239,authGithub
FN:253,(anonymous_7)
FN:282,authStatus
FN:322,authLogout
FN:340,(anonymous_10)
FNF:11
FNH:0
FNDA:0,authAutoSync
FNDA:0,authAutoDetect
FNDA:0,authLogin
FNDA:0,(anonymous_3)
FNDA:0,authBox
FNDA:0,(anonymous_5)
FNDA:0,authGithub
FNDA:0,(anonymous_7)
FNDA:0,authStatus
FNDA:0,authLogout
FNDA:0,(anonymous_10)
DA:21,0
DA:23,0
DA:24,0
DA:25,0
DA:27,0
DA:30,0
DA:31,0
DA:32,0
DA:33,0
DA:35,0
DA:36,0
DA:40,0
DA:41,0
DA:42,0
DA:47,0
DA:48,0
DA:50,0
DA:51,0
DA:52,0
DA:56,0
DA:57,0
DA:61,0
DA:62,0
DA:66,0
DA:67,0
DA:68,0
DA:69,0
DA:72,0
DA:73,0
DA:74,0
DA:75,0
DA:78,0
DA:79,0
DA:80,0
DA:81,0
DA:84,0
DA:85,0
DA:86,0
DA:88,0
DA:89,0
DA:97,0
DA:104,0
DA:106,0
DA:109,0
DA:123,0
DA:126,0
DA:131,0
DA:132,0
DA:134,0
DA:135,0
DA:137,0
DA:141,0
DA:143,0
DA:145,0
DA:148,0
DA:149,0
DA:150,0
DA:153,0
DA:155,0
DA:156,0
DA:159,0
DA:160,0
DA:167,0
DA:168,0
DA:169,0
DA:174,0
DA:175,0
DA:178,0
DA:179,0
DA:187,0
DA:188,0
DA:190,0
DA:191,0
DA:192,0
DA:194,0
DA:199,0
DA:209,0
DA:211,0
DA:213,0
DA:219,0
DA:220,0
DA:221,0
DA:223,0
DA:224,0
DA:225,0
DA:227,0
DA:230,0
DA:232,0
DA:240,0
DA:241,0
DA:243,0
DA:244,0
DA:245,0
DA:246,0
DA:248,0
DA:253,0
DA:257,0
DA:259,0
DA:260,0
DA:261,0
DA:264,0
DA:266,0
DA:272,0
DA:273,0
DA:275,0
DA:283,0
DA:284,0
DA:285,0
DA:287,0
DA:289,0
DA:290,0
DA:291,0
DA:294,0
DA:296,0
DA:297,0
DA:298,0
DA:300,0
DA:304,0
DA:308,0
DA:312,0
DA:313,0
DA:316,0
DA:323,0
DA:324,0
DA:326,0
DA:328,0
DA:329,0
DA:330,0
DA:333,0
DA:335,0
DA:336,0
DA:340,0
DA:342,0
DA:345,0
DA:346,0
DA:347,0
DA:350,0
DA:357,0
DA:358,0
DA:359,0
DA:362,0
DA:363,0
DA:366,0
DA:367,0
DA:368,0
DA:369,0
DA:370,0
DA:371,0
DA:379,0
LF:149
LH:0
BRDA:30,0,0,0
BRDA:30,0,1,0
BRDA:40,1,0,0
BRDA:40,1,1,0
BRDA:56,2,0,0
BRDA:66,3,0,0
BRDA:72,4,0,0
BRDA:78,5,0,0
BRDA:84,6,0,0
BRDA:84,6,1,0
BRDA:131,7,0,0
BRDA:131,8,0,0
BRDA:131,8,1,0
BRDA:134,9,0,0
BRDA:149,10,0,0
BRDA:159,11,0,0
BRDA:167,12,0,0
BRDA:199,13,0,0
BRDA:199,13,1,0
BRDA:223,14,0,0
BRDA:223,14,1,0
BRDA:253,15,0,0
BRDA:253,15,1,0
BRDA:289,16,0,0
BRDA:300,17,0,0
BRDA:300,17,1,0
BRDA:304,18,0,0
BRDA:304,18,1,0
BRDA:304,19,0,0
BRDA:304,19,1,0
BRDA:308,20,0,0
BRDA:308,20,1,0
BRDA:328,21,0,0
BRDA:333,22,0,0
BRDA:333,22,1,0
BRDA:335,23,0,0
BRDA:335,24,0,0
BRDA:335,24,1,0
BRDA:345,25,0,0
BRDA:357,26,0,0
BRDA:367,27,0,0
BRDA:369,28,0,0
BRF:42
BRH:0
end_of_record
TN:
SF:src/commands/brain.ts
FN:13,brainSave
FN:33,brainGet
FN:60,brainSearch
FN:100,brainList
FN:135,brainDelete
FN:173,brainStats
FN:208,brainExport
FN:226,brainImport
FNF:8
FNH:0
FNDA:0,brainSave
FNDA:0,brainGet
FNDA:0,brainSearch
FNDA:0,brainList
FNDA:0,brainDelete
FNDA:0,brainStats
FNDA:0,brainExport
FNDA:0,brainImport
DA:18,0
DA:19,0
DA:21,0
DA:23,0
DA:24,0
DA:25,0
DA:26,0
DA:27,0
DA:34,0
DA:35,0
DA:37,0
DA:39,0
DA:40,0
DA:41,0
DA:42,0
DA:45,0
DA:46,0
DA:48,0
DA:49,0
DA:52,0
DA:53,0
DA:54,0
DA:64,0
DA:65,0
DA:67,0
DA:69,0
DA:70,0
DA:72,0
DA:73,0
DA:76,0
DA:77,0
DA:80,0
DA:82,0
DA:83,0
DA:86,0
DA:87,0
DA:89,0
DA:90,0
DA:93,0
DA:101,0
DA:102,0
DA:104,0
DA:106,0
DA:107,0
DA:108,0
DA:109,0
DA:112,0
DA:117,0
DA:118,0
DA:126,0
DA:127,0
DA:128,0
DA:129,0
DA:136,0
DA:137,0
DA:139,0
DA:141,0
DA:142,0
DA:143,0
DA:146,0
DA:147,0
DA:148,0
DA:150,0
DA:157,0
DA:158,0
DA:159,0
DA:163,0
DA:165,0
DA:166,0
DA:174,0
DA:175,0
DA:177,0
DA:178,0
DA:180,0
DA:182,0
DA:186,0
DA:193,0
DA:195,0
DA:196,0
DA:197,0
DA:198,0
DA:202,0
DA:209,0
DA:210,0
DA:212,0
DA:214,0
DA:215,0
DA:216,0
DA:217,0
DA:219,0
DA:227,0
DA:228,0
DA:230,0
DA:232,0
DA:233,0
DA:234,0
DA:236,0
DA:238,0
DA:239,0
DA:246,0
LF:100
LH:0
BRDA:16,0,0,0
BRDA:25,1,0,0
BRDA:25,1,1,0
BRDA:39,2,0,0
BRDA:48,3,0,0
BRDA:62,4,0,0
BRDA:69,5,0,0
BRDA:72,6,0,0
BRDA:84,7,0,0
BRDA:84,7,1,0
BRDA:89,8,0,0
BRDA:100,9,0,0
BRDA:106,10,0,0
BRDA:120,11,0,0
BRDA:120,11,1,0
BRDA:135,12,0,0
BRDA:141,13,0,0
BRDA:146,14,0,0
BRDA:157,15,0,0
BRDA:165,16,0,0
BRDA:189,17,0,0
BRDA:189,17,1,0
BRDA:190,18,0,0
BRDA:190,18,1,0
BRDA:195,19,0,0
BRDA:197,20,0,0
BRDA:214,21,0,0
BRDA:214,21,1,0
BRF:28
BRH:0
end_of_record
TN:
SF:src/commands/chat.ts
FN:22,displayResponse
FN:84,displaySmartModeInfo
FN:93,chat
FN:176,runAgentMode
FN:203,(anonymous_4)
FN:216,runStandardChat
FN:268,(anonymous_6)
FN:305,continueChat
FN:312,newSession
FN:330,listSessions
FN:369,showStats
FNF:11
FNH:0
FNDA:0,displayResponse
FNDA:0,displaySmartModeInfo
FNDA:0,chat
FNDA:0,runAgentMode
FNDA:0,(anonymous_4)
FNDA:0,runStandardChat
FNDA:0,(anonymous_6)
FNDA:0,continueChat
FNDA:0,newSession
FNDA:0,listSessions
FNDA:0,showStats
DA:27,0
DA:30,0
DA:48,0
DA:49,0
DA:52,0
DA:53,0
DA:55,0
DA:56,0
DA:57,0
DA:58,0
DA:59,0
DA:60,0
DA:61,0
DA:62,0
DA:63,0
DA:64,0
DA:66,0
DA:71,0
DA:72,0
DA:73,0
DA:78,0
DA:85,0
DA:86,0
DA:87,0
DA:101,0
DA:102,0
DA:103,0
DA:106,0
DA:107,0
DA:110,0
DA:112,0
DA:113,0
DA:114,0
DA:115,0
DA:120,0
DA:122,0
DA:123,0
DA:124,0
DA:126,0
DA:127,0
DA:128,0
DA:129,0
DA:131,0
DA:132,0
DA:133,0
DA:134,0
DA:137,0
DA:141,0
DA:142,0
DA:143,0
DA:144,0
DA:145,0
DA:147,0
DA:148,0
DA:149,0
DA:153,0
DA:154,0
DA:155,0
DA:156,0
DA:160,0
DA:161,0
DA:164,0
DA:165,0
DA:166,0
DA:170,0
DA:182,0
DA:188,0
DA:189,0
DA:191,0
DA:192,0
DA:195,0
DA:197,0
DA:198,0
DA:199,0
DA:201,0
DA:202,0
DA:203,0
DA:206,0
DA:207,0
DA:209,0
DA:225,0
DA:226,0
DA:229,0
DA:230,0
DA:231,0
DA:234,0
DA:235,0
DA:238,0
DA:239,0
DA:240,0
DA:243,0
DA:249,0
DA:251,0
DA:253,0
DA:255,0
DA:256,0
DA:257,0
DA:262,0
DA:264,0
DA:269,0
DA:270,0
DA:271,0
DA:272,0
DA:273,0
DA:275,0
DA:280,0
DA:282,0
DA:283,0
DA:285,0
DA:289,0
DA:291,0
DA:292,0
DA:295,0
DA:296,0
DA:297,0
DA:298,0
DA:306,0
DA:313,0
DA:314,0
DA:316,0
DA:318,0
DA:319,0
DA:320,0
DA:321,0
DA:322,0
DA:323,0
DA:324,0
DA:331,0
DA:332,0
DA:334,0
DA:336,0
DA:337,0
DA:338,0
DA:341,0
DA:343,0
DA:348,0
DA:349,0
DA:350,0
DA:360,0
DA:361,0
DA:362,0
DA:363,0
DA:370,0
DA:371,0
DA:373,0
DA:374,0
DA:376,0
DA:377,0
DA:378,0
DA:380,0
DA:384,0
DA:393,0
DA:394,0
DA:395,0
DA:401,0
LF:155
LH:0
BRDA:55,0,0,0
BRDA:55,0,1,0
BRDA:57,1,0,0
BRDA:57,1,1,0
BRDA:59,2,0,0
BRDA:59,2,1,0
BRDA:61,3,0,0
BRDA:61,3,1,0
BRDA:61,4,0,0
BRDA:61,4,1,0
BRDA:63,5,0,0
BRDA:63,5,1,0
BRDA:71,6,0,0
BRDA:112,7,0,0
BRDA:120,8,0,0
BRDA:120,8,1,0
BRDA:122,9,0,0
BRDA:122,9,1,0
BRDA:126,10,0,0
BRDA:131,11,0,0
BRDA:131,11,1,0
BRDA:133,12,0,0
BRDA:141,13,0,0
BRDA:143,14,0,0
BRDA:148,15,0,0
BRDA:148,15,1,0
BRDA:154,16,0,0
BRDA:154,17,0,0
BRDA:154,17,1,0
BRDA:155,18,0,0
BRDA:155,18,1,0
BRDA:164,19,0,0
BRDA:183,20,0,0
BRDA:183,20,1,0
BRDA:191,21,0,0
BRDA:197,22,0,0
BRDA:197,22,1,0
BRDA:199,23,0,0
BRDA:199,23,1,0
BRDA:201,24,0,0
BRDA:230,25,0,0
BRDA:235,26,0,0
BRDA:235,26,1,0
BRDA:239,27,0,0
BRDA:256,28,0,0
BRDA:256,28,1,0
BRDA:269,29,0,0
BRDA:270,30,0,0
BRDA:280,31,0,0
BRDA:282,32,0,0
BRDA:282,32,1,0
BRDA:291,33,0,0
BRDA:316,34,0,0
BRDA:316,34,1,0
BRDA:336,35,0,0
BRDA:349,36,0,0
BRDA:349,36,1,0
BRDA:349,37,0,0
BRDA:349,37,1,0
BRDA:354,38,0,0
BRDA:354,38,1,0
BRDA:390,39,0,0
BRDA:390,39,1,0
BRF:63
BRH:0
end_of_record
TN:
SF:src/commands/clear.ts
FN:12,clearHistory
FN:42,clearAll
FN:53,(anonymous_2)
FN:70,clearSession
FNF:4
FNH:0
FNDA:0,clearHistory
FNDA:0,clearAll
FNDA:0,(anonymous_2)
FNDA:0,clearSession
DA:13,0
DA:14,0
DA:15,0
DA:17,0
DA:18,0
DA:19,0
DA:20,0
DA:23,0
DA:30,0
DA:31,0
DA:32,0
DA:35,0
DA:36,0
DA:43,0
DA:44,0
DA:45,0
DA:47,0
DA:49,0
DA:54,0
DA:55,0
DA:57,0
DA:61,0
DA:62,0
DA:63,0
DA:71,0
DA:72,0
DA:73,0
DA:75,0
DA:76,0
DA:77,0
DA:78,0
DA:81,0
DA:88,0
DA:89,0
DA:90,0
DA:93,0
DA:94,0
DA:100,0
LF:38
LH:0
BRDA:18,0,0,0
BRDA:30,1,0,0
BRDA:54,2,0,0
BRDA:61,3,0,0
BRDA:76,4,0,0
BRDA:88,5,0,0
BRF:6
BRH:0
end_of_record
TN:
SF:src/commands/mcp.ts
FN:9,setupMcpCommand
FN:18,(anonymous_1)
FN:25,(anonymous_2)
FN:36,(anonymous_3)
FN:47,(anonymous_4)
FN:66,(anonymous_5)
FN:78,(anonymous_6)
FN:90,(anonymous_7)
FN:102,(anonymous_8)
FN:114,(anonymous_9)
FN:126,(anonymous_10)
FN:136,(anonymous_11)
FNF:12
FNH:0
FNDA:0,setupMcpCommand
FNDA:0,(anonymous_1)
FNDA:0,(anonymous_2)
FNDA:0,(anonymous_3)
FNDA:0,(anonymous_4)
FNDA:0,(anonymous_5)
FNDA:0,(anonymous_6)
FNDA:0,(anonymous_7)
FNDA:0,(anonymous_8)
FNDA:0,(anonymous_9)
FNDA:0,(anonymous_10)
FNDA:0,(anonymous_11)
DA:10,0
DA:14,0
DA:19,0
DA:21,0
DA:23,0
DA:24,0
DA:25,0
DA:27,0
DA:30,0
DA:33,0
DA:37,0
DA:38,0
DA:39,0
DA:41,0
DA:42,0
DA:43,0
DA:44,0
DA:47,0
DA:48,0
DA:49,0
DA:50,0
DA:51,0
DA:52,0
DA:53,0
DA:55,0
DA:58,0
DA:62,0
DA:67,0
DA:68,0
DA:69,0
DA:71,0
DA:75,0
DA:79,0
DA:80,0
DA:81,0
DA:83,0
DA:87,0
DA:91,0
DA:92,0
DA:93,0
DA:95,0
DA:99,0
DA:103,0
DA:104,0
DA:105,0
DA:107,0
DA:111,0
DA:115,0
DA:116,0
DA:117,0
DA:119,0
DA:123,0
DA:127,0
DA:128,0
DA:129,0
DA:131,0
DA:132,0
DA:133,0
DA:136,0
DA:137,0
DA:139,0
DA:143,0
LF:62
LH:0
BRDA:23,0,0,0
BRDA:23,0,1,0
BRDA:41,1,0,0
BRDA:48,2,0,0
BRDA:48,2,1,0
BRDA:51,3,0,0
BRDA:52,4,0,0
BRDA:52,5,0,0
BRDA:52,5,1,0
BRDA:131,6,0,0
BRF:10
BRH:0
end_of_record
TN:
SF:src/commands/mount.ts
FN:12,setupMountCommand
FN:22,(anonymous_1)
FN:59,(anonymous_2)
FN:72,(anonymous_3)
FN:91,(anonymous_4)
FN:104,(anonymous_5)
FN:117,(anonymous_6)
FNF:7
FNH:0
FNDA:0,setupMountCommand
FNDA:0,(anonymous_1)
FNDA:0,(anonymous_2)
FNDA:0,(anonymous_3)
FNDA:0,(anonymous_4)
FNDA:0,(anonymous_5)
FNDA:0,(anonymous_6)
DA:13,0
DA:17,0
DA:23,0
DA:24,0
DA:25,0
DA:27,0
DA:28,0
DA:29,0
DA:30,0
DA:31,0
DA:35,0
DA:36,0
DA:38,0
DA:47,0
DA:48,0
DA:49,0
DA:50,0
DA:52,0
DA:56,0
DA:60,0
DA:61,0
DA:62,0
DA:64,0
DA:66,0
DA:67,0
DA:68,0
DA:69,0
DA:72,0
DA:73,0
DA:74,0
DA:75,0
DA:76,0
DA:77,0
DA:78,0
DA:79,0
DA:81,0
DA:84,0
DA:88,0
DA:92,0
DA:93,0
DA:94,0
DA:95,0
DA:97,0
DA:101,0
DA:105,0
DA:106,0
DA:107,0
DA:108,0
DA:110,0
DA:114,0
DA:118,0
DA:119,0
DA:120,0
DA:121,0
DA:123,0
DA:127,0
LF:56
LH:0
BRDA:25,0,0,0
BRDA:25,0,1,0
BRDA:28,1,0,0
BRDA:30,2,0,0
BRDA:35,3,0,0
BRDA:35,3,1,0
BRDA:35,4,0,0
BRDA:35,4,1,0
BRDA:40,5,0,0
BRDA:40,5,1,0
BRDA:66,6,0,0
BRDA:73,7,0,0
BRDA:73,7,1,0
BRDA:74,8,0,0
BRDA:74,8,1,0
BRDA:77,9,0,0
BRDA:78,10,0,0
BRF:17
BRH:0
end_of_record
TN:
SF:src/commands/plugin.ts
FN:20,pluginSync
FN:27,pluginSyncPlatform
FN:57,pluginList
FN:106,pluginInstall
FN:118,pluginUninstall
FN:130,pluginEnable
FN:142,pluginDisable
FNF:7
FNH:0
FNDA:0,pluginSync
FNDA:0,pluginSyncPlatform
FNDA:0,pluginList
FNDA:0,pluginInstall
FNDA:0,pluginUninstall
FNDA:0,pluginEnable
FNDA:0,pluginDisable
DA:21,0
DA:28,0
DA:30,0
DA:32,0
DA:34,0
DA:35,0
DA:37,0
DA:38,0
DA:40,0
DA:41,0
DA:43,0
DA:44,0
DA:47,0
DA:48,0
DA:50,0
DA:58,0
DA:60,0
DA:62,0
DA:63,0
DA:64,0
DA:65,0
DA:69,0
DA:70,0
DA:71,0
DA:72,0
DA:73,0
DA:75,0
DA:78,0
DA:79,0
DA:89,0
DA:91,0
DA:92,0
DA:93,0
DA:94,0
DA:95,0
DA:99,0
DA:107,0
DA:108,0
DA:110,0
DA:111,0
DA:119,0
DA:120,0
DA:122,0
DA:123,0
DA:131,0
DA:132,0
DA:134,0
DA:135,0
DA:143,0
DA:144,0
DA:146,0
DA:147,0
LF:52
LH:0
BRDA:32,0,0,0
BRDA:32,0,1,0
BRDA:32,0,2,0
BRDA:32,0,3,0
BRDA:47,1,0,0
BRDA:47,1,1,0
BRDA:62,2,0,0
BRDA:71,3,0,0
BRDA:71,3,1,0
BRDA:72,4,0,0
BRDA:89,5,0,0
BRDA:89,5,1,0
BRDA:92,6,0,0
BRDA:92,6,1,0
BRDA:94,7,0,0
BRF:15
BRH:0
end_of_record
TN:
SF:src/commands/repl.ts
FN:38,startRepl
FN:111,(anonymous_1)
FN:276,processChatTurn
FN:313,(anonymous_3)
FN:344,processAgentTurn
FN:365,(anonymous_5)
FNF:6
FNH:0
FNDA:0,startRepl
FNDA:0,(anonymous_1)
FNDA:0,processChatTurn
FNDA:0,(anonymous_3)
FNDA:0,processAgentTurn
FNDA:0,(anonymous_5)
DA:21,0
DA:45,0
DA:47,0
DA:48,0
DA:49,0
DA:51,0
DA:52,0
DA:54,0
DA:55,0
DA:56,0
DA:57,0
DA:61,0
DA:70,0
DA:71,0
DA:72,0
DA:73,0
DA:74,0
DA:75,0
DA:80,0
DA:81,0
DA:82,0
DA:83,0
DA:84,0
DA:85,0
DA:87,0
DA:88,0
DA:92,0
DA:93,0
DA:94,0
DA:95,0
DA:97,0
DA:101,0
DA:102,0
DA:105,0
DA:111,0
DA:112,0
DA:113,0
DA:115,0
DA:116,0
DA:117,0
DA:119,0
DA:121,0
DA:126,0
DA:127,0
DA:129,0
DA:130,0
DA:131,0
DA:132,0
DA:133,0
DA:134,0
DA:136,0
DA:139,0
DA:140,0
DA:142,0
DA:143,0
DA:145,0
DA:148,0
DA:149,0
DA:150,0
DA:152,0
DA:154,0
DA:155,0
DA:156,0
DA:157,0
DA:158,0
DA:159,0
DA:160,0
DA:161,0
DA:162,0
DA:163,0
DA:164,0
DA:168,0
DA:169,0
DA:170,0
DA:173,0
DA:174,0
DA:175,0
DA:176,0
DA:177,0
DA:178,0
DA:181,0
DA:182,0
DA:183,0
DA:184,0
DA:185,0
DA:186,0
DA:187,0
DA:188,0
DA:189,0
DA:190,0
DA:191,0
DA:192,0
DA:193,0
DA:195,0
DA:197,0
DA:200,0
DA:201,0
DA:202,0
DA:203,0
DA:204,0
DA:205,0
DA:206,0
DA:208,0
DA:210,0
DA:213,0
DA:214,0
DA:215,0
DA:216,0
DA:217,0
DA:218,0
DA:219,0
DA:221,0
DA:223,0
DA:226,0
DA:227,0
DA:228,0
DA:229,0
DA:230,0
DA:231,0
DA:232,0
DA:234,0
DA:236,0
DA:239,0
DA:240,0
DA:241,0
DA:242,0
DA:243,0
DA:245,0
DA:247,0
DA:250,0
DA:252,0
DA:258,0
DA:259,0
DA:260,0
DA:262,0
DA:263,0
DA:265,0
DA:268,0
DA:284,0
DA:285,0
DA:288,0
DA:291,0
DA:292,0
DA:294,0
DA:295,0
DA:296,0
DA:299,0
DA:304,0
DA:306,0
DA:307,0
DA:309,0
DA:314,0
DA:315,0
DA:316,0
DA:317,0
DA:319,0
DA:323,0
DA:325,0
DA:327,0
DA:331,0
DA:332,0
DA:336,0
DA:337,0
DA:351,0
DA:358,0
DA:360,0
DA:361,0
DA:363,0
DA:364,0
DA:365,0
DA:368,0
DA:369,0
DA:372,0
DA:373,0
DA:374,0
DA:375,0
DA:376,0
DA:379,0
DA:381,0
DA:385,0
DA:387,0
DA:388,0
DA:391,0
LF:183
LH:0
BRDA:54,0,0,0
BRDA:62,1,0,0
BRDA:62,1,1,0
BRDA:63,2,0,0
BRDA:63,2,1,0
BRDA:64,3,0,0
BRDA:64,3,1,0
BRDA:66,4,0,0
BRDA:66,4,1,0
BRDA:70,5,0,0
BRDA:74,6,0,0
BRDA:80,7,0,0
BRDA:80,7,1,0
BRDA:82,8,0,0
BRDA:82,8,1,0
BRDA:93,9,0,0
BRDA:112,10,0,0
BRDA:112,11,0,0
BRDA:112,11,1,0
BRDA:116,12,0,0
BRDA:116,12,1,0
BRDA:130,13,0,0
BRDA:130,13,1,0
BRDA:132,14,0,0
BRDA:132,14,1,0
BRDA:133,15,0,0
BRDA:133,15,1,0
BRDA:145,16,0,0
BRDA:148,17,0,0
BRDA:152,18,0,0
BRDA:152,18,1,0
BRDA:152,18,2,0
BRDA:152,18,3,0
BRDA:152,18,4,0
BRDA:152,18,5,0
BRDA:152,18,6,0
BRDA:152,18,7,0
BRDA:152,18,8,0
BRDA:152,18,9,0
BRDA:182,19,0,0
BRDA:182,19,1,0
BRDA:186,20,0,0
BRDA:186,20,1,0
BRDA:190,21,0,0
BRDA:190,21,1,0
BRDA:201,22,0,0
BRDA:201,22,1,0
BRDA:204,23,0,0
BRDA:204,23,1,0
BRDA:208,24,0,0
BRDA:208,24,1,0
BRDA:214,25,0,0
BRDA:214,25,1,0
BRDA:217,26,0,0
BRDA:217,26,1,0
BRDA:221,27,0,0
BRDA:221,27,1,0
BRDA:227,28,0,0
BRDA:227,28,1,0
BRDA:230,29,0,0
BRDA:230,29,1,0
BRDA:240,30,0,0
BRDA:240,30,1,0
BRDA:262,31,0,0
BRDA:262,31,1,0
BRDA:292,32,0,0
BRDA:292,32,1,0
BRDA:295,33,0,0
BRDA:314,34,0,0
BRDA:323,35,0,0
BRDA:331,36,0,0
BRDA:361,37,0,0
BRDA:361,37,1,0
BRDA:363,38,0,0
BRDA:372,39,0,0
BRDA:372,40,0,0
BRDA:372,40,1,0
BRDA:372,40,2,0
BRDA:375,41,0,0
BRF:79
BRH:0
end_of_record
TN:
SF:src/commands/track.ts
FN:14,trackNew
FN:32,trackList
FN:69,trackSwitch
FN:93,trackStatus
FN:139,trackDelete
FN:143,(anonymous_5)
FN:177,trackExport
FN:181,(anonymous_7)
FN:202,trackImport
FN:223,trackConfig
FN:234,(anonymous_10)
FN:245,(anonymous_11)
FNF:12
FNH:0
FNDA:0,trackNew
FNDA:0,trackList
FNDA:0,trackSwitch
FNDA:0,trackStatus
FNDA:0,trackDelete
FNDA:0,(anonymous_5)
FNDA:0,trackExport
FNDA:0,(anonymous_7)
FNDA:0,trackImport
FNDA:0,trackConfig
FNDA:0,(anonymous_10)
FNDA:0,(anonymous_11)
DA:15,0
DA:16,0
DA:18,0
DA:20,0
DA:21,0
DA:22,0
DA:23,0
DA:24,0
DA:26,0
DA:33,0
DA:34,0
DA:36,0
DA:37,0
DA:39,0
DA:40,0
DA:41,0
DA:42,0
DA:45,0
DA:50,0
DA:51,0
DA:52,0
DA:60,0
DA:61,0
DA:62,0
DA:63,0
DA:70,0
DA:71,0
DA:73,0
DA:75,0
DA:76,0
DA:77,0
DA:78,0
DA:79,0
DA:80,0
DA:82,0
DA:84,0
DA:85,0
DA:86,0
DA:94,0
DA:95,0
DA:97,0
DA:98,0
DA:100,0
DA:101,0
DA:102,0
DA:105,0
DA:107,0
DA:111,0
DA:118,0
DA:120,0
DA:121,0
DA:122,0
DA:123,0
DA:125,0
DA:126,0
DA:128,0
DA:129,0
DA:133,0
DA:140,0
DA:141,0
DA:143,0
DA:145,0
DA:146,0
DA:147,0
DA:150,0
DA:151,0
DA:152,0
DA:159,0
DA:160,0
DA:161,0
DA:165,0
DA:166,0
DA:167,0
DA:169,0
DA:170,0
DA:178,0
DA:179,0
DA:181,0
DA:183,0
DA:184,0
DA:185,0
DA:188,0
DA:190,0
DA:191,0
DA:192,0
DA:193,0
DA:195,0
DA:203,0
DA:204,0
DA:206,0
DA:208,0
DA:209,0
DA:210,0
DA:212,0
DA:213,0
DA:215,0
DA:216,0
DA:231,0
DA:232,0
DA:234,0
DA:236,0
DA:237,0
DA:238,0
DA:241,0
DA:242,0
DA:243,0
DA:244,0
DA:245,0
DA:248,0
DA:250,0
DA:251,0
DA:252,0
DA:253,0
DA:255,0
DA:256,0
DA:258,0
DA:259,0
DA:261,0
DA:267,0
LF:119
LH:0
BRDA:23,0,0,0
BRDA:39,1,0,0
BRDA:51,2,0,0
BRDA:51,2,1,0
BRDA:51,3,0,0
BRDA:51,3,1,0
BRDA:54,4,0,0
BRDA:54,4,1,0
BRDA:75,5,0,0
BRDA:75,5,1,0
BRDA:79,6,0,0
BRDA:100,7,0,0
BRDA:114,8,0,0
BRDA:114,8,1,0
BRDA:120,9,0,0
BRDA:122,10,0,0
BRDA:125,11,0,0
BRDA:128,12,0,0
BRDA:139,13,0,0
BRDA:145,14,0,0
BRDA:150,15,0,0
BRDA:159,16,0,0
BRDA:183,17,0,0
BRDA:190,18,0,0
BRDA:190,18,1,0
BRDA:236,19,0,0
BRDA:242,20,0,0
BRDA:243,21,0,0
BRDA:244,22,0,0
BRDA:252,23,0,0
BRDA:255,24,0,0
BRDA:258,25,0,0
BRF:32
BRH:0
end_of_record
TN:
SF:src/commands/tui.ts
FN:14,launchDashboard
FN:27,launchStaticDashboard
FN:68,(anonymous_2)
FNF:3
FNH:0
FNDA:0,launchDashboard
FNDA:0,launchStaticDashboard
FNDA:0,(anonymous_2)
DA:15,0
DA:17,0
DA:20,0
DA:28,0
DA:29,0
DA:30,0
DA:31,0
DA:33,0
DA:50,0
DA:53,0
DA:54,0
DA:55,0
DA:56,0
DA:59,0
DA:60,0
DA:61,0
DA:64,0
DA:65,0
DA:66,0
DA:68,0
DA:69,0
DA:70,0
DA:71,0
DA:74,0
DA:75,0
DA:76,0
DA:77,0
DA:78,0
DA:79,0
DA:80,0
DA:81,0
DA:84,0
DA:85,0
DA:86,0
DA:87,0
DA:88,0
DA:89,0
DA:90,0
DA:91,0
DA:92,0
DA:93,0
DA:94,0
LF:42
LH:0
BRF:0
BRH:0
end_of_record
TN:
SF:src/core/bdi.ts
FN:23,(anonymous_0)
FN:45,(anonymous_1)
FN:57,(anonymous_2)
FNF:3
FNH:0
FNDA:0,(anonymous_0)
FNDA:0,(anonymous_1)
FNDA:0,(anonymous_2)
DA:19,0
DA:20,0
DA:21,0
DA:24,0
DA:25,0
DA:39,0
DA:46,0
DA:49,0
DA:52,0
DA:53,0
DA:55,0
DA:56,0
DA:57,0
DA:60,0
DA:61,0
DA:64,0
DA:66,0
LF:17
LH:0
BRF:0
BRH:0
end_of_record
TN:
SF:src/core/engine.ts
FN:64,getSystemPrompt
FN:148,(anonymous_1)
FN:175,parseToolCall
FN:201,(anonymous_3)
FN:221,(anonymous_4)
FN:233,(anonymous_5)
FN:373,(anonymous_6)
FN:439,(anonymous_7)
FN:467,(anonymous_8)
FN:476,(anonymous_9)
FN:484,(anonymous_10)
FN:484,(anonymous_11)
FN:498,(anonymous_12)
FN:557,(anonymous_13)
FN:581,(anonymous_14)
FN:589,(anonymous_15)
FN:596,(anonymous_16)
FN:609,createReActEngine
FNF:18
FNH:0
FNDA:0,getSystemPrompt
FNDA:0,(anonymous_1)
FNDA:0,parseToolCall
FNDA:0,(anonymous_3)
FNDA:0,(anonymous_4)
FNDA:0,(anonymous_5)
FNDA:0,(anonymous_6)
FNDA:0,(anonymous_7)
FNDA:0,(anonymous_8)
FNDA:0,(anonymous_9)
FNDA:0,(anonymous_10)
FNDA:0,(anonymous_11)
FNDA:0,(anonymous_12)
FNDA:0,(anonymous_13)
FNDA:0,(anonymous_14)
FNDA:0,(anonymous_15)
FNDA:0,(anonymous_16)
FNDA:0,createReActEngine
DA:16,0
DA:43,0
DA:65,0
DA:75,0
DA:77,0
DA:95,0
DA:96,0
DA:97,0
DA:101,0
DA:104,0
DA:148,0
DA:149,0
DA:150,0
DA:155,0
DA:169,0
DA:176,0
DA:178,0
DA:179,0
DA:180,0
DA:181,0
DA:182,0
DA:184,0
DA:188,0
DA:199,0
DA:202,0
DA:203,0
DA:209,0
DA:210,0
DA:222,0
DA:225,0
DA:226,0
DA:227,0
DA:228,0
DA:229,0
DA:231,0
DA:232,0
DA:233,0
DA:234,0
DA:235,0
DA:236,0
DA:237,0
DA:238,0
DA:242,0
DA:243,0
DA:246,0
DA:251,0
DA:254,0
DA:256,0
DA:257,0
DA:258,0
DA:261,0
DA:262,0
DA:263,0
DA:268,0
DA:275,0
DA:276,0
DA:277,0
DA:280,0
DA:281,0
DA:282,0
DA:283,0
DA:286,0
DA:293,0
DA:294,0
DA:296,0
DA:297,0
DA:299,0
DA:301,0
DA:306,0
DA:307,0
DA:308,0
DA:312,0
DA:318,0
DA:320,0
DA:325,0
DA:329,0
DA:335,0
DA:337,0
DA:340,0
DA:343,0
DA:345,0
DA:353,0
DA:354,0
DA:361,0
DA:362,0
DA:380,0
DA:387,0
DA:389,0
DA:390,0
DA:391,0
DA:395,0
DA:396,0
DA:397,0
DA:399,0
DA:400,0
DA:407,0
DA:408,0
DA:413,0
DA:414,0
DA:415,0
DA:421,0
DA:427,0
DA:429,0
DA:430,0
DA:433,0
DA:437,0
DA:438,0
DA:439,0
DA:440,0
DA:442,0
DA:446,0
DA:447,0
DA:448,0
DA:455,0
DA:456,0
DA:457,0
DA:463,0
DA:464,0
DA:465,0
DA:467,0
DA:472,0
DA:473,0
DA:474,0
DA:476,0
DA:480,0
DA:481,0
DA:482,0
DA:484,0
DA:488,0
DA:489,0
DA:493,0
DA:494,0
DA:495,0
DA:498,0
DA:503,0
DA:504,0
DA:505,0
DA:513,0
DA:514,0
DA:518,0
DA:519,0
DA:520,0
DA:528,0
DA:529,0
DA:530,0
DA:538,0
DA:539,0
DA:543,0
DA:544,0
DA:545,0
DA:553,0
DA:554,0
DA:555,0
DA:557,0
DA:561,0
DA:562,0
DA:563,0
DA:569,0
DA:571,0
DA:582,0
DA:583,0
DA:590,0
DA:597,0
DA:613,0
LF:164
LH:0
BRDA:64,0,0,0
BRDA:64,1,0,0
BRDA:75,2,0,0
BRDA:75,2,1,0
BRDA:96,3,0,0
BRDA:149,4,0,0
BRDA:178,5,0,0
BRDA:237,6,0,0
BRDA:243,7,0,0
BRDA:243,7,1,0
BRDA:263,8,0,0
BRDA:263,8,1,0
BRDA:276,9,0,0
BRDA:296,10,0,0
BRDA:296,10,1,0
BRDA:299,11,0,0
BRDA:299,12,0,0
BRDA:299,12,1,0
BRDA:318,13,0,0
BRDA:335,14,0,0
BRDA:335,14,1,0
BRDA:364,15,0,0
BRDA:364,15,1,0
BRDA:387,16,0,0
BRDA:387,16,1,0
BRDA:389,17,0,0
BRDA:390,18,0,0
BRDA:390,18,1,0
BRDA:390,18,2,0
BRDA:391,19,0,0
BRDA:391,19,1,0
BRDA:392,20,0,0
BRDA:392,20,1,0
BRDA:407,21,0,0
BRDA:414,22,0,0
BRDA:437,23,0,0
BRDA:437,24,0,0
BRDA:437,24,1,0
BRDA:440,25,0,0
BRDA:440,25,1,0
BRDA:446,26,0,0
BRDA:450,27,0,0
BRDA:450,27,1,0
BRDA:455,28,0,0
BRDA:459,29,0,0
BRDA:459,29,1,0
BRDA:459,30,0,0
BRDA:459,30,1,0
BRDA:459,31,0,0
BRDA:459,31,1,0
BRDA:463,32,0,0
BRDA:472,33,0,0
BRDA:472,34,0,0
BRDA:472,34,1,0
BRDA:472,34,2,0
BRDA:472,34,3,0
BRDA:476,35,0,0
BRDA:476,35,1,0
BRDA:476,36,0,0
BRDA:476,36,1,0
BRDA:476,37,0,0
BRDA:476,37,1,0
BRDA:476,38,0,0
BRDA:476,38,1,0
BRDA:480,39,0,0
BRDA:488,40,0,0
BRDA:493,41,0,0
BRDA:493,42,0,0
BRDA:493,42,1,0
BRDA:497,43,0,0
BRDA:497,43,1,0
BRDA:503,44,0,0
BRDA:507,45,0,0
BRDA:507,45,1,0
BRDA:513,46,0,0
BRDA:518,47,0,0
BRDA:518,48,0,0
BRDA:518,48,1,0
BRDA:522,49,0,0
BRDA:522,49,1,0
BRDA:528,50,0,0
BRDA:532,51,0,0
BRDA:532,51,1,0
BRDA:533,52,0,0
BRDA:533,52,1,0
BRDA:538,53,0,0
BRDA:538,54,0,0
BRDA:538,54,1,0
BRDA:539,55,0,0
BRDA:539,55,1,0
BRDA:543,56,0,0
BRDA:543,57,0,0
BRDA:543,57,1,0
BRDA:547,58,0,0
BRDA:547,58,1,0
BRDA:553,59,0,0
BRDA:557,60,0,0
BRDA:557,60,1,0
BRDA:561,61,0,0
BRDA:565,62,0,0
BRDA:565,62,1,0
BRDA:565,63,0,0
BRDA:565,63,1,0
BRF:103
BRH:0
end_of_record
TN:
SF:src/core/perception.ts
FN:16,(anonymous_0)
FN:21,(anonymous_1)
FNF:2
FNH:0
FNDA:0,(anonymous_0)
FNDA:0,(anonymous_1)
DA:11,0
DA:17,0
DA:20,0
DA:21,0
DA:24,0
DA:29,0
DA:30,0
DA:36,0
DA:37,0
DA:38,0
DA:39,0
DA:45,0
DA:48,0
DA:49,0
DA:50,0
DA:53,0
LF:16
LH:0
BRDA:38,0,0,0
BRDA:49,1,0,0
BRF:2
BRH:0
end_of_record
TN:
SF:src/core/reasoner.ts
FN:11,(anonymous_0)
FNF:1
FNH:0
FNDA:0,(anonymous_0)
DA:16,0
DA:18,0
DA:19,0
DA:22,0
DA:23,0
DA:24,0
DA:26,0
LF:7
LH:0
BRDA:18,0,0,0
BRF:1
BRH:0
end_of_record
TN:
SF:src/core/reflector.ts
FN:13,(anonymous_0)
FNF:1
FNH:0
FNDA:0,(anonymous_0)
DA:8,0
DA:14,0
DA:16,0
DA:17,0
DA:21,0
DA:22,0
DA:25,0
DA:26,0
LF:8
LH:0
BRDA:14,0,0,0
BRDA:25,1,0,0
BRDA:25,2,0,0
BRDA:25,2,1,0
BRF:4
BRH:0
end_of_record
TN:
SF:src/extensions/mcp.ts
FN:28,(anonymous_0)
FN:35,(anonymous_1)
FN:65,(anonymous_2)
FN:77,(anonymous_3)
FN:79,(anonymous_4)
FN:84,(anonymous_5)
FN:92,(anonymous_6)
FN:101,(anonymous_7)
FN:109,(anonymous_8)
FN:122,(anonymous_9)
FN:130,(anonymous_10)
FN:142,(anonymous_11)
FN:162,(anonymous_12)
FN:170,(anonymous_13)
FN:184,(anonymous_14)
FN:199,(anonymous_15)
FN:201,(anonymous_16)
FN:209,(anonymous_17)
FN:213,(anonymous_18)
FN:240,(anonymous_19)
FN:248,(anonymous_20)
FN:262,(anonymous_21)
FN:275,(anonymous_22)
FN:297,(anonymous_23)
FN:308,getMCPManager
FNF:25
FNH:1
FNDA:3,(anonymous_0)
FNDA:0,(anonymous_1)
FNDA:0,(anonymous_2)
FNDA:0,(anonymous_3)
FNDA:0,(anonymous_4)
FNDA:0,(anonymous_5)
FNDA:0,(anonymous_6)
FNDA:0,(anonymous_7)
FNDA:0,(anonymous_8)
FNDA:0,(anonymous_9)
FNDA:0,(anonymous_10)
FNDA:0,(anonymous_11)
FNDA:0,(anonymous_12)
FNDA:0,(anonymous_13)
FNDA:0,(anonymous_14)
FNDA:0,(anonymous_15)
FNDA:0,(anonymous_16)
FNDA:0,(anonymous_17)
FNDA:0,(anonymous_18)
FNDA:0,(anonymous_19)
FNDA:0,(anonymous_20)
FNDA:0,(anonymous_21)
FNDA:0,(anonymous_22)
FNDA:0,(anonymous_23)
FNDA:0,getMCPManager
DA:20,3
DA:21,3
DA:22,3
DA:23,3
DA:24,3
DA:25,3
DA:26,3
DA:28,3
DA:29,3
DA:36,0
DA:37,0
DA:38,0
DA:40,0
DA:42,0
DA:43,0
DA:44,0
DA:46,0
DA:50,0
DA:56,0
DA:58,0
DA:59,0
DA:61,0
DA:66,0
DA:72,0
DA:77,0
DA:79,0
DA:80,0
DA:81,0
DA:84,0
DA:85,0
DA:86,0
DA:88,0
DA:93,0
DA:94,0
DA:95,0
DA:101,0
DA:102,0
DA:103,0
DA:105,0
DA:106,0
DA:107,0
DA:108,0
DA:109,0
DA:111,0
DA:112,0
DA:113,0
DA:114,0
DA:115,0
DA:116,0
DA:122,0
DA:123,0
DA:124,0
DA:128,0
DA:129,0
DA:130,0
DA:131,0
DA:134,0
DA:135,0
DA:138,0
DA:143,0
DA:144,0
DA:145,0
DA:146,0
DA:147,0
DA:148,0
DA:149,0
DA:151,0
DA:163,0
DA:164,0
DA:165,0
DA:167,0
DA:171,0
DA:172,0
DA:173,0
DA:175,0
DA:176,0
DA:178,0
DA:185,0
DA:186,0
DA:187,0
DA:188,0
DA:191,0
DA:192,0
DA:199,0
DA:201,0
DA:202,0
DA:203,0
DA:204,0
DA:208,0
DA:210,0
DA:211,0
DA:214,0
DA:215,0
DA:219,0
DA:220,0
DA:221,0
DA:222,0
DA:224,0
DA:227,0
DA:230,0
DA:231,0
DA:232,0
DA:241,0
DA:242,0
DA:249,0
DA:257,0
DA:263,0
DA:264,0
DA:265,0
DA:266,0
DA:267,0
DA:276,0
DA:278,0
DA:279,0
DA:280,0
DA:281,0
DA:283,0
DA:284,0
DA:287,0
DA:291,0
DA:298,0
DA:299,0
DA:301,0
DA:306,1
DA:309,0
DA:310,0
DA:311,0
DA:313,0
LF:128
LH:10
BRDA:29,0,0,1
BRDA:29,0,1,2
BRDA:36,1,0,0
BRDA:37,2,0,0
BRDA:37,3,0,0
BRDA:37,3,1,0
BRDA:38,4,0,0
BRDA:38,5,0,0
BRDA:38,5,1,0
BRDA:43,6,0,0
BRDA:43,6,1,0
BRDA:66,7,0,0
BRDA:66,7,1,0
BRDA:85,8,0,0
BRDA:85,9,0,0
BRDA:85,9,1,0
BRDA:106,10,0,0
BRDA:109,11,0,0
BRDA:109,11,1,0
BRDA:111,12,0,0
BRDA:111,12,1,0
BRDA:111,13,0,0
BRDA:111,13,1,0
BRDA:115,14,0,0
BRDA:115,15,0,0
BRDA:115,15,1,0
BRDA:129,16,0,0
BRDA:129,16,1,0
BRDA:134,17,0,0
BRDA:145,18,0,0
BRDA:145,19,0,0
BRDA:145,19,1,0
BRDA:148,20,0,0
BRDA:148,20,1,0
BRDA:149,21,0,0
BRDA:149,21,1,0
BRDA:163,22,0,0
BRDA:184,23,0,0
BRDA:185,24,0,0
BRDA:185,24,1,0
BRDA:185,25,0,0
BRDA:185,25,1,0
BRDA:187,26,0,0
BRDA:187,27,0,0
BRDA:187,27,1,0
BRDA:202,28,0,0
BRDA:220,29,0,0
BRDA:220,29,1,0
BRDA:221,30,0,0
BRDA:242,31,0,0
BRDA:242,31,1,0
BRDA:265,32,0,0
BRDA:309,33,0,0
BRF:53
BRH:2
end_of_record
TN:
SF:src/hooks/useEngine.ts
FN:37,useCognitiveEngine
FN:47,(anonymous_1)
FN:62,(anonymous_2)
FN:63,(anonymous_3)
FN:77,(anonymous_4)
FN:78,(anonymous_5)
FN:81,(anonymous_6)
FN:82,(anonymous_7)
FN:85,(anonymous_8)
FN:86,(anonymous_9)
FN:89,(anonymous_10)
FN:93,(anonymous_11)
FN:94,(anonymous_12)
FN:97,(anonymous_13)
FN:98,(anonymous_14)
FN:101,(anonymous_15)
FN:102,(anonymous_16)
FN:135,useCognitiveState
FNF:18
FNH:0
FNDA:0,useCognitiveEngine
FNDA:0,(anonymous_1)
FNDA:0,(anonymous_2)
FNDA:0,(anonymous_3)
FNDA:0,(anonymous_4)
FNDA:0,(anonymous_5)
FNDA:0,(anonymous_6)
FNDA:0,(anonymous_7)
FNDA:0,(anonymous_8)
FNDA:0,(anonymous_9)
FNDA:0,(anonymous_10)
FNDA:0,(anonymous_11)
FNDA:0,(anonymous_12)
FNDA:0,(anonymous_13)
FNDA:0,(anonymous_14)
FNDA:0,(anonymous_15)
FNDA:0,(anonymous_16)
FNDA:0,useCognitiveState
DA:29,0
DA:38,0
DA:44,0
DA:47,0
DA:48,0
DA:49,0
DA:50,0
DA:51,0
DA:52,0
DA:58,0
DA:61,0
DA:63,0
DA:71,0
DA:72,0
DA:73,0
DA:77,0
DA:78,0
DA:81,0
DA:82,0
DA:85,0
DA:86,0
DA:89,0
DA:90,0
DA:93,0
DA:94,0
DA:97,0
DA:98,0
DA:101,0
DA:102,0
DA:105,0
DA:112,0
DA:114,0
DA:120,0
DA:126,0
DA:136,0
DA:137,0
LF:36
LH:0
BRDA:48,0,0,0
BRDA:112,1,0,0
BRDA:112,1,1,0
BRF:3
BRH:0
end_of_record
TN:
SF:src/mcp/sync.ts
FN:41,syncExternalMCPConfigs
FN:107,listMCPServers
FNF:2
FNH:0
FNDA:0,syncExternalMCPConfigs
FNDA:0,listMCPServers
DA:17,0
DA:18,0
DA:23,0
DA:45,0
DA:46,0
DA:49,0
DA:50,0
DA:51,0
DA:52,0
DA:53,0
DA:54,0
DA:62,0
DA:63,0
DA:64,0
DA:65,0
DA:66,0
DA:68,0
DA:71,0
DA:72,0
DA:73,0
DA:74,0
DA:75,0
DA:81,0
DA:82,0
DA:91,0
DA:92,0
DA:93,0
DA:95,0
DA:98,0
DA:108,0
DA:109,0
DA:110,0
DA:113,0
DA:114,0
DA:115,0
DA:116,0
DA:118,0
DA:119,0
DA:120,0
DA:123,0
DA:124,0
DA:125,0
DA:127,0
DA:129,0
LF:44
LH:0
BRDA:31,0,0,0
BRDA:31,0,1,0
BRDA:41,1,0,0
BRDA:49,2,0,0
BRDA:53,3,0,0
BRDA:63,4,0,0
BRDA:71,5,0,0
BRDA:73,6,0,0
BRDA:73,7,0,0
BRDA:73,7,1,0
BRDA:81,8,0,0
BRDA:91,9,0,0
BRDA:92,10,0,0
BRDA:108,11,0,0
BRDA:116,12,0,0
BRDA:116,12,1,0
BRDA:118,13,0,0
BRF:17
BRH:0
end_of_record
TN:
SF:src/memory/episodic.ts
FN:14,(anonymous_0)
FN:33,(anonymous_1)
FN:36,(anonymous_2)
FNF:3
FNH:0
FNDA:0,(anonymous_0)
FNDA:0,(anonymous_1)
FNDA:0,(anonymous_2)
DA:8,0
DA:9,0
DA:15,0
DA:24,0
DA:27,0
DA:35,0
DA:36,0
LF:7
LH:0
BRDA:19,0,0,0
BRDA:19,0,1,0
BRDA:40,1,0,0
BRDA:40,1,1,0
BRF:4
BRH:0
end_of_record
TN:
SF:src/memory/working.ts
FN:11,(anonymous_0)
FN:17,(anonymous_1)
FN:21,(anonymous_2)
FN:25,(anonymous_3)
FNF:4
FNH:0
FNDA:0,(anonymous_0)
FNDA:0,(anonymous_1)
FNDA:0,(anonymous_2)
FNDA:0,(anonymous_3)
DA:7,0
DA:8,0
DA:9,0
DA:12,0
DA:13,0
DA:14,0
DA:18,0
DA:22,0
DA:26,0
DA:27,0
DA:28,0
LF:11
LH:0
BRF:0
BRH:0
end_of_record
TN:
SF:src/plugins/sync.ts
FN:40,ensurePluginDir
FN:49,loadPluginIndex
FN:64,savePluginIndex
FN:76,syncClaudeSkills
FN:94,(anonymous_4)
FN:159,syncGeminiExtensions
FN:177,(anonymous_6)
FN:242,syncQwenPlugins
FN:318,syncMCPServers
FN:366,syncAllPlugins
FN:390,(anonymous_10)
FN:391,(anonymous_11)
FN:410,listPlugins
FN:417,installPlugin
FN:444,uninstallPlugin
FN:446,(anonymous_15)
FN:454,setPluginEnabled
FN:456,(anonymous_17)
FNF:18
FNH:0
FNDA:0,ensurePluginDir
FNDA:0,loadPluginIndex
FNDA:0,savePluginIndex
FNDA:0,syncClaudeSkills
FNDA:0,(anonymous_4)
FNDA:0,syncGeminiExtensions
FNDA:0,(anonymous_6)
FNDA:0,syncQwenPlugins
FNDA:0,syncMCPServers
FNDA:0,syncAllPlugins
FNDA:0,(anonymous_10)
FNDA:0,(anonymous_11)
FNDA:0,listPlugins
FNDA:0,installPlugin
FNDA:0,uninstallPlugin
FNDA:0,(anonymous_15)
FNDA:0,setPluginEnabled
FNDA:0,(anonymous_17)
DA:13,0
DA:34,0
DA:35,0
DA:41,0
DA:42,0
DA:50,0
DA:51,0
DA:52,0
DA:53,0
DA:56,0
DA:58,0
DA:65,0
DA:66,0
DA:77,0
DA:79,0
DA:80,0
DA:81,0
DA:82,0
DA:85,0
DA:87,0
DA:88,0
DA:89,0
DA:90,0
DA:92,0
DA:93,0
DA:94,0
DA:96,0
DA:98,0
DA:99,0
DA:100,0
DA:102,0
DA:114,0
DA:121,0
DA:122,0
DA:123,0
DA:124,0
DA:126,0
DA:127,0
DA:140,0
DA:141,0
DA:143,0
DA:146,0
DA:149,0
DA:160,0
DA:162,0
DA:163,0
DA:164,0
DA:165,0
DA:168,0
DA:170,0
DA:171,0
DA:172,0
DA:173,0
DA:175,0
DA:176,0
DA:177,0
DA:179,0
DA:181,0
DA:182,0
DA:183,0
DA:185,0
DA:197,0
DA:204,0
DA:205,0
DA:206,0
DA:207,0
DA:208,0
DA:209,0
DA:223,0
DA:224,0
DA:226,0
DA:229,0
DA:232,0
DA:243,0
DA:245,0
DA:246,0
DA:247,0
DA:248,0
DA:251,0
DA:253,0
DA:254,0
DA:256,0
DA:257,0
DA:258,0
DA:259,0
DA:260,0
DA:262,0
DA:274,0
DA:280,0
DA:281,0
DA:282,0
DA:283,0
DA:284,0
DA:285,0
DA:299,0
DA:300,0
DA:302,0
DA:305,0
DA:308,0
DA:319,0
DA:322,0
DA:329,0
DA:330,0
DA:331,0
DA:332,0
DA:333,0
DA:335,0
DA:336,0
DA:349,0
DA:351,0
DA:356,0
DA:367,0
DA:369,0
DA:372,0
DA:373,0
DA:375,0
DA:376,0
DA:378,0
DA:379,0
DA:381,0
DA:382,0
DA:385,0
DA:386,0
DA:387,0
DA:390,0
DA:391,0
DA:394,0
DA:395,0
DA:397,0
DA:400,0
DA:411,0
DA:418,0
DA:420,0
DA:421,0
DA:422,0
DA:425,0
DA:426,0
DA:435,0
DA:437,0
DA:445,0
DA:446,0
DA:447,0
DA:448,0
DA:455,0
DA:456,0
DA:458,0
DA:459,0
DA:462,0
DA:463,0
DA:465,0
DA:466,0
LF:151
LH:0
BRDA:41,0,0,0
BRDA:51,1,0,0
BRDA:80,2,0,0
BRDA:88,3,0,0
BRDA:96,4,0,0
BRDA:99,5,0,0
BRDA:103,6,0,0
BRDA:103,6,1,0
BRDA:104,7,0,0
BRDA:104,7,1,0
BRDA:105,8,0,0
BRDA:105,8,1,0
BRDA:108,9,0,0
BRDA:108,9,1,0
BRDA:109,10,0,0
BRDA:109,10,1,0
BRDA:122,11,0,0
BRDA:140,12,0,0
BRDA:140,12,1,0
BRDA:163,13,0,0
BRDA:171,14,0,0
BRDA:179,15,0,0
BRDA:182,16,0,0
BRDA:186,17,0,0
BRDA:186,17,1,0
BRDA:187,18,0,0
BRDA:187,18,1,0
BRDA:188,19,0,0
BRDA:188,19,1,0
BRDA:191,20,0,0
BRDA:191,20,1,0
BRDA:192,21,0,0
BRDA:192,21,1,0
BRDA:205,22,0,0
BRDA:207,23,0,0
BRDA:210,24,0,0
BRDA:210,24,1,0
BRDA:212,25,0,0
BRDA:212,25,1,0
BRDA:215,26,0,0
BRDA:215,26,1,0
BRDA:223,27,0,0
BRDA:223,27,1,0
BRDA:246,28,0,0
BRDA:257,29,0,0
BRDA:259,30,0,0
BRDA:263,31,0,0
BRDA:263,31,1,0
BRDA:264,32,0,0
BRDA:264,32,1,0
BRDA:265,33,0,0
BRDA:265,33,1,0
BRDA:268,34,0,0
BRDA:268,34,1,0
BRDA:269,35,0,0
BRDA:269,35,1,0
BRDA:281,36,0,0
BRDA:284,37,0,0
BRDA:299,38,0,0
BRDA:299,38,1,0
BRDA:330,39,0,0
BRDA:333,40,0,0
BRDA:333,40,1,0
BRDA:333,40,2,0
BRDA:385,41,0,0
BRDA:385,41,1,0
BRDA:458,42,0,0
BRDA:465,43,0,0
BRDA:465,43,1,0
BRF:69
BRH:0
end_of_record
TN:
SF:src/providers/anthropic.ts
FN:14,(anonymous_0)
FN:18,(anonymous_1)
FN:26,(anonymous_2)
FN:27,(anonymous_3)
FN:68,(anonymous_4)
FN:74,(anonymous_5)
FN:75,(anonymous_6)
FN:103,(anonymous_7)
FN:104,(anonymous_8)
FN:128,(anonymous_9)
FN:135,(anonymous_10)
FN:152,(anonymous_11)
FN:163,(anonymous_12)
FN:164,(anonymous_13)
FN:171,(anonymous_14)
FNF:15
FNH:0
FNDA:0,(anonymous_0)
FNDA:0,(anonymous_1)
FNDA:0,(anonymous_2)
FNDA:0,(anonymous_3)
FNDA:0,(anonymous_4)
FNDA:0,(anonymous_5)
FNDA:0,(anonymous_6)
FNDA:0,(anonymous_7)
FNDA:0,(anonymous_8)
FNDA:0,(anonymous_9)
FNDA:0,(anonymous_10)
FNDA:0,(anonymous_11)
FNDA:0,(anonymous_12)
FNDA:0,(anonymous_13)
FNDA:0,(anonymous_14)
DA:10,0
DA:11,0
DA:12,0
DA:15,0
DA:19,0
DA:22,0
DA:25,0
DA:26,0
DA:27,0
DA:32,0
DA:33,0
DA:51,0
DA:57,0
DA:58,0
DA:59,0
DA:62,0
DA:64,0
DA:69,0
DA:71,0
DA:73,0
DA:74,0
DA:75,0
DA:80,0
DA:81,0
DA:101,0
DA:103,0
DA:104,0
DA:105,0
DA:106,0
DA:107,0
DA:108,0
DA:109,0
DA:110,0
DA:112,0
DA:113,0
DA:114,0
DA:115,0
DA:116,0
DA:117,0
DA:118,0
DA:128,0
DA:129,0
DA:135,0
DA:136,0
DA:141,0
DA:142,0
DA:143,0
DA:146,0
DA:148,0
DA:153,0
DA:161,0
DA:162,0
DA:163,0
DA:164,0
DA:168,0
DA:176,0
DA:183,0
DA:185,0
LF:58
LH:0
BRDA:15,0,0,0
BRDA:15,0,1,0
BRDA:22,1,0,0
BRDA:22,1,1,0
BRDA:28,2,0,0
BRDA:28,2,1,0
BRDA:57,3,0,0
BRDA:59,4,0,0
BRDA:59,4,1,0
BRDA:60,5,0,0
BRDA:60,5,1,0
BRDA:71,6,0,0
BRDA:71,6,1,0
BRDA:76,7,0,0
BRDA:76,7,1,0
BRDA:108,8,0,0
BRDA:110,9,0,0
BRDA:110,10,0,0
BRDA:110,10,1,0
BRDA:114,11,0,0
BRDA:114,12,0,0
BRDA:114,12,1,0
BRDA:115,13,0,0
BRDA:115,13,1,0
BRDA:116,14,0,0
BRDA:118,15,0,0
BRDA:141,16,0,0
BRDA:143,17,0,0
BRDA:143,17,1,0
BRDA:144,18,0,0
BRDA:144,18,1,0
BRDA:161,19,0,0
BRDA:161,20,0,0
BRDA:161,20,1,0
BRDA:164,21,0,0
BRDA:164,21,1,0
BRDA:183,22,0,0
BRF:37
BRH:0
end_of_record
TN:
SF:src/providers/base.ts
FN:16,(anonymous_0)
FN:28,(anonymous_1)
FN:36,(anonymous_2)
FN:40,(anonymous_3)
FN:47,(anonymous_4)
FN:48,(anonymous_5)
FNF:6
FNH:2
FNDA:3,(anonymous_0)
FNDA:0,(anonymous_1)
FNDA:1,(anonymous_2)
FNDA:0,(anonymous_3)
FNDA:0,(anonymous_4)
FNDA:0,(anonymous_5)
DA:17,3
DA:18,3
DA:19,3
DA:29,0
DA:30,0
DA:31,0
DA:33,0
DA:37,1
DA:41,0
DA:48,0
LF:10
LH:4
BRDA:30,0,0,0
BRDA:37,1,0,1
BRDA:37,1,1,0
BRF:3
BRH:1
end_of_record
TN:
SF:src/providers/chain.ts
FN:16,(anonymous_0)
FN:48,(anonymous_1)
FN:118,(anonymous_2)
FN:139,(anonymous_3)
FN:146,(anonymous_4)
FN:154,(anonymous_5)
FN:161,(anonymous_6)
FN:168,(anonymous_7)
FN:175,(anonymous_8)
FN:183,createDefaultChain
FNF:10
FNH:3
FNDA:3,(anonymous_0)
FNDA:0,(anonymous_1)
FNDA:0,(anonymous_2)
FNDA:1,(anonymous_3)
FNDA:2,(anonymous_4)
FNDA:0,(anonymous_5)
FNDA:0,(anonymous_6)
FNDA:0,(anonymous_7)
FNDA:0,(anonymous_8)
FNDA:0,createDefaultChain
DA:21,3
DA:22,3
DA:25,3
DA:30,3
DA:31,42
DA:32,42
DA:33,3
DA:38,3
DA:54,0
DA:55,0
DA:58,0
DA:61,0
DA:62,0
DA:63,0
DA:64,0
DA:69,0
DA:70,0
DA:72,0
DA:73,0
DA:76,0
DA:77,0
DA:80,0
DA:82,0
DA:83,0
DA:87,0
DA:94,0
DA:97,0
DA:98,0
DA:99,0
DA:100,0
DA:102,0
DA:103,0
DA:110,0
DA:123,0
DA:125,0
DA:126,0
DA:129,0
DA:130,0
DA:133,0
DA:140,1
DA:147,2
DA:148,2
DA:155,0
DA:162,0
DA:169,0
DA:176,0
DA:186,0
LF:47
LH:11
BRDA:32,0,0,3
BRDA:32,1,0,42
BRDA:32,1,1,42
BRDA:38,2,0,3
BRDA:38,2,1,3
BRDA:58,3,0,0
BRDA:58,3,1,0
BRDA:63,4,0,0
BRDA:63,5,0,0
BRDA:63,5,1,0
BRDA:72,6,0,0
BRDA:76,7,0,0
BRDA:83,8,0,0
BRDA:83,8,1,0
BRDA:83,9,0,0
BRDA:83,9,1,0
BRDA:94,10,0,0
BRDA:94,10,1,0
BRDA:98,11,0,0
BRDA:102,12,0,0
BRDA:102,13,0,0
BRDA:102,13,1,0
BRDA:125,14,0,0
BRDA:129,15,0,0
BRDA:148,16,0,2
BRDA:148,16,1,2
BRF:26
BRH:7
end_of_record
TN:
SF:src/providers/deepseek.ts
FN:14,(anonymous_0)
FN:18,(anonymous_1)
FN:27,(anonymous_2)
FN:61,(anonymous_3)
FN:66,(anonymous_4)
FNF:5
FNH:0
FNDA:0,(anonymous_0)
FNDA:0,(anonymous_1)
FNDA:0,(anonymous_2)
FNDA:0,(anonymous_3)
FNDA:0,(anonymous_4)
DA:11,0
DA:12,0
DA:15,0
DA:19,0
DA:21,0
DA:25,0
DA:27,0
DA:30,0
DA:31,0
DA:48,0
DA:54,0
DA:55,0
DA:57,0
DA:62,0
DA:63,0
DA:71,0
DA:77,0
DA:79,0
LF:18
LH:0
BRDA:15,0,0,0
BRDA:15,0,1,0
BRDA:21,1,0,0
BRDA:21,1,1,0
BRDA:54,2,0,0
BRDA:55,3,0,0
BRDA:55,3,1,0
BRDA:63,4,0,0
BRDA:63,4,1,0
BRDA:77,5,0,0
BRF:10
BRH:0
end_of_record
TN:
SF:src/providers/gemini.ts
FN:13,(anonymous_0)
FN:17,(anonymous_1)
FN:26,(anonymous_2)
FN:70,(anonymous_3)
FN:78,(anonymous_4)
FN:108,(anonymous_5)
FN:109,(anonymous_6)
FN:131,(anonymous_7)
FN:138,(anonymous_8)
FN:155,(anonymous_9)
FN:167,(anonymous_10)
FNF:11
FNH:0
FNDA:0,(anonymous_0)
FNDA:0,(anonymous_1)
FNDA:0,(anonymous_2)
FNDA:0,(anonymous_3)
FNDA:0,(anonymous_4)
FNDA:0,(anonymous_5)
FNDA:0,(anonymous_6)
FNDA:0,(anonymous_7)
FNDA:0,(anonymous_8)
FNDA:0,(anonymous_9)
FNDA:0,(anonymous_10)
DA:10,0
DA:11,0
DA:14,0
DA:18,0
DA:19,0
DA:22,0
DA:26,0
DA:31,0
DA:35,0
DA:36,0
DA:53,0
DA:59,0
DA:60,0
DA:61,0
DA:64,0
DA:66,0
DA:71,0
DA:72,0
DA:74,0
DA:78,0
DA:83,0
DA:87,0
DA:88,0
DA:106,0
DA:108,0
DA:109,0
DA:110,0
DA:111,0
DA:112,0
DA:113,0
DA:114,0
DA:115,0
DA:117,0
DA:118,0
DA:119,0
DA:120,0
DA:121,0
DA:122,0
DA:131,0
DA:132,0
DA:138,0
DA:139,0
DA:144,0
DA:145,0
DA:146,0
DA:149,0
DA:151,0
DA:156,0
DA:164,0
DA:172,0
DA:180,0
DA:182,0
LF:52
LH:0
BRDA:14,0,0,0
BRDA:14,0,1,0
BRDA:18,1,0,0
BRDA:18,1,1,0
BRDA:22,2,0,0
BRDA:22,2,1,0
BRDA:27,3,0,0
BRDA:27,3,1,0
BRDA:31,4,0,0
BRDA:31,4,1,0
BRDA:59,5,0,0
BRDA:61,6,0,0
BRDA:61,6,1,0
BRDA:62,7,0,0
BRDA:62,7,1,0
BRDA:71,8,0,0
BRDA:71,8,1,0
BRDA:74,9,0,0
BRDA:74,9,1,0
BRDA:79,10,0,0
BRDA:79,10,1,0
BRDA:83,11,0,0
BRDA:83,11,1,0
BRDA:113,12,0,0
BRDA:115,13,0,0
BRDA:115,14,0,0
BRDA:115,14,1,0
BRDA:119,15,0,0
BRDA:119,15,1,0
BRDA:120,16,0,0
BRDA:122,17,0,0
BRDA:144,18,0,0
BRDA:146,19,0,0
BRDA:146,19,1,0
BRDA:147,20,0,0
BRDA:147,20,1,0
BRDA:164,21,0,0
BRDA:164,21,1,0
BRDA:180,22,0,0
BRDA:183,23,0,0
BRDA:183,23,1,0
BRDA:184,24,0,0
BRDA:184,24,1,0
BRDA:185,25,0,0
BRDA:185,25,1,0
BRF:45
BRH:0
end_of_record
TN:
SF:src/providers/github-models.ts
FN:14,(anonymous_0)
FN:18,(anonymous_1)
FN:27,(anonymous_2)
FN:61,(anonymous_3)
FN:66,(anonymous_4)
FNF:5
FNH:0
FNDA:0,(anonymous_0)
FNDA:0,(anonymous_1)
FNDA:0,(anonymous_2)
FNDA:0,(anonymous_3)
FNDA:0,(anonymous_4)
DA:11,0
DA:12,0
DA:15,0
DA:19,0
DA:21,0
DA:25,0
DA:27,0
DA:30,0
DA:31,0
DA:48,0
DA:54,0
DA:55,0
DA:57,0
DA:62,0
DA:63,0
DA:71,0
DA:77,0
DA:79,0
LF:18
LH:0
BRDA:15,0,0,0
BRDA:15,0,1,0
BRDA:21,1,0,0
BRDA:21,1,1,0
BRDA:54,2,0,0
BRDA:55,3,0,0
BRDA:55,3,1,0
BRDA:63,4,0,0
BRDA:63,4,1,0
BRDA:77,5,0,0
BRF:10
BRH:0
end_of_record
TN:
SF:src/providers/groq.ts
FN:14,(anonymous_0)
FN:18,(anonymous_1)
FN:24,(anonymous_2)
FN:26,(anonymous_3)
FN:59,(anonymous_4)
FN:64,(anonymous_5)
FNF:6
FNH:0
FNDA:0,(anonymous_0)
FNDA:0,(anonymous_1)
FNDA:0,(anonymous_2)
FNDA:0,(anonymous_3)
FNDA:0,(anonymous_4)
FNDA:0,(anonymous_5)
DA:11,0
DA:12,0
DA:15,0
DA:19,0
DA:21,0
DA:24,0
DA:26,0
DA:28,0
DA:29,0
DA:46,0
DA:52,0
DA:53,0
DA:55,0
DA:60,0
DA:61,0
DA:69,0
DA:75,0
DA:77,0
LF:18
LH:0
BRDA:15,0,0,0
BRDA:15,0,1,0
BRDA:21,1,0,0
BRDA:21,1,1,0
BRDA:52,2,0,0
BRDA:53,3,0,0
BRDA:53,3,1,0
BRDA:61,4,0,0
BRDA:61,4,1,0
BRDA:75,5,0,0
BRF:10
BRH:0
end_of_record
TN:
SF:src/providers/huggingface.ts
FN:14,(anonymous_0)
FN:18,(anonymous_1)
FN:57,(anonymous_2)
FN:76,(anonymous_3)
FN:81,(anonymous_4)
FNF:5
FNH:0
FNDA:0,(anonymous_0)
FNDA:0,(anonymous_1)
FNDA:0,(anonymous_2)
FNDA:0,(anonymous_3)
FNDA:0,(anonymous_4)
DA:11,0
DA:12,0
DA:15,0
DA:19,0
DA:22,0
DA:24,0
DA:25,0
DA:44,0
DA:50,0
DA:51,0
DA:53,0
DA:58,0
DA:60,0
DA:61,0
DA:64,0
DA:65,0
DA:66,0
DA:67,0
DA:68,0
DA:72,0
DA:73,0
DA:77,0
DA:78,0
DA:83,0
LF:24
LH:0
BRDA:15,0,0,0
BRDA:15,0,1,0
BRDA:50,1,0,0
BRDA:51,2,0,0
BRDA:51,2,1,0
BRDA:60,3,0,0
BRDA:65,4,0,0
BRDA:65,4,1,0
BRDA:67,5,0,0
BRDA:78,6,0,0
BRDA:78,6,1,0
BRF:11
BRH:0
end_of_record
TN:
SF:src/providers/index.ts
FN:41,createProvider
FN:83,getAvailableProviders
FNF:2
FNH:1
FNDA:3,createProvider
FNDA:0,getAvailableProviders
DA:42,3
DA:43,3
DA:44,3
DA:46,3
DA:48,0
DA:50,0
DA:52,0
DA:54,0
DA:56,3
DA:58,0
DA:60,0
DA:62,0
DA:64,0
DA:66,0
DA:68,0
DA:70,0
DA:72,0
DA:74,0
DA:76,0
DA:84,0
LF:20
LH:5
BRDA:42,0,0,3
BRDA:42,0,1,3
BRDA:46,1,0,0
BRDA:46,1,1,0
BRDA:46,1,2,0
BRDA:46,1,3,0
BRDA:46,1,4,3
BRDA:46,1,5,0
BRDA:46,1,6,0
BRDA:46,1,7,0
BRDA:46,1,8,0
BRDA:46,1,9,0
BRDA:46,1,10,0
BRDA:46,1,11,0
BRDA:46,1,12,0
BRDA:46,1,13,0
BRDA:46,1,14,0
BRDA:54,2,0,0
BRDA:54,2,1,0
BRDA:56,3,0,3
BRDA:56,3,1,3
BRF:21
BRH:5
end_of_record
TN:
SF:src/providers/kimi.ts
FN:14,(anonymous_0)
FN:18,(anonymous_1)
FN:27,(anonymous_2)
FN:60,(anonymous_3)
FN:65,(anonymous_4)
FNF:5
FNH:0
FNDA:0,(anonymous_0)
FNDA:0,(anonymous_1)
FNDA:0,(anonymous_2)
FNDA:0,(anonymous_3)
FNDA:0,(anonymous_4)
DA:11,0
DA:12,0
DA:15,0
DA:19,0
DA:21,0
DA:25,0
DA:27,0
DA:30,0
DA:31,0
DA:47,0
DA:53,0
DA:54,0
DA:56,0
DA:61,0
DA:62,0
DA:70,0
DA:76,0
DA:78,0
LF:18
LH:0
BRDA:15,0,0,0
BRDA:15,0,1,0
BRDA:21,1,0,0
BRDA:21,1,1,0
BRDA:53,2,0,0
BRDA:54,3,0,0
BRDA:54,3,1,0
BRDA:62,4,0,0
BRDA:62,4,1,0
BRDA:76,5,0,0
BRF:10
BRH:0
end_of_record
TN:
SF:src/providers/mistral.ts
FN:14,(anonymous_0)
FN:18,(anonymous_1)
FN:24,(anonymous_2)
FN:26,(anonymous_3)
FN:59,(anonymous_4)
FN:64,(anonymous_5)
FNF:6
FNH:0
FNDA:0,(anonymous_0)
FNDA:0,(anonymous_1)
FNDA:0,(anonymous_2)
FNDA:0,(anonymous_3)
FNDA:0,(anonymous_4)
FNDA:0,(anonymous_5)
DA:11,0
DA:12,0
DA:15,0
DA:19,0
DA:21,0
DA:24,0
DA:26,0
DA:28,0
DA:29,0
DA:46,0
DA:52,0
DA:53,0
DA:55,0
DA:60,0
DA:61,0
DA:69,0
DA:75,0
DA:77,0
LF:18
LH:0
BRDA:15,0,0,0
BRDA:15,0,1,0
BRDA:21,1,0,0
BRDA:21,1,1,0
BRDA:52,2,0,0
BRDA:53,3,0,0
BRDA:53,3,1,0
BRDA:61,4,0,0
BRDA:61,4,1,0
BRDA:75,5,0,0
BRF:10
BRH:0
end_of_record
TN:
SF:src/providers/modelscope.ts
FN:14,(anonymous_0)
FN:18,(anonymous_1)
FN:27,(anonymous_2)
FN:62,(anonymous_3)
FN:74,(anonymous_4)
FNF:5
FNH:0
FNDA:0,(anonymous_0)
FNDA:0,(anonymous_1)
FNDA:0,(anonymous_2)
FNDA:0,(anonymous_3)
FNDA:0,(anonymous_4)
DA:11,0
DA:12,0
DA:15,0
DA:19,0
DA:21,0
DA:25,0
DA:27,0
DA:30,0
DA:31,0
DA:49,0
DA:55,0
DA:56,0
DA:58,0
DA:63,0
DA:71,0
DA:79,0
DA:87,0
DA:89,0
LF:18
LH:0
BRDA:15,0,0,0
BRDA:15,0,1,0
BRDA:21,1,0,0
BRDA:21,1,1,0
BRDA:52,2,0,0
BRDA:52,2,1,0
BRDA:55,3,0,0
BRDA:56,4,0,0
BRDA:56,4,1,0
BRDA:71,5,0,0
BRDA:71,5,1,0
BRDA:87,6,0,0
BRDA:90,7,0,0
BRDA:90,7,1,0
BRDA:91,8,0,0
BRDA:91,8,1,0
BRDA:92,9,0,0
BRDA:92,9,1,0
BRF:18
BRH:0
end_of_record
TN:
SF:src/providers/ollama.ts
FN:13,(anonymous_0)
FN:17,(anonymous_1)
FN:26,(anonymous_2)
FN:67,(anonymous_3)
FN:71,(anonymous_4)
FN:77,(anonymous_5)
FN:87,(anonymous_6)
FNF:7
FNH:1
FNDA:3,(anonymous_0)
FNDA:0,(anonymous_1)
FNDA:0,(anonymous_2)
FNDA:0,(anonymous_3)
FNDA:0,(anonymous_4)
FNDA:0,(anonymous_5)
FNDA:0,(anonymous_6)
DA:10,3
DA:11,3
DA:14,3
DA:18,0
DA:20,0
DA:24,0
DA:26,0
DA:29,0
DA:30,0
DA:48,0
DA:54,0
DA:55,0
DA:56,0
DA:58,0
DA:60,0
DA:68,0
DA:69,0
DA:70,0
DA:71,0
DA:73,0
DA:78,0
DA:84,0
DA:92,0
DA:97,0
DA:99,0
DA:100,0
DA:102,0
LF:27
LH:3
BRDA:13,0,0,0
BRDA:14,1,0,3
BRDA:14,1,1,2
BRDA:20,2,0,0
BRDA:20,2,1,0
BRDA:51,3,0,0
BRDA:51,3,1,0
BRDA:54,4,0,0
BRDA:55,5,0,0
BRDA:58,6,0,0
BRDA:58,6,1,0
BRDA:71,7,0,0
BRDA:71,7,1,0
BRDA:84,8,0,0
BRDA:84,8,1,0
BRDA:97,9,0,0
BRDA:97,10,0,0
BRDA:97,10,1,0
BRDA:99,11,0,0
BRDA:99,11,1,0
BRDA:100,12,0,0
BRDA:100,12,1,0
BRF:22
BRH:2
end_of_record
TN:
SF:src/providers/openai.ts
FN:13,(anonymous_0)
FN:17,(anonymous_1)
FN:60,(anonymous_2)
FN:94,(anonymous_3)
FN:95,(anonymous_4)
FN:117,(anonymous_5)
FN:124,(anonymous_6)
FN:137,(anonymous_7)
FN:138,(anonymous_8)
FN:144,(anonymous_9)
FN:149,(anonymous_10)
FNF:11
FNH:0
FNDA:0,(anonymous_0)
FNDA:0,(anonymous_1)
FNDA:0,(anonymous_2)
FNDA:0,(anonymous_3)
FNDA:0,(anonymous_4)
FNDA:0,(anonymous_5)
FNDA:0,(anonymous_6)
FNDA:0,(anonymous_7)
FNDA:0,(anonymous_8)
FNDA:0,(anonymous_9)
FNDA:0,(anonymous_10)
DA:10,0
DA:11,0
DA:14,0
DA:18,0
DA:20,0
DA:24,0
DA:29,0
DA:30,0
DA:47,0
DA:53,0
DA:54,0
DA:56,0
DA:61,0
DA:63,0
DA:67,0
DA:72,0
DA:73,0
DA:92,0
DA:94,0
DA:95,0
DA:96,0
DA:97,0
DA:98,0
DA:99,0
DA:100,0
DA:101,0
DA:103,0
DA:104,0
DA:105,0
DA:106,0
DA:107,0
DA:108,0
DA:117,0
DA:118,0
DA:124,0
DA:125,0
DA:130,0
DA:131,0
DA:133,0
DA:138,0
DA:145,0
DA:146,0
DA:154,0
DA:160,0
DA:162,0
LF:45
LH:0
BRDA:14,0,0,0
BRDA:14,0,1,0
BRDA:20,1,0,0
BRDA:20,1,1,0
BRDA:53,2,0,0
BRDA:54,3,0,0
BRDA:54,3,1,0
BRDA:63,4,0,0
BRDA:63,4,1,0
BRDA:99,5,0,0
BRDA:101,6,0,0
BRDA:105,7,0,0
BRDA:105,7,1,0
BRDA:106,8,0,0
BRDA:108,9,0,0
BRDA:130,10,0,0
BRDA:131,11,0,0
BRDA:131,11,1,0
BRDA:146,12,0,0
BRDA:146,12,1,0
BRDA:160,13,0,0
BRF:21
BRH:0
end_of_record
TN:
SF:src/providers/openrouter.ts
FN:14,(anonymous_0)
FN:18,(anonymous_1)
FN:24,(anonymous_2)
FN:26,(anonymous_3)
FN:61,(anonymous_4)
FN:66,(anonymous_5)
FNF:6
FNH:0
FNDA:0,(anonymous_0)
FNDA:0,(anonymous_1)
FNDA:0,(anonymous_2)
FNDA:0,(anonymous_3)
FNDA:0,(anonymous_4)
FNDA:0,(anonymous_5)
DA:11,0
DA:12,0
DA:15,0
DA:19,0
DA:21,0
DA:24,0
DA:26,0
DA:28,0
DA:29,0
DA:48,0
DA:54,0
DA:55,0
DA:57,0
DA:62,0
DA:63,0
DA:71,0
DA:77,0
DA:79,0
LF:18
LH:0
BRDA:15,0,0,0
BRDA:15,0,1,0
BRDA:21,1,0,0
BRDA:21,1,1,0
BRDA:54,2,0,0
BRDA:55,3,0,0
BRDA:55,3,1,0
BRDA:63,4,0,0
BRDA:63,4,1,0
BRDA:77,5,0,0
BRF:10
BRH:0
end_of_record
TN:
SF:src/providers/qwen.ts
FN:20,(anonymous_0)
FN:25,(anonymous_1)
FN:34,(anonymous_2)
FN:70,(anonymous_3)
FN:84,(anonymous_4)
FNF:5
FNH:0
FNDA:0,(anonymous_0)
FNDA:0,(anonymous_1)
FNDA:0,(anonymous_2)
FNDA:0,(anonymous_3)
FNDA:0,(anonymous_4)
DA:16,0
DA:18,0
DA:21,0
DA:22,0
DA:26,0
DA:28,0
DA:32,0
DA:34,0
DA:37,0
DA:38,0
DA:57,0
DA:63,0
DA:64,0
DA:66,0
DA:71,0
DA:81,0
DA:89,0
DA:97,0
DA:99,0
LF:19
LH:0
BRDA:21,0,0,0
BRDA:21,0,1,0
BRDA:28,1,0,0
BRDA:28,1,1,0
BRDA:60,2,0,0
BRDA:60,2,1,0
BRDA:63,3,0,0
BRDA:64,4,0,0
BRDA:64,4,1,0
BRDA:81,5,0,0
BRDA:81,5,1,0
BRDA:97,6,0,0
BRDA:100,7,0,0
BRDA:100,7,1,0
BRDA:101,8,0,0
BRDA:101,8,1,0
BRDA:102,9,0,0
BRDA:102,9,1,0
BRF:18
BRH:0
end_of_record
TN:
SF:src/providers/together.ts
FN:14,(anonymous_0)
FN:18,(anonymous_1)
FN:24,(anonymous_2)
FN:26,(anonymous_3)
FN:59,(anonymous_4)
FN:64,(anonymous_5)
FNF:6
FNH:0
FNDA:0,(anonymous_0)
FNDA:0,(anonymous_1)
FNDA:0,(anonymous_2)
FNDA:0,(anonymous_3)
FNDA:0,(anonymous_4)
FNDA:0,(anonymous_5)
DA:11,0
DA:12,0
DA:15,0
DA:19,0
DA:21,0
DA:24,0
DA:26,0
DA:28,0
DA:29,0
DA:46,0
DA:52,0
DA:53,0
DA:55,0
DA:60,0
DA:61,0
DA:69,0
DA:75,0
DA:77,0
LF:18
LH:0
BRDA:15,0,0,0
BRDA:15,0,1,0
BRDA:21,1,0,0
BRDA:21,1,1,0
BRDA:52,2,0,0
BRDA:53,3,0,0
BRDA:53,3,1,0
BRDA:61,4,0,0
BRDA:61,4,1,0
BRDA:75,5,0,0
BRF:10
BRH:0
end_of_record
TN:
SF:src/state/manager.ts
FN:58,(anonymous_0)
FN:79,(anonymous_1)
FN:93,(anonymous_2)
FN:107,(anonymous_3)
FN:119,(anonymous_4)
FN:131,(anonymous_5)
FN:138,(anonymous_6)
FN:148,(anonymous_7)
FN:166,(anonymous_8)
FN:185,(anonymous_9)
FN:196,(anonymous_10)
FN:203,(anonymous_11)
FN:216,(anonymous_12)
FN:224,(anonymous_13)
FN:235,(anonymous_14)
FN:277,(anonymous_15)
FN:291,(anonymous_16)
FN:305,(anonymous_17)
FN:313,(anonymous_18)
FN:322,getStateManager
FNF:20
FNH:0
FNDA:0,(anonymous_0)
FNDA:0,(anonymous_1)
FNDA:0,(anonymous_2)
FNDA:0,(anonymous_3)
FNDA:0,(anonymous_4)
FNDA:0,(anonymous_5)
FNDA:0,(anonymous_6)
FNDA:0,(anonymous_7)
FNDA:0,(anonymous_8)
FNDA:0,(anonymous_9)
FNDA:0,(anonymous_10)
FNDA:0,(anonymous_11)
FNDA:0,(anonymous_12)
FNDA:0,(anonymous_13)
FNDA:0,(anonymous_14)
FNDA:0,(anonymous_15)
FNDA:0,(anonymous_16)
FNDA:0,(anonymous_17)
FNDA:0,(anonymous_18)
FNDA:0,getStateManager
DA:40,0
DA:59,0
DA:60,0
DA:61,0
DA:63,0
DA:81,0
DA:82,0
DA:83,0
DA:84,0
DA:87,0
DA:94,0
DA:95,0
DA:96,0
DA:97,0
DA:100,0
DA:108,0
DA:109,0
DA:110,0
DA:112,0
DA:120,0
DA:121,0
DA:122,0
DA:124,0
DA:132,0
DA:139,0
DA:140,0
DA:141,0
DA:149,0
DA:156,0
DA:167,0
DA:175,0
DA:186,0
DA:197,0
DA:204,0
DA:217,0
DA:218,0
DA:219,0
DA:222,0
DA:223,0
DA:224,0
DA:226,0
DA:228,0
DA:241,0
DA:248,0
DA:249,0
DA:251,0
DA:252,0
DA:255,0
DA:256,0
DA:258,0
DA:259,0
DA:262,0
DA:263,0
DA:264,0
DA:265,0
DA:266,0
DA:267,0
DA:271,0
DA:278,0
DA:279,0
DA:280,0
DA:285,0
DA:292,0
DA:293,0
DA:294,0
DA:299,0
DA:306,0
DA:307,0
DA:314,0
DA:315,0
DA:320,0
DA:323,0
DA:324,0
DA:326,0
LF:74
LH:0
BRDA:95,0,0,0
BRDA:140,1,0,0
BRDA:169,2,0,0
BRDA:169,2,1,0
BRDA:170,3,0,0
BRDA:170,3,1,0
BRDA:177,4,0,0
BRDA:177,4,1,0
BRDA:216,5,0,0
BRDA:218,6,0,0
BRDA:264,7,0,0
BRDA:323,8,0,0
BRF:12
BRH:0
end_of_record
TN:
SF:src/storage/approvals.ts
FN:61,(anonymous_0)
FN:82,(anonymous_1)
FN:116,(anonymous_2)
FN:125,(anonymous_3)
FN:129,(anonymous_4)
FN:135,(anonymous_5)
FN:165,(anonymous_6)
FN:191,(anonymous_7)
FN:194,(anonymous_8)
FN:201,(anonymous_9)
FN:205,(anonymous_10)
FN:206,(anonymous_11)
FN:212,(anonymous_12)
FN:215,(anonymous_13)
FN:227,(anonymous_14)
FN:236,(anonymous_15)
FN:243,(anonymous_16)
FN:250,(anonymous_17)
FN:255,(anonymous_18)
FN:274,(anonymous_19)
FN:278,(anonymous_20)
FN:287,(anonymous_21)
FN:290,(anonymous_22)
FN:302,(anonymous_23)
FN:309,(anonymous_24)
FN:318,(anonymous_25)
FN:331,(anonymous_26)
FN:337,(anonymous_27)
FN:338,(anonymous_28)
FN:346,(anonymous_29)
FN:356,getApprovalsStore
FNF:31
FNH:29
FNDA:31,(anonymous_0)
FNDA:31,(anonymous_1)
FNDA:72,(anonymous_2)
FNDA:31,(anonymous_3)
FNDA:960,(anonymous_4)
FNDA:19,(anonymous_5)
FNDA:4,(anonymous_6)
FNDA:4,(anonymous_7)
FNDA:1,(anonymous_8)
FNDA:5,(anonymous_9)
FNDA:6,(anonymous_10)
FNDA:3,(anonymous_11)
FNDA:11,(anonymous_12)
FNDA:9,(anonymous_13)
FNDA:10,(anonymous_14)
FNDA:6,(anonymous_15)
FNDA:1,(anonymous_16)
FNDA:7,(anonymous_17)
FNDA:42,(anonymous_18)
FNDA:1,(anonymous_19)
FNDA:10,(anonymous_20)
FNDA:1,(anonymous_21)
FNDA:9,(anonymous_22)
FNDA:1,(anonymous_23)
FNDA:33,(anonymous_24)
FNDA:4,(anonymous_25)
FNDA:137,(anonymous_26)
FNDA:137,(anonymous_27)
FNDA:137,(anonymous_28)
FNDA:0,(anonymous_29)
FNDA:0,getApprovalsStore
DA:47,1
DA:59,31
DA:63,31
DA:64,0
DA:67,31
DA:68,31
DA:83,31
DA:85,31
DA:86,31
DA:87,31
DA:88,0
DA:98,31
DA:99,31
DA:100,31
DA:102,0
DA:103,0
DA:108,0
DA:109,0
DA:117,72
DA:118,0
DA:126,31
DA:128,31
DA:129,960
DA:140,19
DA:142,19
DA:151,19
DA:154,19
DA:155,0
DA:158,19
DA:159,19
DA:166,4
DA:168,4
DA:169,16
DA:172,15
DA:173,15
DA:176,3
DA:177,0
DA:178,0
DA:179,0
DA:182,3
DA:185,1
DA:192,4
DA:194,4
DA:195,4
DA:202,5
DA:204,5
DA:205,6
DA:206,3
DA:213,11
DA:215,11
DA:216,11
DA:217,2
DA:220,9
DA:221,9
DA:224,9
DA:227,10
DA:229,9
DA:230,9
DA:237,6
DA:244,1
DA:251,7
DA:254,7
DA:255,42
DA:258,7
DA:259,6
DA:262,1
DA:268,1
DA:275,1
DA:277,1
DA:278,10
DA:281,1
DA:288,1
DA:290,9
DA:291,1
DA:292,1
DA:295,0
DA:296,0
DA:303,1
DA:310,33
DA:311,33
DA:312,33
DA:324,4
DA:325,0
DA:328,4
DA:329,4
DA:331,4
DA:332,137
DA:335,4
DA:337,137
DA:338,137
DA:347,0
DA:354,1
DA:357,0
DA:358,0
DA:360,0
LF:95
LH:77
BRDA:63,0,0,0
BRDA:83,1,0,0
BRDA:87,2,0,0
BRDA:117,3,0,0
BRDA:126,4,0,0
BRDA:154,5,0,0
BRDA:166,6,0,0
BRDA:169,7,0,1
BRDA:173,8,0,12
BRDA:176,9,0,0
BRDA:176,10,0,3
BRDA:176,10,1,1
BRDA:179,11,0,0
BRDA:192,12,0,0
BRDA:195,13,0,1
BRDA:195,13,1,3
BRDA:195,14,0,4
BRDA:195,14,1,1
BRDA:202,15,0,0
BRDA:216,16,0,2
BRDA:216,17,0,11
BRDA:216,17,1,9
BRDA:220,18,0,7
BRDA:220,18,1,2
BRDA:255,19,0,42
BRDA:255,19,1,6
BRDA:258,20,0,6
BRDA:291,21,0,1
BRDA:303,22,0,1
BRDA:303,22,1,0
BRDA:324,23,0,0
BRDA:332,24,0,137
BRDA:332,24,1,137
BRDA:357,25,0,0
BRF:34
BRH:20
end_of_record
TN:
SF:src/storage/brain.ts
FN:46,searchMemoriesByText
FN:50,(anonymous_1)
FN:53,(anonymous_2)
FN:60,sortByRelevance
FN:62,(anonymous_4)
FN:67,(anonymous_5)
FN:79,(anonymous_6)
FN:80,(anonymous_7)
FN:87,(anonymous_8)
FN:88,(anonymous_9)
FN:98,(anonymous_10)
FN:113,(anonymous_11)
FN:142,(anonymous_12)
FN:151,(anonymous_13)
FN:155,(anonymous_14)
FN:189,(anonymous_15)
FN:200,(anonymous_16)
FN:204,(anonymous_17)
FN:220,(anonymous_18)
FN:228,(anonymous_19)
FN:235,(anonymous_20)
FN:236,(anonymous_21)
FN:247,(anonymous_22)
FN:251,(anonymous_23)
FN:252,(anonymous_24)
FN:258,(anonymous_25)
FN:261,(anonymous_26)
FN:273,(anonymous_27)
FN:277,(anonymous_28)
FN:292,(anonymous_29)
FN:308,(anonymous_30)
FN:353,(anonymous_31)
FN:360,(anonymous_32)
FN:372,(anonymous_33)
FN:397,(anonymous_34)
FN:407,getBrainStore
FNF:36
FNH:16
FNDA:0,searchMemoriesByText
FNDA:0,(anonymous_1)
FNDA:0,(anonymous_2)
FNDA:0,sortByRelevance
FNDA:0,(anonymous_4)
FNDA:0,(anonymous_5)
FNDA:0,(anonymous_6)
FNDA:0,(anonymous_7)
FNDA:0,(anonymous_8)
FNDA:0,(anonymous_9)
FNDA:32,(anonymous_10)
FNDA:32,(anonymous_11)
FNDA:1167,(anonymous_12)
FNDA:52,(anonymous_13)
FNDA:39,(anonymous_14)
FNDA:50,(anonymous_15)
FNDA:12,(anonymous_16)
FNDA:11,(anonymous_17)
FNDA:2,(anonymous_18)
FNDA:0,(anonymous_19)
FNDA:0,(anonymous_20)
FNDA:0,(anonymous_21)
FNDA:0,(anonymous_22)
FNDA:0,(anonymous_23)
FNDA:0,(anonymous_24)
FNDA:0,(anonymous_25)
FNDA:0,(anonymous_26)
FNDA:1111,(anonymous_27)
FNDA:144,(anonymous_28)
FNDA:4,(anonymous_29)
FNDA:2,(anonymous_30)
FNDA:1,(anonymous_31)
FNDA:4,(anonymous_32)
FNDA:1,(anonymous_33)
FNDA:0,(anonymous_34)
FNDA:0,getBrainStore
DA:38,1
DA:47,0
DA:49,0
DA:50,0
DA:51,0
DA:53,0
DA:61,0
DA:62,0
DA:65,0
DA:67,0
DA:68,0
DA:71,0
DA:73,0
DA:76,0
DA:79,0
DA:80,0
DA:83,0
DA:85,0
DA:87,0
DA:88,0
DA:96,32
DA:100,32
DA:101,0
DA:104,32
DA:105,32
DA:114,32
DA:116,32
DA:117,32
DA:118,32
DA:119,0
DA:121,32
DA:122,31
DA:125,31
DA:126,0
DA:127,0
DA:128,0
DA:129,0
DA:132,32
DA:133,32
DA:134,32
DA:135,32
DA:143,1167
DA:144,0
DA:152,52
DA:155,52
DA:157,52
DA:159,2
DA:160,2
DA:161,2
DA:162,2
DA:163,2
DA:167,50
DA:177,50
DA:178,50
DA:181,50
DA:183,50
DA:190,50
DA:191,0
DA:192,0
DA:193,0
DA:201,12
DA:203,12
DA:204,11
DA:207,12
DA:209,10
DA:210,10
DA:211,10
DA:214,12
DA:221,2
DA:222,2
DA:229,0
DA:231,0
DA:234,0
DA:235,0
DA:236,0
DA:241,0
DA:248,0
DA:250,0
DA:251,0
DA:252,0
DA:259,0
DA:261,0
DA:263,0
DA:264,0
DA:267,0
DA:274,1111
DA:276,1111
DA:277,144
DA:280,1111
DA:281,1060
DA:284,51
DA:285,51
DA:286,51
DA:293,4
DA:295,4
DA:296,4
DA:297,4
DA:298,7
DA:302,4
DA:314,2
DA:315,1
DA:323,1
DA:324,1
DA:325,1
DA:326,1
DA:328,1
DA:329,2
DA:330,2
DA:333,2
DA:334,0
DA:337,2
DA:338,0
DA:342,1
DA:354,1
DA:361,4
DA:363,4
DA:364,4
DA:366,3
DA:367,1
DA:371,2
DA:372,1
DA:375,2
DA:376,2
DA:377,3
DA:378,2
DA:383,2
DA:387,2
DA:388,2
DA:390,2
DA:398,0
DA:405,1
DA:408,0
DA:409,0
DA:411,0
LF:134
LH:84
BRDA:47,0,0,0
BRDA:51,1,0,0
BRDA:51,1,1,0
BRDA:51,1,2,0
BRDA:61,2,0,0
BRDA:71,3,0,0
BRDA:71,3,1,0
BRDA:73,4,0,0
BRDA:76,5,0,0
BRDA:79,6,0,0
BRDA:79,6,1,0
BRDA:80,7,0,0
BRDA:100,8,0,0
BRDA:114,9,0,0
BRDA:118,10,0,0
BRDA:126,11,0,0
BRDA:143,12,0,0
BRDA:151,13,0,18
BRDA:157,14,0,2
BRDA:160,15,0,1
BRDA:160,15,1,1
BRDA:191,16,0,0
BRDA:201,17,0,0
BRDA:207,18,0,10
BRDA:214,19,0,12
BRDA:214,19,1,2
BRDA:222,20,0,2
BRDA:222,20,1,0
BRDA:229,21,0,0
BRDA:234,22,0,0
BRDA:234,23,0,0
BRDA:234,23,1,0
BRDA:248,24,0,0
BRDA:259,25,0,0
BRDA:263,26,0,0
BRDA:280,27,0,1060
BRDA:293,28,0,0
BRDA:314,29,0,1
BRDA:314,30,0,2
BRDA:314,30,1,2
BRDA:333,31,0,0
BRDA:337,32,0,0
BRDA:366,33,0,1
BRDA:366,34,0,3
BRDA:366,34,1,2
BRDA:377,35,0,2
BRDA:380,36,0,2
BRDA:380,36,1,0
BRDA:408,37,0,0
BRF:49
BRH:17
end_of_record
TN:
SF:src/storage/mcp.ts
FN:27,loadMCPConfig
FN:46,saveMCPConfig
FN:59,addMCPServer
FN:80,removeMCPServer
FN:89,setMCPServerEnabled
FN:105,listMCPServers
FN:107,(anonymous_6)
FN:117,installMCPSkill
FN:134,listMCPSkills
FN:143,(anonymous_9)
FN:144,(anonymous_10)
FN:161,(anonymous_11)
FN:162,(anonymous_12)
FNF:13
FNH:0
FNDA:0,loadMCPConfig
FNDA:0,saveMCPConfig
FNDA:0,addMCPServer
FNDA:0,removeMCPServer
FNDA:0,setMCPServerEnabled
FNDA:0,listMCPServers
FNDA:0,(anonymous_6)
FNDA:0,installMCPSkill
FNDA:0,listMCPSkills
FNDA:0,(anonymous_9)
FNDA:0,(anonymous_10)
FNDA:0,(anonymous_11)
FNDA:0,(anonymous_12)
DA:8,1
DA:22,1
DA:28,0
DA:29,0
DA:30,0
DA:31,0
DA:32,0
DA:33,0
DA:40,0
DA:47,0
DA:49,0
DA:50,0
DA:53,0
DA:64,0
DA:67,0
DA:74,0
DA:81,0
DA:82,0
DA:83,0
DA:93,0
DA:94,0
DA:95,0
DA:96,0
DA:98,0
DA:106,0
DA:107,0
DA:118,0
DA:120,0
DA:121,0
DA:124,0
DA:125,0
DA:127,0
DA:135,0
DA:137,0
DA:139,0
DA:140,0
DA:141,0
DA:142,0
DA:143,0
DA:145,0
DA:146,0
DA:147,0
DA:150,0
DA:157,1
DA:161,0
DA:162,0
LF:46
LH:3
BRDA:29,0,0,0
BRDA:32,1,0,0
BRDA:49,2,0,0
BRDA:94,3,0,0
BRDA:94,3,1,0
BRDA:120,4,0,0
BRDA:137,5,0,0
BRDA:143,6,0,0
BRDA:143,6,1,0
BRF:9
BRH:0
end_of_record
TN:
SF:src/storage/sessions.ts
FN:29,calculateTokenCount
FN:30,(anonymous_1)
FN:37,generateSessionId
FN:44,isSessionExpired
FN:56,(anonymous_4)
FN:72,(anonymous_5)
FN:98,(anonymous_6)
FN:107,(anonymous_7)
FN:121,(anonymous_8)
FN:126,(anonymous_9)
FN:137,(anonymous_10)
FN:144,(anonymous_11)
FN:155,(anonymous_12)
FN:178,(anonymous_13)
FN:180,(anonymous_14)
FN:186,(anonymous_15)
FN:191,(anonymous_16)
FN:203,(anonymous_17)
FN:221,(anonymous_18)
FN:247,(anonymous_19)
FN:252,(anonymous_20)
FN:265,(anonymous_21)
FN:275,(anonymous_22)
FN:287,(anonymous_23)
FN:297,(anonymous_24)
FN:313,(anonymous_25)
FN:326,(anonymous_26)
FN:341,(anonymous_27)
FN:353,(anonymous_28)
FN:366,(anonymous_29)
FN:367,(anonymous_30)
FN:383,(anonymous_31)
FN:393,getSessionStore
FNF:33
FNH:23
FNDA:9,calculateTokenCount
FNDA:9,(anonymous_1)
FNDA:19,generateSessionId
FNDA:0,isSessionExpired
FNDA:24,(anonymous_4)
FNDA:24,(anonymous_5)
FNDA:83,(anonymous_6)
FNDA:0,(anonymous_7)
FNDA:23,(anonymous_8)
FNDA:0,(anonymous_9)
FNDA:0,(anonymous_10)
FNDA:0,(anonymous_11)
FNDA:19,(anonymous_12)
FNDA:21,(anonymous_13)
FNDA:15,(anonymous_14)
FNDA:4,(anonymous_15)
FNDA:3,(anonymous_16)
FNDA:2,(anonymous_17)
FNDA:6,(anonymous_18)
FNDA:2,(anonymous_19)
FNDA:2,(anonymous_20)
FNDA:50,(anonymous_21)
FNDA:2,(anonymous_22)
FNDA:4,(anonymous_23)
FNDA:2,(anonymous_24)
FNDA:0,(anonymous_25)
FNDA:0,(anonymous_26)
FNDA:0,(anonymous_27)
FNDA:2,(anonymous_28)
FNDA:1,(anonymous_29)
FNDA:1,(anonymous_30)
FNDA:0,(anonymous_31)
FNDA:0,getSessionStore
DA:17,1
DA:30,9
DA:31,9
DA:38,19
DA:45,0
DA:46,0
DA:54,24
DA:58,24
DA:59,0
DA:62,24
DA:63,24
DA:73,24
DA:75,23
DA:76,23
DA:78,23
DA:79,0
DA:82,23
DA:83,23
DA:84,23
DA:87,0
DA:88,0
DA:89,0
DA:90,0
DA:91,0
DA:99,83
DA:100,0
DA:108,0
DA:109,0
DA:110,0
DA:111,0
DA:112,0
DA:122,23
DA:124,23
DA:125,23
DA:126,0
DA:128,23
DA:130,23
DA:131,0
DA:135,23
DA:137,0
DA:138,0
DA:142,23
DA:143,0
DA:144,0
DA:146,0
DA:147,0
DA:156,19
DA:158,19
DA:168,19
DA:169,19
DA:170,19
DA:172,19
DA:179,21
DA:180,21
DA:187,4
DA:189,4
DA:191,4
DA:193,4
DA:194,1
DA:197,4
DA:204,2
DA:206,2
DA:207,2
DA:208,0
DA:211,2
DA:212,2
DA:213,2
DA:215,2
DA:222,6
DA:224,6
DA:225,6
DA:226,1
DA:229,5
DA:235,5
DA:236,5
DA:237,5
DA:239,5
DA:241,5
DA:248,2
DA:250,2
DA:252,2
DA:255,2
DA:256,2
DA:259,2
DA:266,50
DA:268,50
DA:269,50
DA:276,2
DA:277,2
DA:278,1
DA:281,1
DA:288,4
DA:289,2
DA:291,2
DA:298,2
DA:300,2
DA:301,2
DA:302,2
DA:305,0
DA:306,0
DA:307,0
DA:314,0
DA:316,0
DA:317,0
DA:318,0
DA:320,0
DA:327,0
DA:329,0
DA:330,0
DA:331,0
DA:332,0
DA:333,0
DA:334,0
DA:342,0
DA:344,0
DA:345,0
DA:346,0
DA:359,2
DA:361,2
DA:362,0
DA:365,2
DA:366,2
DA:367,2
DA:369,2
DA:370,2
DA:372,2
DA:384,0
DA:391,1
DA:394,0
DA:395,0
DA:397,0
DA:403,1
LF:132
LH:84
BRDA:44,0,0,0
BRDA:58,1,0,0
BRDA:73,2,0,1
BRDA:78,3,0,0
BRDA:99,4,0,0
BRDA:122,5,0,0
BRDA:130,6,0,0
BRDA:135,7,0,0
BRDA:142,8,0,0
BRDA:146,9,0,0
BRDA:155,10,0,18
BRDA:160,11,0,19
BRDA:160,11,1,0
BRDA:179,12,0,0
BRDA:180,13,0,21
BRDA:180,13,1,6
BRDA:187,14,0,0
BRDA:193,15,0,1
BRDA:207,16,0,0
BRDA:225,17,0,1
BRDA:250,18,0,0
BRDA:255,19,0,2
BRDA:277,20,0,1
BRDA:288,21,0,2
BRDA:288,22,0,4
BRDA:288,22,1,4
BRDA:301,23,0,2
BRDA:317,24,0,0
BRDA:330,25,0,0
BRDA:345,26,0,0
BRDA:361,27,0,0
BRDA:367,28,0,1
BRDA:367,28,1,0
BRDA:370,29,0,2
BRDA:370,29,1,1
BRDA:394,30,0,0
BRF:36
BRH:16
end_of_record
TN:
SF:src/storage/tracks.ts
FN:54,(anonymous_0)
FN:70,(anonymous_1)
FN:91,(anonymous_2)
FN:100,(anonymous_3)
FN:128,(anonymous_4)
FN:130,(anonymous_5)
FN:136,(anonymous_6)
FN:146,(anonymous_7)
FN:160,(anonymous_8)
FN:163,(anonymous_9)
FN:175,(anonymous_10)
FN:191,(anonymous_11)
FN:195,(anonymous_12)
FN:210,(anonymous_13)
FN:230,(anonymous_14)
FN:233,(anonymous_15)
FN:257,(anonymous_16)
FN:274,(anonymous_17)
FN:282,(anonymous_18)
FN:299,(anonymous_19)
FN:309,(anonymous_20)
FN:315,(anonymous_21)
FN:325,(anonymous_22)
FN:336,(anonymous_23)
FN:368,(anonymous_24)
FN:378,getTracksStore
FNF:26
FNH:0
FNDA:0,(anonymous_0)
FNDA:0,(anonymous_1)
FNDA:0,(anonymous_2)
FNDA:0,(anonymous_3)
FNDA:0,(anonymous_4)
FNDA:0,(anonymous_5)
FNDA:0,(anonymous_6)
FNDA:0,(anonymous_7)
FNDA:0,(anonymous_8)
FNDA:0,(anonymous_9)
FNDA:0,(anonymous_10)
FNDA:0,(anonymous_11)
FNDA:0,(anonymous_12)
FNDA:0,(anonymous_13)
FNDA:0,(anonymous_14)
FNDA:0,(anonymous_15)
FNDA:0,(anonymous_16)
FNDA:0,(anonymous_17)
FNDA:0,(anonymous_18)
FNDA:0,(anonymous_19)
FNDA:0,(anonymous_20)
FNDA:0,(anonymous_21)
FNDA:0,(anonymous_22)
FNDA:0,(anonymous_23)
FNDA:0,(anonymous_24)
FNDA:0,getTracksStore
DA:42,0
DA:52,0
DA:56,0
DA:57,0
DA:60,0
DA:61,0
DA:71,0
DA:73,0
DA:74,0
DA:75,0
DA:76,0
DA:78,0
DA:79,0
DA:81,0
DA:82,0
DA:83,0
DA:84,0
DA:92,0
DA:93,0
DA:101,0
DA:103,0
DA:114,0
DA:117,0
DA:118,0
DA:121,0
DA:122,0
DA:129,0
DA:130,0
DA:137,0
DA:138,0
DA:140,0
DA:147,0
DA:149,0
DA:150,0
DA:152,0
DA:154,0
DA:161,0
DA:163,0
DA:165,0
DA:166,0
DA:169,0
DA:176,0
DA:178,0
DA:179,0
DA:180,0
DA:183,0
DA:184,0
DA:185,0
DA:192,0
DA:194,0
DA:195,0
DA:198,0
DA:199,0
DA:202,0
DA:203,0
DA:204,0
DA:211,0
DA:213,0
DA:214,0
DA:215,0
DA:218,0
DA:223,0
DA:224,0
DA:231,0
DA:233,0
DA:234,0
DA:235,0
DA:239,0
DA:240,0
DA:243,0
DA:246,0
DA:247,0
DA:250,0
DA:251,0
DA:258,0
DA:260,0
DA:261,0
DA:262,0
DA:265,0
DA:266,0
DA:267,0
DA:268,0
DA:275,0
DA:276,0
DA:283,0
DA:285,0
DA:286,0
DA:287,0
DA:290,0
DA:291,0
DA:292,0
DA:293,0
DA:304,0
DA:305,0
DA:308,0
DA:309,0
DA:312,0
DA:315,0
DA:326,0
DA:327,0
DA:328,0
DA:330,0
DA:337,0
DA:339,0
DA:340,0
DA:342,0
DA:343,0
DA:346,0
DA:357,0
DA:358,0
DA:359,0
DA:361,0
DA:369,0
DA:376,0
DA:379,0
DA:380,0
DA:382,0
LF:117
LH:0
BRDA:56,0,0,0
BRDA:71,1,0,0
BRDA:75,2,0,0
BRDA:92,3,0,0
BRDA:117,4,0,0
BRDA:129,5,0,0
BRDA:130,6,0,0
BRDA:130,6,1,0
BRDA:137,7,0,0
BRDA:137,8,0,0
BRDA:137,8,1,0
BRDA:150,9,0,0
BRDA:161,10,0,0
BRDA:165,11,0,0
BRDA:179,12,0,0
BRDA:198,13,0,0
BRDA:214,14,0,0
BRDA:234,15,0,0
BRDA:239,16,0,0
BRDA:246,17,0,0
BRDA:261,18,0,0
BRDA:276,19,0,0
BRDA:276,19,1,0
BRDA:286,20,0,0
BRDA:304,21,0,0
BRDA:314,22,0,0
BRDA:314,22,1,0
BRDA:317,23,0,0
BRDA:317,23,1,0
BRDA:327,24,0,0
BRDA:342,25,0,0
BRDA:353,26,0,0
BRDA:353,26,1,0
BRDA:354,27,0,0
BRDA:354,27,1,0
BRDA:379,28,0,0
BRF:36
BRH:0
end_of_record
TN:
SF:src/storage/external/box.ts
FN:18,(anonymous_0)
FN:28,(anonymous_1)
FN:52,(anonymous_2)
FN:61,(anonymous_3)
FN:81,(anonymous_4)
FN:87,(anonymous_5)
FN:95,(anonymous_6)
FN:97,(anonymous_7)
FN:98,(anonymous_8)
FN:103,(anonymous_9)
FN:114,(anonymous_10)
FN:137,getBoxStore
FNF:12
FNH:2
FNDA:81,(anonymous_0)
FNDA:0,(anonymous_1)
FNDA:0,(anonymous_2)
FNDA:0,(anonymous_3)
FNDA:0,(anonymous_4)
FNDA:0,(anonymous_5)
FNDA:0,(anonymous_6)
FNDA:0,(anonymous_7)
FNDA:0,(anonymous_8)
FNDA:0,(anonymous_9)
FNDA:0,(anonymous_10)
FNDA:81,getBoxStore
DA:2,1
DA:3,1
DA:15,81
DA:16,81
DA:19,81
DA:29,0
DA:30,0
DA:31,0
DA:34,0
DA:35,0
DA:36,0
DA:39,0
DA:41,0
DA:42,0
DA:44,0
DA:45,0
DA:53,0
DA:55,0
DA:56,0
DA:57,0
DA:60,0
DA:61,0
DA:63,0
DA:65,0
DA:68,0
DA:71,0
DA:73,0
DA:74,0
DA:82,0
DA:84,0
DA:85,0
DA:86,0
DA:87,0
DA:89,0
DA:90,0
DA:93,0
DA:95,0
DA:96,0
DA:97,0
DA:98,0
DA:99,0
DA:100,0
DA:101,0
DA:103,0
DA:106,0
DA:107,0
DA:115,0
DA:117,0
DA:118,0
DA:119,0
DA:125,0
DA:135,1
DA:138,81
DA:139,81
DA:141,0
LF:55
LH:8
BRDA:3,0,0,1
BRDA:3,0,1,1
BRDA:3,0,2,1
BRDA:30,1,0,0
BRDA:30,2,0,0
BRDA:30,2,1,0
BRDA:30,2,2,0
BRDA:36,3,0,0
BRDA:36,3,1,0
BRDA:53,4,0,0
BRDA:53,5,0,0
BRDA:53,5,1,0
BRDA:63,6,0,0
BRDA:63,6,1,0
BRDA:82,7,0,0
BRDA:82,8,0,0
BRDA:82,8,1,0
BRDA:89,9,0,0
BRDA:115,10,0,0
BRDA:115,11,0,0
BRDA:115,11,1,0
BRDA:138,12,0,81
BRF:22
BRH:4
end_of_record
TN:
SF:src/tools/browser.ts
FN:24,getBrowser
FN:49,browserNavigate
FN:78,browserScreenshot
FN:110,browserClick
FN:131,browserType
FN:156,browserExtract
FN:162,(anonymous_6)
FN:162,(anonymous_7)
FN:164,(anonymous_8)
FN:182,browserGetLinks
FN:186,(anonymous_10)
FN:188,(anonymous_11)
FN:192,(anonymous_12)
FN:210,browserSearchGoogle
FN:218,browserClose
FN:236,registerCleanupHandlers
FN:237,(anonymous_16)
FN:246,(anonymous_17)
FN:249,(anonymous_18)
FN:254,(anonymous_19)
FN:260,(anonymous_20)
FNF:21
FNH:0
FNDA:0,getBrowser
FNDA:0,browserNavigate
FNDA:0,browserScreenshot
FNDA:0,browserClick
FNDA:0,browserType
FNDA:0,browserExtract
FNDA:0,(anonymous_6)
FNDA:0,(anonymous_7)
FNDA:0,(anonymous_8)
FNDA:0,browserGetLinks
FNDA:0,(anonymous_10)
FNDA:0,(anonymous_11)
FNDA:0,(anonymous_12)
FNDA:0,browserSearchGoogle
FNDA:0,browserClose
FNDA:0,registerCleanupHandlers
FNDA:0,(anonymous_16)
FNDA:0,(anonymous_17)
FNDA:0,(anonymous_18)
FNDA:0,(anonymous_19)
FNDA:0,(anonymous_20)
DA:17,0
DA:18,0
DA:19,0
DA:25,0
DA:26,0
DA:32,0
DA:33,0
DA:39,0
DA:40,0
DA:43,0
DA:50,0
DA:51,0
DA:53,0
DA:58,0
DA:59,0
DA:61,0
DA:68,0
DA:79,0
DA:80,0
DA:82,0
DA:88,0
DA:89,0
DA:90,0
DA:91,0
DA:94,0
DA:100,0
DA:111,0
DA:112,0
DA:114,0
DA:116,0
DA:121,0
DA:132,0
DA:133,0
DA:135,0
DA:137,0
DA:138,0
DA:141,0
DA:146,0
DA:157,0
DA:158,0
DA:161,0
DA:162,0
DA:164,0
DA:167,0
DA:172,0
DA:183,0
DA:184,0
DA:186,0
DA:187,0
DA:188,0
DA:192,0
DA:195,0
DA:200,0
DA:211,0
DA:212,0
DA:219,0
DA:220,0
DA:221,0
DA:223,0
DA:224,0
DA:225,0
DA:227,0
DA:228,0
DA:229,0
DA:237,0
DA:238,0
DA:239,0
DA:246,0
DA:247,0
DA:249,0
DA:254,0
DA:255,0
DA:256,0
DA:260,0
DA:261,0
DA:262,0
DA:267,0
DA:272,0
LF:78
LH:0
BRDA:25,0,0,0
BRDA:32,1,0,0
BRDA:39,2,0,0
BRDA:88,3,0,0
BRDA:137,4,0,0
BRDA:161,5,0,0
BRDA:161,5,1,0
BRDA:162,6,0,0
BRDA:162,6,1,0
BRDA:189,7,0,0
BRDA:189,7,1,0
BRDA:219,8,0,0
BRDA:223,9,0,0
BRDA:227,10,0,0
BRDA:247,11,0,0
BRF:15
BRH:0
end_of_record
TN:
SF:src/tools/context-loader.ts
FN:23,findEchoMd
FN:50,parseEchoMd
FN:59,(anonymous_2)
FN:72,(anonymous_3)
FN:76,(anonymous_4)
FN:80,(anonymous_5)
FN:109,loadEchoContext
FN:128,formatContextForPrompt
FN:145,(anonymous_8)
FN:150,(anonymous_9)
FNF:10
FNH:0
FNDA:0,findEchoMd
FNDA:0,parseEchoMd
FNDA:0,(anonymous_2)
FNDA:0,(anonymous_3)
FNDA:0,(anonymous_4)
FNDA:0,(anonymous_5)
FNDA:0,loadEchoContext
FNDA:0,formatContextForPrompt
FNDA:0,(anonymous_8)
FNDA:0,(anonymous_9)
DA:24,0
DA:25,0
DA:26,0
DA:28,0
DA:29,0
DA:31,0
DA:32,0
DA:35,0
DA:36,0
DA:37,0
DA:40,0
DA:41,0
DA:44,0
DA:51,0
DA:55,0
DA:56,0
DA:57,0
DA:59,0
DA:60,0
DA:61,0
DA:62,0
DA:65,0
DA:66,0
DA:68,0
DA:69,0
DA:72,0
DA:73,0
DA:76,0
DA:77,0
DA:80,0
DA:81,0
DA:84,0
DA:85,0
DA:90,0
DA:91,0
DA:93,0
DA:94,0
DA:95,0
DA:96,0
DA:97,0
DA:98,0
DA:102,0
DA:103,0
DA:110,0
DA:112,0
DA:113,0
DA:116,0
DA:117,0
DA:118,0
DA:120,0
DA:121,0
DA:129,0
DA:131,0
DA:132,0
DA:135,0
DA:136,0
DA:139,0
DA:140,0
DA:143,0
DA:144,0
DA:145,0
DA:148,0
DA:149,0
DA:150,0
DA:153,0
DA:154,0
DA:157,0
LF:67
LH:0
BRDA:23,0,0,0
BRDA:31,1,0,0
BRDA:36,2,0,0
BRDA:60,3,0,0
BRDA:62,4,0,0
BRDA:62,4,1,0
BRDA:62,4,2,0
BRDA:62,4,3,0
BRDA:62,4,4,0
BRDA:62,4,5,0
BRDA:62,4,6,0
BRDA:62,4,7,0
BRDA:62,4,8,0
BRDA:62,4,9,0
BRDA:62,4,10,0
BRDA:93,5,0,0
BRDA:93,5,1,0
BRDA:97,6,0,0
BRDA:112,7,0,0
BRDA:131,8,0,0
BRDA:135,9,0,0
BRDA:139,10,0,0
BRDA:139,11,0,0
BRDA:139,11,1,0
BRDA:143,12,0,0
BRDA:143,13,0,0
BRDA:143,13,1,0
BRDA:148,14,0,0
BRDA:148,15,0,0
BRDA:148,15,1,0
BRDA:153,16,0,0
BRF:31
BRH:0
end_of_record
TN:
SF:src/tools/executor.ts
FN:71,isCommandDangerous
FN:94,runCommand
FN:137,readFileTool
FN:157,writeFileTool
FN:182,listFilesTool
FN:188,(anonymous_5)
FN:213,deleteFileTool
FN:236,executePython
FN:264,executeNode
FNF:9
FNH:0
FNDA:0,isCommandDangerous
FNDA:0,runCommand
FNDA:0,readFileTool
FNDA:0,writeFileTool
FNDA:0,listFilesTool
FNDA:0,(anonymous_5)
FNDA:0,deleteFileTool
FNDA:0,executePython
FNDA:0,executeNode
DA:13,0
DA:26,0
DA:72,0
DA:74,0
DA:75,0
DA:76,0
DA:81,0
DA:82,0
DA:83,0
DA:84,0
DA:88,0
DA:98,0
DA:99,0
DA:100,0
DA:103,0
DA:104,0
DA:105,0
DA:112,0
DA:113,0
DA:119,0
DA:125,0
DA:138,0
DA:139,0
DA:140,0
DA:141,0
DA:146,0
DA:161,0
DA:162,0
DA:164,0
DA:165,0
DA:166,0
DA:171,0
DA:183,0
DA:184,0
DA:185,0
DA:187,0
DA:189,0
DA:190,0
DA:191,0
DA:192,0
DA:193,0
DA:197,0
DA:202,0
DA:217,0
DA:218,0
DA:219,0
DA:220,0
DA:225,0
DA:238,0
DA:240,0
DA:241,0
DA:242,0
DA:245,0
DA:246,0
DA:249,0
DA:252,0
DA:253,0
DA:266,0
DA:268,0
DA:269,0
DA:270,0
DA:273,0
DA:274,0
DA:277,0
DA:280,0
DA:281,0
DA:292,0
DA:322,0
DA:328,0
DA:337,0
DA:354,0
DA:361,0
LF:72
LH:0
BRDA:75,0,0,0
BRDA:83,1,0,0
BRDA:96,2,0,0
BRDA:99,3,0,0
BRDA:99,3,1,0
BRDA:100,4,0,0
BRDA:100,4,1,0
BRDA:104,5,0,0
BRDA:121,6,0,0
BRDA:121,6,1,0
BRDA:127,7,0,0
BRDA:127,7,1,0
BRDA:128,8,0,0
BRDA:128,8,1,0
BRDA:182,9,0,0
BRDA:191,10,0,0
BRDA:191,10,1,0
BRDA:215,11,0,0
BRF:18
BRH:0
end_of_record
TN:
SF:src/tools/git.ts
FN:40,isGitInstalled
FN:52,isGitRepo
FN:64,getGitStatus
FN:109,getGitDiff
FN:137,gitAdd
FN:148,gitAddAll
FN:155,gitCommit
FN:178,gitPush
FN:186,gitPull
FN:193,gitCreateBranch
FN:202,gitCheckout
FN:210,gitLog
FN:222,(anonymous_12)
FN:234,createPullRequest
FNF:14
FNH:0
FNDA:0,isGitInstalled
FNDA:0,isGitRepo
FNDA:0,getGitStatus
FNDA:0,getGitDiff
FNDA:0,gitAdd
FNDA:0,gitAddAll
FNDA:0,gitCommit
FNDA:0,gitPush
FNDA:0,gitPull
FNDA:0,gitCreateBranch
FNDA:0,gitCheckout
FNDA:0,gitLog
FNDA:0,(anonymous_12)
FNDA:0,createPullRequest
DA:11,0
DA:41,0
DA:42,0
DA:43,0
DA:45,0
DA:53,0
DA:54,0
DA:55,0
DA:57,0
DA:65,0
DA:67,0
DA:68,0
DA:71,0
DA:78,0
DA:81,0
DA:82,0
DA:85,0
DA:86,0
DA:89,0
DA:90,0
DA:92,0
DA:102,0
DA:110,0
DA:111,0
DA:112,0
DA:114,0
DA:115,0
DA:117,0
DA:118,0
DA:120,0
DA:128,0
DA:130,0
DA:138,0
DA:140,0
DA:141,0
DA:149,0
DA:156,0
DA:158,0
DA:159,0
DA:160,0
DA:162,0
DA:168,0
DA:179,0
DA:180,0
DA:187,0
DA:195,0
DA:196,0
DA:203,0
DA:204,0
DA:216,0
DA:217,0
DA:222,0
DA:223,0
DA:224,0
DA:227,0
DA:240,0
DA:242,0
DA:243,0
DA:245,0
DA:249,0
DA:250,0
DA:251,0
DA:253,0
DA:258,0
DA:260,0
DA:262,0
DA:269,0
LF:67
LH:0
BRDA:52,0,0,0
BRDA:64,1,0,0
BRDA:94,2,0,0
BRDA:94,2,1,0
BRDA:95,3,0,0
BRDA:95,3,1,0
BRDA:99,4,0,0
BRDA:99,4,1,0
BRDA:99,4,2,0
BRDA:109,5,0,0
BRDA:111,6,0,0
BRDA:111,6,1,0
BRDA:117,7,0,0
BRDA:117,7,1,0
BRDA:118,8,0,0
BRDA:118,8,1,0
BRDA:137,9,0,0
BRDA:138,10,0,0
BRDA:138,10,1,0
BRDA:148,11,0,0
BRDA:155,12,0,0
BRDA:178,13,0,0
BRDA:179,14,0,0
BRDA:179,14,1,0
BRDA:186,15,0,0
BRDA:193,16,0,0
BRDA:202,17,0,0
BRDA:210,18,0,0
BRDA:210,19,0,0
BRDA:238,20,0,0
BRDA:250,21,0,0
BRDA:250,21,1,0
BRDA:251,22,0,0
BRDA:251,22,1,0
BRF:34
BRH:0
end_of_record
TN:
SF:src/tools/github.ts
FN:9,getOctokit
FN:20,githubCreatePullRequest
FN:40,githubCreateIssue
FN:59,githubSearchRepos
FN:65,(anonymous_4)
FN:79,githubGetUser
FNF:6
FNH:0
FNDA:0,getOctokit
FNDA:0,githubCreatePullRequest
FNDA:0,githubCreateIssue
FNDA:0,githubSearchRepos
FNDA:0,(anonymous_4)
FNDA:0,githubGetUser
DA:10,0
DA:11,0
DA:12,0
DA:14,0
DA:21,0
DA:22,0
DA:23,0
DA:31,0
DA:33,0
DA:41,0
DA:42,0
DA:43,0
DA:50,0
DA:52,0
DA:60,0
DA:61,0
DA:62,0
DA:65,0
DA:72,0
DA:80,0
DA:81,0
DA:82,0
DA:83,0
DA:90,0
DA:94,0
LF:25
LH:0
BRDA:11,0,0,0
BRDA:11,1,0,0
BRDA:11,1,1,0
BRDA:11,1,2,0
BRDA:20,2,0,0
BRF:5
BRH:0
end_of_record
TN:
SF:src/tools/image.ts
FN:17,generateImage
FN:31,analyzeImage
FNF:2
FNH:0
FNDA:0,generateImage
FNDA:0,analyzeImage
DA:18,0
DA:21,0
DA:32,0
DA:35,0
DA:44,0
LF:5
LH:0
BRDA:17,0,0,0
BRF:1
BRH:0
end_of_record
TN:
SF:src/tools/multi-file.ts
FN:44,createBackup
FN:65,findAndReplace
FN:105,searchInFiles
FN:123,(anonymous_3)
FN:150,createFiles
FN:180,updateFiles
FN:214,deleteFiles
FN:247,findFiles
FN:253,(anonymous_8)
FN:262,getFileTree
FN:269,walk
FN:274,(anonymous_11)
FN:309,getFileHash
FNF:13
FNH:0
FNDA:0,createBackup
FNDA:0,findAndReplace
FNDA:0,searchInFiles
FNDA:0,(anonymous_3)
FNDA:0,createFiles
FNDA:0,updateFiles
FNDA:0,deleteFiles
FNDA:0,findFiles
FNDA:0,(anonymous_8)
FNDA:0,getFileTree
FNDA:0,walk
FNDA:0,(anonymous_11)
FNDA:0,getFileHash
DA:13,0
DA:45,0
DA:46,0
DA:47,0
DA:49,0
DA:50,0
DA:51,0
DA:52,0
DA:53,0
DA:54,0
DA:55,0
DA:59,0
DA:71,0
DA:72,0
DA:74,0
DA:75,0
DA:76,0
DA:77,0
DA:78,0
DA:82,0
DA:84,0
DA:85,0
DA:86,0
DA:89,0
DA:93,0
DA:110,0
DA:112,0
DA:113,0
DA:114,0
DA:115,0
DA:116,0
DA:117,0
DA:121,0
DA:123,0
DA:124,0
DA:125,0
DA:132,0
DA:133,0
DA:144,0
DA:154,0
DA:155,0
DA:157,0
DA:158,0
DA:159,0
DA:160,0
DA:161,0
DA:162,0
DA:164,0
DA:168,0
DA:184,0
DA:185,0
DA:187,0
DA:188,0
DA:189,0
DA:190,0
DA:191,0
DA:192,0
DA:195,0
DA:196,0
DA:198,0
DA:202,0
DA:218,0
DA:219,0
DA:221,0
DA:222,0
DA:223,0
DA:224,0
DA:225,0
DA:228,0
DA:229,0
DA:231,0
DA:235,0
DA:251,0
DA:252,0
DA:253,0
DA:255,0
DA:267,0
DA:270,0
DA:272,0
DA:273,0
DA:274,0
DA:275,0
DA:276,0
DA:277,0
DA:280,0
DA:281,0
DA:282,0
DA:283,0
DA:284,0
DA:286,0
DA:288,0
DA:290,0
DA:291,0
DA:299,0
DA:300,0
DA:301,0
DA:303,0
DA:310,0
DA:311,0
DA:312,0
DA:318,0
LF:101
LH:0
BRDA:44,0,0,0
BRDA:51,1,0,0
BRDA:69,2,0,0
BRDA:78,3,0,0
BRDA:78,3,1,0
BRDA:84,4,0,0
BRDA:108,5,0,0
BRDA:117,6,0,0
BRDA:117,6,1,0
BRDA:124,7,0,0
BRDA:132,8,0,0
BRDA:152,9,0,0
BRDA:182,10,0,0
BRDA:190,11,0,0
BRDA:216,12,0,0
BRDA:224,13,0,0
BRDA:249,14,0,0
BRDA:253,15,0,0
BRDA:253,15,1,0
BRDA:263,16,0,0
BRDA:264,17,0,0
BRDA:265,18,0,0
BRDA:269,19,0,0
BRDA:270,20,0,0
BRDA:275,21,0,0
BRDA:275,22,0,0
BRDA:275,22,1,0
BRDA:276,23,0,0
BRDA:276,24,0,0
BRDA:276,24,1,0
BRDA:283,25,0,0
BRDA:283,25,1,0
BRDA:284,26,0,0
BRDA:284,26,1,0
BRDA:286,27,0,0
BRDA:286,28,0,0
BRDA:286,28,1,0
BRDA:286,28,2,0
BRDA:288,29,0,0
BRDA:288,29,1,0
BRDA:290,30,0,0
BRDA:309,31,0,0
BRF:42
BRH:0
end_of_record
TN:
SF:src/tools/voice.ts
FN:17,transcribeAudio
FN:30,textToSpeech
FNF:2
FNH:0
FNDA:0,transcribeAudio
FNDA:0,textToSpeech
DA:18,0
DA:21,0
DA:31,0
DA:34,0
DA:44,0
LF:5
LH:0
BRF:0
BRH:0
end_of_record
TN:
SF:src/tools/web.ts
FN:30,searchWeb
FN:81,searchGoogle
FN:98,(anonymous_2)
FN:116,scrapeUrl
FN:168,fetchRSS
FN:211,getNews
FN:222,checkWebsite
FN:232,(anonymous_7)
FNF:8
FNH:1
FNDA:2,searchWeb
FNDA:0,searchGoogle
FNDA:0,(anonymous_2)
FNDA:0,scrapeUrl
FNDA:0,fetchRSS
FNDA:0,getNews
FNDA:0,checkWebsite
FNDA:0,(anonymous_7)
DA:10,1
DA:31,2
DA:33,2
DA:34,2
DA:45,2
DA:46,2
DA:47,2
DA:50,2
DA:52,2
DA:53,0
DA:54,0
DA:57,0
DA:58,0
DA:62,0
DA:69,0
DA:72,2
DA:74,0
DA:87,0
DA:89,0
DA:90,0
DA:98,0
DA:105,0
DA:110,0
DA:117,0
DA:118,0
DA:127,0
DA:128,0
DA:131,0
DA:139,0
DA:142,0
DA:143,0
DA:146,0
DA:147,0
DA:148,0
DA:149,0
DA:153,0
DA:161,0
DA:174,0
DA:175,0
DA:182,0
DA:183,0
DA:186,0
DA:187,0
DA:189,0
DA:190,0
DA:191,0
DA:192,0
DA:194,0
DA:202,0
DA:204,0
DA:212,0
DA:216,0
DA:228,0
DA:229,0
DA:230,0
DA:232,0
DA:234,0
DA:236,0
DA:242,0
DA:252,1
LF:60
LH:11
BRDA:30,0,0,0
BRDA:52,1,0,2
BRDA:52,1,1,0
BRDA:58,2,0,0
BRDA:58,2,1,0
BRDA:85,3,0,0
BRDA:87,4,0,0
BRDA:87,5,0,0
BRDA:87,5,1,0
BRDA:128,6,0,0
BRDA:128,6,1,0
BRDA:139,7,0,0
BRDA:139,7,1,0
BRDA:148,8,0,0
BRDA:148,9,0,0
BRDA:148,9,1,0
BRDA:195,10,0,0
BRDA:195,10,1,0
BRDA:196,11,0,0
BRDA:196,11,1,0
BRDA:211,12,0,0
BRDA:212,13,0,0
BRDA:212,13,1,0
BRDA:237,14,0,0
BRDA:237,14,1,0
BRF:25
BRH:1
end_of_record
TN:
SF:src/utils/banner.ts
FN:106,displayBanner
FN:121,displayProviderStatus
FN:167,displayQuickTip
FN:176,displaySystemInfo
FN:188,displaySeparator
FN:198,displayStartupSequence
FN:210,displayMinimalBanner
FNF:7
FNH:0
FNDA:0,displayBanner
FNDA:0,displayProviderStatus
FNDA:0,displayQuickTip
FNDA:0,displaySystemInfo
FNDA:0,displaySeparator
FNDA:0,displayStartupSequence
FNDA:0,displayMinimalBanner
DA:16,0
DA:26,0
DA:33,0
DA:40,0
DA:47,0
DA:55,0
DA:75,0
DA:88,0
DA:107,0
DA:110,0
DA:113,0
DA:114,0
DA:115,0
DA:122,0
DA:123,0
DA:124,0
DA:126,0
DA:127,0
DA:132,0
DA:134,0
DA:135,0
DA:138,0
DA:139,0
DA:141,0
DA:146,0
DA:147,0
DA:149,0
DA:150,0
DA:153,0
DA:154,0
DA:155,0
DA:158,0
DA:168,0
DA:169,0
DA:170,0
DA:177,0
DA:178,0
DA:179,0
DA:181,0
DA:182,0
DA:189,0
DA:190,0
DA:191,0
DA:192,0
DA:199,0
DA:200,0
DA:201,0
DA:202,0
DA:203,0
DA:211,0
DA:212,0
DA:213,0
DA:214,0
DA:215,0
LF:54
LH:0
BRDA:135,0,0,0
BRDA:135,0,1,0
BRDA:135,0,2,0
BRDA:138,1,0,0
BRDA:138,1,1,0
BRDA:146,2,0,0
BRDA:146,2,1,0
BRDA:149,3,0,0
BRDA:149,3,1,0
BRDA:179,4,0,0
BRDA:179,4,1,0
BRDA:189,5,0,0
BRDA:189,5,1,0
BRF:13
BRH:0
end_of_record
TN:
SF:src/utils/config.ts
FN:21,deriveEncryptionKey
FN:77,(anonymous_1)
FN:136,(anonymous_2)
FN:144,(anonymous_3)
FN:155,(anonymous_4)
FN:162,(anonymous_5)
FN:169,(anonymous_6)
FN:176,(anonymous_7)
FN:199,(anonymous_8)
FN:207,(anonymous_9)
FN:213,(anonymous_10)
FN:219,(anonymous_11)
FN:226,(anonymous_12)
FN:233,(anonymous_13)
FN:240,(anonymous_14)
FN:247,(anonymous_15)
FN:254,(anonymous_16)
FN:261,(anonymous_17)
FN:268,(anonymous_18)
FN:275,(anonymous_19)
FN:283,(anonymous_20)
FN:290,(anonymous_21)
FN:297,(anonymous_22)
FN:305,(anonymous_23)
FN:312,(anonymous_24)
FN:315,(anonymous_25)
FN:324,(anonymous_26)
FN:326,(anonymous_27)
FN:332,(anonymous_28)
FN:334,(anonymous_29)
FN:346,(anonymous_30)
FN:353,(anonymous_31)
FN:360,(anonymous_32)
FN:367,(anonymous_33)
FN:375,(anonymous_34)
FN:383,(anonymous_35)
FN:411,(anonymous_36)
FN:418,(anonymous_37)
FN:425,(anonymous_38)
FN:467,getConfig
FNF:40
FNH:26
FNDA:26,deriveEncryptionKey
FNDA:26,(anonymous_1)
FNDA:3,(anonymous_2)
FNDA:6,(anonymous_3)
FNDA:1,(anonymous_4)
FNDA:0,(anonymous_5)
FNDA:0,(anonymous_6)
FNDA:0,(anonymous_7)
FNDA:59,(anonymous_8)
FNDA:4,(anonymous_9)
FNDA:56,(anonymous_10)
FNDA:2,(anonymous_11)
FNDA:2,(anonymous_12)
FNDA:3,(anonymous_13)
FNDA:2,(anonymous_14)
FNDA:2,(anonymous_15)
FNDA:1,(anonymous_16)
FNDA:0,(anonymous_17)
FNDA:0,(anonymous_18)
FNDA:0,(anonymous_19)
FNDA:0,(anonymous_20)
FNDA:0,(anonymous_21)
FNDA:0,(anonymous_22)
FNDA:7,(anonymous_23)
FNDA:4,(anonymous_24)
FNDA:1,(anonymous_25)
FNDA:1,(anonymous_26)
FNDA:1,(anonymous_27)
FNDA:0,(anonymous_28)
FNDA:0,(anonymous_29)
FNDA:0,(anonymous_30)
FNDA:26,(anonymous_31)
FNDA:1,(anonymous_32)
FNDA:1,(anonymous_33)
FNDA:0,(anonymous_34)
FNDA:16,(anonymous_35)
FNDA:4,(anonymous_36)
FNDA:1,(anonymous_37)
FNDA:4,(anonymous_38)
FNDA:0,getConfig
DA:23,26
DA:30,26
DA:33,26
DA:35,26
DA:41,3
DA:78,26
DA:80,26
DA:81,26
DA:82,26
DA:89,26
DA:92,0
DA:94,0
DA:96,0
DA:97,0
DA:98,0
DA:101,0
DA:102,0
DA:105,0
DA:112,0
DA:113,0
DA:114,0
DA:119,0
DA:122,0
DA:128,0
DA:137,3
DA:138,3
DA:145,6
DA:146,6
DA:156,1
DA:163,0
DA:170,0
DA:177,0
DA:200,59
DA:201,59
DA:208,4
DA:213,56
DA:220,2
DA:227,2
DA:234,3
DA:241,2
DA:248,2
DA:255,1
DA:262,0
DA:269,0
DA:276,0
DA:277,0
DA:284,0
DA:291,0
DA:298,0
DA:299,0
DA:306,7
DA:313,4
DA:315,4
DA:316,1
DA:318,3
DA:325,1
DA:326,1
DA:333,0
DA:334,0
DA:335,0
DA:336,0
DA:338,0
DA:340,0
DA:347,0
DA:354,26
DA:361,1
DA:368,1
DA:369,1
DA:376,0
DA:388,16
DA:389,16
DA:390,16
DA:392,16
DA:394,8
DA:395,8
DA:398,8
DA:400,3
DA:404,5
DA:405,5
DA:412,4
DA:419,1
DA:430,4
DA:431,4
DA:434,4
DA:435,4
DA:436,4
DA:437,4
DA:439,4
DA:440,4
DA:441,0
DA:445,0
DA:449,4
DA:450,4
DA:451,0
DA:454,4
DA:465,3
DA:468,0
DA:469,0
DA:471,0
LF:99
LH:60
BRDA:27,0,0,26
BRDA:27,0,1,0
BRDA:92,1,0,0
BRDA:92,1,1,0
BRDA:92,2,0,0
BRDA:92,2,1,0
BRDA:96,3,0,0
BRDA:201,4,0,59
BRDA:201,4,1,1
BRDA:213,5,0,56
BRDA:213,5,1,56
BRDA:277,6,0,0
BRDA:277,6,1,0
BRDA:277,6,2,0
BRDA:277,6,3,0
BRDA:299,7,0,0
BRDA:299,7,1,0
BRDA:306,8,0,7
BRDA:306,8,1,0
BRDA:315,9,0,1
BRDA:315,10,0,1
BRDA:315,10,1,0
BRDA:315,10,2,0
BRDA:326,11,0,1
BRDA:326,11,1,0
BRDA:335,12,0,0
BRDA:335,13,0,0
BRDA:335,13,1,0
BRDA:383,14,0,14
BRDA:392,15,0,8
BRDA:392,16,0,16
BRDA:392,16,1,8
BRDA:398,17,0,3
BRDA:412,18,0,4
BRDA:412,18,1,3
BRDA:436,19,0,4
BRDA:440,20,0,0
BRDA:450,21,0,0
BRDA:468,22,0,0
BRF:39
BRH:17
end_of_record
TN:
SF:src/utils/highlight.ts
FN:7,highlightMarkdown
FN:14,(anonymous_1)
FNF:2
FNH:0
FNDA:0,highlightMarkdown
FNDA:0,(anonymous_1)
DA:8,0
DA:12,0
DA:14,0
DA:15,0
DA:16,0
DA:20,0
DA:23,0
LF:7
LH:0
BRDA:8,0,0,0
BRDA:8,1,0,0
BRDA:8,1,1,0
BRDA:17,2,0,0
BRDA:17,2,1,0
BRDA:20,3,0,0
BRDA:20,3,1,0
BRF:7
BRH:0
end_of_record
TN:
SF:src/utils/memory.ts
FN:30,(anonymous_0)
FN:41,(anonymous_1)
FN:47,(anonymous_2)
FN:52,(anonymous_3)
FN:58,(anonymous_4)
FN:74,(anonymous_5)
FN:83,(anonymous_6)
FN:88,(anonymous_7)
FN:93,(anonymous_8)
FN:97,(anonymous_9)
FN:106,(anonymous_10)
FN:110,(anonymous_11)
FN:116,(anonymous_12)
FN:118,(anonymous_13)
FN:121,(anonymous_14)
FN:123,(anonymous_15)
FN:132,(anonymous_16)
FN:134,(anonymous_17)
FN:137,(anonymous_18)
FN:142,(anonymous_19)
FN:145,(anonymous_20)
FN:150,(anonymous_21)
FN:154,(anonymous_22)
FN:160,getMemory
FNF:24
FNH:0
FNDA:0,(anonymous_0)
FNDA:0,(anonymous_1)
FNDA:0,(anonymous_2)
FNDA:0,(anonymous_3)
FNDA:0,(anonymous_4)
FNDA:0,(anonymous_5)
FNDA:0,(anonymous_6)
FNDA:0,(anonymous_7)
FNDA:0,(anonymous_8)
FNDA:0,(anonymous_9)
FNDA:0,(anonymous_10)
FNDA:0,(anonymous_11)
FNDA:0,(anonymous_12)
FNDA:0,(anonymous_13)
FNDA:0,(anonymous_14)
FNDA:0,(anonymous_15)
FNDA:0,(anonymous_16)
FNDA:0,(anonymous_17)
FNDA:0,(anonymous_18)
FNDA:0,(anonymous_19)
FNDA:0,(anonymous_20)
FNDA:0,(anonymous_21)
FNDA:0,(anonymous_22)
FNDA:0,getMemory
DA:17,0
DA:28,0
DA:31,0
DA:33,0
DA:34,0
DA:37,0
DA:38,0
DA:42,0
DA:43,0
DA:44,0
DA:48,0
DA:49,0
DA:51,0
DA:52,0
DA:53,0
DA:55,0
DA:59,0
DA:60,0
DA:68,0
DA:69,0
DA:70,0
DA:71,0
DA:75,0
DA:76,0
DA:77,0
DA:78,0
DA:79,0
DA:80,0
DA:84,0
DA:85,0
DA:89,0
DA:90,0
DA:94,0
DA:95,0
DA:96,0
DA:97,0
DA:98,0
DA:99,0
DA:100,0
DA:101,0
DA:107,0
DA:108,0
DA:109,0
DA:110,0
DA:111,0
DA:112,0
DA:117,0
DA:118,0
DA:122,0
DA:123,0
DA:124,0
DA:125,0
DA:126,0
DA:127,0
DA:129,0
DA:133,0
DA:134,0
DA:138,0
DA:139,0
DA:143,0
DA:144,0
DA:145,0
DA:146,0
DA:147,0
DA:151,0
DA:155,0
DA:159,0
DA:161,0
DA:162,0
LF:69
LH:0
BRDA:33,0,0,0
BRDA:51,1,0,0
BRDA:53,2,0,0
BRDA:62,3,0,0
BRDA:62,3,1,0
BRDA:66,4,0,0
BRDA:66,4,1,0
BRDA:85,5,0,0
BRDA:85,5,1,0
BRDA:96,6,0,0
BRDA:98,7,0,0
BRDA:109,8,0,0
BRDA:124,9,0,0
BRDA:151,10,0,0
BRDA:161,11,0,0
BRF:15
BRH:0
end_of_record
TN:
SF:src/utils/smart-mode.ts
FN:118,classifyTask
FN:159,selectProviderForTask
FN:167,getProviderSelectionReason
FN:184,containsCode
FN:200,(anonymous_4)
FNF:5
FNH:5
FNDA:21,classifyTask
FNDA:4,selectProviderForTask
FNDA:4,getProviderSelectionReason
FNDA:9,containsCode
FNDA:9,(anonymous_4)
DA:10,1
DA:108,1
DA:119,21
DA:121,21
DA:129,21
DA:130,84
DA:131,1743
DA:132,29
DA:138,21
DA:139,21
DA:141,21
DA:142,84
DA:143,17
DA:144,17
DA:149,21
DA:150,6
DA:153,15
DA:160,4
DA:161,4
DA:168,4
DA:169,4
DA:171,4
DA:178,4
DA:186,9
DA:189,6
DA:193,3
DA:200,9
LF:27
LH:27
BRDA:131,0,0,29
BRDA:142,1,0,17
BRDA:149,2,0,6
BRDA:186,3,0,6
BRDA:186,4,0,9
BRDA:186,4,1,8
BRDA:186,4,2,7
BRDA:186,4,3,6
BRDA:186,4,4,5
BRDA:186,4,5,4
BRDA:186,4,6,4
BRDA:186,4,7,4
BRDA:186,4,8,3
BRDA:186,4,9,0
BRF:14
BRH:13
end_of_record
TN:
SF:src/utils/token-watcher.ts
FN:12,estimateTokens
FN:19,estimateMessagesTokens
FN:20,(anonymous_2)
FN:26,compactMessages
FN:53,(anonymous_4)
FN:75,(anonymous_5)
FN:88,(anonymous_6)
FN:118,(anonymous_7)
FN:126,(anonymous_8)
FN:170,getModelTokenLimit
FNF:10
FNH:0
FNDA:0,estimateTokens
FNDA:0,estimateMessagesTokens
FNDA:0,(anonymous_2)
FNDA:0,compactMessages
FNDA:0,(anonymous_4)
FNDA:0,(anonymous_5)
FNDA:0,(anonymous_6)
FNDA:0,(anonymous_7)
FNDA:0,(anonymous_8)
FNDA:0,getModelTokenLimit
DA:13,0
DA:20,0
DA:31,0
DA:34,0
DA:35,0
DA:39,0
DA:40,0
DA:41,0
DA:46,0
DA:48,0
DA:51,0
DA:53,0
DA:58,0
DA:64,0
DA:80,0
DA:81,0
DA:82,0
DA:94,0
DA:95,0
DA:97,0
DA:98,0
DA:99,0
DA:107,0
DA:119,0
DA:120,0
DA:127,0
DA:128,0
DA:135,0
DA:172,0
DA:173,0
DA:177,0
DA:178,0
DA:179,0
DA:184,0
LF:34
LH:0
BRDA:34,0,0,0
BRDA:46,1,0,0
BRDA:46,1,1,0
BRDA:76,2,0,0
BRDA:77,3,0,0
BRDA:97,4,0,0
BRDA:97,5,0,0
BRDA:97,5,1,0
BRDA:172,6,0,0
BRDA:178,7,0,0
BRF:10
BRH:0
end_of_record
