TN:
SF:src/index.ts
FN:32,showBanner
FN:45,createCLI
FN:62,(anonymous_2)
FN:74,(anonymous_3)
FN:86,(anonymous_4)
FN:98,(anonymous_5)
FN:110,(anonymous_6)
FN:131,(anonymous_7)
FN:143,(anonymous_8)
FN:155,(anonymous_9)
FN:170,(anonymous_10)
FN:182,(anonymous_11)
FN:196,(anonymous_12)
FN:213,(anonymous_13)
FN:225,(anonymous_14)
FN:247,(anonymous_15)
FN:266,(anonymous_16)
FN:278,(anonymous_17)
FN:290,(anonymous_18)
FN:308,(anonymous_19)
FN:320,(anonymous_20)
FN:332,(anonymous_21)
FN:350,(anonymous_22)
FN:351,(anonymous_23)
FN:363,(anonymous_24)
FN:375,(anonymous_25)
FN:376,(anonymous_26)
FN:389,(anonymous_27)
FN:402,(anonymous_28)
FN:414,(anonymous_29)
FN:427,(anonymous_30)
FN:439,(anonymous_31)
FN:457,(anonymous_32)
FN:471,(anonymous_33)
FN:484,(anonymous_34)
FN:497,(anonymous_35)
FN:509,(anonymous_36)
FN:521,(anonymous_37)
FN:533,(anonymous_38)
FN:545,(anonymous_39)
FN:563,(anonymous_40)
FN:575,(anonymous_41)
FN:587,(anonymous_42)
FN:599,(anonymous_43)
FN:611,(anonymous_44)
FN:623,(anonymous_45)
FN:635,(anonymous_46)
FN:653,(anonymous_47)
FN:663,(anonymous_48)
FN:683,(anonymous_49)
FN:696,(anonymous_50)
FN:709,(anonymous_51)
FN:722,(anonymous_52)
FN:735,(anonymous_53)
FN:748,(anonymous_54)
FN:758,(anonymous_55)
FN:773,(anonymous_56)
FN:791,(anonymous_57)
FN:803,(anonymous_58)
FN:839,(anonymous_59)
FN:862,main
FN:872,(anonymous_61)
FN:882,(anonymous_62)
FNF:63
FNH:0
FNDA:0,showBanner
FNDA:0,createCLI
FNDA:0,(anonymous_2)
FNDA:0,(anonymous_3)
FNDA:0,(anonymous_4)
FNDA:0,(anonymous_5)
FNDA:0,(anonymous_6)
FNDA:0,(anonymous_7)
FNDA:0,(anonymous_8)
FNDA:0,(anonymous_9)
FNDA:0,(anonymous_10)
FNDA:0,(anonymous_11)
FNDA:0,(anonymous_12)
FNDA:0,(anonymous_13)
FNDA:0,(anonymous_14)
FNDA:0,(anonymous_15)
FNDA:0,(anonymous_16)
FNDA:0,(anonymous_17)
FNDA:0,(anonymous_18)
FNDA:0,(anonymous_19)
FNDA:0,(anonymous_20)
FNDA:0,(anonymous_21)
FNDA:0,(anonymous_22)
FNDA:0,(anonymous_23)
FNDA:0,(anonymous_24)
FNDA:0,(anonymous_25)
FNDA:0,(anonymous_26)
FNDA:0,(anonymous_27)
FNDA:0,(anonymous_28)
FNDA:0,(anonymous_29)
FNDA:0,(anonymous_30)
FNDA:0,(anonymous_31)
FNDA:0,(anonymous_32)
FNDA:0,(anonymous_33)
FNDA:0,(anonymous_34)
FNDA:0,(anonymous_35)
FNDA:0,(anonymous_36)
FNDA:0,(anonymous_37)
FNDA:0,(anonymous_38)
FNDA:0,(anonymous_39)
FNDA:0,(anonymous_40)
FNDA:0,(anonymous_41)
FNDA:0,(anonymous_42)
FNDA:0,(anonymous_43)
FNDA:0,(anonymous_44)
FNDA:0,(anonymous_45)
FNDA:0,(anonymous_46)
FNDA:0,(anonymous_47)
FNDA:0,(anonymous_48)
FNDA:0,(anonymous_49)
FNDA:0,(anonymous_50)
FNDA:0,(anonymous_51)
FNDA:0,(anonymous_52)
FNDA:0,(anonymous_53)
FNDA:0,(anonymous_54)
FNDA:0,(anonymous_55)
FNDA:0,(anonymous_56)
FNDA:0,(anonymous_57)
FNDA:0,(anonymous_58)
FNDA:0,(anonymous_59)
FNDA:0,main
FNDA:0,(anonymous_61)
FNDA:0,(anonymous_62)
DA:24,0
DA:33,0
DA:39,0
DA:46,0
DA:48,0
DA:57,0
DA:59,0
DA:63,0
DA:64,0
DA:66,0
DA:67,0
DA:71,0
DA:75,0
DA:76,0
DA:78,0
DA:79,0
DA:83,0
DA:87,0
DA:88,0
DA:90,0
DA:91,0
DA:95,0
DA:99,0
DA:100,0
DA:102,0
DA:103,0
DA:107,0
DA:111,0
DA:112,0
DA:114,0
DA:115,0
DA:123,0
DA:125,0
DA:132,0
DA:133,0
DA:135,0
DA:136,0
DA:140,0
DA:144,0
DA:145,0
DA:147,0
DA:148,0
DA:152,0
DA:156,0
DA:157,0
DA:159,0
DA:160,0
DA:164,0
DA:171,0
DA:172,0
DA:174,0
DA:175,0
DA:179,0
DA:183,0
DA:184,0
DA:186,0
DA:187,0
DA:191,0
DA:197,0
DA:198,0
DA:200,0
DA:201,0
DA:205,0
DA:214,0
DA:215,0
DA:217,0
DA:218,0
DA:222,0
DA:226,0
DA:227,0
DA:229,0
DA:230,0
DA:238,0
DA:255,0
DA:256,0
DA:258,0
DA:259,0
DA:263,0
DA:267,0
DA:268,0
DA:270,0
DA:271,0
DA:275,0
DA:279,0
DA:280,0
DA:282,0
DA:283,0
DA:287,0
DA:291,0
DA:292,0
DA:294,0
DA:295,0
DA:303,0
DA:305,0
DA:309,0
DA:310,0
DA:312,0
DA:313,0
DA:317,0
DA:321,0
DA:322,0
DA:324,0
DA:325,0
DA:329,0
DA:333,0
DA:334,0
DA:336,0
DA:337,0
DA:345,0
DA:347,0
DA:350,0
DA:352,0
DA:353,0
DA:355,0
DA:356,0
DA:360,0
DA:364,0
DA:365,0
DA:367,0
DA:368,0
DA:372,0
DA:375,0
DA:377,0
DA:378,0
DA:380,0
DA:381,0
DA:385,0
DA:390,0
DA:391,0
DA:393,0
DA:394,0
DA:398,0
DA:403,0
DA:404,0
DA:406,0
DA:407,0
DA:411,0
DA:415,0
DA:416,0
DA:418,0
DA:419,0
DA:423,0
DA:428,0
DA:429,0
DA:431,0
DA:432,0
DA:436,0
DA:440,0
DA:441,0
DA:443,0
DA:444,0
DA:452,0
DA:454,0
DA:458,0
DA:459,0
DA:461,0
DA:462,0
DA:466,0
DA:472,0
DA:473,0
DA:474,0
DA:476,0
DA:477,0
DA:481,0
DA:485,0
DA:486,0
DA:488,0
DA:489,0
DA:493,0
DA:498,0
DA:499,0
DA:501,0
DA:502,0
DA:506,0
DA:510,0
DA:511,0
DA:513,0
DA:514,0
DA:518,0
DA:522,0
DA:523,0
DA:525,0
DA:526,0
DA:530,0
DA:534,0
DA:535,0
DA:537,0
DA:538,0
DA:542,0
DA:546,0
DA:547,0
DA:549,0
DA:550,0
DA:558,0
DA:560,0
DA:564,0
DA:565,0
DA:567,0
DA:568,0
DA:572,0
DA:576,0
DA:577,0
DA:579,0
DA:580,0
DA:584,0
DA:588,0
DA:589,0
DA:591,0
DA:592,0
DA:596,0
DA:600,0
DA:601,0
DA:603,0
DA:604,0
DA:608,0
DA:612,0
DA:613,0
DA:615,0
DA:616,0
DA:620,0
DA:624,0
DA:625,0
DA:627,0
DA:628,0
DA:632,0
DA:636,0
DA:637,0
DA:639,0
DA:640,0
DA:648,0
DA:650,0
DA:654,0
DA:655,0
DA:656,0
DA:658,0
DA:659,0
DA:660,0
DA:663,0
DA:664,0
DA:665,0
DA:666,0
DA:667,0
DA:668,0
DA:669,0
DA:671,0
DA:674,0
DA:675,0
DA:679,0
DA:684,0
DA:685,0
DA:686,0
DA:688,0
DA:689,0
DA:693,0
DA:697,0
DA:698,0
DA:699,0
DA:701,0
DA:702,0
DA:706,0
DA:710,0
DA:711,0
DA:712,0
DA:714,0
DA:715,0
DA:719,0
DA:723,0
DA:724,0
DA:725,0
DA:727,0
DA:728,0
DA:732,0
DA:736,0
DA:737,0
DA:738,0
DA:740,0
DA:741,0
DA:745,0
DA:749,0
DA:750,0
DA:751,0
DA:753,0
DA:754,0
DA:755,0
DA:758,0
DA:759,0
DA:761,0
DA:762,0
DA:770,0
DA:774,0
DA:775,0
DA:777,0
DA:778,0
DA:786,0
DA:788,0
DA:792,0
DA:793,0
DA:795,0
DA:796,0
DA:797,0
DA:800,0
DA:804,0
DA:806,0
DA:807,0
DA:809,0
DA:810,0
DA:811,0
DA:813,0
DA:814,0
DA:815,0
DA:817,0
DA:818,0
DA:819,0
DA:821,0
DA:822,0
DA:823,0
DA:824,0
DA:825,0
DA:828,0
DA:829,0
DA:837,0
DA:840,0
DA:842,0
DA:843,0
DA:845,0
DA:846,0
DA:850,0
DA:851,0
DA:855,0
DA:863,0
DA:866,0
DA:867,0
DA:868,0
DA:872,0
DA:873,0
DA:874,0
DA:875,0
DA:878,0
DA:882,0
DA:883,0
DA:884,0
LF:341
LH:0
BRDA:66,0,0,0
BRDA:66,0,1,0
BRDA:78,1,0,0
BRDA:78,1,1,0
BRDA:90,2,0,0
BRDA:90,2,1,0
BRDA:102,3,0,0
BRDA:102,3,1,0
BRDA:114,4,0,0
BRDA:114,4,1,0
BRDA:135,5,0,0
BRDA:135,5,1,0
BRDA:147,6,0,0
BRDA:147,6,1,0
BRDA:159,7,0,0
BRDA:159,7,1,0
BRDA:174,8,0,0
BRDA:174,8,1,0
BRDA:186,9,0,0
BRDA:186,9,1,0
BRDA:200,10,0,0
BRDA:200,10,1,0
BRDA:217,11,0,0
BRDA:217,11,1,0
BRDA:229,12,0,0
BRDA:229,12,1,0
BRDA:258,13,0,0
BRDA:258,13,1,0
BRDA:270,14,0,0
BRDA:270,14,1,0
BRDA:282,15,0,0
BRDA:282,15,1,0
BRDA:294,16,0,0
BRDA:294,16,1,0
BRDA:312,17,0,0
BRDA:312,17,1,0
BRDA:324,18,0,0
BRDA:324,18,1,0
BRDA:336,19,0,0
BRDA:336,19,1,0
BRDA:355,20,0,0
BRDA:355,20,1,0
BRDA:367,21,0,0
BRDA:367,21,1,0
BRDA:380,22,0,0
BRDA:380,22,1,0
BRDA:393,23,0,0
BRDA:393,23,1,0
BRDA:406,24,0,0
BRDA:406,24,1,0
BRDA:418,25,0,0
BRDA:418,25,1,0
BRDA:431,26,0,0
BRDA:431,26,1,0
BRDA:443,27,0,0
BRDA:443,27,1,0
BRDA:461,28,0,0
BRDA:461,28,1,0
BRDA:473,29,0,0
BRDA:473,29,1,0
BRDA:473,30,0,0
BRDA:473,30,1,0
BRDA:476,31,0,0
BRDA:476,31,1,0
BRDA:488,32,0,0
BRDA:488,32,1,0
BRDA:501,33,0,0
BRDA:501,33,1,0
BRDA:513,34,0,0
BRDA:513,34,1,0
BRDA:525,35,0,0
BRDA:525,35,1,0
BRDA:537,36,0,0
BRDA:537,36,1,0
BRDA:549,37,0,0
BRDA:549,37,1,0
BRDA:567,38,0,0
BRDA:567,38,1,0
BRDA:579,39,0,0
BRDA:579,39,1,0
BRDA:591,40,0,0
BRDA:591,40,1,0
BRDA:603,41,0,0
BRDA:603,41,1,0
BRDA:615,42,0,0
BRDA:615,42,1,0
BRDA:627,43,0,0
BRDA:627,43,1,0
BRDA:639,44,0,0
BRDA:639,44,1,0
BRDA:658,45,0,0
BRDA:664,46,0,0
BRDA:664,46,1,0
BRDA:667,47,0,0
BRDA:668,48,0,0
BRDA:674,49,0,0
BRDA:674,49,1,0
BRDA:688,50,0,0
BRDA:688,50,1,0
BRDA:701,51,0,0
BRDA:701,51,1,0
BRDA:714,52,0,0
BRDA:714,52,1,0
BRDA:727,53,0,0
BRDA:727,53,1,0
BRDA:740,54,0,0
BRDA:740,54,1,0
BRDA:753,55,0,0
BRDA:761,56,0,0
BRDA:761,56,1,0
BRDA:777,57,0,0
BRDA:777,57,1,0
BRDA:807,58,0,0
BRDA:807,58,1,0
BRDA:807,58,2,0
BRDA:807,58,3,0
BRDA:813,59,0,0
BRDA:813,59,1,0
BRDA:828,60,0,0
BRDA:828,60,1,0
BRDA:840,61,0,0
BRDA:840,61,1,0
BRDA:845,62,0,0
BRDA:845,62,1,0
BRDA:866,63,0,0
BRF:125
BRH:0
end_of_record
TN:
SF:src/auth/sync.ts
FN:28,(anonymous_0)
FN:45,(anonymous_1)
FN:57,(anonymous_2)
FN:75,(anonymous_3)
FN:98,(anonymous_4)
FN:122,(anonymous_5)
FN:139,(anonymous_6)
FN:146,(anonymous_7)
FN:153,(anonymous_8)
FN:160,(anonymous_9)
FN:217,(anonymous_10)
FNF:11
FNH:8
FNDA:2,(anonymous_0)
FNDA:2,(anonymous_1)
FNDA:0,(anonymous_2)
FNDA:1,(anonymous_3)
FNDA:0,(anonymous_4)
FNDA:1,(anonymous_5)
FNDA:1,(anonymous_6)
FNDA:1,(anonymous_7)
FNDA:1,(anonymous_8)
FNDA:1,(anonymous_9)
FNDA:0,(anonymous_10)
DA:29,2
DA:31,2
DA:35,2
DA:38,0
DA:46,2
DA:47,2
DA:49,2
DA:50,2
DA:53,0
DA:54,0
DA:57,0
DA:59,0
DA:60,0
DA:65,0
DA:67,0
DA:76,1
DA:77,1
DA:79,1
DA:80,1
DA:83,0
DA:84,0
DA:86,0
DA:87,0
DA:89,0
DA:90,0
DA:92,0
DA:93,0
DA:94,0
DA:97,0
DA:98,0
DA:99,0
DA:100,0
DA:101,0
DA:102,0
DA:103,0
DA:104,0
DA:109,0
DA:110,0
DA:113,0
DA:115,0
DA:123,1
DA:125,1
DA:126,1
DA:127,1
DA:129,1
DA:130,1
DA:132,0
DA:140,1
DA:147,1
DA:154,1
DA:169,1
DA:172,1
DA:173,1
DA:174,1
DA:178,1
DA:179,1
DA:180,0
DA:184,1
DA:185,1
DA:186,0
DA:190,1
DA:191,1
DA:192,1
DA:196,1
DA:197,1
DA:198,0
DA:201,1
DA:202,1
DA:203,0
DA:206,1
DA:207,1
DA:208,0
DA:211,1
DA:218,0
DA:220,0
DA:222,0
DA:232,0
DA:233,0
DA:234,0
DA:235,0
DA:238,0
DA:240,0
DA:244,0
LF:83
LH:38
BRDA:49,0,0,2
BRDA:59,1,0,0
BRDA:59,2,0,0
BRDA:59,2,1,0
BRDA:59,2,2,0
BRDA:75,3,0,1
BRDA:79,4,0,1
BRDA:92,5,0,0
BRDA:97,6,0,0
BRDA:97,7,0,0
BRDA:97,7,1,0
BRDA:99,8,0,0
BRDA:99,8,1,0
BRDA:101,9,0,0
BRDA:101,9,1,0
BRDA:103,10,0,0
BRDA:109,11,0,0
BRDA:109,12,0,0
BRDA:109,12,1,0
BRDA:140,13,0,1
BRDA:140,13,1,1
BRDA:147,14,0,1
BRDA:147,14,1,1
BRDA:154,15,0,1
BRDA:154,15,1,1
BRDA:154,15,2,1
BRDA:173,16,0,1
BRDA:179,17,0,0
BRDA:185,18,0,0
BRDA:191,19,0,1
BRDA:197,20,0,0
BRDA:202,21,0,0
BRDA:207,22,0,0
BRDA:234,23,0,0
BRDA:234,23,1,0
BRDA:235,24,0,0
BRDA:235,24,1,0
BRF:37
BRH:12
end_of_record
TN:
SF:src/commands/agent.ts
FN:15,agentRun
FN:33,agentHealth
FN:108,agentTools
FN:136,agentMemory
FN:160,(anonymous_4)
FN:186,agentPlan
FN:195,agentLogs
FN:241,agentConfig
FN:295,agentDoctor
FN:372,existsSync
FNF:10
FNH:0
FNDA:0,agentRun
FNDA:0,agentHealth
FNDA:0,agentTools
FNDA:0,agentMemory
FNDA:0,(anonymous_4)
FNDA:0,agentPlan
FNDA:0,agentLogs
FNDA:0,agentConfig
FNDA:0,agentDoctor
FNDA:0,existsSync
DA:20,0
DA:21,0
DA:22,0
DA:23,0
DA:24,0
DA:26,0
DA:27,0
DA:34,0
DA:35,0
DA:36,0
DA:38,0
DA:39,0
DA:41,0
DA:42,0
DA:43,0
DA:44,0
DA:45,0
DA:47,0
DA:50,0
DA:51,0
DA:54,0
DA:55,0
DA:56,0
DA:57,0
DA:58,0
DA:61,0
DA:62,0
DA:63,0
DA:64,0
DA:65,0
DA:66,0
DA:67,0
DA:68,0
DA:69,0
DA:72,0
DA:73,0
DA:75,0
DA:76,0
DA:77,0
DA:78,0
DA:81,0
DA:84,0
DA:85,0
DA:86,0
DA:87,0
DA:88,0
DA:89,0
DA:90,0
DA:93,0
DA:94,0
DA:95,0
DA:96,0
DA:97,0
DA:100,0
DA:101,0
DA:102,0
DA:109,0
DA:111,0
DA:122,0
DA:123,0
DA:124,0
DA:125,0
DA:127,0
DA:130,0
DA:141,0
DA:142,0
DA:144,0
DA:146,0
DA:148,0
DA:149,0
DA:150,0
DA:151,0
DA:152,0
DA:153,0
DA:154,0
DA:157,0
DA:158,0
DA:159,0
DA:160,0
DA:161,0
DA:162,0
DA:163,0
DA:164,0
DA:165,0
DA:166,0
DA:170,0
DA:171,0
DA:172,0
DA:173,0
DA:174,0
DA:175,0
DA:176,0
DA:178,0
DA:187,0
DA:188,0
DA:189,0
DA:200,0
DA:201,0
DA:203,0
DA:205,0
DA:207,0
DA:208,0
DA:209,0
DA:212,0
DA:213,0
DA:222,0
DA:223,0
DA:225,0
DA:226,0
DA:228,0
DA:229,0
DA:231,0
DA:234,0
DA:235,0
DA:248,0
DA:249,0
DA:250,0
DA:252,0
DA:255,0
DA:256,0
DA:257,0
DA:260,0
DA:261,0
DA:262,0
DA:265,0
DA:266,0
DA:267,0
DA:270,0
DA:271,0
DA:272,0
DA:276,0
DA:277,0
DA:278,0
DA:279,0
DA:280,0
DA:281,0
DA:282,0
DA:283,0
DA:285,0
DA:286,0
DA:287,0
DA:288,0
DA:289,0
DA:296,0
DA:297,0
DA:298,0
DA:300,0
DA:301,0
DA:303,0
DA:305,0
DA:308,0
DA:309,0
DA:310,0
DA:311,0
DA:312,0
DA:315,0
DA:316,0
DA:324,0
DA:325,0
DA:326,0
DA:327,0
DA:328,0
DA:330,0
DA:333,0
DA:334,0
DA:335,0
DA:336,0
DA:337,0
DA:338,0
DA:339,0
DA:340,0
DA:343,0
DA:344,0
DA:345,0
DA:346,0
DA:347,0
DA:348,0
DA:349,0
DA:350,0
DA:353,0
DA:354,0
DA:355,0
DA:356,0
DA:358,0
DA:361,0
DA:362,0
DA:363,0
DA:364,0
DA:366,0
DA:367,0
DA:373,0
DA:374,0
DA:375,0
DA:377,0
LF:194
LH:0
BRDA:22,0,0,0
BRDA:22,0,1,0
BRDA:23,1,0,0
BRDA:23,1,1,0
BRDA:24,2,0,0
BRDA:24,2,1,0
BRDA:51,3,0,0
BRDA:51,3,1,0
BRDA:51,4,0,0
BRDA:51,4,1,0
BRDA:51,4,2,0
BRDA:55,5,0,0
BRDA:55,5,1,0
BRDA:56,6,0,0
BRDA:56,6,1,0
BRDA:57,7,0,0
BRDA:57,7,1,0
BRDA:63,8,0,0
BRDA:63,8,1,0
BRDA:68,9,0,0
BRDA:68,9,1,0
BRDA:77,10,0,0
BRDA:77,10,1,0
BRDA:100,11,0,0
BRDA:100,11,1,0
BRDA:100,11,2,0
BRDA:101,12,0,0
BRDA:101,12,1,0
BRDA:157,13,0,0
BRDA:157,13,1,0
BRDA:158,14,0,0
BRDA:164,15,0,0
BRDA:164,15,1,0
BRDA:170,16,0,0
BRDA:172,17,0,0
BRDA:172,17,1,0
BRDA:205,18,0,0
BRDA:205,18,1,0
BRDA:207,19,0,0
BRDA:213,20,0,0
BRDA:213,20,1,0
BRDA:225,21,0,0
BRDA:228,22,0,0
BRDA:255,23,0,0
BRDA:260,24,0,0
BRDA:265,25,0,0
BRDA:270,26,0,0
BRDA:278,27,0,0
BRDA:278,27,1,0
BRDA:279,28,0,0
BRDA:279,28,1,0
BRDA:280,29,0,0
BRDA:280,29,1,0
BRDA:310,30,0,0
BRDA:310,30,1,0
BRDA:311,31,0,0
BRDA:311,31,1,0
BRDA:325,32,0,0
BRDA:325,32,1,0
BRDA:326,33,0,0
BRDA:326,33,1,0
BRDA:327,34,0,0
BRDA:327,34,1,0
BRDA:335,35,0,0
BRDA:335,35,1,0
BRDA:337,36,0,0
BRDA:337,36,1,0
BRDA:338,37,0,0
BRDA:338,37,1,0
BRDA:339,38,0,0
BRDA:339,38,1,0
BRDA:345,39,0,0
BRDA:345,39,1,0
BRDA:346,40,0,0
BRDA:346,40,1,0
BRDA:356,41,0,0
BRDA:356,41,1,0
BRDA:363,42,0,0
BRDA:363,42,1,0
BRDA:363,43,0,0
BRDA:363,43,1,0
BRDA:363,43,2,0
BRDA:366,44,0,0
BRF:83
BRH:0
end_of_record
TN:
SF:src/commands/approve.ts
FN:14,approveList
FN:49,approveSubmit
FN:100,approveStats
FN:136,approveAddRule
FN:160,approveRemoveRule
FN:171,approveToggleRule
FN:190,approveClear
FNF:7
FNH:0
FNDA:0,approveList
FNDA:0,approveSubmit
FNDA:0,approveStats
FNDA:0,approveAddRule
FNDA:0,approveRemoveRule
FNDA:0,approveToggleRule
FNDA:0,approveClear
DA:15,0
DA:16,0
DA:18,0
DA:20,0
DA:21,0
DA:22,0
DA:25,0
DA:27,0
DA:32,0
DA:33,0
DA:41,0
DA:42,0
DA:43,0
DA:53,0
DA:54,0
DA:56,0
DA:58,0
DA:59,0
DA:60,0
DA:61,0
DA:65,0
DA:66,0
DA:67,0
DA:78,0
DA:79,0
DA:80,0
DA:83,0
DA:86,0
DA:88,0
DA:89,0
DA:90,0
DA:92,0
DA:93,0
DA:101,0
DA:102,0
DA:104,0
DA:105,0
DA:107,0
DA:109,0
DA:113,0
DA:120,0
DA:122,0
DA:123,0
DA:124,0
DA:125,0
DA:126,0
DA:130,0
DA:140,0
DA:141,0
DA:143,0
DA:144,0
DA:145,0
DA:146,0
DA:147,0
DA:148,0
DA:150,0
DA:152,0
DA:153,0
DA:161,0
DA:162,0
DA:164,0
DA:165,0
DA:175,0
DA:176,0
DA:178,0
DA:179,0
DA:180,0
DA:182,0
DA:183,0
DA:191,0
DA:192,0
DA:194,0
DA:195,0
DA:202,0
DA:203,0
DA:204,0
DA:207,0
DA:208,0
DA:214,0
LF:79
LH:0
BRDA:20,0,0,0
BRDA:36,1,0,0
BRDA:36,1,1,0
BRDA:58,2,0,0
BRDA:65,3,0,0
BRDA:78,4,0,0
BRDA:88,5,0,0
BRDA:88,5,1,0
BRDA:89,6,0,0
BRDA:89,6,1,0
BRDA:122,7,0,0
BRDA:125,8,0,0
BRDA:125,8,1,0
BRDA:126,9,0,0
BRDA:126,9,1,0
BRDA:147,10,0,0
BRDA:180,11,0,0
BRDA:180,11,1,0
BRDA:202,12,0,0
BRF:19
BRH:0
end_of_record
TN:
SF:src/commands/auth.ts
FN:20,authAutoSync
FN:96,authAutoDetect
FN:103,authLogin
FN:130,(anonymous_3)
FN:186,authStatus
FN:226,authLogout
FN:244,(anonymous_6)
FNF:7
FNH:0
FNDA:0,authAutoSync
FNDA:0,authAutoDetect
FNDA:0,authLogin
FNDA:0,(anonymous_3)
FNDA:0,authStatus
FNDA:0,authLogout
FNDA:0,(anonymous_6)
DA:21,0
DA:23,0
DA:24,0
DA:25,0
DA:27,0
DA:30,0
DA:31,0
DA:32,0
DA:33,0
DA:35,0
DA:36,0
DA:40,0
DA:41,0
DA:42,0
DA:47,0
DA:48,0
DA:50,0
DA:51,0
DA:52,0
DA:56,0
DA:57,0
DA:61,0
DA:62,0
DA:66,0
DA:67,0
DA:68,0
DA:69,0
DA:72,0
DA:73,0
DA:74,0
DA:75,0
DA:78,0
DA:79,0
DA:80,0
DA:81,0
DA:84,0
DA:85,0
DA:86,0
DA:88,0
DA:89,0
DA:97,0
DA:104,0
DA:106,0
DA:109,0
DA:123,0
DA:126,0
DA:131,0
DA:132,0
DA:134,0
DA:135,0
DA:137,0
DA:141,0
DA:143,0
DA:145,0
DA:148,0
DA:149,0
DA:150,0
DA:153,0
DA:155,0
DA:156,0
DA:159,0
DA:160,0
DA:167,0
DA:168,0
DA:169,0
DA:174,0
DA:175,0
DA:178,0
DA:179,0
DA:187,0
DA:188,0
DA:189,0
DA:191,0
DA:193,0
DA:194,0
DA:195,0
DA:198,0
DA:200,0
DA:201,0
DA:202,0
DA:204,0
DA:208,0
DA:212,0
DA:216,0
DA:217,0
DA:220,0
DA:227,0
DA:228,0
DA:230,0
DA:232,0
DA:233,0
DA:234,0
DA:237,0
DA:239,0
DA:240,0
DA:244,0
DA:246,0
DA:249,0
DA:250,0
DA:251,0
DA:254,0
DA:261,0
DA:262,0
DA:263,0
DA:266,0
DA:267,0
DA:270,0
DA:271,0
DA:272,0
DA:273,0
DA:274,0
DA:275,0
DA:283,0
LF:113
LH:0
BRDA:30,0,0,0
BRDA:30,0,1,0
BRDA:40,1,0,0
BRDA:40,1,1,0
BRDA:56,2,0,0
BRDA:66,3,0,0
BRDA:72,4,0,0
BRDA:78,5,0,0
BRDA:84,6,0,0
BRDA:84,6,1,0
BRDA:131,7,0,0
BRDA:131,8,0,0
BRDA:131,8,1,0
BRDA:134,9,0,0
BRDA:149,10,0,0
BRDA:159,11,0,0
BRDA:167,12,0,0
BRDA:193,13,0,0
BRDA:204,14,0,0
BRDA:204,14,1,0
BRDA:208,15,0,0
BRDA:208,15,1,0
BRDA:208,16,0,0
BRDA:208,16,1,0
BRDA:212,17,0,0
BRDA:212,17,1,0
BRDA:232,18,0,0
BRDA:237,19,0,0
BRDA:237,19,1,0
BRDA:239,20,0,0
BRDA:239,21,0,0
BRDA:239,21,1,0
BRDA:249,22,0,0
BRDA:261,23,0,0
BRDA:271,24,0,0
BRDA:273,25,0,0
BRF:36
BRH:0
end_of_record
TN:
SF:src/commands/brain.ts
FN:13,brainSave
FN:33,brainGet
FN:60,brainSearch
FN:100,brainList
FN:135,brainDelete
FN:173,brainStats
FN:208,brainExport
FN:226,brainImport
FNF:8
FNH:0
FNDA:0,brainSave
FNDA:0,brainGet
FNDA:0,brainSearch
FNDA:0,brainList
FNDA:0,brainDelete
FNDA:0,brainStats
FNDA:0,brainExport
FNDA:0,brainImport
DA:18,0
DA:19,0
DA:21,0
DA:23,0
DA:24,0
DA:25,0
DA:26,0
DA:27,0
DA:34,0
DA:35,0
DA:37,0
DA:39,0
DA:40,0
DA:41,0
DA:42,0
DA:45,0
DA:46,0
DA:48,0
DA:49,0
DA:52,0
DA:53,0
DA:54,0
DA:64,0
DA:65,0
DA:67,0
DA:69,0
DA:70,0
DA:72,0
DA:73,0
DA:76,0
DA:77,0
DA:80,0
DA:82,0
DA:83,0
DA:86,0
DA:87,0
DA:89,0
DA:90,0
DA:93,0
DA:101,0
DA:102,0
DA:104,0
DA:106,0
DA:107,0
DA:108,0
DA:109,0
DA:112,0
DA:117,0
DA:118,0
DA:126,0
DA:127,0
DA:128,0
DA:129,0
DA:136,0
DA:137,0
DA:139,0
DA:141,0
DA:142,0
DA:143,0
DA:146,0
DA:147,0
DA:148,0
DA:150,0
DA:157,0
DA:158,0
DA:159,0
DA:163,0
DA:165,0
DA:166,0
DA:174,0
DA:175,0
DA:177,0
DA:178,0
DA:180,0
DA:182,0
DA:186,0
DA:193,0
DA:195,0
DA:196,0
DA:197,0
DA:198,0
DA:202,0
DA:209,0
DA:210,0
DA:212,0
DA:214,0
DA:215,0
DA:216,0
DA:217,0
DA:219,0
DA:227,0
DA:228,0
DA:230,0
DA:232,0
DA:233,0
DA:234,0
DA:236,0
DA:238,0
DA:239,0
DA:246,0
LF:100
LH:0
BRDA:16,0,0,0
BRDA:25,1,0,0
BRDA:25,1,1,0
BRDA:39,2,0,0
BRDA:48,3,0,0
BRDA:62,4,0,0
BRDA:69,5,0,0
BRDA:72,6,0,0
BRDA:84,7,0,0
BRDA:84,7,1,0
BRDA:89,8,0,0
BRDA:100,9,0,0
BRDA:106,10,0,0
BRDA:120,11,0,0
BRDA:120,11,1,0
BRDA:135,12,0,0
BRDA:141,13,0,0
BRDA:146,14,0,0
BRDA:157,15,0,0
BRDA:165,16,0,0
BRDA:189,17,0,0
BRDA:189,17,1,0
BRDA:190,18,0,0
BRDA:190,18,1,0
BRDA:195,19,0,0
BRDA:197,20,0,0
BRDA:214,21,0,0
BRDA:214,21,1,0
BRF:28
BRH:0
end_of_record
TN:
SF:src/commands/chat.ts
FN:21,displayResponse
FN:83,displaySmartModeInfo
FN:92,chat
FN:175,runAgentMode
FN:202,(anonymous_4)
FN:215,runStandardChat
FN:287,continueChat
FN:294,newSession
FN:312,listSessions
FN:351,showStats
FNF:10
FNH:0
FNDA:0,displayResponse
FNDA:0,displaySmartModeInfo
FNDA:0,chat
FNDA:0,runAgentMode
FNDA:0,(anonymous_4)
FNDA:0,runStandardChat
FNDA:0,continueChat
FNDA:0,newSession
FNDA:0,listSessions
FNDA:0,showStats
DA:26,0
DA:29,0
DA:47,0
DA:48,0
DA:51,0
DA:52,0
DA:54,0
DA:55,0
DA:56,0
DA:57,0
DA:58,0
DA:59,0
DA:60,0
DA:61,0
DA:62,0
DA:63,0
DA:65,0
DA:70,0
DA:71,0
DA:72,0
DA:77,0
DA:84,0
DA:85,0
DA:86,0
DA:100,0
DA:101,0
DA:102,0
DA:105,0
DA:106,0
DA:109,0
DA:111,0
DA:112,0
DA:113,0
DA:114,0
DA:119,0
DA:121,0
DA:122,0
DA:123,0
DA:125,0
DA:126,0
DA:127,0
DA:128,0
DA:130,0
DA:131,0
DA:132,0
DA:133,0
DA:136,0
DA:140,0
DA:141,0
DA:142,0
DA:143,0
DA:144,0
DA:146,0
DA:147,0
DA:148,0
DA:152,0
DA:153,0
DA:154,0
DA:155,0
DA:159,0
DA:160,0
DA:163,0
DA:164,0
DA:165,0
DA:169,0
DA:181,0
DA:187,0
DA:188,0
DA:190,0
DA:191,0
DA:194,0
DA:196,0
DA:197,0
DA:198,0
DA:200,0
DA:201,0
DA:202,0
DA:205,0
DA:206,0
DA:208,0
DA:224,0
DA:225,0
DA:228,0
DA:229,0
DA:230,0
DA:233,0
DA:234,0
DA:237,0
DA:238,0
DA:239,0
DA:242,0
DA:248,0
DA:250,0
DA:252,0
DA:254,0
DA:255,0
DA:256,0
DA:261,0
DA:262,0
DA:265,0
DA:267,0
DA:268,0
DA:270,0
DA:273,0
DA:274,0
DA:277,0
DA:278,0
DA:279,0
DA:280,0
DA:288,0
DA:295,0
DA:296,0
DA:298,0
DA:300,0
DA:301,0
DA:302,0
DA:303,0
DA:304,0
DA:305,0
DA:306,0
DA:313,0
DA:314,0
DA:316,0
DA:318,0
DA:319,0
DA:320,0
DA:323,0
DA:325,0
DA:330,0
DA:331,0
DA:332,0
DA:342,0
DA:343,0
DA:344,0
DA:345,0
DA:352,0
DA:353,0
DA:355,0
DA:356,0
DA:358,0
DA:359,0
DA:360,0
DA:362,0
DA:366,0
DA:375,0
DA:376,0
DA:377,0
DA:383,0
LF:148
LH:0
BRDA:54,0,0,0
BRDA:54,0,1,0
BRDA:56,1,0,0
BRDA:56,1,1,0
BRDA:58,2,0,0
BRDA:58,2,1,0
BRDA:60,3,0,0
BRDA:60,3,1,0
BRDA:60,4,0,0
BRDA:60,4,1,0
BRDA:62,5,0,0
BRDA:62,5,1,0
BRDA:70,6,0,0
BRDA:111,7,0,0
BRDA:119,8,0,0
BRDA:119,8,1,0
BRDA:121,9,0,0
BRDA:121,9,1,0
BRDA:125,10,0,0
BRDA:130,11,0,0
BRDA:130,11,1,0
BRDA:132,12,0,0
BRDA:140,13,0,0
BRDA:142,14,0,0
BRDA:147,15,0,0
BRDA:147,15,1,0
BRDA:153,16,0,0
BRDA:153,17,0,0
BRDA:153,17,1,0
BRDA:154,18,0,0
BRDA:154,18,1,0
BRDA:163,19,0,0
BRDA:182,20,0,0
BRDA:182,20,1,0
BRDA:190,21,0,0
BRDA:196,22,0,0
BRDA:196,22,1,0
BRDA:198,23,0,0
BRDA:198,23,1,0
BRDA:200,24,0,0
BRDA:229,25,0,0
BRDA:234,26,0,0
BRDA:234,26,1,0
BRDA:238,27,0,0
BRDA:255,28,0,0
BRDA:255,28,1,0
BRDA:267,29,0,0
BRDA:267,29,1,0
BRDA:273,30,0,0
BRDA:298,31,0,0
BRDA:298,31,1,0
BRDA:318,32,0,0
BRDA:331,33,0,0
BRDA:331,33,1,0
BRDA:331,34,0,0
BRDA:331,34,1,0
BRDA:336,35,0,0
BRDA:336,35,1,0
BRDA:372,36,0,0
BRDA:372,36,1,0
BRF:60
BRH:0
end_of_record
TN:
SF:src/commands/clear.ts
FN:12,clearHistory
FN:42,clearAll
FN:53,(anonymous_2)
FN:70,clearSession
FNF:4
FNH:0
FNDA:0,clearHistory
FNDA:0,clearAll
FNDA:0,(anonymous_2)
FNDA:0,clearSession
DA:13,0
DA:14,0
DA:15,0
DA:17,0
DA:18,0
DA:19,0
DA:20,0
DA:23,0
DA:30,0
DA:31,0
DA:32,0
DA:35,0
DA:36,0
DA:43,0
DA:44,0
DA:45,0
DA:47,0
DA:49,0
DA:54,0
DA:55,0
DA:57,0
DA:61,0
DA:62,0
DA:63,0
DA:71,0
DA:72,0
DA:73,0
DA:75,0
DA:76,0
DA:77,0
DA:78,0
DA:81,0
DA:88,0
DA:89,0
DA:90,0
DA:93,0
DA:94,0
DA:100,0
LF:38
LH:0
BRDA:18,0,0,0
BRDA:30,1,0,0
BRDA:54,2,0,0
BRDA:61,3,0,0
BRDA:76,4,0,0
BRDA:88,5,0,0
BRF:6
BRH:0
end_of_record
TN:
SF:src/commands/plugin.ts
FN:20,pluginSync
FN:27,pluginSyncPlatform
FN:57,pluginList
FN:106,pluginInstall
FN:118,pluginUninstall
FN:130,pluginEnable
FN:142,pluginDisable
FNF:7
FNH:0
FNDA:0,pluginSync
FNDA:0,pluginSyncPlatform
FNDA:0,pluginList
FNDA:0,pluginInstall
FNDA:0,pluginUninstall
FNDA:0,pluginEnable
FNDA:0,pluginDisable
DA:21,0
DA:28,0
DA:30,0
DA:32,0
DA:34,0
DA:35,0
DA:37,0
DA:38,0
DA:40,0
DA:41,0
DA:43,0
DA:44,0
DA:47,0
DA:48,0
DA:50,0
DA:58,0
DA:60,0
DA:62,0
DA:63,0
DA:64,0
DA:65,0
DA:69,0
DA:70,0
DA:71,0
DA:72,0
DA:73,0
DA:75,0
DA:78,0
DA:79,0
DA:89,0
DA:91,0
DA:92,0
DA:93,0
DA:94,0
DA:95,0
DA:99,0
DA:107,0
DA:108,0
DA:110,0
DA:111,0
DA:119,0
DA:120,0
DA:122,0
DA:123,0
DA:131,0
DA:132,0
DA:134,0
DA:135,0
DA:143,0
DA:144,0
DA:146,0
DA:147,0
LF:52
LH:0
BRDA:32,0,0,0
BRDA:32,0,1,0
BRDA:32,0,2,0
BRDA:32,0,3,0
BRDA:47,1,0,0
BRDA:47,1,1,0
BRDA:62,2,0,0
BRDA:71,3,0,0
BRDA:71,3,1,0
BRDA:72,4,0,0
BRDA:89,5,0,0
BRDA:89,5,1,0
BRDA:92,6,0,0
BRDA:92,6,1,0
BRDA:94,7,0,0
BRF:15
BRH:0
end_of_record
TN:
SF:src/commands/tui.ts
FN:12,launchDashboard
FN:67,(anonymous_1)
FNF:2
FNH:0
FNDA:0,launchDashboard
FNDA:0,(anonymous_1)
DA:13,0
DA:14,0
DA:16,0
DA:17,0
DA:19,0
DA:37,0
DA:40,0
DA:41,0
DA:42,0
DA:43,0
DA:46,0
DA:47,0
DA:48,0
DA:51,0
DA:52,0
DA:53,0
DA:55,0
DA:56,0
DA:57,0
DA:58,0
DA:59,0
DA:60,0
DA:61,0
DA:62,0
DA:63,0
DA:64,0
DA:67,0
DA:68,0
DA:71,0
DA:72,0
DA:75,0
DA:76,0
DA:77,0
DA:78,0
DA:79,0
DA:80,0
DA:81,0
DA:82,0
DA:85,0
DA:86,0
DA:87,0
DA:88,0
DA:89,0
DA:90,0
DA:91,0
DA:92,0
DA:93,0
LF:47
LH:0
BRDA:59,0,0,0
BRDA:59,0,1,0
BRDA:60,1,0,0
BRDA:60,1,1,0
BRDA:60,2,0,0
BRDA:60,2,1,0
BRDA:61,3,0,0
BRDA:61,3,1,0
BRDA:62,4,0,0
BRDA:62,4,1,0
BRDA:62,5,0,0
BRDA:62,5,1,0
BRDA:63,6,0,0
BRDA:63,6,1,0
BRF:14
BRH:0
end_of_record
TN:
SF:src/core/engine.ts
FN:103,parseToolCall
FN:128,(anonymous_1)
FN:148,(anonymous_2)
FN:255,(anonymous_3)
FN:302,(anonymous_4)
FN:330,(anonymous_5)
FN:339,(anonymous_6)
FN:347,(anonymous_7)
FN:347,(anonymous_8)
FN:361,(anonymous_9)
FN:417,(anonymous_10)
FN:425,(anonymous_11)
FN:432,(anonymous_12)
FN:445,createReActEngine
FNF:14
FNH:0
FNDA:0,parseToolCall
FNDA:0,(anonymous_1)
FNDA:0,(anonymous_2)
FNDA:0,(anonymous_3)
FNDA:0,(anonymous_4)
FNDA:0,(anonymous_5)
FNDA:0,(anonymous_6)
FNDA:0,(anonymous_7)
FNDA:0,(anonymous_8)
FNDA:0,(anonymous_9)
FNDA:0,(anonymous_10)
FNDA:0,(anonymous_11)
FNDA:0,(anonymous_12)
FNDA:0,createReActEngine
DA:15,0
DA:25,0
DA:43,0
DA:104,0
DA:106,0
DA:107,0
DA:108,0
DA:109,0
DA:110,0
DA:112,0
DA:116,0
DA:129,0
DA:130,0
DA:136,0
DA:137,0
DA:149,0
DA:151,0
DA:152,0
DA:153,0
DA:156,0
DA:157,0
DA:162,0
DA:169,0
DA:170,0
DA:171,0
DA:174,0
DA:175,0
DA:176,0
DA:177,0
DA:180,0
DA:187,0
DA:188,0
DA:190,0
DA:191,0
DA:194,0
DA:200,0
DA:202,0
DA:207,0
DA:211,0
DA:217,0
DA:219,0
DA:222,0
DA:225,0
DA:227,0
DA:235,0
DA:236,0
DA:243,0
DA:244,0
DA:260,0
DA:261,0
DA:263,0
DA:264,0
DA:265,0
DA:269,0
DA:270,0
DA:271,0
DA:273,0
DA:274,0
DA:281,0
DA:282,0
DA:287,0
DA:288,0
DA:289,0
DA:295,0
DA:296,0
DA:297,0
DA:300,0
DA:301,0
DA:302,0
DA:303,0
DA:305,0
DA:309,0
DA:310,0
DA:311,0
DA:318,0
DA:319,0
DA:320,0
DA:326,0
DA:327,0
DA:328,0
DA:330,0
DA:335,0
DA:336,0
DA:337,0
DA:339,0
DA:343,0
DA:344,0
DA:345,0
DA:347,0
DA:351,0
DA:352,0
DA:356,0
DA:357,0
DA:358,0
DA:361,0
DA:366,0
DA:367,0
DA:368,0
DA:376,0
DA:377,0
DA:381,0
DA:382,0
DA:383,0
DA:391,0
DA:392,0
DA:393,0
DA:401,0
DA:402,0
DA:405,0
DA:407,0
DA:418,0
DA:419,0
DA:426,0
DA:433,0
DA:449,0
LF:115
LH:0
BRDA:106,0,0,0
BRDA:157,1,0,0
BRDA:157,1,1,0
BRDA:170,2,0,0
BRDA:190,3,0,0
BRDA:190,3,1,0
BRDA:200,4,0,0
BRDA:217,5,0,0
BRDA:217,5,1,0
BRDA:246,6,0,0
BRDA:246,6,1,0
BRDA:261,7,0,0
BRDA:261,7,1,0
BRDA:263,8,0,0
BRDA:264,9,0,0
BRDA:264,9,1,0
BRDA:264,9,2,0
BRDA:265,10,0,0
BRDA:265,10,1,0
BRDA:266,11,0,0
BRDA:266,11,1,0
BRDA:281,12,0,0
BRDA:288,13,0,0
BRDA:300,14,0,0
BRDA:300,15,0,0
BRDA:300,15,1,0
BRDA:303,16,0,0
BRDA:303,16,1,0
BRDA:309,17,0,0
BRDA:313,18,0,0
BRDA:313,18,1,0
BRDA:318,19,0,0
BRDA:322,20,0,0
BRDA:322,20,1,0
BRDA:322,21,0,0
BRDA:322,21,1,0
BRDA:322,22,0,0
BRDA:322,22,1,0
BRDA:326,23,0,0
BRDA:335,24,0,0
BRDA:335,25,0,0
BRDA:335,25,1,0
BRDA:335,25,2,0
BRDA:335,25,3,0
BRDA:339,26,0,0
BRDA:339,26,1,0
BRDA:339,27,0,0
BRDA:339,27,1,0
BRDA:339,28,0,0
BRDA:339,28,1,0
BRDA:339,29,0,0
BRDA:339,29,1,0
BRDA:343,30,0,0
BRDA:351,31,0,0
BRDA:356,32,0,0
BRDA:356,33,0,0
BRDA:356,33,1,0
BRDA:360,34,0,0
BRDA:360,34,1,0
BRDA:366,35,0,0
BRDA:370,36,0,0
BRDA:370,36,1,0
BRDA:376,37,0,0
BRDA:381,38,0,0
BRDA:381,39,0,0
BRDA:381,39,1,0
BRDA:385,40,0,0
BRDA:385,40,1,0
BRDA:391,41,0,0
BRDA:395,42,0,0
BRDA:395,42,1,0
BRDA:396,43,0,0
BRDA:396,43,1,0
BRDA:401,44,0,0
BRDA:401,45,0,0
BRDA:401,45,1,0
BRDA:402,46,0,0
BRDA:402,46,1,0
BRF:78
BRH:0
end_of_record
TN:
SF:src/lsp/integration.ts
FN:39,findLanguageServer
FN:68,detectProjectLanguage
FN:99,(anonymous_2)
FN:108,findSymbolReferences
FN:118,(anonymous_4)
FN:147,renameSymbol
FN:173,(anonymous_6)
FN:197,findSymbolDefinition
FN:218,(anonymous_8)
FNF:9
FNH:0
FNDA:0,findLanguageServer
FNDA:0,detectProjectLanguage
FNDA:0,(anonymous_2)
FNDA:0,findSymbolReferences
FNDA:0,(anonymous_4)
FNDA:0,renameSymbol
FNDA:0,(anonymous_6)
FNDA:0,findSymbolDefinition
FNDA:0,(anonymous_8)
DA:11,1
DA:40,0
DA:51,0
DA:53,0
DA:54,0
DA:55,0
DA:56,0
DA:58,0
DA:62,0
DA:69,0
DA:70,0
DA:71,0
DA:73,0
DA:88,0
DA:90,0
DA:91,0
DA:92,0
DA:93,0
DA:94,0
DA:99,0
DA:101,0
DA:112,0
DA:113,0
DA:118,0
DA:119,0
DA:121,0
DA:122,0
DA:123,0
DA:124,0
DA:125,0
DA:134,0
DA:138,0
DA:140,0
DA:152,0
DA:153,0
DA:155,0
DA:156,0
DA:160,0
DA:161,0
DA:162,0
DA:163,0
DA:164,0
DA:168,0
DA:169,0
DA:170,0
DA:173,0
DA:175,0
DA:176,0
DA:177,0
DA:178,0
DA:185,0
DA:188,0
DA:190,0
DA:201,0
DA:203,0
DA:211,0
DA:212,0
DA:213,0
DA:218,0
DA:219,0
DA:220,0
DA:221,0
DA:232,0
DA:236,0
DA:238,0
DA:245,1
LF:66
LH:2
BRDA:51,0,0,0
BRDA:51,0,1,0
BRDA:68,1,0,0
BRDA:93,2,0,0
BRDA:94,3,0,0
BRDA:94,3,1,0
BRDA:99,4,0,0
BRDA:99,4,1,0
BRDA:110,5,0,0
BRDA:124,6,0,0
BRDA:128,7,0,0
BRDA:128,7,1,0
BRDA:129,8,0,0
BRDA:129,8,1,0
BRDA:150,9,0,0
BRDA:155,10,0,0
BRDA:162,11,0,0
BRDA:162,11,1,0
BRDA:177,12,0,0
BRDA:199,13,0,0
BRDA:219,14,0,0
BRDA:223,15,0,0
BRDA:223,15,1,0
BRF:23
BRH:0
end_of_record
TN:
SF:src/plugins/sync.ts
FN:40,ensurePluginDir
FN:49,loadPluginIndex
FN:64,savePluginIndex
FN:76,syncClaudeSkills
FN:94,(anonymous_4)
FN:159,syncGeminiExtensions
FN:177,(anonymous_6)
FN:242,syncQwenPlugins
FN:318,syncMCPServers
FN:366,syncAllPlugins
FN:390,(anonymous_10)
FN:391,(anonymous_11)
FN:410,listPlugins
FN:417,installPlugin
FN:444,uninstallPlugin
FN:446,(anonymous_15)
FN:454,setPluginEnabled
FN:456,(anonymous_17)
FNF:18
FNH:0
FNDA:0,ensurePluginDir
FNDA:0,loadPluginIndex
FNDA:0,savePluginIndex
FNDA:0,syncClaudeSkills
FNDA:0,(anonymous_4)
FNDA:0,syncGeminiExtensions
FNDA:0,(anonymous_6)
FNDA:0,syncQwenPlugins
FNDA:0,syncMCPServers
FNDA:0,syncAllPlugins
FNDA:0,(anonymous_10)
FNDA:0,(anonymous_11)
FNDA:0,listPlugins
FNDA:0,installPlugin
FNDA:0,uninstallPlugin
FNDA:0,(anonymous_15)
FNDA:0,setPluginEnabled
FNDA:0,(anonymous_17)
DA:13,0
DA:34,0
DA:35,0
DA:41,0
DA:42,0
DA:50,0
DA:51,0
DA:52,0
DA:53,0
DA:56,0
DA:58,0
DA:65,0
DA:66,0
DA:77,0
DA:79,0
DA:80,0
DA:81,0
DA:82,0
DA:85,0
DA:87,0
DA:88,0
DA:89,0
DA:90,0
DA:92,0
DA:93,0
DA:94,0
DA:96,0
DA:98,0
DA:99,0
DA:100,0
DA:102,0
DA:114,0
DA:121,0
DA:122,0
DA:123,0
DA:124,0
DA:126,0
DA:127,0
DA:140,0
DA:141,0
DA:143,0
DA:146,0
DA:149,0
DA:160,0
DA:162,0
DA:163,0
DA:164,0
DA:165,0
DA:168,0
DA:170,0
DA:171,0
DA:172,0
DA:173,0
DA:175,0
DA:176,0
DA:177,0
DA:179,0
DA:181,0
DA:182,0
DA:183,0
DA:185,0
DA:197,0
DA:204,0
DA:205,0
DA:206,0
DA:207,0
DA:208,0
DA:209,0
DA:223,0
DA:224,0
DA:226,0
DA:229,0
DA:232,0
DA:243,0
DA:245,0
DA:246,0
DA:247,0
DA:248,0
DA:251,0
DA:253,0
DA:254,0
DA:256,0
DA:257,0
DA:258,0
DA:259,0
DA:260,0
DA:262,0
DA:274,0
DA:280,0
DA:281,0
DA:282,0
DA:283,0
DA:284,0
DA:285,0
DA:299,0
DA:300,0
DA:302,0
DA:305,0
DA:308,0
DA:319,0
DA:322,0
DA:329,0
DA:330,0
DA:331,0
DA:332,0
DA:333,0
DA:335,0
DA:336,0
DA:349,0
DA:351,0
DA:356,0
DA:367,0
DA:369,0
DA:372,0
DA:373,0
DA:375,0
DA:376,0
DA:378,0
DA:379,0
DA:381,0
DA:382,0
DA:385,0
DA:386,0
DA:387,0
DA:390,0
DA:391,0
DA:394,0
DA:395,0
DA:397,0
DA:400,0
DA:411,0
DA:418,0
DA:420,0
DA:421,0
DA:422,0
DA:425,0
DA:426,0
DA:435,0
DA:437,0
DA:445,0
DA:446,0
DA:447,0
DA:448,0
DA:455,0
DA:456,0
DA:458,0
DA:459,0
DA:462,0
DA:463,0
DA:465,0
DA:466,0
LF:151
LH:0
BRDA:41,0,0,0
BRDA:51,1,0,0
BRDA:80,2,0,0
BRDA:88,3,0,0
BRDA:96,4,0,0
BRDA:99,5,0,0
BRDA:103,6,0,0
BRDA:103,6,1,0
BRDA:104,7,0,0
BRDA:104,7,1,0
BRDA:105,8,0,0
BRDA:105,8,1,0
BRDA:108,9,0,0
BRDA:108,9,1,0
BRDA:109,10,0,0
BRDA:109,10,1,0
BRDA:122,11,0,0
BRDA:140,12,0,0
BRDA:140,12,1,0
BRDA:163,13,0,0
BRDA:171,14,0,0
BRDA:179,15,0,0
BRDA:182,16,0,0
BRDA:186,17,0,0
BRDA:186,17,1,0
BRDA:187,18,0,0
BRDA:187,18,1,0
BRDA:188,19,0,0
BRDA:188,19,1,0
BRDA:191,20,0,0
BRDA:191,20,1,0
BRDA:192,21,0,0
BRDA:192,21,1,0
BRDA:205,22,0,0
BRDA:207,23,0,0
BRDA:210,24,0,0
BRDA:210,24,1,0
BRDA:212,25,0,0
BRDA:212,25,1,0
BRDA:215,26,0,0
BRDA:215,26,1,0
BRDA:223,27,0,0
BRDA:223,27,1,0
BRDA:246,28,0,0
BRDA:257,29,0,0
BRDA:259,30,0,0
BRDA:263,31,0,0
BRDA:263,31,1,0
BRDA:264,32,0,0
BRDA:264,32,1,0
BRDA:265,33,0,0
BRDA:265,33,1,0
BRDA:268,34,0,0
BRDA:268,34,1,0
BRDA:269,35,0,0
BRDA:269,35,1,0
BRDA:281,36,0,0
BRDA:284,37,0,0
BRDA:299,38,0,0
BRDA:299,38,1,0
BRDA:330,39,0,0
BRDA:333,40,0,0
BRDA:333,40,1,0
BRDA:333,40,2,0
BRDA:385,41,0,0
BRDA:385,41,1,0
BRDA:458,42,0,0
BRDA:465,43,0,0
BRDA:465,43,1,0
BRF:69
BRH:0
end_of_record
TN:
SF:src/providers/anthropic.ts
FN:14,(anonymous_0)
FN:18,(anonymous_1)
FN:26,(anonymous_2)
FN:27,(anonymous_3)
FN:68,(anonymous_4)
FN:79,(anonymous_5)
FN:80,(anonymous_6)
FN:87,(anonymous_7)
FNF:8
FNH:0
FNDA:0,(anonymous_0)
FNDA:0,(anonymous_1)
FNDA:0,(anonymous_2)
FNDA:0,(anonymous_3)
FNDA:0,(anonymous_4)
FNDA:0,(anonymous_5)
FNDA:0,(anonymous_6)
FNDA:0,(anonymous_7)
DA:10,0
DA:11,0
DA:12,0
DA:15,0
DA:19,0
DA:22,0
DA:25,0
DA:26,0
DA:27,0
DA:32,0
DA:33,0
DA:51,0
DA:57,0
DA:58,0
DA:59,0
DA:62,0
DA:64,0
DA:69,0
DA:77,0
DA:78,0
DA:79,0
DA:80,0
DA:84,0
DA:92,0
DA:99,0
DA:101,0
LF:26
LH:0
BRDA:15,0,0,0
BRDA:15,0,1,0
BRDA:22,1,0,0
BRDA:22,1,1,0
BRDA:28,2,0,0
BRDA:28,2,1,0
BRDA:57,3,0,0
BRDA:59,4,0,0
BRDA:59,4,1,0
BRDA:60,5,0,0
BRDA:60,5,1,0
BRDA:77,6,0,0
BRDA:77,7,0,0
BRDA:77,7,1,0
BRDA:80,8,0,0
BRDA:80,8,1,0
BRDA:99,9,0,0
BRF:17
BRH:0
end_of_record
TN:
SF:src/providers/base.ts
FN:16,(anonymous_0)
FN:24,(anonymous_1)
FN:28,(anonymous_2)
FN:35,(anonymous_3)
FN:36,(anonymous_4)
FNF:5
FNH:2
FNDA:3,(anonymous_0)
FNDA:1,(anonymous_1)
FNDA:0,(anonymous_2)
FNDA:0,(anonymous_3)
FNDA:0,(anonymous_4)
DA:17,3
DA:18,3
DA:19,3
DA:25,1
DA:29,0
DA:36,0
LF:6
LH:4
BRDA:25,0,0,1
BRDA:25,0,1,0
BRF:2
BRH:1
end_of_record
TN:
SF:src/providers/chain.ts
FN:16,(anonymous_0)
FN:48,(anonymous_1)
FN:115,(anonymous_2)
FN:136,(anonymous_3)
FN:143,(anonymous_4)
FN:151,(anonymous_5)
FN:158,(anonymous_6)
FN:165,(anonymous_7)
FN:172,(anonymous_8)
FN:180,createDefaultChain
FNF:10
FNH:3
FNDA:3,(anonymous_0)
FNDA:0,(anonymous_1)
FNDA:0,(anonymous_2)
FNDA:1,(anonymous_3)
FNDA:2,(anonymous_4)
FNDA:0,(anonymous_5)
FNDA:0,(anonymous_6)
FNDA:0,(anonymous_7)
FNDA:0,(anonymous_8)
FNDA:0,createDefaultChain
DA:21,3
DA:22,3
DA:25,3
DA:30,3
DA:31,42
DA:32,42
DA:33,3
DA:38,3
DA:53,0
DA:54,0
DA:57,0
DA:60,0
DA:61,0
DA:62,0
DA:63,0
DA:68,0
DA:69,0
DA:71,0
DA:72,0
DA:75,0
DA:76,0
DA:79,0
DA:81,0
DA:82,0
DA:84,0
DA:91,0
DA:94,0
DA:95,0
DA:96,0
DA:97,0
DA:99,0
DA:100,0
DA:107,0
DA:120,0
DA:122,0
DA:123,0
DA:126,0
DA:127,0
DA:130,0
DA:137,1
DA:144,2
DA:145,2
DA:152,0
DA:159,0
DA:166,0
DA:173,0
DA:183,0
LF:47
LH:11
BRDA:32,0,0,3
BRDA:32,1,0,42
BRDA:32,1,1,42
BRDA:38,2,0,3
BRDA:38,2,1,3
BRDA:57,3,0,0
BRDA:57,3,1,0
BRDA:62,4,0,0
BRDA:62,5,0,0
BRDA:62,5,1,0
BRDA:71,6,0,0
BRDA:75,7,0,0
BRDA:91,8,0,0
BRDA:91,8,1,0
BRDA:95,9,0,0
BRDA:99,10,0,0
BRDA:99,11,0,0
BRDA:99,11,1,0
BRDA:122,12,0,0
BRDA:126,13,0,0
BRDA:145,14,0,2
BRDA:145,14,1,2
BRF:22
BRH:7
end_of_record
TN:
SF:src/providers/deepseek.ts
FN:14,(anonymous_0)
FN:18,(anonymous_1)
FN:27,(anonymous_2)
FN:61,(anonymous_3)
FN:66,(anonymous_4)
FNF:5
FNH:0
FNDA:0,(anonymous_0)
FNDA:0,(anonymous_1)
FNDA:0,(anonymous_2)
FNDA:0,(anonymous_3)
FNDA:0,(anonymous_4)
DA:11,0
DA:12,0
DA:15,0
DA:19,0
DA:21,0
DA:25,0
DA:27,0
DA:30,0
DA:31,0
DA:48,0
DA:54,0
DA:55,0
DA:57,0
DA:62,0
DA:63,0
DA:71,0
DA:77,0
DA:79,0
LF:18
LH:0
BRDA:15,0,0,0
BRDA:15,0,1,0
BRDA:21,1,0,0
BRDA:21,1,1,0
BRDA:54,2,0,0
BRDA:55,3,0,0
BRDA:55,3,1,0
BRDA:63,4,0,0
BRDA:63,4,1,0
BRDA:77,5,0,0
BRF:10
BRH:0
end_of_record
TN:
SF:src/providers/gemini.ts
FN:13,(anonymous_0)
FN:17,(anonymous_1)
FN:26,(anonymous_2)
FN:70,(anonymous_3)
FN:82,(anonymous_4)
FNF:5
FNH:0
FNDA:0,(anonymous_0)
FNDA:0,(anonymous_1)
FNDA:0,(anonymous_2)
FNDA:0,(anonymous_3)
FNDA:0,(anonymous_4)
DA:10,0
DA:11,0
DA:14,0
DA:18,0
DA:19,0
DA:22,0
DA:26,0
DA:31,0
DA:35,0
DA:36,0
DA:53,0
DA:59,0
DA:60,0
DA:61,0
DA:64,0
DA:66,0
DA:71,0
DA:79,0
DA:87,0
DA:95,0
DA:97,0
LF:21
LH:0
BRDA:14,0,0,0
BRDA:14,0,1,0
BRDA:18,1,0,0
BRDA:18,1,1,0
BRDA:22,2,0,0
BRDA:22,2,1,0
BRDA:27,3,0,0
BRDA:27,3,1,0
BRDA:31,4,0,0
BRDA:31,4,1,0
BRDA:59,5,0,0
BRDA:61,6,0,0
BRDA:61,6,1,0
BRDA:62,7,0,0
BRDA:62,7,1,0
BRDA:79,8,0,0
BRDA:79,8,1,0
BRDA:95,9,0,0
BRDA:98,10,0,0
BRDA:98,10,1,0
BRDA:99,11,0,0
BRDA:99,11,1,0
BRDA:100,12,0,0
BRDA:100,12,1,0
BRF:24
BRH:0
end_of_record
TN:
SF:src/providers/github-models.ts
FN:14,(anonymous_0)
FN:18,(anonymous_1)
FN:27,(anonymous_2)
FN:61,(anonymous_3)
FN:66,(anonymous_4)
FNF:5
FNH:0
FNDA:0,(anonymous_0)
FNDA:0,(anonymous_1)
FNDA:0,(anonymous_2)
FNDA:0,(anonymous_3)
FNDA:0,(anonymous_4)
DA:11,0
DA:12,0
DA:15,0
DA:19,0
DA:21,0
DA:25,0
DA:27,0
DA:30,0
DA:31,0
DA:48,0
DA:54,0
DA:55,0
DA:57,0
DA:62,0
DA:63,0
DA:71,0
DA:77,0
DA:79,0
LF:18
LH:0
BRDA:15,0,0,0
BRDA:15,0,1,0
BRDA:21,1,0,0
BRDA:21,1,1,0
BRDA:54,2,0,0
BRDA:55,3,0,0
BRDA:55,3,1,0
BRDA:63,4,0,0
BRDA:63,4,1,0
BRDA:77,5,0,0
BRF:10
BRH:0
end_of_record
TN:
SF:src/providers/groq.ts
FN:14,(anonymous_0)
FN:18,(anonymous_1)
FN:24,(anonymous_2)
FN:26,(anonymous_3)
FN:59,(anonymous_4)
FN:64,(anonymous_5)
FNF:6
FNH:0
FNDA:0,(anonymous_0)
FNDA:0,(anonymous_1)
FNDA:0,(anonymous_2)
FNDA:0,(anonymous_3)
FNDA:0,(anonymous_4)
FNDA:0,(anonymous_5)
DA:11,0
DA:12,0
DA:15,0
DA:19,0
DA:21,0
DA:24,0
DA:26,0
DA:28,0
DA:29,0
DA:46,0
DA:52,0
DA:53,0
DA:55,0
DA:60,0
DA:61,0
DA:69,0
DA:75,0
DA:77,0
LF:18
LH:0
BRDA:15,0,0,0
BRDA:15,0,1,0
BRDA:21,1,0,0
BRDA:21,1,1,0
BRDA:52,2,0,0
BRDA:53,3,0,0
BRDA:53,3,1,0
BRDA:61,4,0,0
BRDA:61,4,1,0
BRDA:75,5,0,0
BRF:10
BRH:0
end_of_record
TN:
SF:src/providers/huggingface.ts
FN:14,(anonymous_0)
FN:18,(anonymous_1)
FN:57,(anonymous_2)
FN:76,(anonymous_3)
FN:81,(anonymous_4)
FNF:5
FNH:0
FNDA:0,(anonymous_0)
FNDA:0,(anonymous_1)
FNDA:0,(anonymous_2)
FNDA:0,(anonymous_3)
FNDA:0,(anonymous_4)
DA:11,0
DA:12,0
DA:15,0
DA:19,0
DA:22,0
DA:24,0
DA:25,0
DA:44,0
DA:50,0
DA:51,0
DA:53,0
DA:58,0
DA:60,0
DA:61,0
DA:64,0
DA:65,0
DA:66,0
DA:67,0
DA:68,0
DA:72,0
DA:73,0
DA:77,0
DA:78,0
DA:83,0
LF:24
LH:0
BRDA:15,0,0,0
BRDA:15,0,1,0
BRDA:50,1,0,0
BRDA:51,2,0,0
BRDA:51,2,1,0
BRDA:60,3,0,0
BRDA:65,4,0,0
BRDA:65,4,1,0
BRDA:67,5,0,0
BRDA:78,6,0,0
BRDA:78,6,1,0
BRF:11
BRH:0
end_of_record
TN:
SF:src/providers/index.ts
FN:41,createProvider
FN:83,getAvailableProviders
FNF:2
FNH:1
FNDA:3,createProvider
FNDA:0,getAvailableProviders
DA:42,3
DA:43,3
DA:44,3
DA:46,3
DA:48,0
DA:50,0
DA:52,0
DA:54,0
DA:56,3
DA:58,0
DA:60,0
DA:62,0
DA:64,0
DA:66,0
DA:68,0
DA:70,0
DA:72,0
DA:74,0
DA:76,0
DA:84,0
LF:20
LH:5
BRDA:42,0,0,3
BRDA:42,0,1,3
BRDA:46,1,0,0
BRDA:46,1,1,0
BRDA:46,1,2,0
BRDA:46,1,3,0
BRDA:46,1,4,3
BRDA:46,1,5,0
BRDA:46,1,6,0
BRDA:46,1,7,0
BRDA:46,1,8,0
BRDA:46,1,9,0
BRDA:46,1,10,0
BRDA:46,1,11,0
BRDA:46,1,12,0
BRDA:46,1,13,0
BRDA:46,1,14,0
BRDA:54,2,0,0
BRDA:54,2,1,0
BRDA:56,3,0,3
BRDA:56,3,1,3
BRF:21
BRH:5
end_of_record
TN:
SF:src/providers/kimi.ts
FN:14,(anonymous_0)
FN:18,(anonymous_1)
FN:27,(anonymous_2)
FN:60,(anonymous_3)
FN:65,(anonymous_4)
FNF:5
FNH:0
FNDA:0,(anonymous_0)
FNDA:0,(anonymous_1)
FNDA:0,(anonymous_2)
FNDA:0,(anonymous_3)
FNDA:0,(anonymous_4)
DA:11,0
DA:12,0
DA:15,0
DA:19,0
DA:21,0
DA:25,0
DA:27,0
DA:30,0
DA:31,0
DA:47,0
DA:53,0
DA:54,0
DA:56,0
DA:61,0
DA:62,0
DA:70,0
DA:76,0
DA:78,0
LF:18
LH:0
BRDA:15,0,0,0
BRDA:15,0,1,0
BRDA:21,1,0,0
BRDA:21,1,1,0
BRDA:53,2,0,0
BRDA:54,3,0,0
BRDA:54,3,1,0
BRDA:62,4,0,0
BRDA:62,4,1,0
BRDA:76,5,0,0
BRF:10
BRH:0
end_of_record
TN:
SF:src/providers/mistral.ts
FN:14,(anonymous_0)
FN:18,(anonymous_1)
FN:24,(anonymous_2)
FN:26,(anonymous_3)
FN:59,(anonymous_4)
FN:64,(anonymous_5)
FNF:6
FNH:0
FNDA:0,(anonymous_0)
FNDA:0,(anonymous_1)
FNDA:0,(anonymous_2)
FNDA:0,(anonymous_3)
FNDA:0,(anonymous_4)
FNDA:0,(anonymous_5)
DA:11,0
DA:12,0
DA:15,0
DA:19,0
DA:21,0
DA:24,0
DA:26,0
DA:28,0
DA:29,0
DA:46,0
DA:52,0
DA:53,0
DA:55,0
DA:60,0
DA:61,0
DA:69,0
DA:75,0
DA:77,0
LF:18
LH:0
BRDA:15,0,0,0
BRDA:15,0,1,0
BRDA:21,1,0,0
BRDA:21,1,1,0
BRDA:52,2,0,0
BRDA:53,3,0,0
BRDA:53,3,1,0
BRDA:61,4,0,0
BRDA:61,4,1,0
BRDA:75,5,0,0
BRF:10
BRH:0
end_of_record
TN:
SF:src/providers/modelscope.ts
FN:14,(anonymous_0)
FN:18,(anonymous_1)
FN:27,(anonymous_2)
FN:62,(anonymous_3)
FN:74,(anonymous_4)
FNF:5
FNH:0
FNDA:0,(anonymous_0)
FNDA:0,(anonymous_1)
FNDA:0,(anonymous_2)
FNDA:0,(anonymous_3)
FNDA:0,(anonymous_4)
DA:11,0
DA:12,0
DA:15,0
DA:19,0
DA:21,0
DA:25,0
DA:27,0
DA:30,0
DA:31,0
DA:49,0
DA:55,0
DA:56,0
DA:58,0
DA:63,0
DA:71,0
DA:79,0
DA:87,0
DA:89,0
LF:18
LH:0
BRDA:15,0,0,0
BRDA:15,0,1,0
BRDA:21,1,0,0
BRDA:21,1,1,0
BRDA:52,2,0,0
BRDA:52,2,1,0
BRDA:55,3,0,0
BRDA:56,4,0,0
BRDA:56,4,1,0
BRDA:71,5,0,0
BRDA:71,5,1,0
BRDA:87,6,0,0
BRDA:90,7,0,0
BRDA:90,7,1,0
BRDA:91,8,0,0
BRDA:91,8,1,0
BRDA:92,9,0,0
BRDA:92,9,1,0
BRF:18
BRH:0
end_of_record
TN:
SF:src/providers/ollama.ts
FN:13,(anonymous_0)
FN:17,(anonymous_1)
FN:26,(anonymous_2)
FN:67,(anonymous_3)
FN:71,(anonymous_4)
FN:77,(anonymous_5)
FN:87,(anonymous_6)
FNF:7
FNH:1
FNDA:3,(anonymous_0)
FNDA:0,(anonymous_1)
FNDA:0,(anonymous_2)
FNDA:0,(anonymous_3)
FNDA:0,(anonymous_4)
FNDA:0,(anonymous_5)
FNDA:0,(anonymous_6)
DA:10,3
DA:11,3
DA:14,3
DA:18,0
DA:20,0
DA:24,0
DA:26,0
DA:29,0
DA:30,0
DA:48,0
DA:54,0
DA:55,0
DA:56,0
DA:58,0
DA:60,0
DA:68,0
DA:69,0
DA:70,0
DA:71,0
DA:73,0
DA:78,0
DA:84,0
DA:92,0
DA:97,0
DA:99,0
DA:100,0
DA:102,0
LF:27
LH:3
BRDA:13,0,0,0
BRDA:14,1,0,3
BRDA:14,1,1,2
BRDA:20,2,0,0
BRDA:20,2,1,0
BRDA:51,3,0,0
BRDA:51,3,1,0
BRDA:54,4,0,0
BRDA:55,5,0,0
BRDA:58,6,0,0
BRDA:58,6,1,0
BRDA:71,7,0,0
BRDA:71,7,1,0
BRDA:84,8,0,0
BRDA:84,8,1,0
BRDA:97,9,0,0
BRDA:97,10,0,0
BRDA:97,10,1,0
BRDA:99,11,0,0
BRDA:99,11,1,0
BRDA:100,12,0,0
BRDA:100,12,1,0
BRF:22
BRH:2
end_of_record
TN:
SF:src/providers/openai.ts
FN:13,(anonymous_0)
FN:17,(anonymous_1)
FN:60,(anonymous_2)
FN:61,(anonymous_3)
FN:67,(anonymous_4)
FN:72,(anonymous_5)
FNF:6
FNH:0
FNDA:0,(anonymous_0)
FNDA:0,(anonymous_1)
FNDA:0,(anonymous_2)
FNDA:0,(anonymous_3)
FNDA:0,(anonymous_4)
FNDA:0,(anonymous_5)
DA:10,0
DA:11,0
DA:14,0
DA:18,0
DA:20,0
DA:24,0
DA:29,0
DA:30,0
DA:47,0
DA:53,0
DA:54,0
DA:56,0
DA:61,0
DA:68,0
DA:69,0
DA:77,0
DA:83,0
DA:85,0
LF:18
LH:0
BRDA:14,0,0,0
BRDA:14,0,1,0
BRDA:20,1,0,0
BRDA:20,1,1,0
BRDA:53,2,0,0
BRDA:54,3,0,0
BRDA:54,3,1,0
BRDA:69,4,0,0
BRDA:69,4,1,0
BRDA:83,5,0,0
BRF:10
BRH:0
end_of_record
TN:
SF:src/providers/openrouter.ts
FN:14,(anonymous_0)
FN:18,(anonymous_1)
FN:24,(anonymous_2)
FN:26,(anonymous_3)
FN:61,(anonymous_4)
FN:66,(anonymous_5)
FNF:6
FNH:0
FNDA:0,(anonymous_0)
FNDA:0,(anonymous_1)
FNDA:0,(anonymous_2)
FNDA:0,(anonymous_3)
FNDA:0,(anonymous_4)
FNDA:0,(anonymous_5)
DA:11,0
DA:12,0
DA:15,0
DA:19,0
DA:21,0
DA:24,0
DA:26,0
DA:28,0
DA:29,0
DA:48,0
DA:54,0
DA:55,0
DA:57,0
DA:62,0
DA:63,0
DA:71,0
DA:77,0
DA:79,0
LF:18
LH:0
BRDA:15,0,0,0
BRDA:15,0,1,0
BRDA:21,1,0,0
BRDA:21,1,1,0
BRDA:54,2,0,0
BRDA:55,3,0,0
BRDA:55,3,1,0
BRDA:63,4,0,0
BRDA:63,4,1,0
BRDA:77,5,0,0
BRF:10
BRH:0
end_of_record
TN:
SF:src/providers/qwen.ts
FN:20,(anonymous_0)
FN:25,(anonymous_1)
FN:34,(anonymous_2)
FN:70,(anonymous_3)
FN:84,(anonymous_4)
FNF:5
FNH:0
FNDA:0,(anonymous_0)
FNDA:0,(anonymous_1)
FNDA:0,(anonymous_2)
FNDA:0,(anonymous_3)
FNDA:0,(anonymous_4)
DA:16,0
DA:18,0
DA:21,0
DA:22,0
DA:26,0
DA:28,0
DA:32,0
DA:34,0
DA:37,0
DA:38,0
DA:57,0
DA:63,0
DA:64,0
DA:66,0
DA:71,0
DA:81,0
DA:89,0
DA:97,0
DA:99,0
LF:19
LH:0
BRDA:21,0,0,0
BRDA:21,0,1,0
BRDA:28,1,0,0
BRDA:28,1,1,0
BRDA:60,2,0,0
BRDA:60,2,1,0
BRDA:63,3,0,0
BRDA:64,4,0,0
BRDA:64,4,1,0
BRDA:81,5,0,0
BRDA:81,5,1,0
BRDA:97,6,0,0
BRDA:100,7,0,0
BRDA:100,7,1,0
BRDA:101,8,0,0
BRDA:101,8,1,0
BRDA:102,9,0,0
BRDA:102,9,1,0
BRF:18
BRH:0
end_of_record
TN:
SF:src/providers/together.ts
FN:14,(anonymous_0)
FN:18,(anonymous_1)
FN:24,(anonymous_2)
FN:26,(anonymous_3)
FN:59,(anonymous_4)
FN:64,(anonymous_5)
FNF:6
FNH:0
FNDA:0,(anonymous_0)
FNDA:0,(anonymous_1)
FNDA:0,(anonymous_2)
FNDA:0,(anonymous_3)
FNDA:0,(anonymous_4)
FNDA:0,(anonymous_5)
DA:11,0
DA:12,0
DA:15,0
DA:19,0
DA:21,0
DA:24,0
DA:26,0
DA:28,0
DA:29,0
DA:46,0
DA:52,0
DA:53,0
DA:55,0
DA:60,0
DA:61,0
DA:69,0
DA:75,0
DA:77,0
LF:18
LH:0
BRDA:15,0,0,0
BRDA:15,0,1,0
BRDA:21,1,0,0
BRDA:21,1,1,0
BRDA:52,2,0,0
BRDA:53,3,0,0
BRDA:53,3,1,0
BRDA:61,4,0,0
BRDA:61,4,1,0
BRDA:75,5,0,0
BRF:10
BRH:0
end_of_record
TN:
SF:src/state/manager.ts
FN:58,(anonymous_0)
FN:79,(anonymous_1)
FN:93,(anonymous_2)
FN:107,(anonymous_3)
FN:119,(anonymous_4)
FN:131,(anonymous_5)
FN:138,(anonymous_6)
FN:148,(anonymous_7)
FN:166,(anonymous_8)
FN:185,(anonymous_9)
FN:196,(anonymous_10)
FN:203,(anonymous_11)
FN:216,(anonymous_12)
FN:224,(anonymous_13)
FN:235,(anonymous_14)
FN:277,(anonymous_15)
FN:291,(anonymous_16)
FN:305,(anonymous_17)
FN:313,(anonymous_18)
FN:322,getStateManager
FNF:20
FNH:0
FNDA:0,(anonymous_0)
FNDA:0,(anonymous_1)
FNDA:0,(anonymous_2)
FNDA:0,(anonymous_3)
FNDA:0,(anonymous_4)
FNDA:0,(anonymous_5)
FNDA:0,(anonymous_6)
FNDA:0,(anonymous_7)
FNDA:0,(anonymous_8)
FNDA:0,(anonymous_9)
FNDA:0,(anonymous_10)
FNDA:0,(anonymous_11)
FNDA:0,(anonymous_12)
FNDA:0,(anonymous_13)
FNDA:0,(anonymous_14)
FNDA:0,(anonymous_15)
FNDA:0,(anonymous_16)
FNDA:0,(anonymous_17)
FNDA:0,(anonymous_18)
FNDA:0,getStateManager
DA:40,0
DA:59,0
DA:60,0
DA:61,0
DA:63,0
DA:81,0
DA:82,0
DA:83,0
DA:84,0
DA:87,0
DA:94,0
DA:95,0
DA:96,0
DA:97,0
DA:100,0
DA:108,0
DA:109,0
DA:110,0
DA:112,0
DA:120,0
DA:121,0
DA:122,0
DA:124,0
DA:132,0
DA:139,0
DA:140,0
DA:141,0
DA:149,0
DA:156,0
DA:167,0
DA:175,0
DA:186,0
DA:197,0
DA:204,0
DA:217,0
DA:218,0
DA:219,0
DA:222,0
DA:223,0
DA:224,0
DA:226,0
DA:228,0
DA:241,0
DA:248,0
DA:249,0
DA:251,0
DA:252,0
DA:255,0
DA:256,0
DA:258,0
DA:259,0
DA:262,0
DA:263,0
DA:264,0
DA:265,0
DA:266,0
DA:267,0
DA:271,0
DA:278,0
DA:279,0
DA:280,0
DA:285,0
DA:292,0
DA:293,0
DA:294,0
DA:299,0
DA:306,0
DA:307,0
DA:314,0
DA:315,0
DA:320,0
DA:323,0
DA:324,0
DA:326,0
LF:74
LH:0
BRDA:95,0,0,0
BRDA:140,1,0,0
BRDA:169,2,0,0
BRDA:169,2,1,0
BRDA:170,3,0,0
BRDA:170,3,1,0
BRDA:177,4,0,0
BRDA:177,4,1,0
BRDA:216,5,0,0
BRDA:218,6,0,0
BRDA:264,7,0,0
BRDA:323,8,0,0
BRF:12
BRH:0
end_of_record
TN:
SF:src/storage/approvals.ts
FN:61,(anonymous_0)
FN:82,(anonymous_1)
FN:116,(anonymous_2)
FN:125,(anonymous_3)
FN:129,(anonymous_4)
FN:135,(anonymous_5)
FN:165,(anonymous_6)
FN:191,(anonymous_7)
FN:194,(anonymous_8)
FN:201,(anonymous_9)
FN:205,(anonymous_10)
FN:206,(anonymous_11)
FN:212,(anonymous_12)
FN:215,(anonymous_13)
FN:227,(anonymous_14)
FN:236,(anonymous_15)
FN:243,(anonymous_16)
FN:250,(anonymous_17)
FN:255,(anonymous_18)
FN:274,(anonymous_19)
FN:278,(anonymous_20)
FN:287,(anonymous_21)
FN:290,(anonymous_22)
FN:302,(anonymous_23)
FN:309,(anonymous_24)
FN:318,(anonymous_25)
FN:331,(anonymous_26)
FN:337,(anonymous_27)
FN:338,(anonymous_28)
FN:346,(anonymous_29)
FN:356,getApprovalsStore
FNF:31
FNH:29
FNDA:31,(anonymous_0)
FNDA:31,(anonymous_1)
FNDA:72,(anonymous_2)
FNDA:31,(anonymous_3)
FNDA:681,(anonymous_4)
FNDA:19,(anonymous_5)
FNDA:4,(anonymous_6)
FNDA:4,(anonymous_7)
FNDA:1,(anonymous_8)
FNDA:5,(anonymous_9)
FNDA:6,(anonymous_10)
FNDA:3,(anonymous_11)
FNDA:11,(anonymous_12)
FNDA:9,(anonymous_13)
FNDA:10,(anonymous_14)
FNDA:6,(anonymous_15)
FNDA:1,(anonymous_16)
FNDA:7,(anonymous_17)
FNDA:42,(anonymous_18)
FNDA:1,(anonymous_19)
FNDA:10,(anonymous_20)
FNDA:1,(anonymous_21)
FNDA:9,(anonymous_22)
FNDA:1,(anonymous_23)
FNDA:33,(anonymous_24)
FNDA:4,(anonymous_25)
FNDA:101,(anonymous_26)
FNDA:101,(anonymous_27)
FNDA:101,(anonymous_28)
FNDA:0,(anonymous_29)
FNDA:0,getApprovalsStore
DA:47,1
DA:59,31
DA:63,31
DA:64,0
DA:67,31
DA:68,31
DA:83,31
DA:85,31
DA:86,31
DA:87,31
DA:88,0
DA:98,31
DA:99,31
DA:100,31
DA:102,0
DA:103,0
DA:108,0
DA:109,0
DA:117,72
DA:118,0
DA:126,31
DA:128,31
DA:129,681
DA:140,19
DA:142,19
DA:151,19
DA:154,19
DA:155,0
DA:158,19
DA:159,19
DA:166,4
DA:168,4
DA:169,16
DA:172,15
DA:173,15
DA:176,3
DA:177,0
DA:178,0
DA:179,0
DA:182,3
DA:185,1
DA:192,4
DA:194,4
DA:195,4
DA:202,5
DA:204,5
DA:205,6
DA:206,3
DA:213,11
DA:215,11
DA:216,11
DA:217,2
DA:220,9
DA:221,9
DA:224,9
DA:227,10
DA:229,9
DA:230,9
DA:237,6
DA:244,1
DA:251,7
DA:254,7
DA:255,42
DA:258,7
DA:259,6
DA:262,1
DA:268,1
DA:275,1
DA:277,1
DA:278,10
DA:281,1
DA:288,1
DA:290,9
DA:291,1
DA:292,1
DA:295,0
DA:296,0
DA:303,1
DA:310,33
DA:311,33
DA:312,33
DA:324,4
DA:325,0
DA:328,4
DA:329,4
DA:331,4
DA:332,101
DA:335,4
DA:337,101
DA:338,101
DA:347,0
DA:354,1
DA:357,0
DA:358,0
DA:360,0
LF:95
LH:77
BRDA:63,0,0,0
BRDA:83,1,0,0
BRDA:87,2,0,0
BRDA:117,3,0,0
BRDA:126,4,0,0
BRDA:154,5,0,0
BRDA:166,6,0,0
BRDA:169,7,0,1
BRDA:173,8,0,12
BRDA:176,9,0,0
BRDA:176,10,0,3
BRDA:176,10,1,1
BRDA:179,11,0,0
BRDA:192,12,0,0
BRDA:195,13,0,1
BRDA:195,13,1,3
BRDA:195,14,0,4
BRDA:195,14,1,1
BRDA:202,15,0,0
BRDA:216,16,0,2
BRDA:216,17,0,11
BRDA:216,17,1,9
BRDA:220,18,0,7
BRDA:220,18,1,2
BRDA:255,19,0,42
BRDA:255,19,1,6
BRDA:258,20,0,6
BRDA:291,21,0,1
BRDA:303,22,0,1
BRDA:303,22,1,0
BRDA:324,23,0,0
BRDA:332,24,0,101
BRDA:332,24,1,101
BRDA:357,25,0,0
BRF:34
BRH:20
end_of_record
TN:
SF:src/storage/brain.ts
FN:45,searchMemoriesByText
FN:49,(anonymous_1)
FN:52,(anonymous_2)
FN:59,sortByRelevance
FN:61,(anonymous_4)
FN:66,(anonymous_5)
FN:78,(anonymous_6)
FN:79,(anonymous_7)
FN:86,(anonymous_8)
FN:87,(anonymous_9)
FN:97,(anonymous_10)
FN:112,(anonymous_11)
FN:133,(anonymous_12)
FN:142,(anonymous_13)
FN:146,(anonymous_14)
FN:177,(anonymous_15)
FN:181,(anonymous_16)
FN:197,(anonymous_17)
FN:205,(anonymous_18)
FN:212,(anonymous_19)
FN:213,(anonymous_20)
FN:224,(anonymous_21)
FN:228,(anonymous_22)
FN:229,(anonymous_23)
FN:235,(anonymous_24)
FN:238,(anonymous_25)
FN:250,(anonymous_26)
FN:254,(anonymous_27)
FN:269,(anonymous_28)
FN:285,(anonymous_29)
FN:330,(anonymous_30)
FN:337,(anonymous_31)
FN:349,(anonymous_32)
FN:374,(anonymous_33)
FN:384,getBrainStore
FNF:35
FNH:32
FNDA:6,searchMemoriesByText
FNDA:20,(anonymous_1)
FNDA:19,(anonymous_2)
FNDA:6,sortByRelevance
FNDA:0,(anonymous_4)
FNDA:5,(anonymous_5)
FNDA:8,(anonymous_6)
FNDA:2,(anonymous_7)
FNDA:1,(anonymous_8)
FNDA:5,(anonymous_9)
FNDA:32,(anonymous_10)
FNDA:32,(anonymous_11)
FNDA:1168,(anonymous_12)
FNDA:53,(anonymous_13)
FNDA:95,(anonymous_14)
FNDA:13,(anonymous_15)
FNDA:23,(anonymous_16)
FNDA:3,(anonymous_17)
FNDA:6,(anonymous_18)
FNDA:4,(anonymous_19)
FNDA:4,(anonymous_20)
FNDA:2,(anonymous_21)
FNDA:8,(anonymous_22)
FNDA:1,(anonymous_23)
FNDA:3,(anonymous_24)
FNDA:10,(anonymous_25)
FNDA:1111,(anonymous_26)
FNDA:1240,(anonymous_27)
FNDA:4,(anonymous_28)
FNDA:2,(anonymous_29)
FNDA:1,(anonymous_30)
FNDA:4,(anonymous_31)
FNDA:3,(anonymous_32)
FNDA:0,(anonymous_33)
FNDA:0,getBrainStore
DA:37,1
DA:46,6
DA:48,5
DA:49,5
DA:50,20
DA:52,19
DA:60,6
DA:61,1
DA:64,5
DA:66,5
DA:67,5
DA:70,5
DA:72,5
DA:75,5
DA:78,8
DA:79,2
DA:82,5
DA:84,5
DA:86,1
DA:87,5
DA:95,32
DA:99,32
DA:100,0
DA:103,32
DA:104,32
DA:113,32
DA:115,32
DA:116,32
DA:117,32
DA:118,0
DA:120,32
DA:121,32
DA:123,0
DA:124,0
DA:125,0
DA:126,0
DA:134,1168
DA:135,0
DA:143,53
DA:146,95
DA:148,53
DA:150,3
DA:151,3
DA:152,3
DA:153,3
DA:154,3
DA:158,50
DA:168,50
DA:169,50
DA:171,50
DA:178,13
DA:180,13
DA:181,23
DA:184,13
DA:186,10
DA:187,10
DA:188,10
DA:191,13
DA:198,3
DA:199,3
DA:206,6
DA:208,6
DA:211,6
DA:212,1
DA:213,4
DA:218,6
DA:225,2
DA:227,2
DA:228,8
DA:229,1
DA:236,3
DA:238,10
DA:240,3
DA:241,1
DA:244,3
DA:251,1111
DA:253,1111
DA:254,1240
DA:257,1111
DA:258,1059
DA:261,52
DA:262,52
DA:263,52
DA:270,4
DA:272,4
DA:273,4
DA:274,8
DA:275,7
DA:279,4
DA:291,2
DA:292,0
DA:300,2
DA:301,2
DA:302,2
DA:303,2
DA:305,2
DA:306,4
DA:307,2
DA:310,4
DA:311,1
DA:314,4
DA:315,1
DA:319,2
DA:331,1
DA:338,4
DA:340,4
DA:341,4
DA:343,3
DA:344,1
DA:348,2
DA:349,3
DA:352,2
DA:353,2
DA:354,3
DA:355,2
DA:360,2
DA:364,2
DA:365,2
DA:367,2
DA:375,0
DA:382,1
DA:385,0
DA:386,0
DA:388,0
LF:124
LH:112
BRDA:46,0,0,1
BRDA:50,1,0,20
BRDA:50,1,1,18
BRDA:50,1,2,17
BRDA:60,2,0,1
BRDA:70,3,0,0
BRDA:70,3,1,5
BRDA:72,4,0,2
BRDA:75,5,0,1
BRDA:78,6,0,4
BRDA:78,6,1,1
BRDA:79,7,0,0
BRDA:99,8,0,0
BRDA:113,9,0,0
BRDA:117,10,0,0
BRDA:134,11,0,0
BRDA:142,12,0,19
BRDA:148,13,0,3
BRDA:151,14,0,1
BRDA:151,14,1,2
BRDA:178,15,0,0
BRDA:184,16,0,10
BRDA:191,17,0,13
BRDA:191,17,1,3
BRDA:199,18,0,3
BRDA:199,18,1,1
BRDA:206,19,0,0
BRDA:211,20,0,1
BRDA:211,21,0,6
BRDA:211,21,1,1
BRDA:225,22,0,0
BRDA:236,23,0,0
BRDA:240,24,0,1
BRDA:257,25,0,1059
BRDA:270,26,0,0
BRDA:291,27,0,0
BRDA:291,28,0,2
BRDA:291,28,1,2
BRDA:310,29,0,1
BRDA:314,30,0,1
BRDA:343,31,0,1
BRDA:343,32,0,3
BRDA:343,32,1,2
BRDA:354,33,0,2
BRDA:357,34,0,2
BRDA:357,34,1,0
BRDA:385,35,0,0
BRF:47
BRH:33
end_of_record
TN:
SF:src/storage/mcp.ts
FN:59,loadMCPConfig
FN:76,saveMCPConfig
FN:89,addMCPServer
FN:97,(anonymous_3)
FN:116,removeMCPServer
FN:118,(anonymous_5)
FN:125,setMCPServerEnabled
FN:130,(anonymous_7)
FN:143,listMCPServers
FN:151,getEnabledMCPServers
FN:153,(anonymous_10)
FN:159,installMCPSkill
FN:177,listMCPSkills
FN:188,(anonymous_13)
FN:189,(anonymous_14)
FN:202,(anonymous_15)
FN:203,(anonymous_16)
FNF:17
FNH:0
FNDA:0,loadMCPConfig
FNDA:0,saveMCPConfig
FNDA:0,addMCPServer
FNDA:0,(anonymous_3)
FNDA:0,removeMCPServer
FNDA:0,(anonymous_5)
FNDA:0,setMCPServerEnabled
FNDA:0,(anonymous_7)
FNDA:0,listMCPServers
FNDA:0,getEnabledMCPServers
FNDA:0,(anonymous_10)
FNDA:0,installMCPSkill
FNDA:0,listMCPSkills
FNDA:0,(anonymous_13)
FNDA:0,(anonymous_14)
FNDA:0,(anonymous_15)
FNDA:0,(anonymous_16)
DA:13,0
DA:27,0
DA:32,0
DA:60,0
DA:61,0
DA:62,0
DA:63,0
DA:66,0
DA:70,0
DA:77,0
DA:79,0
DA:80,0
DA:83,0
DA:94,0
DA:97,0
DA:98,0
DA:99,0
DA:102,0
DA:110,0
DA:117,0
DA:118,0
DA:119,0
DA:129,0
DA:130,0
DA:132,0
DA:133,0
DA:136,0
DA:137,0
DA:144,0
DA:145,0
DA:152,0
DA:153,0
DA:160,0
DA:162,0
DA:163,0
DA:166,0
DA:167,0
DA:168,0
DA:170,0
DA:178,0
DA:180,0
DA:181,0
DA:184,0
DA:185,0
DA:186,0
DA:187,0
DA:188,0
DA:189,0
DA:191,0
DA:198,0
DA:202,0
DA:203,0
LF:52
LH:0
BRDA:61,0,0,0
BRDA:79,1,0,0
BRDA:98,2,0,0
BRDA:132,3,0,0
BRDA:162,4,0,0
BRDA:180,5,0,0
BRDA:188,6,0,0
BRDA:188,6,1,0
BRF:8
BRH:0
end_of_record
TN:
SF:src/storage/sessions.ts
FN:29,calculateTokenCount
FN:30,(anonymous_1)
FN:37,generateSessionId
FN:44,isSessionExpired
FN:56,(anonymous_4)
FN:72,(anonymous_5)
FN:98,(anonymous_6)
FN:107,(anonymous_7)
FN:121,(anonymous_8)
FN:126,(anonymous_9)
FN:137,(anonymous_10)
FN:144,(anonymous_11)
FN:155,(anonymous_12)
FN:178,(anonymous_13)
FN:180,(anonymous_14)
FN:186,(anonymous_15)
FN:191,(anonymous_16)
FN:203,(anonymous_17)
FN:221,(anonymous_18)
FN:247,(anonymous_19)
FN:252,(anonymous_20)
FN:265,(anonymous_21)
FN:275,(anonymous_22)
FN:287,(anonymous_23)
FN:297,(anonymous_24)
FN:313,(anonymous_25)
FN:326,(anonymous_26)
FN:341,(anonymous_27)
FN:353,(anonymous_28)
FN:366,(anonymous_29)
FN:367,(anonymous_30)
FN:383,(anonymous_31)
FN:393,getSessionStore
FNF:33
FNH:23
FNDA:9,calculateTokenCount
FNDA:9,(anonymous_1)
FNDA:19,generateSessionId
FNDA:0,isSessionExpired
FNDA:24,(anonymous_4)
FNDA:24,(anonymous_5)
FNDA:83,(anonymous_6)
FNDA:0,(anonymous_7)
FNDA:23,(anonymous_8)
FNDA:0,(anonymous_9)
FNDA:0,(anonymous_10)
FNDA:0,(anonymous_11)
FNDA:19,(anonymous_12)
FNDA:21,(anonymous_13)
FNDA:15,(anonymous_14)
FNDA:4,(anonymous_15)
FNDA:3,(anonymous_16)
FNDA:2,(anonymous_17)
FNDA:6,(anonymous_18)
FNDA:2,(anonymous_19)
FNDA:2,(anonymous_20)
FNDA:50,(anonymous_21)
FNDA:2,(anonymous_22)
FNDA:4,(anonymous_23)
FNDA:2,(anonymous_24)
FNDA:0,(anonymous_25)
FNDA:0,(anonymous_26)
FNDA:0,(anonymous_27)
FNDA:2,(anonymous_28)
FNDA:1,(anonymous_29)
FNDA:1,(anonymous_30)
FNDA:0,(anonymous_31)
FNDA:0,getSessionStore
DA:17,1
DA:30,9
DA:31,9
DA:38,19
DA:45,0
DA:46,0
DA:54,24
DA:58,24
DA:59,0
DA:62,24
DA:63,24
DA:73,24
DA:75,23
DA:76,23
DA:78,23
DA:79,0
DA:82,23
DA:83,23
DA:84,23
DA:87,0
DA:88,0
DA:89,0
DA:90,0
DA:91,0
DA:99,83
DA:100,0
DA:108,0
DA:109,0
DA:110,0
DA:111,0
DA:112,0
DA:122,23
DA:124,23
DA:125,23
DA:126,0
DA:128,23
DA:130,23
DA:131,0
DA:135,23
DA:137,0
DA:138,0
DA:142,23
DA:143,0
DA:144,0
DA:146,0
DA:147,0
DA:156,19
DA:158,19
DA:168,19
DA:169,19
DA:170,19
DA:172,19
DA:179,21
DA:180,21
DA:187,4
DA:189,4
DA:191,4
DA:193,4
DA:194,1
DA:197,4
DA:204,2
DA:206,2
DA:207,2
DA:208,0
DA:211,2
DA:212,2
DA:213,2
DA:215,2
DA:222,6
DA:224,6
DA:225,6
DA:226,1
DA:229,5
DA:235,5
DA:236,5
DA:237,5
DA:239,5
DA:241,5
DA:248,2
DA:250,2
DA:252,2
DA:255,2
DA:256,2
DA:259,2
DA:266,50
DA:268,50
DA:269,50
DA:276,2
DA:277,2
DA:278,1
DA:281,1
DA:288,4
DA:289,2
DA:291,2
DA:298,2
DA:300,2
DA:301,2
DA:302,2
DA:305,0
DA:306,0
DA:307,0
DA:314,0
DA:316,0
DA:317,0
DA:318,0
DA:320,0
DA:327,0
DA:329,0
DA:330,0
DA:331,0
DA:332,0
DA:333,0
DA:334,0
DA:342,0
DA:344,0
DA:345,0
DA:346,0
DA:359,2
DA:361,2
DA:362,0
DA:365,2
DA:366,2
DA:367,2
DA:369,2
DA:370,2
DA:372,2
DA:384,0
DA:391,1
DA:394,0
DA:395,0
DA:397,0
DA:403,1
LF:132
LH:84
BRDA:44,0,0,0
BRDA:58,1,0,0
BRDA:73,2,0,1
BRDA:78,3,0,0
BRDA:99,4,0,0
BRDA:122,5,0,0
BRDA:130,6,0,0
BRDA:135,7,0,0
BRDA:142,8,0,0
BRDA:146,9,0,0
BRDA:155,10,0,18
BRDA:160,11,0,19
BRDA:160,11,1,0
BRDA:179,12,0,0
BRDA:180,13,0,21
BRDA:180,13,1,6
BRDA:187,14,0,0
BRDA:193,15,0,1
BRDA:207,16,0,0
BRDA:225,17,0,1
BRDA:250,18,0,0
BRDA:255,19,0,2
BRDA:277,20,0,1
BRDA:288,21,0,2
BRDA:288,22,0,4
BRDA:288,22,1,4
BRDA:301,23,0,2
BRDA:317,24,0,0
BRDA:330,25,0,0
BRDA:345,26,0,0
BRDA:361,27,0,0
BRDA:367,28,0,1
BRDA:367,28,1,0
BRDA:370,29,0,2
BRDA:370,29,1,1
BRDA:394,30,0,0
BRF:36
BRH:16
end_of_record
TN:
SF:src/tools/browser.ts
FN:24,getBrowser
FN:49,browserNavigate
FN:78,browserScreenshot
FN:110,browserClick
FN:131,browserType
FN:156,browserExtract
FN:162,(anonymous_6)
FN:162,(anonymous_7)
FN:164,(anonymous_8)
FN:182,browserGetLinks
FN:186,(anonymous_10)
FN:188,(anonymous_11)
FN:192,(anonymous_12)
FN:210,browserSearchGoogle
FN:218,browserClose
FNF:15
FNH:0
FNDA:0,getBrowser
FNDA:0,browserNavigate
FNDA:0,browserScreenshot
FNDA:0,browserClick
FNDA:0,browserType
FNDA:0,browserExtract
FNDA:0,(anonymous_6)
FNDA:0,(anonymous_7)
FNDA:0,(anonymous_8)
FNDA:0,browserGetLinks
FNDA:0,(anonymous_10)
FNDA:0,(anonymous_11)
FNDA:0,(anonymous_12)
FNDA:0,browserSearchGoogle
FNDA:0,browserClose
DA:17,1
DA:18,1
DA:19,1
DA:25,0
DA:26,0
DA:32,0
DA:33,0
DA:39,0
DA:40,0
DA:43,0
DA:50,0
DA:51,0
DA:53,0
DA:58,0
DA:59,0
DA:61,0
DA:68,0
DA:79,0
DA:80,0
DA:82,0
DA:88,0
DA:89,0
DA:90,0
DA:91,0
DA:94,0
DA:100,0
DA:111,0
DA:112,0
DA:114,0
DA:116,0
DA:121,0
DA:132,0
DA:133,0
DA:135,0
DA:137,0
DA:138,0
DA:141,0
DA:146,0
DA:157,0
DA:158,0
DA:161,0
DA:162,0
DA:164,0
DA:167,0
DA:172,0
DA:183,0
DA:184,0
DA:186,0
DA:187,0
DA:188,0
DA:192,0
DA:195,0
DA:200,0
DA:211,0
DA:212,0
DA:219,0
DA:220,0
DA:221,0
DA:223,0
DA:224,0
DA:225,0
DA:227,0
DA:228,0
DA:229,0
DA:236,1
LF:65
LH:4
BRDA:25,0,0,0
BRDA:32,1,0,0
BRDA:39,2,0,0
BRDA:88,3,0,0
BRDA:137,4,0,0
BRDA:161,5,0,0
BRDA:161,5,1,0
BRDA:162,6,0,0
BRDA:162,6,1,0
BRDA:189,7,0,0
BRDA:189,7,1,0
BRDA:219,8,0,0
BRDA:223,9,0,0
BRDA:227,10,0,0
BRF:14
BRH:0
end_of_record
TN:
SF:src/tools/context-loader.ts
FN:23,findEchoMd
FN:50,parseEchoMd
FN:59,(anonymous_2)
FN:72,(anonymous_3)
FN:76,(anonymous_4)
FN:80,(anonymous_5)
FN:109,loadEchoContext
FN:128,formatContextForPrompt
FN:145,(anonymous_8)
FN:150,(anonymous_9)
FNF:10
FNH:0
FNDA:0,findEchoMd
FNDA:0,parseEchoMd
FNDA:0,(anonymous_2)
FNDA:0,(anonymous_3)
FNDA:0,(anonymous_4)
FNDA:0,(anonymous_5)
FNDA:0,loadEchoContext
FNDA:0,formatContextForPrompt
FNDA:0,(anonymous_8)
FNDA:0,(anonymous_9)
DA:24,0
DA:25,0
DA:26,0
DA:28,0
DA:29,0
DA:31,0
DA:32,0
DA:35,0
DA:36,0
DA:37,0
DA:40,0
DA:41,0
DA:44,0
DA:51,0
DA:55,0
DA:56,0
DA:57,0
DA:59,0
DA:60,0
DA:61,0
DA:62,0
DA:65,0
DA:66,0
DA:68,0
DA:69,0
DA:72,0
DA:73,0
DA:76,0
DA:77,0
DA:80,0
DA:81,0
DA:84,0
DA:85,0
DA:90,0
DA:91,0
DA:93,0
DA:94,0
DA:95,0
DA:96,0
DA:97,0
DA:98,0
DA:102,0
DA:103,0
DA:110,0
DA:112,0
DA:113,0
DA:116,0
DA:117,0
DA:118,0
DA:120,0
DA:121,0
DA:129,0
DA:131,0
DA:132,0
DA:135,0
DA:136,0
DA:139,0
DA:140,0
DA:143,0
DA:144,0
DA:145,0
DA:148,0
DA:149,0
DA:150,0
DA:153,0
DA:154,0
DA:157,0
LF:67
LH:0
BRDA:23,0,0,0
BRDA:31,1,0,0
BRDA:36,2,0,0
BRDA:60,3,0,0
BRDA:62,4,0,0
BRDA:62,4,1,0
BRDA:62,4,2,0
BRDA:62,4,3,0
BRDA:62,4,4,0
BRDA:62,4,5,0
BRDA:62,4,6,0
BRDA:62,4,7,0
BRDA:62,4,8,0
BRDA:62,4,9,0
BRDA:62,4,10,0
BRDA:93,5,0,0
BRDA:93,5,1,0
BRDA:97,6,0,0
BRDA:112,7,0,0
BRDA:131,8,0,0
BRDA:135,9,0,0
BRDA:139,10,0,0
BRDA:139,11,0,0
BRDA:139,11,1,0
BRDA:143,12,0,0
BRDA:143,13,0,0
BRDA:143,13,1,0
BRDA:148,14,0,0
BRDA:148,15,0,0
BRDA:148,15,1,0
BRDA:153,16,0,0
BRF:31
BRH:0
end_of_record
TN:
SF:src/tools/executor.ts
FN:69,isCommandDangerous
FN:92,runCommand
FN:135,readFileTool
FN:155,writeFileTool
FN:180,listFilesTool
FN:186,(anonymous_5)
FN:211,deleteFileTool
FN:234,executePython
FN:260,executeNode
FNF:9
FNH:2
FNDA:21,isCommandDangerous
FNDA:21,runCommand
FNDA:0,readFileTool
FNDA:0,writeFileTool
FNDA:0,listFilesTool
FNDA:0,(anonymous_5)
FNDA:0,deleteFileTool
FNDA:0,executePython
FNDA:0,executeNode
DA:12,1
DA:25,1
DA:70,21
DA:72,21
DA:73,355
DA:74,10
DA:79,11
DA:80,11
DA:81,31
DA:82,1
DA:86,10
DA:96,21
DA:97,21
DA:98,21
DA:101,21
DA:102,21
DA:103,11
DA:110,10
DA:111,10
DA:117,6
DA:123,3
DA:136,0
DA:137,0
DA:138,0
DA:139,0
DA:144,0
DA:159,0
DA:160,0
DA:162,0
DA:163,0
DA:164,0
DA:169,0
DA:181,0
DA:182,0
DA:183,0
DA:185,0
DA:187,0
DA:188,0
DA:189,0
DA:190,0
DA:191,0
DA:195,0
DA:200,0
DA:215,0
DA:216,0
DA:217,0
DA:218,0
DA:223,0
DA:236,0
DA:238,0
DA:239,0
DA:240,0
DA:243,0
DA:244,0
DA:247,0
DA:249,0
DA:261,0
DA:263,0
DA:264,0
DA:265,0
DA:268,0
DA:269,0
DA:272,0
DA:274,0
DA:285,1
DA:307,1
DA:313,1
DA:322,1
DA:336,1
DA:343,1
LF:70
LH:27
BRDA:73,0,0,10
BRDA:81,1,0,1
BRDA:94,2,0,20
BRDA:97,3,0,21
BRDA:97,3,1,20
BRDA:98,4,0,21
BRDA:98,4,1,21
BRDA:102,5,0,11
BRDA:119,6,0,6
BRDA:119,6,1,2
BRDA:125,7,0,3
BRDA:125,7,1,3
BRDA:126,8,0,3
BRDA:126,8,1,2
BRDA:180,9,0,0
BRDA:189,10,0,0
BRDA:189,10,1,0
BRDA:213,11,0,0
BRF:18
BRH:14
end_of_record
TN:
SF:src/tools/git.ts
FN:40,isGitInstalled
FN:52,isGitRepo
FN:64,getGitStatus
FN:106,getGitDiff
FN:134,gitAdd
FN:145,gitAddAll
FN:152,gitCommit
FN:173,gitPush
FN:181,gitPull
FN:188,gitCreateBranch
FN:195,gitCheckout
FN:202,gitLog
FN:214,(anonymous_12)
FN:226,createPullRequest
FNF:14
FNH:0
FNDA:0,isGitInstalled
FNDA:0,isGitRepo
FNDA:0,getGitStatus
FNDA:0,getGitDiff
FNDA:0,gitAdd
FNDA:0,gitAddAll
FNDA:0,gitCommit
FNDA:0,gitPush
FNDA:0,gitPull
FNDA:0,gitCreateBranch
FNDA:0,gitCheckout
FNDA:0,gitLog
FNDA:0,(anonymous_12)
FNDA:0,createPullRequest
DA:11,1
DA:41,0
DA:42,0
DA:43,0
DA:45,0
DA:53,0
DA:54,0
DA:55,0
DA:57,0
DA:65,0
DA:67,0
DA:68,0
DA:71,0
DA:75,0
DA:78,0
DA:79,0
DA:82,0
DA:83,0
DA:86,0
DA:87,0
DA:89,0
DA:99,0
DA:107,0
DA:108,0
DA:109,0
DA:111,0
DA:112,0
DA:114,0
DA:115,0
DA:117,0
DA:125,0
DA:127,0
DA:135,0
DA:137,0
DA:138,0
DA:146,0
DA:153,0
DA:154,0
DA:155,0
DA:157,0
DA:163,0
DA:174,0
DA:175,0
DA:182,0
DA:189,0
DA:196,0
DA:208,0
DA:209,0
DA:214,0
DA:215,0
DA:216,0
DA:219,0
DA:232,0
DA:234,0
DA:235,0
DA:237,0
DA:240,0
DA:241,0
DA:243,0
DA:248,0
DA:250,0
DA:252,0
DA:259,1
LF:63
LH:2
BRDA:52,0,0,0
BRDA:64,1,0,0
BRDA:91,2,0,0
BRDA:91,2,1,0
BRDA:92,3,0,0
BRDA:92,3,1,0
BRDA:96,4,0,0
BRDA:96,4,1,0
BRDA:96,4,2,0
BRDA:106,5,0,0
BRDA:108,6,0,0
BRDA:108,6,1,0
BRDA:114,7,0,0
BRDA:114,7,1,0
BRDA:115,8,0,0
BRDA:115,8,1,0
BRDA:134,9,0,0
BRDA:135,10,0,0
BRDA:135,10,1,0
BRDA:145,11,0,0
BRDA:152,12,0,0
BRDA:173,13,0,0
BRDA:174,14,0,0
BRDA:174,14,1,0
BRDA:181,15,0,0
BRDA:188,16,0,0
BRDA:195,17,0,0
BRDA:202,18,0,0
BRDA:202,19,0,0
BRDA:230,20,0,0
BRDA:240,21,0,0
BRDA:240,21,1,0
BRDA:241,22,0,0
BRDA:241,22,1,0
BRF:34
BRH:0
end_of_record
TN:
SF:src/tools/multi-file.ts
FN:44,createBackup
FN:65,findAndReplace
FN:105,searchInFiles
FN:123,(anonymous_3)
FN:150,createFiles
FN:180,updateFiles
FN:214,deleteFiles
FN:247,findFiles
FN:253,(anonymous_8)
FN:262,getFileTree
FN:269,walk
FN:274,(anonymous_11)
FN:309,getFileHash
FNF:13
FNH:0
FNDA:0,createBackup
FNDA:0,findAndReplace
FNDA:0,searchInFiles
FNDA:0,(anonymous_3)
FNDA:0,createFiles
FNDA:0,updateFiles
FNDA:0,deleteFiles
FNDA:0,findFiles
FNDA:0,(anonymous_8)
FNDA:0,getFileTree
FNDA:0,walk
FNDA:0,(anonymous_11)
FNDA:0,getFileHash
DA:13,1
DA:45,0
DA:46,0
DA:47,0
DA:49,0
DA:50,0
DA:51,0
DA:52,0
DA:53,0
DA:54,0
DA:55,0
DA:59,0
DA:71,0
DA:72,0
DA:74,0
DA:75,0
DA:76,0
DA:77,0
DA:78,0
DA:82,0
DA:84,0
DA:85,0
DA:86,0
DA:89,0
DA:93,0
DA:110,0
DA:112,0
DA:113,0
DA:114,0
DA:115,0
DA:116,0
DA:117,0
DA:121,0
DA:123,0
DA:124,0
DA:125,0
DA:132,0
DA:133,0
DA:144,0
DA:154,0
DA:155,0
DA:157,0
DA:158,0
DA:159,0
DA:160,0
DA:161,0
DA:162,0
DA:164,0
DA:168,0
DA:184,0
DA:185,0
DA:187,0
DA:188,0
DA:189,0
DA:190,0
DA:191,0
DA:192,0
DA:195,0
DA:196,0
DA:198,0
DA:202,0
DA:218,0
DA:219,0
DA:221,0
DA:222,0
DA:223,0
DA:224,0
DA:225,0
DA:228,0
DA:229,0
DA:231,0
DA:235,0
DA:251,0
DA:252,0
DA:253,0
DA:255,0
DA:267,0
DA:270,0
DA:272,0
DA:273,0
DA:274,0
DA:275,0
DA:276,0
DA:277,0
DA:280,0
DA:281,0
DA:282,0
DA:283,0
DA:284,0
DA:286,0
DA:288,0
DA:290,0
DA:291,0
DA:299,0
DA:300,0
DA:301,0
DA:303,0
DA:310,0
DA:311,0
DA:312,0
DA:318,1
LF:101
LH:2
BRDA:44,0,0,0
BRDA:51,1,0,0
BRDA:69,2,0,0
BRDA:78,3,0,0
BRDA:78,3,1,0
BRDA:84,4,0,0
BRDA:108,5,0,0
BRDA:117,6,0,0
BRDA:117,6,1,0
BRDA:124,7,0,0
BRDA:132,8,0,0
BRDA:152,9,0,0
BRDA:182,10,0,0
BRDA:190,11,0,0
BRDA:216,12,0,0
BRDA:224,13,0,0
BRDA:249,14,0,0
BRDA:253,15,0,0
BRDA:253,15,1,0
BRDA:263,16,0,0
BRDA:264,17,0,0
BRDA:265,18,0,0
BRDA:269,19,0,0
BRDA:270,20,0,0
BRDA:275,21,0,0
BRDA:275,22,0,0
BRDA:275,22,1,0
BRDA:276,23,0,0
BRDA:276,24,0,0
BRDA:276,24,1,0
BRDA:283,25,0,0
BRDA:283,25,1,0
BRDA:284,26,0,0
BRDA:284,26,1,0
BRDA:286,27,0,0
BRDA:286,28,0,0
BRDA:286,28,1,0
BRDA:286,28,2,0
BRDA:288,29,0,0
BRDA:288,29,1,0
BRDA:290,30,0,0
BRDA:309,31,0,0
BRF:42
BRH:0
end_of_record
TN:
SF:src/tools/web.ts
FN:30,searchWeb
FN:81,searchGoogle
FN:98,(anonymous_2)
FN:116,scrapeUrl
FN:168,fetchRSS
FN:211,getNews
FN:222,checkWebsite
FN:232,(anonymous_7)
FNF:8
FNH:1
FNDA:2,searchWeb
FNDA:0,searchGoogle
FNDA:0,(anonymous_2)
FNDA:0,scrapeUrl
FNDA:0,fetchRSS
FNDA:0,getNews
FNDA:0,checkWebsite
FNDA:0,(anonymous_7)
DA:10,2
DA:31,2
DA:33,2
DA:34,2
DA:45,2
DA:46,2
DA:47,2
DA:50,2
DA:52,2
DA:53,0
DA:54,0
DA:57,0
DA:58,0
DA:62,0
DA:69,0
DA:72,2
DA:74,0
DA:87,0
DA:89,0
DA:90,0
DA:98,0
DA:105,0
DA:110,0
DA:117,0
DA:118,0
DA:127,0
DA:128,0
DA:131,0
DA:139,0
DA:142,0
DA:143,0
DA:146,0
DA:147,0
DA:148,0
DA:149,0
DA:153,0
DA:161,0
DA:174,0
DA:175,0
DA:182,0
DA:183,0
DA:186,0
DA:187,0
DA:189,0
DA:190,0
DA:191,0
DA:192,0
DA:194,0
DA:202,0
DA:204,0
DA:212,0
DA:216,0
DA:228,0
DA:229,0
DA:230,0
DA:232,0
DA:234,0
DA:236,0
DA:242,0
DA:252,2
LF:60
LH:11
BRDA:30,0,0,0
BRDA:52,1,0,2
BRDA:52,1,1,0
BRDA:58,2,0,0
BRDA:58,2,1,0
BRDA:85,3,0,0
BRDA:87,4,0,0
BRDA:87,5,0,0
BRDA:87,5,1,0
BRDA:128,6,0,0
BRDA:128,6,1,0
BRDA:139,7,0,0
BRDA:139,7,1,0
BRDA:148,8,0,0
BRDA:148,9,0,0
BRDA:148,9,1,0
BRDA:195,10,0,0
BRDA:195,10,1,0
BRDA:196,11,0,0
BRDA:196,11,1,0
BRDA:211,12,0,0
BRDA:212,13,0,0
BRDA:212,13,1,0
BRDA:237,14,0,0
BRDA:237,14,1,0
BRF:25
BRH:1
end_of_record
TN:
SF:src/utils/banner.ts
FN:14,displayBanner
FN:33,displayProviderStatus
FN:70,displayQuickTip
FN:88,displayStartupSequence
FNF:4
FNH:0
FNDA:0,displayBanner
FNDA:0,displayProviderStatus
FNDA:0,displayQuickTip
FNDA:0,displayStartupSequence
DA:16,0
DA:23,0
DA:26,0
DA:27,0
DA:34,0
DA:35,0
DA:37,0
DA:46,0
DA:48,0
DA:49,0
DA:52,0
DA:53,0
DA:55,0
DA:59,0
DA:63,0
DA:64,0
DA:71,0
DA:79,0
DA:81,0
DA:82,0
DA:89,0
DA:90,0
DA:91,0
DA:92,0
DA:93,0
LF:25
LH:0
BRDA:49,0,0,0
BRDA:49,0,1,0
BRDA:49,0,2,0
BRDA:52,1,0,0
BRDA:52,1,1,0
BRDA:53,2,0,0
BRDA:53,2,1,0
BRF:7
BRH:0
end_of_record
TN:
SF:src/utils/config.ts
FN:19,deriveEncryptionKey
FN:68,(anonymous_1)
FN:85,(anonymous_2)
FN:93,(anonymous_3)
FN:104,(anonymous_4)
FN:111,(anonymous_5)
FN:118,(anonymous_6)
FN:125,(anonymous_7)
FN:148,(anonymous_8)
FN:156,(anonymous_9)
FN:162,(anonymous_10)
FN:168,(anonymous_11)
FN:175,(anonymous_12)
FN:182,(anonymous_13)
FN:189,(anonymous_14)
FN:196,(anonymous_15)
FN:203,(anonymous_16)
FN:210,(anonymous_17)
FN:217,(anonymous_18)
FN:224,(anonymous_19)
FN:231,(anonymous_20)
FN:239,(anonymous_21)
FN:247,(anonymous_22)
FN:275,(anonymous_23)
FN:282,(anonymous_24)
FN:289,(anonymous_25)
FN:331,getConfig
FNF:27
FNH:2
FNDA:23,deriveEncryptionKey
FNDA:23,(anonymous_1)
FNDA:0,(anonymous_2)
FNDA:0,(anonymous_3)
FNDA:0,(anonymous_4)
FNDA:0,(anonymous_5)
FNDA:0,(anonymous_6)
FNDA:0,(anonymous_7)
FNDA:0,(anonymous_8)
FNDA:0,(anonymous_9)
FNDA:0,(anonymous_10)
FNDA:0,(anonymous_11)
FNDA:0,(anonymous_12)
FNDA:0,(anonymous_13)
FNDA:0,(anonymous_14)
FNDA:0,(anonymous_15)
FNDA:0,(anonymous_16)
FNDA:0,(anonymous_17)
FNDA:0,(anonymous_18)
FNDA:0,(anonymous_19)
FNDA:0,(anonymous_20)
FNDA:0,(anonymous_21)
FNDA:0,(anonymous_22)
FNDA:0,(anonymous_23)
FNDA:0,(anonymous_24)
FNDA:0,(anonymous_25)
FNDA:0,getConfig
DA:21,23
DA:28,23
DA:31,23
DA:33,23
DA:39,1
DA:69,23
DA:71,23
DA:79,0
DA:86,0
DA:87,0
DA:94,0
DA:95,0
DA:105,0
DA:112,0
DA:119,0
DA:126,0
DA:149,0
DA:150,0
DA:157,0
DA:162,0
DA:169,0
DA:176,0
DA:183,0
DA:190,0
DA:197,0
DA:204,0
DA:211,0
DA:218,0
DA:225,0
DA:232,0
DA:233,0
DA:240,0
DA:252,0
DA:253,0
DA:254,0
DA:256,0
DA:258,0
DA:259,0
DA:262,0
DA:264,0
DA:268,0
DA:269,0
DA:276,0
DA:283,0
DA:294,0
DA:295,0
DA:298,0
DA:299,0
DA:300,0
DA:301,0
DA:303,0
DA:304,0
DA:305,0
DA:309,0
DA:313,0
DA:314,0
DA:315,0
DA:318,0
DA:329,1
DA:332,0
DA:333,0
DA:335,0
LF:62
LH:8
BRDA:25,0,0,23
BRDA:25,0,1,23
BRDA:150,1,0,0
BRDA:150,1,1,0
BRDA:162,2,0,0
BRDA:162,2,1,0
BRDA:247,3,0,0
BRDA:256,4,0,0
BRDA:256,5,0,0
BRDA:256,5,1,0
BRDA:262,6,0,0
BRDA:276,7,0,0
BRDA:276,7,1,0
BRDA:300,8,0,0
BRDA:304,9,0,0
BRDA:314,10,0,0
BRDA:332,11,0,0
BRF:17
BRH:2
end_of_record
TN:
SF:src/utils/memory.ts
FN:30,(anonymous_0)
FN:41,(anonymous_1)
FN:47,(anonymous_2)
FN:52,(anonymous_3)
FN:58,(anonymous_4)
FN:74,(anonymous_5)
FN:83,(anonymous_6)
FN:88,(anonymous_7)
FN:93,(anonymous_8)
FN:97,(anonymous_9)
FN:106,(anonymous_10)
FN:110,(anonymous_11)
FN:116,(anonymous_12)
FN:118,(anonymous_13)
FN:121,(anonymous_14)
FN:123,(anonymous_15)
FN:132,(anonymous_16)
FN:134,(anonymous_17)
FN:137,(anonymous_18)
FN:142,(anonymous_19)
FN:145,(anonymous_20)
FN:150,(anonymous_21)
FN:154,(anonymous_22)
FN:160,getMemory
FNF:24
FNH:0
FNDA:0,(anonymous_0)
FNDA:0,(anonymous_1)
FNDA:0,(anonymous_2)
FNDA:0,(anonymous_3)
FNDA:0,(anonymous_4)
FNDA:0,(anonymous_5)
FNDA:0,(anonymous_6)
FNDA:0,(anonymous_7)
FNDA:0,(anonymous_8)
FNDA:0,(anonymous_9)
FNDA:0,(anonymous_10)
FNDA:0,(anonymous_11)
FNDA:0,(anonymous_12)
FNDA:0,(anonymous_13)
FNDA:0,(anonymous_14)
FNDA:0,(anonymous_15)
FNDA:0,(anonymous_16)
FNDA:0,(anonymous_17)
FNDA:0,(anonymous_18)
FNDA:0,(anonymous_19)
FNDA:0,(anonymous_20)
FNDA:0,(anonymous_21)
FNDA:0,(anonymous_22)
FNDA:0,getMemory
DA:17,0
DA:28,0
DA:31,0
DA:33,0
DA:34,0
DA:37,0
DA:38,0
DA:42,0
DA:43,0
DA:44,0
DA:48,0
DA:49,0
DA:51,0
DA:52,0
DA:53,0
DA:55,0
DA:59,0
DA:60,0
DA:68,0
DA:69,0
DA:70,0
DA:71,0
DA:75,0
DA:76,0
DA:77,0
DA:78,0
DA:79,0
DA:80,0
DA:84,0
DA:85,0
DA:89,0
DA:90,0
DA:94,0
DA:95,0
DA:96,0
DA:97,0
DA:98,0
DA:99,0
DA:100,0
DA:101,0
DA:107,0
DA:108,0
DA:109,0
DA:110,0
DA:111,0
DA:112,0
DA:117,0
DA:118,0
DA:122,0
DA:123,0
DA:124,0
DA:125,0
DA:126,0
DA:127,0
DA:129,0
DA:133,0
DA:134,0
DA:138,0
DA:139,0
DA:143,0
DA:144,0
DA:145,0
DA:146,0
DA:147,0
DA:151,0
DA:155,0
DA:159,0
DA:161,0
DA:162,0
LF:69
LH:0
BRDA:33,0,0,0
BRDA:51,1,0,0
BRDA:53,2,0,0
BRDA:62,3,0,0
BRDA:62,3,1,0
BRDA:66,4,0,0
BRDA:66,4,1,0
BRDA:85,5,0,0
BRDA:85,5,1,0
BRDA:96,6,0,0
BRDA:98,7,0,0
BRDA:109,8,0,0
BRDA:124,9,0,0
BRDA:151,10,0,0
BRDA:161,11,0,0
BRF:15
BRH:0
end_of_record
TN:
SF:src/utils/smart-mode.ts
FN:118,classifyTask
FN:159,selectProviderForTask
FN:167,getProviderSelectionReason
FN:184,containsCode
FN:200,(anonymous_4)
FNF:5
FNH:5
FNDA:21,classifyTask
FNDA:4,selectProviderForTask
FNDA:4,getProviderSelectionReason
FNDA:9,containsCode
FNDA:9,(anonymous_4)
DA:10,1
DA:108,1
DA:119,21
DA:121,21
DA:129,21
DA:130,84
DA:131,1743
DA:132,29
DA:138,21
DA:139,21
DA:141,21
DA:142,84
DA:143,17
DA:144,17
DA:149,21
DA:150,6
DA:153,15
DA:160,4
DA:161,4
DA:168,4
DA:169,4
DA:171,4
DA:178,4
DA:186,9
DA:189,6
DA:193,3
DA:200,9
LF:27
LH:27
BRDA:131,0,0,29
BRDA:142,1,0,17
BRDA:149,2,0,6
BRDA:186,3,0,6
BRDA:186,4,0,9
BRDA:186,4,1,8
BRDA:186,4,2,7
BRDA:186,4,3,6
BRDA:186,4,4,5
BRDA:186,4,5,4
BRDA:186,4,6,4
BRDA:186,4,7,4
BRDA:186,4,8,3
BRDA:186,4,9,0
BRF:14
BRH:13
end_of_record
TN:
SF:src/utils/token-watcher.ts
FN:12,estimateTokens
FN:19,estimateMessagesTokens
FN:20,(anonymous_2)
FN:26,compactMessages
FN:53,(anonymous_4)
FN:75,(anonymous_5)
FN:88,(anonymous_6)
FN:118,(anonymous_7)
FN:126,(anonymous_8)
FN:170,getModelTokenLimit
FNF:10
FNH:0
FNDA:0,estimateTokens
FNDA:0,estimateMessagesTokens
FNDA:0,(anonymous_2)
FNDA:0,compactMessages
FNDA:0,(anonymous_4)
FNDA:0,(anonymous_5)
FNDA:0,(anonymous_6)
FNDA:0,(anonymous_7)
FNDA:0,(anonymous_8)
FNDA:0,getModelTokenLimit
DA:13,0
DA:20,0
DA:31,0
DA:34,0
DA:35,0
DA:39,0
DA:40,0
DA:41,0
DA:46,0
DA:48,0
DA:51,0
DA:53,0
DA:58,0
DA:64,0
DA:80,0
DA:81,0
DA:82,0
DA:94,0
DA:95,0
DA:97,0
DA:98,0
DA:99,0
DA:107,0
DA:119,0
DA:120,0
DA:127,0
DA:128,0
DA:135,0
DA:172,0
DA:173,0
DA:177,0
DA:178,0
DA:179,0
DA:184,0
LF:34
LH:0
BRDA:34,0,0,0
BRDA:46,1,0,0
BRDA:46,1,1,0
BRDA:76,2,0,0
BRDA:77,3,0,0
BRDA:97,4,0,0
BRDA:97,5,0,0
BRDA:97,5,1,0
BRDA:172,6,0,0
BRDA:178,7,0,0
BRF:10
BRH:0
end_of_record
